{"/home/runner/work/gs-mcp-proxy-pii-redactor/gs-mcp-proxy-pii-redactor/src/app.controller.ts":{"path":"/home/runner/work/gs-mcp-proxy-pii-redactor/gs-mcp-proxy-pii-redactor/src/app.controller.ts","statementMap":{"0":{"start":{"line":3,"column":0},"end":{"line":3,"column":null}},"1":{"start":{"line":14,"column":0},"end":{"line":14,"column":56}},"2":{"start":{"line":15,"column":0},"end":{"line":15,"column":60}},"3":{"start":{"line":18,"column":26},"end":{"line":189,"column":null}},"4":{"start":{"line":22,"column":12},"end":{"line":22,"column":27}},"5":{"start":{"line":23,"column":12},"end":{"line":23,"column":30}},"6":{"start":{"line":19,"column":19},"end":{"line":19,"column":59}},"7":{"start":{"line":28,"column":4},"end":{"line":28,"column":28}},"8":{"start":{"line":37,"column":19},"end":{"line":37,"column":49}},"9":{"start":{"line":38,"column":25},"end":{"line":38,"column":54}},"10":{"start":{"line":40,"column":4},"end":{"line":42,"column":5}},"11":{"start":{"line":41,"column":6},"end":{"line":41,"column":65}},"12":{"start":{"line":45,"column":4},"end":{"line":58,"column":5}},"13":{"start":{"line":49,"column":25},"end":{"line":49,"column":50}},"14":{"start":{"line":50,"column":6},"end":{"line":52,"column":7}},"15":{"start":{"line":51,"column":8},"end":{"line":51,"column":63}},"16":{"start":{"line":54,"column":20},"end":{"line":54,"column":61}},"17":{"start":{"line":55,"column":6},"end":{"line":57,"column":7}},"18":{"start":{"line":56,"column":8},"end":{"line":56,"column":63}},"19":{"start":{"line":60,"column":4},"end":{"line":74,"column":5}},"20":{"start":{"line":61,"column":6},"end":{"line":61,"column":73}},"21":{"start":{"line":63,"column":6},"end":{"line":70,"column":8}},"22":{"start":{"line":71,"column":6},"end":{"line":73,"column":7}},"23":{"start":{"line":72,"column":8},"end":{"line":72,"column":65}},"24":{"start":{"line":83,"column":19},"end":{"line":83,"column":49}},"25":{"start":{"line":84,"column":25},"end":{"line":84,"column":54}},"26":{"start":{"line":86,"column":4},"end":{"line":89,"column":5}},"27":{"start":{"line":87,"column":6},"end":{"line":87,"column":58}},"28":{"start":{"line":88,"column":6},"end":{"line":88,"column":13}},"29":{"start":{"line":92,"column":4},"end":{"line":107,"column":5}},"30":{"start":{"line":96,"column":25},"end":{"line":96,"column":50}},"31":{"start":{"line":97,"column":6},"end":{"line":100,"column":7}},"32":{"start":{"line":98,"column":8},"end":{"line":98,"column":56}},"33":{"start":{"line":99,"column":8},"end":{"line":99,"column":15}},"34":{"start":{"line":102,"column":20},"end":{"line":102,"column":61}},"35":{"start":{"line":103,"column":6},"end":{"line":106,"column":7}},"36":{"start":{"line":104,"column":8},"end":{"line":104,"column":56}},"37":{"start":{"line":105,"column":8},"end":{"line":105,"column":15}},"38":{"start":{"line":109,"column":4},"end":{"line":123,"column":5}},"39":{"start":{"line":110,"column":6},"end":{"line":110,"column":74}},"40":{"start":{"line":112,"column":6},"end":{"line":119,"column":8}},"41":{"start":{"line":120,"column":6},"end":{"line":122,"column":7}},"42":{"start":{"line":121,"column":8},"end":{"line":121,"column":65}},"43":{"start":{"line":132,"column":19},"end":{"line":132,"column":49}},"44":{"start":{"line":133,"column":25},"end":{"line":133,"column":54}},"45":{"start":{"line":135,"column":4},"end":{"line":137,"column":5}},"46":{"start":{"line":136,"column":6},"end":{"line":136,"column":65}},"47":{"start":{"line":140,"column":4},"end":{"line":153,"column":5}},"48":{"start":{"line":144,"column":25},"end":{"line":144,"column":50}},"49":{"start":{"line":145,"column":6},"end":{"line":147,"column":7}},"50":{"start":{"line":146,"column":8},"end":{"line":146,"column":63}},"51":{"start":{"line":149,"column":20},"end":{"line":149,"column":61}},"52":{"start":{"line":150,"column":6},"end":{"line":152,"column":7}},"53":{"start":{"line":151,"column":8},"end":{"line":151,"column":63}},"54":{"start":{"line":156,"column":23},"end":{"line":156,"column":52}},"55":{"start":{"line":157,"column":4},"end":{"line":167,"column":5}},"56":{"start":{"line":159,"column":6},"end":{"line":161,"column":7}},"57":{"start":{"line":160,"column":8},"end":{"line":160,"column":52}},"58":{"start":{"line":163,"column":6},"end":{"line":165,"column":7}},"59":{"start":{"line":164,"column":8},"end":{"line":164,"column":60}},"60":{"start":{"line":166,"column":6},"end":{"line":166,"column":67}},"61":{"start":{"line":169,"column":4},"end":{"line":187,"column":5}},"62":{"start":{"line":170,"column":6},"end":{"line":174,"column":8}},"63":{"start":{"line":176,"column":6},"end":{"line":183,"column":8}},"64":{"start":{"line":184,"column":6},"end":{"line":186,"column":7}},"65":{"start":{"line":185,"column":8},"end":{"line":185,"column":65}},"66":{"start":{"line":18,"column":13},"end":{"line":18,"column":26}},"67":{"start":{"line":27,"column":2},"end":{"line":29,"column":null}},"68":{"start":{"line":32,"column":8},"end":{"line":75,"column":null}},"69":{"start":{"line":78,"column":8},"end":{"line":124,"column":null}},"70":{"start":{"line":127,"column":8},"end":{"line":188,"column":null}},"71":{"start":{"line":18,"column":13},"end":{"line":189,"column":null}}},"fnMap":{"0":{"name":"(anonymous_4)","decl":{"start":{"line":21,"column":2},"end":{"line":21,"column":null}},"loc":{"start":{"line":23,"column":46},"end":{"line":24,"column":6}}},"1":{"name":"(anonymous_5)","decl":{"start":{"line":27,"column":2},"end":{"line":27,"column":13}},"loc":{"start":{"line":27,"column":13},"end":{"line":29,"column":3}}},"2":{"name":"(anonymous_6)","decl":{"start":{"line":32,"column":8},"end":{"line":32,"column":17}},"loc":{"start":{"line":35,"column":24},"end":{"line":75,"column":3}}},"3":{"name":"(anonymous_7)","decl":{"start":{"line":78,"column":8},"end":{"line":78,"column":25}},"loc":{"start":{"line":81,"column":24},"end":{"line":124,"column":3}}},"4":{"name":"(anonymous_8)","decl":{"start":{"line":127,"column":8},"end":{"line":127,"column":28}},"loc":{"start":{"line":130,"column":24},"end":{"line":188,"column":3}}}},"branchMap":{"0":{"loc":{"start":{"line":40,"column":4},"end":{"line":42,"column":5}},"type":"if","locations":[{"start":{"line":40,"column":4},"end":{"line":42,"column":5}},{"start":{},"end":{}}]},"1":{"loc":{"start":{"line":45,"column":4},"end":{"line":58,"column":5}},"type":"if","locations":[{"start":{"line":45,"column":4},"end":{"line":58,"column":5}},{"start":{},"end":{}}]},"2":{"loc":{"start":{"line":46,"column":6},"end":{"line":47,"column":48}},"type":"binary-expr","locations":[{"start":{"line":46,"column":6},"end":{"line":46,"column":38}},{"start":{"line":47,"column":6},"end":{"line":47,"column":48}}]},"3":{"loc":{"start":{"line":50,"column":6},"end":{"line":52,"column":7}},"type":"if","locations":[{"start":{"line":50,"column":6},"end":{"line":52,"column":7}},{"start":{},"end":{}}]},"4":{"loc":{"start":{"line":55,"column":6},"end":{"line":57,"column":7}},"type":"if","locations":[{"start":{"line":55,"column":6},"end":{"line":57,"column":7}},{"start":{},"end":{}}]},"5":{"loc":{"start":{"line":71,"column":6},"end":{"line":73,"column":7}},"type":"if","locations":[{"start":{"line":71,"column":6},"end":{"line":73,"column":7}},{"start":{},"end":{}}]},"6":{"loc":{"start":{"line":86,"column":4},"end":{"line":89,"column":5}},"type":"if","locations":[{"start":{"line":86,"column":4},"end":{"line":89,"column":5}},{"start":{},"end":{}}]},"7":{"loc":{"start":{"line":92,"column":4},"end":{"line":107,"column":5}},"type":"if","locations":[{"start":{"line":92,"column":4},"end":{"line":107,"column":5}},{"start":{},"end":{}}]},"8":{"loc":{"start":{"line":93,"column":6},"end":{"line":94,"column":48}},"type":"binary-expr","locations":[{"start":{"line":93,"column":6},"end":{"line":93,"column":38}},{"start":{"line":94,"column":6},"end":{"line":94,"column":48}}]},"9":{"loc":{"start":{"line":97,"column":6},"end":{"line":100,"column":7}},"type":"if","locations":[{"start":{"line":97,"column":6},"end":{"line":100,"column":7}},{"start":{},"end":{}}]},"10":{"loc":{"start":{"line":103,"column":6},"end":{"line":106,"column":7}},"type":"if","locations":[{"start":{"line":103,"column":6},"end":{"line":106,"column":7}},{"start":{},"end":{}}]},"11":{"loc":{"start":{"line":120,"column":6},"end":{"line":122,"column":7}},"type":"if","locations":[{"start":{"line":120,"column":6},"end":{"line":122,"column":7}},{"start":{},"end":{}}]},"12":{"loc":{"start":{"line":135,"column":4},"end":{"line":137,"column":5}},"type":"if","locations":[{"start":{"line":135,"column":4},"end":{"line":137,"column":5}},{"start":{},"end":{}}]},"13":{"loc":{"start":{"line":140,"column":4},"end":{"line":153,"column":5}},"type":"if","locations":[{"start":{"line":140,"column":4},"end":{"line":153,"column":5}},{"start":{},"end":{}}]},"14":{"loc":{"start":{"line":141,"column":6},"end":{"line":142,"column":48}},"type":"binary-expr","locations":[{"start":{"line":141,"column":6},"end":{"line":141,"column":38}},{"start":{"line":142,"column":6},"end":{"line":142,"column":48}}]},"15":{"loc":{"start":{"line":145,"column":6},"end":{"line":147,"column":7}},"type":"if","locations":[{"start":{"line":145,"column":6},"end":{"line":147,"column":7}},{"start":{},"end":{}}]},"16":{"loc":{"start":{"line":150,"column":6},"end":{"line":152,"column":7}},"type":"if","locations":[{"start":{"line":150,"column":6},"end":{"line":152,"column":7}},{"start":{},"end":{}}]},"17":{"loc":{"start":{"line":156,"column":23},"end":{"line":156,"column":52}},"type":"binary-expr","locations":[{"start":{"line":156,"column":23},"end":{"line":156,"column":43}},{"start":{"line":156,"column":47},"end":{"line":156,"column":52}}]},"18":{"loc":{"start":{"line":157,"column":4},"end":{"line":167,"column":5}},"type":"if","locations":[{"start":{"line":157,"column":4},"end":{"line":167,"column":5}},{"start":{},"end":{}}]},"19":{"loc":{"start":{"line":159,"column":6},"end":{"line":161,"column":7}},"type":"if","locations":[{"start":{"line":159,"column":6},"end":{"line":161,"column":7}},{"start":{},"end":{}}]},"20":{"loc":{"start":{"line":163,"column":6},"end":{"line":165,"column":7}},"type":"if","locations":[{"start":{"line":163,"column":6},"end":{"line":165,"column":7}},{"start":{},"end":{}}]},"21":{"loc":{"start":{"line":184,"column":6},"end":{"line":186,"column":7}},"type":"if","locations":[{"start":{"line":184,"column":6},"end":{"line":186,"column":7}},{"start":{},"end":{}}]}},"s":{"0":5,"1":5,"2":5,"3":5,"4":33,"5":33,"6":33,"7":3,"8":22,"9":22,"10":22,"11":2,"12":20,"13":5,"14":5,"15":1,"16":4,"17":4,"18":1,"19":18,"20":18,"21":2,"22":2,"23":1,"24":41,"25":41,"26":41,"27":1,"28":1,"29":40,"30":3,"31":3,"32":1,"33":1,"34":2,"35":2,"36":1,"37":1,"38":38,"39":38,"40":2,"41":2,"42":1,"43":30,"44":30,"45":30,"46":2,"47":28,"48":3,"49":3,"50":1,"51":2,"52":2,"53":1,"54":26,"55":26,"56":22,"57":6,"58":16,"59":15,"60":1,"61":4,"62":4,"63":2,"64":2,"65":1,"66":5,"67":5,"68":5,"69":5,"70":5,"71":5},"f":{"0":33,"1":3,"2":22,"3":41,"4":30},"b":{"0":[2,20],"1":[5,15],"2":[20,6],"3":[1,4],"4":[1,3],"5":[1,1],"6":[1,40],"7":[3,37],"8":[40,3],"9":[1,2],"10":[1,1],"11":[1,1],"12":[2,28],"13":[3,25],"14":[28,3],"15":[1,2],"16":[1,1],"17":[26,1],"18":[22,4],"19":[6,16],"20":[15,1],"21":[1,1]}},"/home/runner/work/gs-mcp-proxy-pii-redactor/gs-mcp-proxy-pii-redactor/src/config/config.service.ts":{"path":"/home/runner/work/gs-mcp-proxy-pii-redactor/gs-mcp-proxy-pii-redactor/src/config/config.service.ts","statementMap":{"0":{"start":{"line":1,"column":0},"end":{"line":1,"column":25}},"1":{"start":{"line":2,"column":0},"end":{"line":2,"column":44}},"2":{"start":{"line":3,"column":0},"end":{"line":3,"column":29}},"3":{"start":{"line":5,"column":0},"end":{"line":5,"column":26}},"4":{"start":{"line":7,"column":0},"end":{"line":7,"column":52}},"5":{"start":{"line":12,"column":26},"end":{"line":165,"column":null}},"6":{"start":{"line":13,"column":19},"end":{"line":13,"column":59}},"7":{"start":{"line":14,"column":10},"end":{"line":14,"column":39}},"8":{"start":{"line":15,"column":10},"end":{"line":15,"column":44}},"9":{"start":{"line":21,"column":4},"end":{"line":36,"column":5}},"10":{"start":{"line":22,"column":6},"end":{"line":22,"column":66}},"11":{"start":{"line":23,"column":27},"end":{"line":25,"column":10}},"12":{"start":{"line":26,"column":23},"end":{"line":26,"column":76}},"13":{"start":{"line":27,"column":6},"end":{"line":27,"column":33}},"14":{"start":{"line":30,"column":27},"end":{"line":32,"column":44}},"15":{"start":{"line":33,"column":6},"end":{"line":33,"column":69}},"16":{"start":{"line":34,"column":26},"end":{"line":34,"column":64}},"17":{"start":{"line":35,"column":6},"end":{"line":35,"column":43}},"18":{"start":{"line":42,"column":4},"end":{"line":44,"column":5}},"19":{"start":{"line":43,"column":6},"end":{"line":43,"column":46}},"20":{"start":{"line":46,"column":4},"end":{"line":48,"column":5}},"21":{"start":{"line":47,"column":6},"end":{"line":47,"column":39}},"22":{"start":{"line":51,"column":4},"end":{"line":59,"column":5}},"23":{"start":{"line":52,"column":6},"end":{"line":58,"column":7}},"24":{"start":{"line":55,"column":8},"end":{"line":57,"column":9}},"25":{"start":{"line":56,"column":10},"end":{"line":56,"column":60}},"26":{"start":{"line":62,"column":4},"end":{"line":69,"column":5}},"27":{"start":{"line":63,"column":6},"end":{"line":68,"column":7}},"28":{"start":{"line":64,"column":8},"end":{"line":66,"column":9}},"29":{"start":{"line":65,"column":10},"end":{"line":65,"column":36}},"30":{"start":{"line":67,"column":8},"end":{"line":67,"column":80}},"31":{"start":{"line":72,"column":4},"end":{"line":74,"column":5}},"32":{"start":{"line":73,"column":6},"end":{"line":73,"column":51}},"33":{"start":{"line":76,"column":4},"end":{"line":80,"column":6}},"34":{"start":{"line":82,"column":4},"end":{"line":82,"column":23}},"35":{"start":{"line":86,"column":4},"end":{"line":88,"column":5}},"36":{"start":{"line":87,"column":6},"end":{"line":87,"column":43}},"37":{"start":{"line":89,"column":4},"end":{"line":89,"column":23}},"38":{"start":{"line":93,"column":19},"end":{"line":93,"column":35}},"39":{"start":{"line":94,"column":4},"end":{"line":103,"column":5}},"40":{"start":{"line":95,"column":6},"end":{"line":98,"column":8}},"41":{"start":{"line":100,"column":6},"end":{"line":100,"column":30}},"42":{"start":{"line":102,"column":6},"end":{"line":102,"column":35}},"43":{"start":{"line":107,"column":4},"end":{"line":107,"column":28}},"44":{"start":{"line":111,"column":4},"end":{"line":114,"column":5}},"45":{"start":{"line":113,"column":6},"end":{"line":113,"column":18}},"46":{"start":{"line":116,"column":19},"end":{"line":116,"column":35}},"47":{"start":{"line":117,"column":4},"end":{"line":121,"column":5}},"48":{"start":{"line":120,"column":6},"end":{"line":120,"column":18}},"49":{"start":{"line":123,"column":25},"end":{"line":123,"column":56}},"50":{"start":{"line":124,"column":4},"end":{"line":124,"column":45}},"51":{"start":{"line":128,"column":26},"end":{"line":128,"column":59}},"52":{"start":{"line":130,"column":4},"end":{"line":147,"column":5}},"53":{"start":{"line":131,"column":6},"end":{"line":146,"column":7}},"54":{"start":{"line":132,"column":25},"end":{"line":144,"column":10}},"55":{"start":{"line":133,"column":27},"end":{"line":133,"column":47}},"56":{"start":{"line":134,"column":10},"end":{"line":142,"column":11}},"57":{"start":{"line":135,"column":12},"end":{"line":141,"column":24}},"58":{"start":{"line":143,"column":10},"end":{"line":143,"column":26}},"59":{"start":{"line":145,"column":8},"end":{"line":145,"column":32}},"60":{"start":{"line":151,"column":4},"end":{"line":153,"column":5}},"61":{"start":{"line":152,"column":6},"end":{"line":152,"column":43}},"62":{"start":{"line":154,"column":4},"end":{"line":159,"column":5}},"63":{"start":{"line":158,"column":6},"end":{"line":158,"column":51}},"64":{"start":{"line":160,"column":4},"end":{"line":162,"column":5}},"65":{"start":{"line":161,"column":6},"end":{"line":161,"column":43}},"66":{"start":{"line":12,"column":13},"end":{"line":12,"column":26}},"67":{"start":{"line":12,"column":13},"end":{"line":165,"column":null}}},"fnMap":{"0":{"name":"(anonymous_11)","decl":{"start":{"line":12,"column":7},"end":{"line":12,"column":13}},"loc":{"start":{"line":12,"column":7},"end":{"line":165,"column":1}}},"1":{"name":"(anonymous_12)","decl":{"start":{"line":17,"column":2},"end":{"line":17,"column":7}},"loc":{"start":{"line":17,"column":49},"end":{"line":83,"column":3}}},"2":{"name":"(anonymous_13)","decl":{"start":{"line":85,"column":2},"end":{"line":85,"column":11}},"loc":{"start":{"line":85,"column":11},"end":{"line":90,"column":3}}},"3":{"name":"(anonymous_14)","decl":{"start":{"line":92,"column":2},"end":{"line":92,"column":16}},"loc":{"start":{"line":92,"column":34},"end":{"line":104,"column":3}}},"4":{"name":"(anonymous_15)","decl":{"start":{"line":106,"column":2},"end":{"line":106,"column":16}},"loc":{"start":{"line":106,"column":16},"end":{"line":108,"column":3}}},"5":{"name":"(anonymous_16)","decl":{"start":{"line":110,"column":2},"end":{"line":110,"column":23}},"loc":{"start":{"line":110,"column":42},"end":{"line":125,"column":3}}},"6":{"name":"(anonymous_17)","decl":{"start":{"line":127,"column":10},"end":{"line":127,"column":32}},"loc":{"start":{"line":127,"column":64},"end":{"line":148,"column":3}}},"7":{"name":"(anonymous_18)","decl":{"start":{"line":132,"column":54},"end":{"line":132,"column":55}},"loc":{"start":{"line":132,"column":70},"end":{"line":144,"column":9}}},"8":{"name":"(anonymous_19)","decl":{"start":{"line":150,"column":10},"end":{"line":150,"column":24}},"loc":{"start":{"line":150,"column":60},"end":{"line":164,"column":3}}}},"branchMap":{"0":{"loc":{"start":{"line":17,"column":33},"end":{"line":17,"column":49}},"type":"default-arg","locations":[{"start":{"line":17,"column":44},"end":{"line":17,"column":49}}]},"1":{"loc":{"start":{"line":21,"column":4},"end":{"line":36,"column":5}},"type":"if","locations":[{"start":{"line":21,"column":4},"end":{"line":36,"column":5}},{"start":{"line":28,"column":11},"end":{"line":36,"column":5}}]},"2":{"loc":{"start":{"line":21,"column":8},"end":{"line":21,"column":77}},"type":"binary-expr","locations":[{"start":{"line":21,"column":8},"end":{"line":21,"column":40}},{"start":{"line":21,"column":44},"end":{"line":21,"column":77}}]},"3":{"loc":{"start":{"line":23,"column":27},"end":{"line":25,"column":10}},"type":"cond-expr","locations":[{"start":{"line":24,"column":8},"end":{"line":24,"column":69}},{"start":{"line":25,"column":8},"end":{"line":25,"column":10}}]},"4":{"loc":{"start":{"line":30,"column":27},"end":{"line":32,"column":44}},"type":"cond-expr","locations":[{"start":{"line":31,"column":8},"end":{"line":31,"column":18}},{"start":{"line":32,"column":8},"end":{"line":32,"column":44}}]},"5":{"loc":{"start":{"line":42,"column":4},"end":{"line":44,"column":5}},"type":"if","locations":[{"start":{"line":42,"column":4},"end":{"line":44,"column":5}},{"start":{},"end":{}}]},"6":{"loc":{"start":{"line":46,"column":4},"end":{"line":48,"column":5}},"type":"if","locations":[{"start":{"line":46,"column":4},"end":{"line":48,"column":5}},{"start":{},"end":{}}]},"7":{"loc":{"start":{"line":51,"column":4},"end":{"line":59,"column":5}},"type":"if","locations":[{"start":{"line":51,"column":4},"end":{"line":59,"column":5}},{"start":{},"end":{}}]},"8":{"loc":{"start":{"line":55,"column":8},"end":{"line":57,"column":9}},"type":"if","locations":[{"start":{"line":55,"column":8},"end":{"line":57,"column":9}},{"start":{},"end":{}}]},"9":{"loc":{"start":{"line":62,"column":4},"end":{"line":69,"column":5}},"type":"if","locations":[{"start":{"line":62,"column":4},"end":{"line":69,"column":5}},{"start":{},"end":{}}]},"10":{"loc":{"start":{"line":64,"column":8},"end":{"line":66,"column":9}},"type":"if","locations":[{"start":{"line":64,"column":8},"end":{"line":66,"column":9}},{"start":{},"end":{}}]},"11":{"loc":{"start":{"line":72,"column":4},"end":{"line":74,"column":5}},"type":"if","locations":[{"start":{"line":72,"column":4},"end":{"line":74,"column":5}},{"start":{},"end":{}}]},"12":{"loc":{"start":{"line":78,"column":18},"end":{"line":78,"column":45}},"type":"binary-expr","locations":[{"start":{"line":78,"column":18},"end":{"line":78,"column":39}},{"start":{"line":78,"column":43},"end":{"line":78,"column":45}}]},"13":{"loc":{"start":{"line":79,"column":14},"end":{"line":79,"column":37}},"type":"binary-expr","locations":[{"start":{"line":79,"column":14},"end":{"line":79,"column":31}},{"start":{"line":79,"column":35},"end":{"line":79,"column":37}}]},"14":{"loc":{"start":{"line":86,"column":4},"end":{"line":88,"column":5}},"type":"if","locations":[{"start":{"line":86,"column":4},"end":{"line":88,"column":5}},{"start":{},"end":{}}]},"15":{"loc":{"start":{"line":94,"column":4},"end":{"line":103,"column":5}},"type":"if","locations":[{"start":{"line":94,"column":4},"end":{"line":103,"column":5}},{"start":{"line":101,"column":11},"end":{"line":103,"column":5}}]},"16":{"loc":{"start":{"line":94,"column":8},"end":{"line":94,"column":55}},"type":"binary-expr","locations":[{"start":{"line":94,"column":8},"end":{"line":94,"column":22}},{"start":{"line":94,"column":26},"end":{"line":94,"column":55}}]},"17":{"loc":{"start":{"line":111,"column":4},"end":{"line":114,"column":5}},"type":"if","locations":[{"start":{"line":111,"column":4},"end":{"line":114,"column":5}},{"start":{},"end":{}}]},"18":{"loc":{"start":{"line":117,"column":4},"end":{"line":121,"column":5}},"type":"if","locations":[{"start":{"line":117,"column":4},"end":{"line":121,"column":5}},{"start":{},"end":{}}]},"19":{"loc":{"start":{"line":117,"column":8},"end":{"line":117,"column":62}},"type":"binary-expr","locations":[{"start":{"line":117,"column":8},"end":{"line":117,"column":22}},{"start":{"line":117,"column":26},"end":{"line":117,"column":62}}]},"20":{"loc":{"start":{"line":131,"column":6},"end":{"line":146,"column":7}},"type":"if","locations":[{"start":{"line":131,"column":6},"end":{"line":146,"column":7}},{"start":{},"end":{}}]},"21":{"loc":{"start":{"line":134,"column":10},"end":{"line":142,"column":11}},"type":"if","locations":[{"start":{"line":134,"column":10},"end":{"line":142,"column":11}},{"start":{},"end":{}}]},"22":{"loc":{"start":{"line":151,"column":4},"end":{"line":153,"column":5}},"type":"if","locations":[{"start":{"line":151,"column":4},"end":{"line":153,"column":5}},{"start":{},"end":{}}]},"23":{"loc":{"start":{"line":151,"column":8},"end":{"line":151,"column":59}},"type":"binary-expr","locations":[{"start":{"line":151,"column":8},"end":{"line":151,"column":38}},{"start":{"line":151,"column":42},"end":{"line":151,"column":59}}]},"24":{"loc":{"start":{"line":154,"column":4},"end":{"line":159,"column":5}},"type":"if","locations":[{"start":{"line":154,"column":4},"end":{"line":159,"column":5}},{"start":{},"end":{}}]},"25":{"loc":{"start":{"line":155,"column":6},"end":{"line":156,"column":41}},"type":"binary-expr","locations":[{"start":{"line":155,"column":6},"end":{"line":155,"column":40}},{"start":{"line":156,"column":6},"end":{"line":156,"column":41}}]},"26":{"loc":{"start":{"line":160,"column":4},"end":{"line":162,"column":5}},"type":"if","locations":[{"start":{"line":160,"column":4},"end":{"line":162,"column":5}},{"start":{},"end":{}}]},"27":{"loc":{"start":{"line":160,"column":8},"end":{"line":160,"column":73}},"type":"binary-expr","locations":[{"start":{"line":160,"column":8},"end":{"line":160,"column":38}},{"start":{"line":160,"column":42},"end":{"line":160,"column":73}}]}},"s":{"0":7,"1":7,"2":7,"3":7,"4":7,"5":7,"6":26,"7":26,"8":26,"9":25,"10":3,"11":3,"12":3,"13":3,"14":22,"15":22,"16":22,"17":22,"18":25,"19":1,"20":24,"21":1,"22":24,"23":23,"24":18,"25":10,"26":23,"27":22,"28":17,"29":1,"30":17,"31":23,"32":1,"33":23,"34":23,"35":71,"36":1,"37":70,"38":0,"39":0,"40":0,"41":0,"42":0,"43":0,"44":6,"45":6,"46":0,"47":0,"48":0,"49":0,"50":0,"51":10,"52":10,"53":11,"54":8,"55":9,"56":9,"57":1,"58":8,"59":7,"60":17,"61":3,"62":17,"63":7,"64":17,"65":9,"66":7,"67":7},"f":{"0":26,"1":25,"2":71,"3":0,"4":0,"5":6,"6":10,"7":9,"8":17},"b":{"0":[20],"1":[3,22],"2":[25,24],"3":[1,2],"4":[5,17],"5":[1,24],"6":[1,23],"7":[23,1],"8":[10,8],"9":[22,1],"10":[1,16],"11":[1,22],"12":[23,1],"13":[23,13],"14":[1,70],"15":[0,0],"16":[0,0],"17":[6,0],"18":[0,0],"19":[0,0],"20":[8,3],"21":[1,8],"22":[3,14],"23":[17,16],"24":[7,10],"25":[17,16],"26":[9,8],"27":[17,16]}},"/home/runner/work/gs-mcp-proxy-pii-redactor/gs-mcp-proxy-pii-redactor/src/mcp/mcp-client-wrapper.ts":{"path":"/home/runner/work/gs-mcp-proxy-pii-redactor/gs-mcp-proxy-pii-redactor/src/mcp/mcp-client-wrapper.ts","statementMap":{"0":{"start":{"line":1,"column":0},"end":{"line":1,"column":67}},"1":{"start":{"line":2,"column":0},"end":{"line":2,"column":77}},"2":{"start":{"line":3,"column":0},"end":{"line":3,"column":81}},"3":{"start":{"line":4,"column":0},"end":{"line":4,"column":99}},"4":{"start":{"line":5,"column":0},"end":{"line":5,"column":67}},"5":{"start":{"line":7,"column":0},"end":{"line":7,"column":40}},"6":{"start":{"line":15,"column":0},"end":{"line":15,"column":56}},"7":{"start":{"line":41,"column":12},"end":{"line":41,"column":46}},"8":{"start":{"line":19,"column":19},"end":{"line":19,"column":62}},"9":{"start":{"line":20,"column":10},"end":{"line":20,"column":39}},"10":{"start":{"line":21,"column":10},"end":{"line":25,"column":18}},"11":{"start":{"line":28,"column":10},"end":{"line":28,"column":27}},"12":{"start":{"line":29,"column":10},"end":{"line":29,"column":34}},"13":{"start":{"line":30,"column":10},"end":{"line":30,"column":53}},"14":{"start":{"line":31,"column":10},"end":{"line":31,"column":35}},"15":{"start":{"line":32,"column":10},"end":{"line":32,"column":29}},"16":{"start":{"line":33,"column":10},"end":{"line":33,"column":71}},"17":{"start":{"line":34,"column":10},"end":{"line":34,"column":73}},"18":{"start":{"line":35,"column":10},"end":{"line":35,"column":75}},"19":{"start":{"line":44,"column":4},"end":{"line":44,"column":21}},"20":{"start":{"line":45,"column":4},"end":{"line":45,"column":25}},"21":{"start":{"line":46,"column":4},"end":{"line":46,"column":31}},"22":{"start":{"line":51,"column":6},"end":{"line":51,"column":60}},"23":{"start":{"line":53,"column":4},"end":{"line":55,"column":6}},"24":{"start":{"line":58,"column":4},"end":{"line":73,"column":5}},"25":{"start":{"line":59,"column":6},"end":{"line":72,"column":7}},"26":{"start":{"line":60,"column":8},"end":{"line":60,"column":49}},"27":{"start":{"line":61,"column":21},"end":{"line":61,"column":61}},"28":{"start":{"line":62,"column":8},"end":{"line":64,"column":10}},"29":{"start":{"line":66,"column":8},"end":{"line":68,"column":10}},"30":{"start":{"line":69,"column":8},"end":{"line":71,"column":10}},"31":{"start":{"line":75,"column":4},"end":{"line":87,"column":5}},"32":{"start":{"line":77,"column":8},"end":{"line":77,"column":37}},"33":{"start":{"line":78,"column":8},"end":{"line":78,"column":14}},"34":{"start":{"line":80,"column":8},"end":{"line":80,"column":35}},"35":{"start":{"line":81,"column":8},"end":{"line":81,"column":14}},"36":{"start":{"line":83,"column":8},"end":{"line":83,"column":46}},"37":{"start":{"line":84,"column":8},"end":{"line":84,"column":14}},"38":{"start":{"line":86,"column":8},"end":{"line":86,"column":70}},"39":{"start":{"line":90,"column":4},"end":{"line":103,"column":6}},"40":{"start":{"line":105,"column":4},"end":{"line":105,"column":47}},"41":{"start":{"line":106,"column":4},"end":{"line":106,"column":76}},"42":{"start":{"line":108,"column":4},"end":{"line":110,"column":5}},"43":{"start":{"line":109,"column":6},"end":{"line":109,"column":27}},"44":{"start":{"line":114,"column":4},"end":{"line":116,"column":5}},"45":{"start":{"line":115,"column":6},"end":{"line":115,"column":21}},"46":{"start":{"line":117,"column":4},"end":{"line":119,"column":5}},"47":{"start":{"line":118,"column":6},"end":{"line":118,"column":19}},"48":{"start":{"line":120,"column":4},"end":{"line":120,"column":51}},"49":{"start":{"line":124,"column":4},"end":{"line":126,"column":5}},"50":{"start":{"line":125,"column":6},"end":{"line":125,"column":65}},"51":{"start":{"line":128,"column":16},"end":{"line":128,"column":54}},"52":{"start":{"line":131,"column":4},"end":{"line":136,"column":5}},"53":{"start":{"line":132,"column":6},"end":{"line":132,"column":50}},"54":{"start":{"line":134,"column":6},"end":{"line":134,"column":37}},"55":{"start":{"line":135,"column":6},"end":{"line":135,"column":21}},"56":{"start":{"line":138,"column":27},"end":{"line":142,"column":6}},"57":{"start":{"line":144,"column":4},"end":{"line":144,"column":36}},"58":{"start":{"line":145,"column":4},"end":{"line":145,"column":26}},"59":{"start":{"line":146,"column":4},"end":{"line":146,"column":33}},"60":{"start":{"line":150,"column":4},"end":{"line":152,"column":5}},"61":{"start":{"line":151,"column":6},"end":{"line":151,"column":59}},"62":{"start":{"line":154,"column":16},"end":{"line":154,"column":40}},"63":{"start":{"line":160,"column":25},"end":{"line":160,"column":52}},"64":{"start":{"line":162,"column":4},"end":{"line":162,"column":34}},"65":{"start":{"line":163,"column":4},"end":{"line":163,"column":25}},"66":{"start":{"line":164,"column":4},"end":{"line":164,"column":32}},"67":{"start":{"line":168,"column":4},"end":{"line":170,"column":5}},"68":{"start":{"line":169,"column":6},"end":{"line":169,"column":71}},"69":{"start":{"line":172,"column":16},"end":{"line":172,"column":40}},"70":{"start":{"line":174,"column":75},"end":{"line":176,"column":6}},"71":{"start":{"line":179,"column":4},"end":{"line":193,"column":5}},"72":{"start":{"line":180,"column":6},"end":{"line":180,"column":63}},"73":{"start":{"line":182,"column":26},"end":{"line":182,"column":79}},"74":{"start":{"line":183,"column":23},"end":{"line":184,"column":61}},"75":{"start":{"line":185,"column":6},"end":{"line":192,"column":8}},"76":{"start":{"line":196,"column":4},"end":{"line":199,"column":5}},"77":{"start":{"line":201,"column":32},"end":{"line":201,"column":79}},"78":{"start":{"line":203,"column":4},"end":{"line":203,"column":41}},"79":{"start":{"line":204,"column":4},"end":{"line":204,"column":25}},"80":{"start":{"line":205,"column":4},"end":{"line":205,"column":32}},"81":{"start":{"line":210,"column":21},"end":{"line":210,"column":26}},"82":{"start":{"line":212,"column":4},"end":{"line":220,"column":17}},"83":{"start":{"line":213,"column":6},"end":{"line":219,"column":7}},"84":{"start":{"line":214,"column":8},"end":{"line":216,"column":9}},"85":{"start":{"line":215,"column":10},"end":{"line":215,"column":35}},"86":{"start":{"line":218,"column":8},"end":{"line":218,"column":74}},"87":{"start":{"line":224,"column":4},"end":{"line":226,"column":5}},"88":{"start":{"line":225,"column":6},"end":{"line":225,"column":48}},"89":{"start":{"line":229,"column":4},"end":{"line":234,"column":5}},"90":{"start":{"line":230,"column":6},"end":{"line":232,"column":8}},"91":{"start":{"line":233,"column":6},"end":{"line":233,"column":16}},"92":{"start":{"line":236,"column":4},"end":{"line":238,"column":5}},"93":{"start":{"line":237,"column":6},"end":{"line":237,"column":34}},"94":{"start":{"line":240,"column":22},"end":{"line":240,"column":66}},"95":{"start":{"line":241,"column":21},"end":{"line":241,"column":94}},"96":{"start":{"line":242,"column":19},"end":{"line":242,"column":40}},"97":{"start":{"line":245,"column":26},"end":{"line":246,"column":null}},"98":{"start":{"line":246,"column":16},"end":{"line":246,"column":49}},"99":{"start":{"line":249,"column":4},"end":{"line":252,"column":6}},"100":{"start":{"line":253,"column":4},"end":{"line":253,"column":32}},"101":{"start":{"line":257,"column":4},"end":{"line":259,"column":5}},"102":{"start":{"line":258,"column":6},"end":{"line":258,"column":48}},"103":{"start":{"line":262,"column":4},"end":{"line":267,"column":5}},"104":{"start":{"line":263,"column":6},"end":{"line":265,"column":8}},"105":{"start":{"line":266,"column":6},"end":{"line":266,"column":16}},"106":{"start":{"line":269,"column":4},"end":{"line":285,"column":5}},"107":{"start":{"line":270,"column":6},"end":{"line":272,"column":7}},"108":{"start":{"line":271,"column":8},"end":{"line":271,"column":38}},"109":{"start":{"line":273,"column":24},"end":{"line":273,"column":68}},"110":{"start":{"line":274,"column":23},"end":{"line":274,"column":100}},"111":{"start":{"line":275,"column":20},"end":{"line":275,"column":43}},"112":{"start":{"line":276,"column":6},"end":{"line":276,"column":76}},"113":{"start":{"line":277,"column":6},"end":{"line":277,"column":18}},"114":{"start":{"line":280,"column":6},"end":{"line":283,"column":7}},"115":{"start":{"line":281,"column":8},"end":{"line":281,"column":79}},"116":{"start":{"line":282,"column":8},"end":{"line":282,"column":18}},"117":{"start":{"line":284,"column":6},"end":{"line":284,"column":18}},"118":{"start":{"line":289,"column":4},"end":{"line":291,"column":5}},"119":{"start":{"line":290,"column":6},"end":{"line":290,"column":48}},"120":{"start":{"line":294,"column":4},"end":{"line":299,"column":5}},"121":{"start":{"line":295,"column":6},"end":{"line":297,"column":8}},"122":{"start":{"line":298,"column":6},"end":{"line":298,"column":16}},"123":{"start":{"line":301,"column":4},"end":{"line":319,"column":5}},"124":{"start":{"line":302,"column":6},"end":{"line":304,"column":7}},"125":{"start":{"line":303,"column":8},"end":{"line":303,"column":40}},"126":{"start":{"line":305,"column":24},"end":{"line":305,"column":68}},"127":{"start":{"line":306,"column":23},"end":{"line":306,"column":104}},"128":{"start":{"line":307,"column":20},"end":{"line":307,"column":45}},"129":{"start":{"line":308,"column":6},"end":{"line":308,"column":78}},"130":{"start":{"line":309,"column":6},"end":{"line":309,"column":18}},"131":{"start":{"line":312,"column":6},"end":{"line":317,"column":7}},"132":{"start":{"line":313,"column":8},"end":{"line":315,"column":10}},"133":{"start":{"line":316,"column":8},"end":{"line":316,"column":18}},"134":{"start":{"line":318,"column":6},"end":{"line":318,"column":18}},"135":{"start":{"line":327,"column":4},"end":{"line":329,"column":5}},"136":{"start":{"line":328,"column":6},"end":{"line":328,"column":48}},"137":{"start":{"line":331,"column":21},"end":{"line":334,"column":6}},"138":{"start":{"line":337,"column":4},"end":{"line":361,"column":5}},"139":{"start":{"line":338,"column":26},"end":{"line":338,"column":66}},"140":{"start":{"line":339,"column":6},"end":{"line":360,"column":7}},"141":{"start":{"line":340,"column":24},"end":{"line":342,"column":14}},"142":{"start":{"line":344,"column":31},"end":{"line":344,"column":67}},"143":{"start":{"line":345,"column":25},"end":{"line":347,"column":null}},"144":{"start":{"line":350,"column":8},"end":{"line":357,"column":9}},"145":{"start":{"line":351,"column":10},"end":{"line":356,"column":12}},"146":{"start":{"line":359,"column":8},"end":{"line":359,"column":24}},"147":{"start":{"line":363,"column":4},"end":{"line":363,"column":20}},"148":{"start":{"line":367,"column":47},"end":{"line":367,"column":51}},"149":{"start":{"line":368,"column":4},"end":{"line":391,"column":5}},"150":{"start":{"line":369,"column":21},"end":{"line":385,"column":8}},"151":{"start":{"line":372,"column":10},"end":{"line":383,"column":17}},"152":{"start":{"line":373,"column":12},"end":{"line":381,"column":24}},"153":{"start":{"line":382,"column":12},"end":{"line":382,"column":31}},"154":{"start":{"line":386,"column":6},"end":{"line":386,"column":37}},"155":{"start":{"line":388,"column":6},"end":{"line":390,"column":7}},"156":{"start":{"line":389,"column":8},"end":{"line":389,"column":36}},"157":{"start":{"line":399,"column":4},"end":{"line":401,"column":5}},"158":{"start":{"line":400,"column":6},"end":{"line":400,"column":48}},"159":{"start":{"line":403,"column":21},"end":{"line":406,"column":6}},"160":{"start":{"line":409,"column":4},"end":{"line":433,"column":5}},"161":{"start":{"line":410,"column":26},"end":{"line":410,"column":66}},"162":{"start":{"line":411,"column":6},"end":{"line":432,"column":7}},"163":{"start":{"line":412,"column":24},"end":{"line":414,"column":14}},"164":{"start":{"line":416,"column":31},"end":{"line":416,"column":67}},"165":{"start":{"line":417,"column":25},"end":{"line":419,"column":null}},"166":{"start":{"line":422,"column":8},"end":{"line":429,"column":9}},"167":{"start":{"line":423,"column":10},"end":{"line":428,"column":12}},"168":{"start":{"line":431,"column":8},"end":{"line":431,"column":24}},"169":{"start":{"line":435,"column":4},"end":{"line":435,"column":20}},"170":{"start":{"line":442,"column":4},"end":{"line":444,"column":5}},"171":{"start":{"line":443,"column":6},"end":{"line":443,"column":48}},"172":{"start":{"line":446,"column":21},"end":{"line":448,"column":6}},"173":{"start":{"line":451,"column":4},"end":{"line":475,"column":5}},"174":{"start":{"line":452,"column":26},"end":{"line":452,"column":66}},"175":{"start":{"line":453,"column":6},"end":{"line":474,"column":7}},"176":{"start":{"line":454,"column":24},"end":{"line":456,"column":14}},"177":{"start":{"line":458,"column":31},"end":{"line":458,"column":67}},"178":{"start":{"line":459,"column":25},"end":{"line":461,"column":null}},"179":{"start":{"line":464,"column":8},"end":{"line":471,"column":9}},"180":{"start":{"line":465,"column":10},"end":{"line":470,"column":12}},"181":{"start":{"line":473,"column":8},"end":{"line":473,"column":24}},"182":{"start":{"line":477,"column":4},"end":{"line":477,"column":20}},"183":{"start":{"line":481,"column":23},"end":{"line":481,"column":54}},"184":{"start":{"line":482,"column":4},"end":{"line":484,"column":5}},"185":{"start":{"line":483,"column":6},"end":{"line":483,"column":19}},"186":{"start":{"line":486,"column":22},"end":{"line":486,"column":46}},"187":{"start":{"line":487,"column":17},"end":{"line":487,"column":77}},"188":{"start":{"line":489,"column":4},"end":{"line":523,"column":5}},"189":{"start":{"line":491,"column":8},"end":{"line":502,"column":9}},"190":{"start":{"line":492,"column":10},"end":{"line":500,"column":12}},"191":{"start":{"line":501,"column":10},"end":{"line":501,"column":22}},"192":{"start":{"line":503,"column":8},"end":{"line":503,"column":21}},"193":{"start":{"line":505,"column":8},"end":{"line":516,"column":9}},"194":{"start":{"line":506,"column":10},"end":{"line":514,"column":12}},"195":{"start":{"line":515,"column":10},"end":{"line":515,"column":22}},"196":{"start":{"line":517,"column":8},"end":{"line":517,"column":21}},"197":{"start":{"line":519,"column":8},"end":{"line":521,"column":10}},"198":{"start":{"line":522,"column":8},"end":{"line":522,"column":21}},"199":{"start":{"line":527,"column":4},"end":{"line":529,"column":5}},"200":{"start":{"line":528,"column":6},"end":{"line":528,"column":48}},"201":{"start":{"line":539,"column":8},"end":{"line":539,"column":58}},"202":{"start":{"line":543,"column":19},"end":{"line":554,"column":null}},"203":{"start":{"line":558,"column":4},"end":{"line":561,"column":7}},"204":{"start":{"line":559,"column":20},"end":{"line":559,"column":42}},"205":{"start":{"line":560,"column":6},"end":{"line":560,"column":30}},"206":{"start":{"line":563,"column":4},"end":{"line":576,"column":7}},"207":{"start":{"line":564,"column":28},"end":{"line":564,"column":47}},"208":{"start":{"line":565,"column":20},"end":{"line":565,"column":42}},"209":{"start":{"line":566,"column":19},"end":{"line":566,"column":62}},"210":{"start":{"line":566,"column":37},"end":{"line":566,"column":61}},"211":{"start":{"line":567,"column":6},"end":{"line":569,"column":7}},"212":{"start":{"line":568,"column":8},"end":{"line":568,"column":61}},"213":{"start":{"line":570,"column":26},"end":{"line":570,"column":56}},"214":{"start":{"line":571,"column":6},"end":{"line":575,"column":8}},"215":{"start":{"line":579,"column":4},"end":{"line":582,"column":7}},"216":{"start":{"line":580,"column":22},"end":{"line":580,"column":46}},"217":{"start":{"line":581,"column":6},"end":{"line":581,"column":32}},"218":{"start":{"line":584,"column":4},"end":{"line":597,"column":7}},"219":{"start":{"line":585,"column":28},"end":{"line":585,"column":47}},"220":{"start":{"line":586,"column":22},"end":{"line":586,"column":46}},"221":{"start":{"line":587,"column":21},"end":{"line":587,"column":66}},"222":{"start":{"line":587,"column":41},"end":{"line":587,"column":65}},"223":{"start":{"line":588,"column":6},"end":{"line":590,"column":7}},"224":{"start":{"line":589,"column":8},"end":{"line":589,"column":63}},"225":{"start":{"line":591,"column":26},"end":{"line":591,"column":56}},"226":{"start":{"line":592,"column":6},"end":{"line":596,"column":8}},"227":{"start":{"line":600,"column":4},"end":{"line":603,"column":7}},"228":{"start":{"line":601,"column":24},"end":{"line":601,"column":50}},"229":{"start":{"line":602,"column":6},"end":{"line":602,"column":27}},"230":{"start":{"line":605,"column":4},"end":{"line":610,"column":7}},"231":{"start":{"line":606,"column":6},"end":{"line":609,"column":8}},"232":{"start":{"line":612,"column":4},"end":{"line":612,"column":18}},"233":{"start":{"line":616,"column":4},"end":{"line":619,"column":5}},"234":{"start":{"line":617,"column":6},"end":{"line":617,"column":39}},"235":{"start":{"line":618,"column":6},"end":{"line":618,"column":31}},"236":{"start":{"line":622,"column":4},"end":{"line":627,"column":5}},"237":{"start":{"line":623,"column":6},"end":{"line":625,"column":16}},"238":{"start":{"line":624,"column":8},"end":{"line":624,"column":34}},"239":{"start":{"line":626,"column":6},"end":{"line":626,"column":25}},"240":{"start":{"line":629,"column":4},"end":{"line":632,"column":5}},"241":{"start":{"line":630,"column":6},"end":{"line":630,"column":35}},"242":{"start":{"line":631,"column":6},"end":{"line":631,"column":28}},"243":{"start":{"line":18,"column":0},"end":{"line":18,"column":13}}},"fnMap":{"0":{"name":"(anonymous_9)","decl":{"start":{"line":38,"column":2},"end":{"line":38,"column":null}},"loc":{"start":{"line":42,"column":20},"end":{"line":47,"column":3}}},"1":{"name":"(anonymous_10)","decl":{"start":{"line":49,"column":2},"end":{"line":49,"column":7}},"loc":{"start":{"line":49,"column":18},"end":{"line":111,"column":3}}},"2":{"name":"(anonymous_11)","decl":{"start":{"line":113,"column":10},"end":{"line":113,"column":28}},"loc":{"start":{"line":113,"column":28},"end":{"line":121,"column":3}}},"3":{"name":"(anonymous_12)","decl":{"start":{"line":123,"column":10},"end":{"line":123,"column":15}},"loc":{"start":{"line":123,"column":31},"end":{"line":147,"column":3}}},"4":{"name":"(anonymous_13)","decl":{"start":{"line":149,"column":10},"end":{"line":149,"column":15}},"loc":{"start":{"line":149,"column":29},"end":{"line":165,"column":3}}},"5":{"name":"(anonymous_14)","decl":{"start":{"line":167,"column":10},"end":{"line":167,"column":15}},"loc":{"start":{"line":167,"column":40},"end":{"line":206,"column":3}}},"6":{"name":"(anonymous_15)","decl":{"start":{"line":208,"column":10},"end":{"line":208,"column":23}},"loc":{"start":{"line":208,"column":23},"end":{"line":221,"column":3}}},"7":{"name":"(anonymous_16)","decl":{"start":{"line":212,"column":36},"end":{"line":212,"column":41}},"loc":{"start":{"line":212,"column":47},"end":{"line":220,"column":5}}},"8":{"name":"(anonymous_17)","decl":{"start":{"line":223,"column":2},"end":{"line":223,"column":7}},"loc":{"start":{"line":223,"column":17},"end":{"line":254,"column":3}}},"9":{"name":"(anonymous_18)","decl":{"start":{"line":246,"column":6},"end":{"line":246,"column":7}},"loc":{"start":{"line":246,"column":16},"end":{"line":246,"column":49}}},"10":{"name":"(anonymous_19)","decl":{"start":{"line":256,"column":2},"end":{"line":256,"column":7}},"loc":{"start":{"line":256,"column":19},"end":{"line":286,"column":3}}},"11":{"name":"(anonymous_20)","decl":{"start":{"line":288,"column":2},"end":{"line":288,"column":7}},"loc":{"start":{"line":288,"column":21},"end":{"line":320,"column":3}}},"12":{"name":"(anonymous_21)","decl":{"start":{"line":322,"column":2},"end":{"line":322,"column":7}},"loc":{"start":{"line":325,"column":38},"end":{"line":364,"column":3}}},"13":{"name":"(anonymous_22)","decl":{"start":{"line":366,"column":10},"end":{"line":366,"column":15}},"loc":{"start":{"line":366,"column":78},"end":{"line":392,"column":3}}},"14":{"name":"(anonymous_23)","decl":{"start":{"line":371,"column":31},"end":{"line":371,"column":32}},"loc":{"start":{"line":371,"column":43},"end":{"line":384,"column":9}}},"15":{"name":"(anonymous_24)","decl":{"start":{"line":372,"column":37},"end":{"line":372,"column":40}},"loc":{"start":{"line":372,"column":42},"end":{"line":383,"column":11}}},"16":{"name":"(anonymous_25)","decl":{"start":{"line":394,"column":2},"end":{"line":394,"column":7}},"loc":{"start":{"line":397,"column":38},"end":{"line":436,"column":3}}},"17":{"name":"(anonymous_26)","decl":{"start":{"line":438,"column":2},"end":{"line":438,"column":7}},"loc":{"start":{"line":440,"column":38},"end":{"line":478,"column":3}}},"18":{"name":"(anonymous_27)","decl":{"start":{"line":480,"column":2},"end":{"line":480,"column":18}},"loc":{"start":{"line":480,"column":35},"end":{"line":524,"column":3}}},"19":{"name":"(anonymous_28)","decl":{"start":{"line":526,"column":2},"end":{"line":526,"column":7}},"loc":{"start":{"line":526,"column":31},"end":{"line":613,"column":3}}},"20":{"name":"(anonymous_29)","decl":{"start":{"line":539,"column":8},"end":{"line":539,"column":21}},"loc":{"start":{"line":539,"column":8},"end":{"line":539,"column":58}}},"21":{"name":"(anonymous_30)","decl":{"start":{"line":558,"column":53},"end":{"line":558,"column":58}},"loc":{"start":{"line":558,"column":64},"end":{"line":561,"column":5}}},"22":{"name":"(anonymous_31)","decl":{"start":{"line":563,"column":52},"end":{"line":563,"column":57}},"loc":{"start":{"line":563,"column":70},"end":{"line":576,"column":5}}},"23":{"name":"(anonymous_32)","decl":{"start":{"line":566,"column":30},"end":{"line":566,"column":31}},"loc":{"start":{"line":566,"column":37},"end":{"line":566,"column":61}}},"24":{"name":"(anonymous_33)","decl":{"start":{"line":579,"column":55},"end":{"line":579,"column":60}},"loc":{"start":{"line":579,"column":66},"end":{"line":582,"column":5}}},"25":{"name":"(anonymous_34)","decl":{"start":{"line":584,"column":53},"end":{"line":584,"column":58}},"loc":{"start":{"line":584,"column":71},"end":{"line":597,"column":5}}},"26":{"name":"(anonymous_35)","decl":{"start":{"line":587,"column":34},"end":{"line":587,"column":35}},"loc":{"start":{"line":587,"column":41},"end":{"line":587,"column":65}}},"27":{"name":"(anonymous_36)","decl":{"start":{"line":600,"column":57},"end":{"line":600,"column":62}},"loc":{"start":{"line":600,"column":68},"end":{"line":603,"column":5}}},"28":{"name":"(anonymous_37)","decl":{"start":{"line":605,"column":56},"end":{"line":605,"column":61}},"loc":{"start":{"line":605,"column":74},"end":{"line":610,"column":5}}},"29":{"name":"(anonymous_38)","decl":{"start":{"line":615,"column":2},"end":{"line":615,"column":7}},"loc":{"start":{"line":615,"column":13},"end":{"line":633,"column":3}}}},"branchMap":{"0":{"loc":{"start":{"line":42,"column":4},"end":{"line":42,"column":20}},"type":"default-arg","locations":[{"start":{"line":42,"column":16},"end":{"line":42,"column":20}}]},"1":{"loc":{"start":{"line":51,"column":6},"end":{"line":51,"column":60}},"type":"binary-expr","locations":[{"start":{"line":51,"column":6},"end":{"line":51,"column":31}},{"start":{"line":51,"column":35},"end":{"line":51,"column":60}}]},"2":{"loc":{"start":{"line":58,"column":4},"end":{"line":73,"column":5}},"type":"if","locations":[{"start":{"line":58,"column":4},"end":{"line":73,"column":5}},{"start":{},"end":{}}]},"3":{"loc":{"start":{"line":61,"column":21},"end":{"line":61,"column":61}},"type":"binary-expr","locations":[{"start":{"line":61,"column":21},"end":{"line":61,"column":55}},{"start":{"line":61,"column":59},"end":{"line":61,"column":61}}]},"4":{"loc":{"start":{"line":75,"column":4},"end":{"line":87,"column":5}},"type":"switch","locations":[{"start":{"line":76,"column":6},"end":{"line":78,"column":14}},{"start":{"line":79,"column":6},"end":{"line":81,"column":14}},{"start":{"line":82,"column":6},"end":{"line":84,"column":14}},{"start":{"line":85,"column":6},"end":{"line":86,"column":70}}]},"5":{"loc":{"start":{"line":108,"column":4},"end":{"line":110,"column":5}},"type":"if","locations":[{"start":{"line":108,"column":4},"end":{"line":110,"column":5}},{"start":{},"end":{}}]},"6":{"loc":{"start":{"line":114,"column":4},"end":{"line":116,"column":5}},"type":"if","locations":[{"start":{"line":114,"column":4},"end":{"line":116,"column":5}},{"start":{},"end":{}}]},"7":{"loc":{"start":{"line":117,"column":4},"end":{"line":119,"column":5}},"type":"if","locations":[{"start":{"line":117,"column":4},"end":{"line":119,"column":5}},{"start":{},"end":{}}]},"8":{"loc":{"start":{"line":124,"column":4},"end":{"line":126,"column":5}},"type":"if","locations":[{"start":{"line":124,"column":4},"end":{"line":126,"column":5}},{"start":{},"end":{}}]},"9":{"loc":{"start":{"line":131,"column":4},"end":{"line":136,"column":5}},"type":"if","locations":[{"start":{"line":131,"column":4},"end":{"line":136,"column":5}},{"start":{},"end":{}}]},"10":{"loc":{"start":{"line":132,"column":21},"end":{"line":132,"column":49}},"type":"binary-expr","locations":[{"start":{"line":132,"column":21},"end":{"line":132,"column":33}},{"start":{"line":132,"column":37},"end":{"line":132,"column":49}}]},"11":{"loc":{"start":{"line":140,"column":12},"end":{"line":140,"column":34}},"type":"binary-expr","locations":[{"start":{"line":140,"column":12},"end":{"line":140,"column":28}},{"start":{"line":140,"column":32},"end":{"line":140,"column":34}}]},"12":{"loc":{"start":{"line":150,"column":4},"end":{"line":152,"column":5}},"type":"if","locations":[{"start":{"line":150,"column":4},"end":{"line":152,"column":5}},{"start":{},"end":{}}]},"13":{"loc":{"start":{"line":168,"column":4},"end":{"line":170,"column":5}},"type":"if","locations":[{"start":{"line":168,"column":4},"end":{"line":170,"column":5}},{"start":{},"end":{}}]},"14":{"loc":{"start":{"line":179,"column":4},"end":{"line":193,"column":5}},"type":"if","locations":[{"start":{"line":179,"column":4},"end":{"line":193,"column":5}},{"start":{},"end":{}}]},"15":{"loc":{"start":{"line":183,"column":23},"end":{"line":184,"column":61}},"type":"binary-expr","locations":[{"start":{"line":183,"column":23},"end":{"line":183,"column":75}},{"start":{"line":184,"column":9},"end":{"line":184,"column":61}}]},"16":{"loc":{"start":{"line":196,"column":4},"end":{"line":199,"column":5}},"type":"if","locations":[{"start":{"line":196,"column":4},"end":{"line":199,"column":5}},{"start":{},"end":{}}]},"17":{"loc":{"start":{"line":214,"column":8},"end":{"line":216,"column":9}},"type":"if","locations":[{"start":{"line":214,"column":8},"end":{"line":216,"column":9}},{"start":{},"end":{}}]},"18":{"loc":{"start":{"line":224,"column":4},"end":{"line":226,"column":5}},"type":"if","locations":[{"start":{"line":224,"column":4},"end":{"line":226,"column":5}},{"start":{},"end":{}}]},"19":{"loc":{"start":{"line":229,"column":4},"end":{"line":234,"column":5}},"type":"if","locations":[{"start":{"line":229,"column":4},"end":{"line":234,"column":5}},{"start":{},"end":{}}]},"20":{"loc":{"start":{"line":236,"column":4},"end":{"line":238,"column":5}},"type":"if","locations":[{"start":{"line":236,"column":4},"end":{"line":238,"column":5}},{"start":{},"end":{}}]},"21":{"loc":{"start":{"line":236,"column":8},"end":{"line":236,"column":65}},"type":"binary-expr","locations":[{"start":{"line":236,"column":8},"end":{"line":236,"column":23}},{"start":{"line":236,"column":27},"end":{"line":236,"column":65}}]},"22":{"loc":{"start":{"line":240,"column":22},"end":{"line":240,"column":66}},"type":"binary-expr","locations":[{"start":{"line":240,"column":22},"end":{"line":240,"column":41}},{"start":{"line":240,"column":45},"end":{"line":240,"column":66}}]},"23":{"loc":{"start":{"line":242,"column":19},"end":{"line":242,"column":40}},"type":"binary-expr","locations":[{"start":{"line":242,"column":19},"end":{"line":242,"column":34}},{"start":{"line":242,"column":38},"end":{"line":242,"column":40}}]},"24":{"loc":{"start":{"line":257,"column":4},"end":{"line":259,"column":5}},"type":"if","locations":[{"start":{"line":257,"column":4},"end":{"line":259,"column":5}},{"start":{},"end":{}}]},"25":{"loc":{"start":{"line":262,"column":4},"end":{"line":267,"column":5}},"type":"if","locations":[{"start":{"line":262,"column":4},"end":{"line":267,"column":5}},{"start":{},"end":{}}]},"26":{"loc":{"start":{"line":270,"column":6},"end":{"line":272,"column":7}},"type":"if","locations":[{"start":{"line":270,"column":6},"end":{"line":272,"column":7}},{"start":{},"end":{}}]},"27":{"loc":{"start":{"line":270,"column":10},"end":{"line":270,"column":71}},"type":"binary-expr","locations":[{"start":{"line":270,"column":10},"end":{"line":270,"column":27}},{"start":{"line":270,"column":31},"end":{"line":270,"column":71}}]},"28":{"loc":{"start":{"line":273,"column":24},"end":{"line":273,"column":68}},"type":"binary-expr","locations":[{"start":{"line":273,"column":24},"end":{"line":273,"column":43}},{"start":{"line":273,"column":47},"end":{"line":273,"column":68}}]},"29":{"loc":{"start":{"line":275,"column":20},"end":{"line":275,"column":43}},"type":"binary-expr","locations":[{"start":{"line":275,"column":20},"end":{"line":275,"column":37}},{"start":{"line":275,"column":41},"end":{"line":275,"column":43}}]},"30":{"loc":{"start":{"line":280,"column":6},"end":{"line":283,"column":7}},"type":"if","locations":[{"start":{"line":280,"column":6},"end":{"line":283,"column":7}},{"start":{},"end":{}}]},"31":{"loc":{"start":{"line":289,"column":4},"end":{"line":291,"column":5}},"type":"if","locations":[{"start":{"line":289,"column":4},"end":{"line":291,"column":5}},{"start":{},"end":{}}]},"32":{"loc":{"start":{"line":294,"column":4},"end":{"line":299,"column":5}},"type":"if","locations":[{"start":{"line":294,"column":4},"end":{"line":299,"column":5}},{"start":{},"end":{}}]},"33":{"loc":{"start":{"line":302,"column":6},"end":{"line":304,"column":7}},"type":"if","locations":[{"start":{"line":302,"column":6},"end":{"line":304,"column":7}},{"start":{},"end":{}}]},"34":{"loc":{"start":{"line":302,"column":10},"end":{"line":302,"column":75}},"type":"binary-expr","locations":[{"start":{"line":302,"column":10},"end":{"line":302,"column":29}},{"start":{"line":302,"column":33},"end":{"line":302,"column":75}}]},"35":{"loc":{"start":{"line":305,"column":24},"end":{"line":305,"column":68}},"type":"binary-expr","locations":[{"start":{"line":305,"column":24},"end":{"line":305,"column":43}},{"start":{"line":305,"column":47},"end":{"line":305,"column":68}}]},"36":{"loc":{"start":{"line":307,"column":20},"end":{"line":307,"column":45}},"type":"binary-expr","locations":[{"start":{"line":307,"column":20},"end":{"line":307,"column":39}},{"start":{"line":307,"column":43},"end":{"line":307,"column":45}}]},"37":{"loc":{"start":{"line":312,"column":6},"end":{"line":317,"column":7}},"type":"if","locations":[{"start":{"line":312,"column":6},"end":{"line":317,"column":7}},{"start":{},"end":{}}]},"38":{"loc":{"start":{"line":327,"column":4},"end":{"line":329,"column":5}},"type":"if","locations":[{"start":{"line":327,"column":4},"end":{"line":329,"column":5}},{"start":{},"end":{}}]},"39":{"loc":{"start":{"line":337,"column":4},"end":{"line":361,"column":5}},"type":"if","locations":[{"start":{"line":337,"column":4},"end":{"line":361,"column":5}},{"start":{},"end":{}}]},"40":{"loc":{"start":{"line":339,"column":6},"end":{"line":360,"column":7}},"type":"if","locations":[{"start":{"line":339,"column":6},"end":{"line":360,"column":7}},{"start":{},"end":{}}]},"41":{"loc":{"start":{"line":340,"column":24},"end":{"line":342,"column":14}},"type":"cond-expr","locations":[{"start":{"line":341,"column":10},"end":{"line":341,"column":36}},{"start":{"line":342,"column":10},"end":{"line":342,"column":14}}]},"42":{"loc":{"start":{"line":350,"column":8},"end":{"line":357,"column":9}},"type":"if","locations":[{"start":{"line":350,"column":8},"end":{"line":357,"column":9}},{"start":{},"end":{}}]},"43":{"loc":{"start":{"line":388,"column":6},"end":{"line":390,"column":7}},"type":"if","locations":[{"start":{"line":388,"column":6},"end":{"line":390,"column":7}},{"start":{},"end":{}}]},"44":{"loc":{"start":{"line":399,"column":4},"end":{"line":401,"column":5}},"type":"if","locations":[{"start":{"line":399,"column":4},"end":{"line":401,"column":5}},{"start":{},"end":{}}]},"45":{"loc":{"start":{"line":409,"column":4},"end":{"line":433,"column":5}},"type":"if","locations":[{"start":{"line":409,"column":4},"end":{"line":433,"column":5}},{"start":{},"end":{}}]},"46":{"loc":{"start":{"line":411,"column":6},"end":{"line":432,"column":7}},"type":"if","locations":[{"start":{"line":411,"column":6},"end":{"line":432,"column":7}},{"start":{},"end":{}}]},"47":{"loc":{"start":{"line":412,"column":24},"end":{"line":414,"column":14}},"type":"cond-expr","locations":[{"start":{"line":413,"column":10},"end":{"line":413,"column":36}},{"start":{"line":414,"column":10},"end":{"line":414,"column":14}}]},"48":{"loc":{"start":{"line":422,"column":8},"end":{"line":429,"column":9}},"type":"if","locations":[{"start":{"line":422,"column":8},"end":{"line":429,"column":9}},{"start":{},"end":{}}]},"49":{"loc":{"start":{"line":442,"column":4},"end":{"line":444,"column":5}},"type":"if","locations":[{"start":{"line":442,"column":4},"end":{"line":444,"column":5}},{"start":{},"end":{}}]},"50":{"loc":{"start":{"line":451,"column":4},"end":{"line":475,"column":5}},"type":"if","locations":[{"start":{"line":451,"column":4},"end":{"line":475,"column":5}},{"start":{},"end":{}}]},"51":{"loc":{"start":{"line":453,"column":6},"end":{"line":474,"column":7}},"type":"if","locations":[{"start":{"line":453,"column":6},"end":{"line":474,"column":7}},{"start":{},"end":{}}]},"52":{"loc":{"start":{"line":454,"column":24},"end":{"line":456,"column":14}},"type":"cond-expr","locations":[{"start":{"line":455,"column":10},"end":{"line":455,"column":36}},{"start":{"line":456,"column":10},"end":{"line":456,"column":14}}]},"53":{"loc":{"start":{"line":464,"column":8},"end":{"line":471,"column":9}},"type":"if","locations":[{"start":{"line":464,"column":8},"end":{"line":471,"column":9}},{"start":{},"end":{}}]},"54":{"loc":{"start":{"line":482,"column":4},"end":{"line":484,"column":5}},"type":"if","locations":[{"start":{"line":482,"column":4},"end":{"line":484,"column":5}},{"start":{},"end":{}}]},"55":{"loc":{"start":{"line":482,"column":8},"end":{"line":482,"column":71}},"type":"binary-expr","locations":[{"start":{"line":482,"column":8},"end":{"line":482,"column":19}},{"start":{"line":482,"column":23},"end":{"line":482,"column":39}},{"start":{"line":482,"column":43},"end":{"line":482,"column":71}}]},"56":{"loc":{"start":{"line":487,"column":18},"end":{"line":487,"column":44}},"type":"binary-expr","locations":[{"start":{"line":487,"column":18},"end":{"line":487,"column":33}},{"start":{"line":487,"column":37},"end":{"line":487,"column":44}}]},"57":{"loc":{"start":{"line":489,"column":4},"end":{"line":523,"column":5}},"type":"switch","locations":[{"start":{"line":490,"column":6},"end":{"line":503,"column":21}},{"start":{"line":504,"column":6},"end":{"line":517,"column":21}},{"start":{"line":518,"column":6},"end":{"line":522,"column":21}}]},"58":{"loc":{"start":{"line":491,"column":8},"end":{"line":502,"column":9}},"type":"if","locations":[{"start":{"line":491,"column":8},"end":{"line":502,"column":9}},{"start":{},"end":{}}]},"59":{"loc":{"start":{"line":505,"column":8},"end":{"line":516,"column":9}},"type":"if","locations":[{"start":{"line":505,"column":8},"end":{"line":516,"column":9}},{"start":{},"end":{}}]},"60":{"loc":{"start":{"line":526,"column":18},"end":{"line":526,"column":31}},"type":"default-arg","locations":[{"start":{"line":526,"column":26},"end":{"line":526,"column":31}}]},"61":{"loc":{"start":{"line":527,"column":4},"end":{"line":529,"column":5}},"type":"if","locations":[{"start":{"line":527,"column":4},"end":{"line":529,"column":5}},{"start":{},"end":{}}]},"62":{"loc":{"start":{"line":567,"column":6},"end":{"line":569,"column":7}},"type":"if","locations":[{"start":{"line":567,"column":6},"end":{"line":569,"column":7}},{"start":{},"end":{}}]},"63":{"loc":{"start":{"line":570,"column":26},"end":{"line":570,"column":56}},"type":"binary-expr","locations":[{"start":{"line":570,"column":26},"end":{"line":570,"column":50}},{"start":{"line":570,"column":54},"end":{"line":570,"column":56}}]},"64":{"loc":{"start":{"line":588,"column":6},"end":{"line":590,"column":7}},"type":"if","locations":[{"start":{"line":588,"column":6},"end":{"line":590,"column":7}},{"start":{},"end":{}}]},"65":{"loc":{"start":{"line":591,"column":26},"end":{"line":591,"column":56}},"type":"binary-expr","locations":[{"start":{"line":591,"column":26},"end":{"line":591,"column":50}},{"start":{"line":591,"column":54},"end":{"line":591,"column":56}}]},"66":{"loc":{"start":{"line":616,"column":4},"end":{"line":619,"column":5}},"type":"if","locations":[{"start":{"line":616,"column":4},"end":{"line":619,"column":5}},{"start":{},"end":{}}]},"67":{"loc":{"start":{"line":622,"column":4},"end":{"line":627,"column":5}},"type":"if","locations":[{"start":{"line":622,"column":4},"end":{"line":627,"column":5}},{"start":{},"end":{}}]},"68":{"loc":{"start":{"line":629,"column":4},"end":{"line":632,"column":5}},"type":"if","locations":[{"start":{"line":629,"column":4},"end":{"line":632,"column":5}},{"start":{},"end":{}}]}},"s":{"0":7,"1":7,"2":7,"3":7,"4":7,"5":7,"6":7,"7":28,"8":28,"9":28,"10":28,"11":28,"12":28,"13":28,"14":28,"15":28,"16":28,"17":28,"18":28,"19":28,"20":28,"21":28,"22":6,"23":6,"24":6,"25":0,"26":0,"27":0,"28":0,"29":0,"30":0,"31":6,"32":0,"33":0,"34":0,"35":0,"36":6,"37":6,"38":0,"39":6,"40":6,"41":6,"42":6,"43":6,"44":3,"45":1,"46":2,"47":1,"48":1,"49":0,"50":0,"51":0,"52":0,"53":0,"54":0,"55":0,"56":0,"57":0,"58":0,"59":0,"60":0,"61":0,"62":0,"63":0,"64":0,"65":0,"66":0,"67":6,"68":0,"69":6,"70":6,"71":6,"72":6,"73":6,"74":6,"75":6,"76":6,"77":6,"78":6,"79":6,"80":6,"81":6,"82":6,"83":0,"84":0,"85":0,"86":0,"87":13,"88":0,"89":13,"90":0,"91":0,"92":13,"93":7,"94":6,"95":6,"96":6,"97":6,"98":240,"99":6,"100":6,"101":0,"102":0,"103":0,"104":0,"105":0,"106":0,"107":0,"108":0,"109":0,"110":0,"111":0,"112":0,"113":0,"114":0,"115":0,"116":0,"117":0,"118":0,"119":0,"120":0,"121":0,"122":0,"123":0,"124":0,"125":0,"126":0,"127":0,"128":0,"129":0,"130":0,"131":0,"132":0,"133":0,"134":0,"135":2,"136":0,"137":2,"138":2,"139":0,"140":0,"141":0,"142":0,"143":0,"144":0,"145":0,"146":0,"147":2,"148":6,"149":6,"150":6,"151":6,"152":0,"153":0,"154":6,"155":6,"156":6,"157":0,"158":0,"159":0,"160":0,"161":0,"162":0,"163":0,"164":0,"165":0,"166":0,"167":0,"168":0,"169":0,"170":0,"171":0,"172":0,"173":0,"174":0,"175":0,"176":0,"177":0,"178":0,"179":0,"180":0,"181":0,"182":0,"183":253,"184":253,"185":2,"186":251,"187":251,"188":251,"189":162,"190":153,"191":153,"192":9,"193":88,"194":10,"195":10,"196":78,"197":1,"198":1,"199":6,"200":0,"201":12,"202":6,"203":6,"204":11,"205":11,"206":6,"207":2,"208":2,"209":2,"210":4,"211":2,"212":0,"213":2,"214":2,"215":6,"216":0,"217":0,"218":6,"219":0,"220":0,"221":0,"222":0,"223":0,"224":0,"225":0,"226":0,"227":6,"228":0,"229":0,"230":6,"231":0,"232":6,"233":6,"234":6,"235":6,"236":6,"237":6,"238":6,"239":6,"240":6,"241":6,"242":6,"243":7},"f":{"0":28,"1":6,"2":3,"3":0,"4":0,"5":6,"6":6,"7":0,"8":13,"9":240,"10":0,"11":0,"12":2,"13":6,"14":6,"15":0,"16":0,"17":0,"18":253,"19":6,"20":6,"21":11,"22":2,"23":4,"24":0,"25":0,"26":0,"27":0,"28":0,"29":6},"b":{"0":[22],"1":[6,0],"2":[0,6],"3":[0,0],"4":[0,0,6,0],"5":[6,0],"6":[1,2],"7":[1,1],"8":[0,0],"9":[0,0],"10":[0,0],"11":[0,0],"12":[0,0],"13":[0,6],"14":[6,0],"15":[6,0],"16":[0,6],"17":[0,0],"18":[0,13],"19":[0,13],"20":[7,6],"21":[13,7],"22":[6,6],"23":[6,0],"24":[0,0],"25":[0,0],"26":[0,0],"27":[0,0],"28":[0,0],"29":[0,0],"30":[0,0],"31":[0,0],"32":[0,0],"33":[0,0],"34":[0,0],"35":[0,0],"36":[0,0],"37":[0,0],"38":[0,2],"39":[0,2],"40":[0,0],"41":[0,0],"42":[0,0],"43":[6,0],"44":[0,0],"45":[0,0],"46":[0,0],"47":[0,0],"48":[0,0],"49":[0,0],"50":[0,0],"51":[0,0],"52":[0,0],"53":[0,0],"54":[2,251],"55":[253,252,252],"56":[251,1],"57":[162,88,1],"58":[153,9],"59":[10,78],"60":[6],"61":[0,6],"62":[0,2],"63":[2,0],"64":[0,0],"65":[0,0],"66":[6,0],"67":[6,0],"68":[6,0]}},"/home/runner/work/gs-mcp-proxy-pii-redactor/gs-mcp-proxy-pii-redactor/src/mcp/mcp-server.service.ts":{"path":"/home/runner/work/gs-mcp-proxy-pii-redactor/gs-mcp-proxy-pii-redactor/src/mcp/mcp-server.service.ts","statementMap":{"0":{"start":{"line":1,"column":0},"end":{"line":1,"column":36}},"1":{"start":{"line":5,"column":0},"end":{"line":5,"column":77}},"2":{"start":{"line":6,"column":0},"end":{"line":6,"column":99}},"3":{"start":{"line":8,"column":0},"end":{"line":8,"column":83}},"4":{"start":{"line":10,"column":0},"end":{"line":10,"column":57}},"5":{"start":{"line":11,"column":0},"end":{"line":11,"column":66}},"6":{"start":{"line":12,"column":0},"end":{"line":12,"column":56}},"7":{"start":{"line":24,"column":29},"end":{"line":293,"column":null}},"8":{"start":{"line":29,"column":12},"end":{"line":29,"column":27}},"9":{"start":{"line":30,"column":12},"end":{"line":30,"column":30}},"10":{"start":{"line":25,"column":19},"end":{"line":25,"column":62}},"11":{"start":{"line":26,"column":10},"end":{"line":26,"column":62}},"12":{"start":{"line":34,"column":19},"end":{"line":34,"column":49}},"13":{"start":{"line":37,"column":22},"end":{"line":37,"column":51}},"14":{"start":{"line":38,"column":17},"end":{"line":38,"column":29}},"15":{"start":{"line":39,"column":26},"end":{"line":39,"column":56}},"16":{"start":{"line":40,"column":26},"end":{"line":40,"column":82}},"17":{"start":{"line":41,"column":23},"end":{"line":41,"column":56}},"18":{"start":{"line":42,"column":26},"end":{"line":50,"column":16}},"19":{"start":{"line":44,"column":8},"end":{"line":46,"column":9}},"20":{"start":{"line":45,"column":10},"end":{"line":45,"column":67}},"21":{"start":{"line":45,"column":46},"end":{"line":45,"column":65}},"22":{"start":{"line":48,"column":8},"end":{"line":48,"column":26}},"23":{"start":{"line":53,"column":4},"end":{"line":89,"column":5}},"24":{"start":{"line":54,"column":6},"end":{"line":88,"column":7}},"25":{"start":{"line":55,"column":8},"end":{"line":55,"column":62}},"26":{"start":{"line":57,"column":26},"end":{"line":57,"column":72}},"27":{"start":{"line":58,"column":30},"end":{"line":62,"column":null}},"28":{"start":{"line":64,"column":8},"end":{"line":64,"column":41}},"29":{"start":{"line":66,"column":23},"end":{"line":66,"column":54}},"30":{"start":{"line":68,"column":8},"end":{"line":74,"column":11}},"31":{"start":{"line":76,"column":8},"end":{"line":76,"column":71}},"32":{"start":{"line":78,"column":8},"end":{"line":83,"column":20}},"33":{"start":{"line":85,"column":8},"end":{"line":87,"column":9}},"34":{"start":{"line":86,"column":10},"end":{"line":86,"column":22}},"35":{"start":{"line":93,"column":4},"end":{"line":119,"column":5}},"36":{"start":{"line":94,"column":6},"end":{"line":118,"column":7}},"37":{"start":{"line":95,"column":8},"end":{"line":95,"column":70}},"38":{"start":{"line":97,"column":8},"end":{"line":99,"column":9}},"39":{"start":{"line":98,"column":10},"end":{"line":98,"column":34}},"40":{"start":{"line":100,"column":8},"end":{"line":100,"column":45}},"41":{"start":{"line":102,"column":20},"end":{"line":102,"column":73}},"42":{"start":{"line":103,"column":8},"end":{"line":110,"column":9}},"43":{"start":{"line":104,"column":28},"end":{"line":104,"column":41}},"44":{"start":{"line":105,"column":10},"end":{"line":109,"column":11}},"45":{"start":{"line":106,"column":12},"end":{"line":108,"column":22}},"46":{"start":{"line":107,"column":14},"end":{"line":107,"column":64}},"47":{"start":{"line":112,"column":8},"end":{"line":117,"column":20}},"48":{"start":{"line":120,"column":4},"end":{"line":120,"column":25}},"49":{"start":{"line":124,"column":4},"end":{"line":124,"column":34}},"50":{"start":{"line":128,"column":4},"end":{"line":128,"column":24}},"51":{"start":{"line":136,"column":21},"end":{"line":136,"column":41}},"52":{"start":{"line":137,"column":4},"end":{"line":140,"column":5}},"53":{"start":{"line":138,"column":6},"end":{"line":138,"column":62}},"54":{"start":{"line":139,"column":6},"end":{"line":139,"column":13}},"55":{"start":{"line":144,"column":22},"end":{"line":144,"column":52}},"56":{"start":{"line":145,"column":23},"end":{"line":147,"column":47}},"57":{"start":{"line":148,"column":17},"end":{"line":148,"column":42}},"58":{"start":{"line":149,"column":20},"end":{"line":149,"column":47}},"59":{"start":{"line":150,"column":21},"end":{"line":150,"column":53}},"60":{"start":{"line":152,"column":22},"end":{"line":152,"column":59}},"61":{"start":{"line":154,"column":4},"end":{"line":154,"column":45}},"62":{"start":{"line":157,"column":22},"end":{"line":157,"column":41}},"63":{"start":{"line":158,"column":4},"end":{"line":158,"column":50}},"64":{"start":{"line":161,"column":20},"end":{"line":164,"column":5}},"65":{"start":{"line":162,"column":6},"end":{"line":162,"column":44}},"66":{"start":{"line":163,"column":6},"end":{"line":163,"column":24}},"67":{"start":{"line":165,"column":4},"end":{"line":165,"column":29}},"68":{"start":{"line":166,"column":5},"end":{"line":166,"column":40}},"69":{"start":{"line":167,"column":5},"end":{"line":167,"column":41}},"70":{"start":{"line":175,"column":21},"end":{"line":175,"column":41}},"71":{"start":{"line":176,"column":4},"end":{"line":179,"column":5}},"72":{"start":{"line":177,"column":6},"end":{"line":177,"column":62}},"73":{"start":{"line":178,"column":6},"end":{"line":178,"column":13}},"74":{"start":{"line":183,"column":7},"end":{"line":185,"column":37}},"75":{"start":{"line":186,"column":21},"end":{"line":186,"column":91}},"76":{"start":{"line":188,"column":4},"end":{"line":222,"column":5}},"77":{"start":{"line":189,"column":6},"end":{"line":192,"column":7}},"78":{"start":{"line":190,"column":8},"end":{"line":190,"column":64}},"79":{"start":{"line":191,"column":8},"end":{"line":191,"column":15}},"80":{"start":{"line":195,"column":24},"end":{"line":204,"column":8}},"81":{"start":{"line":196,"column":34},"end":{"line":196,"column":46}},"82":{"start":{"line":199,"column":10},"end":{"line":199,"column":50}},"83":{"start":{"line":202,"column":10},"end":{"line":202,"column":42}},"84":{"start":{"line":207,"column":6},"end":{"line":207,"column":47}},"85":{"start":{"line":210,"column":6},"end":{"line":210,"column":63}},"86":{"start":{"line":211,"column":6},"end":{"line":211,"column":13}},"87":{"start":{"line":213,"column":6},"end":{"line":218,"column":18}},"88":{"start":{"line":219,"column":6},"end":{"line":221,"column":7}},"89":{"start":{"line":220,"column":8},"end":{"line":220,"column":65}},"90":{"start":{"line":230,"column":21},"end":{"line":230,"column":41}},"91":{"start":{"line":231,"column":4},"end":{"line":234,"column":5}},"92":{"start":{"line":232,"column":6},"end":{"line":232,"column":62}},"93":{"start":{"line":233,"column":6},"end":{"line":233,"column":13}},"94":{"start":{"line":237,"column":22},"end":{"line":237,"column":94}},"95":{"start":{"line":239,"column":4},"end":{"line":246,"column":16}},"96":{"start":{"line":248,"column":4},"end":{"line":286,"column":5}},"97":{"start":{"line":249,"column":24},"end":{"line":249,"column":58}},"98":{"start":{"line":250,"column":6},"end":{"line":283,"column":7}},"99":{"start":{"line":251,"column":8},"end":{"line":257,"column":20}},"100":{"start":{"line":262,"column":11},"end":{"line":263,"column":72}},"101":{"start":{"line":264,"column":23},"end":{"line":264,"column":98}},"102":{"start":{"line":265,"column":30},"end":{"line":265,"column":100}},"103":{"start":{"line":266,"column":25},"end":{"line":266,"column":44}},"104":{"start":{"line":267,"column":8},"end":{"line":273,"column":9}},"105":{"start":{"line":268,"column":10},"end":{"line":268,"column":104}},"106":{"start":{"line":269,"column":15},"end":{"line":273,"column":9}},"107":{"start":{"line":270,"column":10},"end":{"line":270,"column":94}},"108":{"start":{"line":272,"column":10},"end":{"line":272,"column":85}},"109":{"start":{"line":274,"column":8},"end":{"line":274,"column":15}},"110":{"start":{"line":276,"column":8},"end":{"line":282,"column":20}},"111":{"start":{"line":285,"column":6},"end":{"line":285,"column":98}},"112":{"start":{"line":290,"column":4},"end":{"line":290,"column":91}},"113":{"start":{"line":291,"column":4},"end":{"line":291,"column":59}},"114":{"start":{"line":24,"column":13},"end":{"line":24,"column":29}},"115":{"start":{"line":24,"column":13},"end":{"line":293,"column":null}}},"fnMap":{"0":{"name":"(anonymous_2)","decl":{"start":{"line":28,"column":2},"end":{"line":28,"column":null}},"loc":{"start":{"line":30,"column":46},"end":{"line":31,"column":6}}},"1":{"name":"(anonymous_3)","decl":{"start":{"line":33,"column":2},"end":{"line":33,"column":7}},"loc":{"start":{"line":33,"column":20},"end":{"line":90,"column":3}}},"2":{"name":"(anonymous_4)","decl":{"start":{"line":43,"column":7},"end":{"line":43,"column":10}},"loc":{"start":{"line":43,"column":12},"end":{"line":49,"column":7}}},"3":{"name":"(anonymous_5)","decl":{"start":{"line":45,"column":35},"end":{"line":45,"column":36}},"loc":{"start":{"line":45,"column":46},"end":{"line":45,"column":65}}},"4":{"name":"(anonymous_6)","decl":{"start":{"line":92,"column":2},"end":{"line":92,"column":7}},"loc":{"start":{"line":92,"column":23},"end":{"line":121,"column":3}}},"5":{"name":"(anonymous_7)","decl":{"start":{"line":123,"column":2},"end":{"line":123,"column":11}},"loc":{"start":{"line":123,"column":24},"end":{"line":125,"column":3}}},"6":{"name":"(anonymous_8)","decl":{"start":{"line":127,"column":2},"end":{"line":127,"column":15}},"loc":{"start":{"line":127,"column":15},"end":{"line":129,"column":3}}},"7":{"name":"(anonymous_9)","decl":{"start":{"line":131,"column":2},"end":{"line":131,"column":7}},"loc":{"start":{"line":134,"column":17},"end":{"line":168,"column":3}}},"8":{"name":"(anonymous_10)","decl":{"start":{"line":161,"column":20},"end":{"line":161,"column":23}},"loc":{"start":{"line":161,"column":25},"end":{"line":164,"column":5}}},"9":{"name":"(anonymous_11)","decl":{"start":{"line":170,"column":2},"end":{"line":170,"column":7}},"loc":{"start":{"line":173,"column":17},"end":{"line":223,"column":3}}},"10":{"name":"(anonymous_12)","decl":{"start":{"line":196,"column":28},"end":{"line":196,"column":31}},"loc":{"start":{"line":196,"column":34},"end":{"line":196,"column":46}}},"11":{"name":"(anonymous_13)","decl":{"start":{"line":198,"column":30},"end":{"line":198,"column":35}},"loc":{"start":{"line":198,"column":52},"end":{"line":200,"column":9}}},"12":{"name":"(anonymous_14)","decl":{"start":{"line":201,"column":25},"end":{"line":201,"column":30}},"loc":{"start":{"line":201,"column":47},"end":{"line":203,"column":9}}},"13":{"name":"(anonymous_15)","decl":{"start":{"line":225,"column":2},"end":{"line":225,"column":7}},"loc":{"start":{"line":228,"column":17},"end":{"line":292,"column":3}}}},"branchMap":{"0":{"loc":{"start":{"line":37,"column":22},"end":{"line":37,"column":51}},"type":"binary-expr","locations":[{"start":{"line":37,"column":22},"end":{"line":37,"column":42}},{"start":{"line":37,"column":46},"end":{"line":37,"column":51}}]},"1":{"loc":{"start":{"line":40,"column":26},"end":{"line":40,"column":82}},"type":"cond-expr","locations":[{"start":{"line":40,"column":47},"end":{"line":40,"column":70}},{"start":{"line":40,"column":73},"end":{"line":40,"column":82}}]},"2":{"loc":{"start":{"line":42,"column":26},"end":{"line":50,"column":16}},"type":"cond-expr","locations":[{"start":{"line":43,"column":6},"end":{"line":49,"column":10}},{"start":{"line":50,"column":6},"end":{"line":50,"column":16}}]},"3":{"loc":{"start":{"line":44,"column":8},"end":{"line":46,"column":9}},"type":"if","locations":[{"start":{"line":44,"column":8},"end":{"line":46,"column":9}},{"start":{},"end":{}}]},"4":{"loc":{"start":{"line":73,"column":22},"end":{"line":73,"column":51}},"type":"binary-expr","locations":[{"start":{"line":73,"column":22},"end":{"line":73,"column":42}},{"start":{"line":73,"column":46},"end":{"line":73,"column":51}}]},"5":{"loc":{"start":{"line":85,"column":8},"end":{"line":87,"column":9}},"type":"if","locations":[{"start":{"line":85,"column":8},"end":{"line":87,"column":9}},{"start":{},"end":{}}]},"6":{"loc":{"start":{"line":105,"column":10},"end":{"line":109,"column":11}},"type":"if","locations":[{"start":{"line":105,"column":10},"end":{"line":109,"column":11}},{"start":{},"end":{}}]},"7":{"loc":{"start":{"line":137,"column":4},"end":{"line":140,"column":5}},"type":"if","locations":[{"start":{"line":137,"column":4},"end":{"line":140,"column":5}},{"start":{},"end":{}}]},"8":{"loc":{"start":{"line":144,"column":22},"end":{"line":144,"column":52}},"type":"binary-expr","locations":[{"start":{"line":144,"column":22},"end":{"line":144,"column":42}},{"start":{"line":144,"column":46},"end":{"line":144,"column":52}}]},"9":{"loc":{"start":{"line":145,"column":23},"end":{"line":147,"column":47}},"type":"cond-expr","locations":[{"start":{"line":146,"column":7},"end":{"line":146,"column":30}},{"start":{"line":147,"column":7},"end":{"line":147,"column":47}}]},"10":{"loc":{"start":{"line":148,"column":17},"end":{"line":148,"column":42}},"type":"binary-expr","locations":[{"start":{"line":148,"column":17},"end":{"line":148,"column":27}},{"start":{"line":148,"column":31},"end":{"line":148,"column":42}}]},"11":{"loc":{"start":{"line":176,"column":4},"end":{"line":179,"column":5}},"type":"if","locations":[{"start":{"line":176,"column":4},"end":{"line":179,"column":5}},{"start":{},"end":{}}]},"12":{"loc":{"start":{"line":183,"column":7},"end":{"line":185,"column":37}},"type":"binary-expr","locations":[{"start":{"line":183,"column":7},"end":{"line":183,"column":47}},{"start":{"line":184,"column":7},"end":{"line":184,"column":61}},{"start":{"line":185,"column":7},"end":{"line":185,"column":37}}]},"13":{"loc":{"start":{"line":186,"column":21},"end":{"line":186,"column":91}},"type":"cond-expr","locations":[{"start":{"line":186,"column":39},"end":{"line":186,"column":79}},{"start":{"line":186,"column":82},"end":{"line":186,"column":91}}]},"14":{"loc":{"start":{"line":189,"column":6},"end":{"line":192,"column":7}},"type":"if","locations":[{"start":{"line":189,"column":6},"end":{"line":192,"column":7}},{"start":{},"end":{}}]},"15":{"loc":{"start":{"line":189,"column":10},"end":{"line":189,"column":71}},"type":"binary-expr","locations":[{"start":{"line":189,"column":10},"end":{"line":189,"column":18}},{"start":{"line":189,"column":22},"end":{"line":189,"column":71}}]},"16":{"loc":{"start":{"line":219,"column":6},"end":{"line":221,"column":7}},"type":"if","locations":[{"start":{"line":219,"column":6},"end":{"line":221,"column":7}},{"start":{},"end":{}}]},"17":{"loc":{"start":{"line":231,"column":4},"end":{"line":234,"column":5}},"type":"if","locations":[{"start":{"line":231,"column":4},"end":{"line":234,"column":5}},{"start":{},"end":{}}]},"18":{"loc":{"start":{"line":237,"column":22},"end":{"line":237,"column":94}},"type":"binary-expr","locations":[{"start":{"line":237,"column":22},"end":{"line":237,"column":61}},{"start":{"line":237,"column":65},"end":{"line":237,"column":94}}]},"19":{"loc":{"start":{"line":248,"column":4},"end":{"line":286,"column":5}},"type":"if","locations":[{"start":{"line":248,"column":4},"end":{"line":286,"column":5}},{"start":{"line":284,"column":11},"end":{"line":286,"column":5}}]},"20":{"loc":{"start":{"line":250,"column":6},"end":{"line":283,"column":7}},"type":"if","locations":[{"start":{"line":250,"column":6},"end":{"line":283,"column":7}},{"start":{"line":275,"column":13},"end":{"line":283,"column":7}}]},"21":{"loc":{"start":{"line":250,"column":10},"end":{"line":250,"column":55}},"type":"binary-expr","locations":[{"start":{"line":250,"column":10},"end":{"line":250,"column":19}},{"start"
[...]
end":{"line":160,"column":19}},"95":{"start":{"line":161,"column":4},"end":{"line":184,"column":5}},"96":{"start":{"line":162,"column":6},"end":{"line":162,"column":19}},"97":{"start":{"line":163,"column":6},"end":{"line":163,"column":10}},"98":{"start":{"line":164,"column":11},"end":{"line":184,"column":5}},"99":{"start":{"line":165,"column":6},"end":{"line":165,"column":27}},"100":{"start":{"line":166,"column":6},"end":{"line":166,"column":10}},"101":{"start":{"line":167,"column":11},"end":{"line":184,"column":5}},"102":{"start":{"line":168,"column":6},"end":{"line":168,"column":19}},"103":{"start":{"line":169,"column":6},"end":{"line":169,"column":27}},"104":{"start":{"line":170,"column":6},"end":{"line":170,"column":10}},"105":{"start":{"line":171,"column":11},"end":{"line":184,"column":5}},"106":{"start":{"line":172,"column":6},"end":{"line":174,"column":7}},"107":{"start":{"line":173,"column":8},"end":{"line":173,"column":50}},"108":{"start":{"line":175,"column":6},"end":{"line":175,"column":19}},"109":{"start":{"line":176,"column":6},"end":{"line":176,"column":10}},"110":{"start":{"line":177,"column":11},"end":{"line":184,"column":5}},"111":{"start":{"line":178,"column":6},"end":{"line":180,"column":7}},"112":{"start":{"line":179,"column":8},"end":{"line":179,"column":14}},"113":{"start":{"line":181,"column":6},"end":{"line":181,"column":12}},"114":{"start":{"line":183,"column":6},"end":{"line":183,"column":12}},"115":{"start":{"line":187,"column":14},"end":{"line":187,"column":15}},"116":{"start":{"line":188,"column":2},"end":{"line":190,"column":3}},"117":{"start":{"line":189,"column":4},"end":{"line":189,"column":46}},"118":{"start":{"line":191,"column":2},"end":{"line":193,"column":3}},"119":{"start":{"line":192,"column":4},"end":{"line":192,"column":46}},"120":{"start":{"line":195,"column":2},"end":{"line":197,"column":3}},"121":{"start":{"line":196,"column":4},"end":{"line":196,"column":46}},"122":{"start":{"line":198,"column":2},"end":{"line":200,"column":3}},"123":{"start":{"line":199,"column":4},"end":{"line":199,"column":46}},"124":{"start":{"line":202,"column":2},"end":{"line":206,"column":3}},"125":{"start":{"line":203,"column":4},"end":{"line":205,"column":5}},"126":{"start":{"line":204,"column":6},"end":{"line":204,"column":48}},"127":{"start":{"line":208,"column":2},"end":{"line":208,"column":37}},"128":{"start":{"line":212,"column":2},"end":{"line":212,"column":30}},"129":{"start":{"line":216,"column":2},"end":{"line":216,"column":58}},"130":{"start":{"line":220,"column":2},"end":{"line":220,"column":35}},"131":{"start":{"line":224,"column":2},"end":{"line":224,"column":34}},"132":{"start":{"line":228,"column":2},"end":{"line":228,"column":36}},"133":{"start":{"line":232,"column":2},"end":{"line":232,"column":75}},"134":{"start":{"line":236,"column":2},"end":{"line":236,"column":36}}},"fnMap":{"0":{"name":"redactGeneric","decl":{"start":{"line":7,"column":16},"end":{"line":7,"column":29}},"loc":{"start":{"line":7,"column":39},"end":{"line":57,"column":1}}},"1":{"name":"scanEmailAt","decl":{"start":{"line":59,"column":9},"end":{"line":59,"column":20}},"loc":{"start":{"line":59,"column":43},"end":{"line":135,"column":1}}},"2":{"name":"scanPhoneAt","decl":{"start":{"line":137,"column":9},"end":{"line":137,"column":20}},"loc":{"start":{"line":141,"column":19},"end":{"line":209,"column":1}}},"3":{"name":"isDigit","decl":{"start":{"line":211,"column":9},"end":{"line":211,"column":16}},"loc":{"start":{"line":211,"column":26},"end":{"line":213,"column":1}}},"4":{"name":"isLetter","decl":{"start":{"line":215,"column":9},"end":{"line":215,"column":17}},"loc":{"start":{"line":215,"column":27},"end":{"line":217,"column":1}}},"5":{"name":"isAlphaNum","decl":{"start":{"line":219,"column":9},"end":{"line":219,"column":19}},"loc":{"start":{"line":219,"column":29},"end":{"line":221,"column":1}}},"6":{"name":"isAlphaUnderscore","decl":{"start":{"line":223,"column":9},"end":{"line":223,"column":26}},"loc":{"start":{"line":223,"column":36},"end":{"line":225,"column":1}}},"7":{"name":"isAlphaNumUnderscore","decl":{"start":{"line":227,"column":9},"end":{"line":227,"column":29}},"loc":{"start":{"line":227,"column":39},"end":{"line":229,"column":1}}},"8":{"name":"isEmailLocalChar","decl":{"start":{"line":231,"column":9},"end":{"line":231,"column":25}},"loc":{"start":{"line":231,"column":35},"end":{"line":233,"column":1}}},"9":{"name":"isDomainLabelChar","decl":{"start":{"line":235,"column":9},"end":{"line":235,"column":26}},"loc":{"start":{"line":235,"column":36},"end":{"line":237,"column":1}}}},"branchMap":{"0":{"loc":{"start":{"line":8,"column":2},"end":{"line":10,"column":3}},"type":"if","locations":[{"start":{"line":8,"column":2},"end":{"line":10,"column":3}},{"start":{},"end":{}}]},"1":{"loc":{"start":{"line":19,"column":4},"end":{"line":30,"column":5}},"type":"if","locations":[{"start":{"line":19,"column":4},"end":{"line":30,"column":5}},{"start":{},"end":{}}]},"2":{"loc":{"start":{"line":21,"column":6},"end":{"line":29,"column":7}},"type":"if","locations":[{"start":{"line":21,"column":6},"end":{"line":29,"column":7}},{"start":{},"end":{}}]},"3":{"loc":{"start":{"line":22,"column":8},"end":{"line":24,"column":9}},"type":"if","locations":[{"start":{"line":22,"column":8},"end":{"line":24,"column":9}},{"start":{},"end":{}}]},"4":{"loc":{"start":{"line":32,"column":4},"end":{"line":43,"column":5}},"type":"if","locations":[{"start":{"line":32,"column":4},"end":{"line":43,"column":5}},{"start":{},"end":{}}]},"5":{"loc":{"start":{"line":32,"column":8},"end":{"line":32,"column":31}},"type":"binary-expr","locations":[{"start":{"line":32,"column":8},"end":{"line":32,"column":17}},{"start":{"line":32,"column":21},"end":{"line":32,"column":31}}]},"6":{"loc":{"start":{"line":34,"column":6},"end":{"line":42,"column":7}},"type":"if","locations":[{"start":{"line":34,"column":6},"end":{"line":42,"column":7}},{"start":{},"end":{}}]},"7":{"loc":{"start":{"line":35,"column":8},"end":{"line":37,"column":9}},"type":"if","locations":[{"start":{"line":35,"column":8},"end":{"line":37,"column":9}},{"start":{},"end":{}}]},"8":{"loc":{"start":{"line":48,"column":2},"end":{"line":50,"column":3}},"type":"if","locations":[{"start":{"line":48,"column":2},"end":{"line":50,"column":3}},{"start":{},"end":{}}]},"9":{"loc":{"start":{"line":52,"column":2},"end":{"line":54,"column":3}},"type":"if","locations":[{"start":{"line":52,"column":2},"end":{"line":54,"column":3}},{"start":{},"end":{}}]},"10":{"loc":{"start":{"line":61,"column":2},"end":{"line":63,"column":3}},"type":"if","locations":[{"start":{"line":61,"column":2},"end":{"line":63,"column":3}},{"start":{},"end":{}}]},"11":{"loc":{"start":{"line":61,"column":6},"end":{"line":61,"column":30}},"type":"binary-expr","locations":[{"start":{"line":61,"column":6},"end":{"line":61,"column":14}},{"start":{"line":61,"column":18},"end":{"line":61,"column":30}}]},"12":{"loc":{"start":{"line":67,"column":9},"end":{"line":67,"column":41}},"type":"binary-expr","locations":[{"start":{"line":67,"column":9},"end":{"line":67,"column":15}},{"start":{"line":67,"column":19},"end":{"line":67,"column":41}}]},"13":{"loc":{"start":{"line":73,"column":2},"end":{"line":75,"column":3}},"type":"if","locations":[{"start":{"line":73,"column":2},"end":{"line":75,"column":3}},{"start":{},"end":{}}]},"14":{"loc":{"start":{"line":78,"column":2},"end":{"line":80,"column":3}},"type":"if","locations":[{"start":{"line":78,"column":2},"end":{"line":80,"column":3}},{"start":{},"end":{}}]},"15":{"loc":{"start":{"line":78,"column":6},"end":{"line":78,"column":54}},"type":"binary-expr","locations":[{"start":{"line":78,"column":6},"end":{"line":78,"column":27}},{"start":{"line":78,"column":31},"end":{"line":78,"column":54}}]},"16":{"loc":{"start":{"line":83,"column":4},"end":{"line":85,"column":5}},"type":"if","locations":[{"start":{"line":83,"column":4},"end":{"line":85,"column":5}},{"start":{},"end":{}}]},"17":{"loc":{"start":{"line":83,"column":8},"end":{"line":83,"column":40}},"type":"binary-expr","locations":[{"start":{"line":83,"column":8},"end":{"line":83,"column":20}},{"start":{"line":83,"column":24},"end":{"line":83,"column":40}}]},"18":{"loc":{"start":{"line":96,"column":4},"end":{"line":100,"column":5}},"type":"if","locations":[{"start":{"line":96,"column":4},"end":{"line":100,"column":5}},{"start":{},"end":{}}]},"19":{"loc":{"start":{"line":101,"column":4},"end":{"line":110,"column":5}},"type":"if","locations":[{"start":{"line":101,"column":4},"end":{"line":110,"column":5}},{"start":{},"end":{}}]},"20":{"loc":{"start":{"line":102,"column":6},"end":{"line":104,"column":7}},"type":"if","locations":[{"start":{"line":102,"column":6},"end":{"line":104,"column":7}},{"start":{},"end":{}}]},"21":{"loc":{"start":{"line":102,"column":10},"end":{"line":102,"column":44}},"type":"binary-expr","locations":[{"start":{"line":102,"column":10},"end":{"line":102,"column":24}},{"start":{"line":102,"column":28},"end":{"line":102,"column":44}}]},"22":{"loc":{"start":{"line":115,"column":2},"end":{"line":117,"column":3}},"type":"if","locations":[{"start":{"line":115,"column":2},"end":{"line":117,"column":3}},{"start":{},"end":{}}]},"23":{"loc":{"start":{"line":115,"column":6},"end":{"line":115,"column":48}},"type":"binary-expr","locations":[{"start":{"line":115,"column":6},"end":{"line":115,"column":20}},{"start":{"line":115,"column":24},"end":{"line":115,"column":48}}]},"24":{"loc":{"start":{"line":118,"column":2},"end":{"line":120,"column":3}},"type":"if","locations":[{"start":{"line":118,"column":2},"end":{"line":120,"column":3}},{"start":{},"end":{}}]},"25":{"loc":{"start":{"line":122,"column":2},"end":{"line":124,"column":3}},"type":"if","locations":[{"start":{"line":122,"column":2},"end":{"line":124,"column":3}},{"start":{},"end":{}}]},"26":{"loc":{"start":{"line":122,"column":6},"end":{"line":122,"column":80}},"type":"binary-expr","locations":[{"start":{"line":122,"column":6},"end":{"line":122,"column":17}},{"start":{"line":122,"column":21},"end":{"line":122,"column":48}},{"start":{"line":122,"column":52},"end":{"line":122,"column":80}}]},"27":{"loc":{"start":{"line":127,"column":2},"end":{"line":129,"column":3}},"type":"if","locations":[{"start":{"line":127,"column":2},"end":{"line":129,"column":3}},{"start":{},"end":{}}]},"28":{"loc":{"start":{"line":127,"column":6},"end":{"line":127,"column":63}},"type":"binary-expr","locations":[{"start":{"line":127,"column":6},"end":{"line":127,"column":20}},{"start":{"line":127,"column":24},"end":{"line":127,"column":63}}]},"29":{"loc":{"start":{"line":130,"column":2},"end":{"line":132,"column":3}},"type":"if","locations":[{"start":{"line":130,"column":2},"end":{"line":132,"column":3}},{"start":{},"end":{}}]},"30":{"loc":{"start":{"line":130,"column":6},"end":{"line":130,"column":57}},"type":"binary-expr","locations":[{"start":{"line":130,"column":6},"end":{"line":130,"column":19}},{"start":{"line":130,"column":23},"end":{"line":130,"column":57}}]},"31":{"loc":{"start":{"line":151,"column":2},"end":{"line":157,"column":3}},"type":"if","locations":[{"start":{"line":151,"column":2},"end":{"line":157,"column":3}},{"start":{},"end":{}}]},"32":{"loc":{"start":{"line":154,"column":4},"end":{"line":156,"column":5}},"type":"if","locations":[{"start":{"line":154,"column":4},"end":{"line":156,"column":5}},{"start":{},"end":{}}]},"33":{"loc":{"start":{"line":161,"column":4},"end":{"line":184,"column":5}},"type":"if","locations":[{"start":{"line":161,"column":4},"end":{"line":184,"column":5}},{"start":{"line":164,"column":11},"end":{"line":184,"column":5}}]},"34":{"loc":{"start":{"line":164,"column":11},"end":{"line":184,"column":5}},"type":"if","locations":[{"start":{"line":164,"column":11},"end":{"line":184,"column":5}},{"start":{"line":167,"column":11},"end":{"line":184,"column":5}}]},"35":{"loc":{"start":{"line":164,"column":15},"end":{"line":164,"column":53}},"type":"binary-expr","locations":[{"start":{"line":164,"column":15},"end":{"line":164,"column":25}},{"start":{"line":164,"column":29},"end":{"line":164,"column":39}},{"start":{"line":164,"column":43},"end":{"line":164,"column":53}}]},"36":{"loc":{"start":{"line":167,"column":11},"end":{"line":184,"column":5}},"type":"if","locations":[{"start":{"line":167,"column":11},"end":{"line":184,"column":5}},{"start":{"line":171,"column":11},"end":{"line":184,"column":5}}]},"37":{"loc":{"start":{"line":171,"column":11},"end":{"line":184,"column":5}},"type":"if","locations":[{"start":{"line":171,"column":11},"end":{"line":184,"column":5}},{"start":{"line":177,"column":11},"end":{"line":184,"column":5}}]},"38":{"loc":{"start":{"line":172,"column":6},"end":{"line":174,"column":7}},"type":"if","locations":[{"start":{"line":172,"column":6},"end":{"line":174,"column":7}},{"start":{},"end":{}}]},"39":{"loc":{"start":{"line":177,"column":11},"end":{"line":184,"column":5}},"type":"if","locations":[{"start":{"line":177,"column":11},"end":{"line":184,"column":5}},{"start":{"line":182,"column":11},"end":{"line":184,"column":5}}]},"40":{"loc":{"start":{"line":177,"column":15},"end":{"line":177,"column":39}},"type":"binary-expr","locations":[{"start":{"line":177,"column":15},"end":{"line":177,"column":25}},{"start":{"line":177,"column":29},"end":{"line":177,"column":39}}]},"41":{"loc":{"start":{"line":178,"column":6},"end":{"line":180,"column":7}},"type":"if","locations":[{"start":{"line":178,"column":6},"end":{"line":180,"column":7}},{"start":{},"end":{}}]},"42":{"loc":{"start":{"line":188,"column":2},"end":{"line":190,"column":3}},"type":"if","locations":[{"start":{"line":188,"column":2},"end":{"line":190,"column":3}},{"start":{},"end":{}}]},"43":{"loc":{"start":{"line":191,"column":2},"end":{"line":193,"column":3}},"type":"if","locations":[{"start":{"line":191,"column":2},"end":{"line":193,"column":3}},{"start":{},"end":{}}]},"44":{"loc":{"start":{"line":191,"column":6},"end":{"line":191,"column":54}},"type":"binary-expr","locations":[{"start":{"line":191,"column":6},"end":{"line":191,"column":28}},{"start":{"line":191,"column":32},"end":{"line":191,"column":54}}]},"45":{"loc":{"start":{"line":195,"column":2},"end":{"line":197,"column":3}},"type":"if","locations":[{"start":{"line":195,"column":2},"end":{"line":197,"column":3}},{"start":{},"end":{}}]},"46":{"loc":{"start":{"line":195,"column":6},"end":{"line":195,"column":50}},"type":"binary-expr","locations":[{"start":{"line":195,"column":6},"end":{"line":195,"column":15}},{"start":{"line":195,"column":19},"end":{"line":195,"column":50}}]},"47":{"loc":{"start":{"line":198,"column":2},"end":{"line":200,"column":3}},"type":"if","locations":[{"start":{"line":198,"column":2},"end":{"line":200,"column":3}},{"start":{},"end":{}}]},"48":{"loc":{"start":{"line":198,"column":6},"end":{"line":198,"column":42}},"type":"binary-expr","locations":[{"start":{"line":198,"column":6},"end":{"line":198,"column":13}},{"start":{"line":198,"column":17},"end":{"line":198,"column":42}}]},"49":{"loc":{"start":{"line":202,"column":2},"end":{"line":206,"column":3}},"type":"if","locations":[{"start":{"line":202,"column":2},"end":{"line":206,"column":3}},{"start":{},"end":{}}]},"50":{"loc":{"start":{"line":202,"column":6},"end":{"line":202,"column":53}},"type":"binary-expr","locations":[{"start":{"line":202,"column":6},"end":{"line":202,"column":20}},{"start":{"line":202,"column":24},"end":{"line":202,"column":33}},{"start":{"line":202,"column":37},"end":{"line":202,"column":53}}]},"51":{"loc":{"start":{"line":203,"column":4},"end":{"line":205,"column":5}},"type":"if","locations":[{"start":{"line":203,"column":4},"end":{"line":205,"column":5}},{"start":{},"end":{}}]},"52":{"loc":{"start":{"line":203,"column":10},"end":{"line":203,"column":67}},"type":"binary-expr","locations":[{"start":{"line":203,"column":10},"end":{"line":203,"column":23}},{"start":{"line":203,"column":27},"end":{"line":203,"column":43}},{"start":{"line":203,"column":47},"end":{"line":203,"column":67}}]},"53":{"loc":{"start":{"line":212,"column":9},"end":{"line":212,"column":29}},"type":"binary-expr","locations":[{"start":{"line":212,"column":9},"end":{"line":212,"column":17}},{"start":{"line":212,"column":21},"end":{"line":212,"column":29}}]},"54":{"loc":{"start":{"line":216,"column":9},"end":{"line":216,"column":57}},"type":"binary-expr","locations":[{"start":{"line":216,"column":10},"end":{"line":216,"column":18}},{"start":{"line":216,"column":22},"end":{"line":216,"column":30}},{"start":{"line":216,"column":36},"end":{"line":216,"column":44}},{"start":{"line":216,"column":48},"end":{"line":216,"column":56}}]},"55":{"loc":{"start":{"line":220,"column":9},"end":{"line":220,"column":34}},"type":"binary-expr","locations":[{"start":{"line":220,"column":9},"end":{"line":220,"column":20}},{"start":{"line":220,"column":24},"end":{"line":220,"column":34}}]},"56":{"loc":{"start":{"line":224,"column":9},"end":{"line":224,"column":33}},"type":"binary-expr","locations":[{"start":{"line":224,"column":9},"end":{"line":224,"column":20}},{"start":{"line":224,"column":24},"end":{"line":224,"column":33}}]},"57":{"loc":{"start":{"line":228,"column":9},"end":{"line":228,"column":35}},"type":"binary-expr","locations":[{"start":{"line":228,"column":9},"end":{"line":228,"column":22}},{"start":{"line":228,"column":26},"end":{"line":228,"column":35}}]},"58":{"loc":{"start":{"line":232,"column":9},"end":{"line":232,"column":74}},"type":"binary-expr","locations":[{"start":{"line":232,"column":9},"end":{"line":232,"column":18}},{"start":{"line":232,"column":22},"end":{"line":232,"column":31}},{"start":{"line":232,"column":35},"end":{"line":232,"column":44}},{"start":{"line":232,"column":48},"end":{"line":232,"column":57}},{"start":{"line":232,"column":61},"end":{"line":232,"column":74}}]},"59":{"loc":{"start":{"line":236,"column":9},"end":{"line":236,"column":35}},"type":"binary-expr","locations":[{"start":{"line":236,"column":9},"end":{"line":236,"column":22}},{"start":{"line":236,"column":26},"end":{"line":236,"column":35}}]}},"s":{"0":9,"1":9,"2":9,"3":73,"4":1,"5":72,"6":72,"7":72,"8":72,"9":3158,"10":3158,"11":31,"12":31,"13":25,"14":21,"15":25,"16":25,"17":25,"18":25,"19":3133,"20":115,"21":115,"22":14,"23":13,"24":14,"25":14,"26":14,"27":14,"28":3119,"29":72,"30":38,"31":34,"32":9,"33":34,"34":31,"35":31,"36":0,"37":31,"38":31,"39":174,"40":31,"41":31,"42":31,"43":1,"44":30,"45":2,"46":28,"47":28,"48":126,"49":1,"50":27,"51":27,"52":27,"53":27,"54":27,"55":286,"56":286,"57":244,"58":244,"59":244,"60":42,"61":28,"62":0,"63":28,"64":28,"65":28,"66":28,"67":28,"68":14,"69":27,"70":27,"71":0,"72":27,"73":1,"74":26,"75":1,"76":25,"77":0,"78":25,"79":0,"80":25,"81":115,"82":115,"83":115,"84":115,"85":115,"86":115,"87":115,"88":115,"89":15,"90":15,"91":15,"92":0,"93":115,"94":878,"95":878,"96":628,"97":628,"98":250,"99":161,"100":161,"101":89,"102":4,"103":4,"104":4,"105":85,"106":13,"107":9,"108":4,"109":4,"110":72,"111":0,"112":0,"113":0,"114":72,"115":106,"116":106,"117":0,"118":106,"119":80,"120":26,"121":1,"122":25,"123":11,"124":14,"125":0,"126":0,"127":14,"128":4102,"129":542,"130":505,"131":37,"132":34,"133":198,"134":286},"f":{"0":73,"1":31,"2":115,"3":4102,"4":542,"5":505,"6":37,"7":34,"8":198,"9":286},"b":{"0":[1,72],"1":[31,3127],"2":[25,6],"3":[21,4],"4":[115,3018],"5":[3133,3118],"6":[14,101],"7":[13,1],"8":[38,34],"9":[9,25],"10":[0,31],"11":[31,31],"12":[205,198],"13":[1,30],"14":[2,28],"15":[30,29],"16":[1,125],"17":[126,7],"18":[244,42],"19":[28,14],"20":[0,28],"21":[28,28],"22":[0,27],"23":[27,27],"24":[1,26],"25":[1,25],"26":[26,26,25],"27":[0,25],"28":[25,21],"29":[0,25],"30":[25,13],"31":[15,100],"32":[0,15],"33":[628,250],"34":[161,89],"35":[250,161,101],"36":[4,85],"37":[13,72],"38":[9,4],"39":[0,72],"40":[72,72],"41":[0,0],"42":[0,106],"43":[80,26],"44":[106,26],"45":[1,25],"46":[26,25],"47":[11,14],"48":[25,12],"49":[0,14],"50":[14,2,1],"51":[0,0],"52":[0,0,0],"53":[4102,3650],"54":[542,409,133,2],"55":[505,106],"56":[37,25],"57":[34,34],"58":[198,189,189,186,185],"59":[286,42]}}}