{
  "numFailedTestSuites": 0,
  "numFailedTests": 0,
  "numPassedTestSuites": 1,
  "numPassedTests": 6,
  "numPendingTestSuites": 5,
  "numPendingTests": 15,
  "numRuntimeErrorTestSuites": 0,
  "numTodoTests": 0,
  "numTotalTestSuites": 6,
  "numTotalTests": 21,
  "openHandles": [],
  "snapshot": {
    "added": 0,
    "didUpdate": false,
    "failure": false,
    "filesAdded": 0,
    "filesRemoved": 0,
    "filesRemovedList": [],
    "filesUnmatched": 0,
    "filesUpdated": 0,
    "matched": 3,
    "total": 3,
    "unchecked": 0,
    "uncheckedKeysByFile": [],
    "unmatched": 0,
    "updated": 0
  },
  "startTime": 1773966035501,
  "success": false,
  "testResults": [
    {
      "leaks": false,
      "numFailingTests": 0,
      "numPassingTests": 0,
      "numPendingTests": 7,
      "numTodoTests": 0,
      "openHandles": [],
      "perfStats": {
        "end": 1773966040696,
        "loadTestEnvironmentEnd": 1773966035743,
        "loadTestEnvironmentStart": 1773966035712,
        "runtime": 4952,
        "setupAfterEnvEnd": 1773966035846,
        "setupAfterEnvStart": 1773966035846,
        "setupFilesEnd": 1773966035744,
        "setupFilesStart": 1773966035744,
        "slow": false,
        "start": 1773966035744
      },
      "skipped": true,
      "snapshot": {
        "added": 0,
        "fileDeleted": false,
        "matched": 0,
        "unchecked": 0,
        "uncheckedKeys": [],
        "unmatched": 0,
        "updated": 0
      },
      "testFilePath": "/home/runner/work/gs-mcp-proxy-pii-redactor/gs-mcp-proxy-pii-redactor/e2e/mcp.sse.e2e-spec.ts",
      "testResults": [
        {
          "ancestorTitles": [
            "MCP Proxy SSE Transport (e2e)"
          ],
          "duration": null,
          "failing": false,
          "failureDetails": [],
          "failureMessages": [],
          "fullName": "MCP Proxy SSE Transport (e2e) health check returns ok",
          "invocations": 1,
          "location": null,
          "numPassingAsserts": 0,
          "retryReasons": [],
          "startAt": 1773966040694,
          "status": "pending",
          "title": "health check returns ok"
        },
        {
          "ancestorTitles": [
            "MCP Proxy SSE Transport (e2e)"
          ],
          "duration": null,
          "failing": false,
          "failureDetails": [],
          "failureMessages": [],
          "fullName": "MCP Proxy SSE Transport (e2e) github client blocks specified tools via SSE",
          "invocations": 1,
          "location": null,
          "numPassingAsserts": 0,
          "retryReasons": [],
          "startAt": 1773966040694,
          "status": "pending",
          "title": "github client blocks specified tools via SSE"
        },
        {
          "ancestorTitles": [
            "MCP Proxy SSE Transport (e2e)"
          ],
          "duration": null,
          "failing": false,
          "failureDetails": [],
          "failureMessages": [],
          "fullName": "MCP Proxy SSE Transport (e2e) github-allow client only exposes allow-listed tools via SSE",
          "invocations": 1,
          "location": null,
          "numPassingAsserts": 0,
          "retryReasons": [],
          "startAt": 1773966040695,
          "status": "pending",
          "title": "github-allow client only exposes allow-listed tools via SSE"
        },
        {
          "ancestorTitles": [
            "MCP Proxy SSE Transport (e2e)"
          ],
          "duration": null,
          "failing": false,
          "failureDetails": [],
          "failureMessages": [],
          "fullName": "MCP Proxy SSE Transport (e2e) unknown client returns 404 on SSE endpoint",
          "invocations": 1,
          "location": null,
          "numPassingAsserts": 0,
          "retryReasons": [],
          "startAt": 1773966040695,
          "status": "pending",
          "title": "unknown client returns 404 on SSE endpoint"
        },
        {
          "ancestorTitles": [
            "MCP Proxy SSE Transport (e2e)"
          ],
          "duration": null,
          "failing": false,
          "failureDetails": [],
          "failureMessages": [],
          "fullName": "MCP Proxy SSE Transport (e2e) SSE transport handles authentication correctly",
          "invocations": 1,
          "location": null,
          "numPassingAsserts": 0,
          "retryReasons": [],
          "startAt": 1773966040695,
          "status": "pending",
          "title": "SSE transport handles authentication correctly"
        },
        {
          "ancestorTitles": [
            "MCP Proxy SSE Transport (e2e)"
          ],
          "duration": null,
          "failing": false,
          "failureDetails": [],
          "failureMessages": [],
          "fullName": "MCP Proxy SSE Transport (e2e) reconnects cleanly and can list tools again",
          "invocations": 1,
          "location": null,
          "numPassingAsserts": 0,
          "retryReasons": [],
          "startAt": 1773966040695,
          "status": "pending",
          "title": "reconnects cleanly and can list tools again"
        },
        {
          "ancestorTitles": [
            "MCP Proxy SSE Transport (e2e)"
          ],
          "duration": null,
          "failing": false,
          "failureDetails": [],
          "failureMessages": [],
          "fullName": "MCP Proxy SSE Transport (e2e) supports two concurrent SSE clients without interference",
          "invocations": 1,
          "location": null,
          "numPassingAsserts": 0,
          "retryReasons": [],
          "startAt": 1773966040695,
          "status": "pending",
          "title": "supports two concurrent SSE clients without interference"
        }
      ],
      "displayName": {
        "color": "white",
        "name": "e2e"
      },
      "failureMessage": null
    },
    {
      "leaks": false,
      "numFailingTests": 0,
      "numPassingTests": 0,
      "numPendingTests": 1,
      "numTodoTests": 0,
      "openHandles": [],
      "perfStats": {
        "end": 1773966040965,
        "loadTestEnvironmentEnd": 1773966040755,
        "loadTestEnvironmentStart": 1773966040749,
        "runtime": 210,
        "setupAfterEnvEnd": 1773966040776,
        "setupAfterEnvStart": 1773966040776,
        "setupFilesEnd": 1773966040755,
        "setupFilesStart": 1773966040755,
        "slow": false,
        "start": 1773966040755
      },
      "skipped": true,
      "snapshot": {
        "added": 0,
        "fileDeleted": false,
        "matched": 0,
        "unchecked": 0,
        "uncheckedKeys": [],
        "unmatched": 0,
        "updated": 0
      },
      "testFilePath": "/home/runner/work/gs-mcp-proxy-pii-redactor/gs-mcp-proxy-pii-redactor/e2e/mcp.search-repositories.sse.e2e-spec.ts",
      "testResults": [
        {
          "ancestorTitles": [
            "MCP Proxy search_repositories via SSE (e2e)"
          ],
          "duration": null,
          "failing": false,
          "failureDetails": [],
          "failureMessages": [],
          "fullName": "MCP Proxy search_repositories via SSE (e2e) exposes search_repositories on github-allow via SSE and executes it",
          "invocations": 1,
          "location": null,
          "numPassingAsserts": 0,
          "retryReasons": [],
          "startAt": 1773966040964,
          "status": "pending",
          "title": "exposes search_repositories on github-allow via SSE and executes it"
        }
      ],
      "displayName": {
        "color": "white",
        "name": "e2e"
      },
      "failureMessage": null
    },
    {
      "leaks": false,
      "numFailingTests": 0,
      "numPassingTests": 0,
      "numPendingTests": 1,
      "numTodoTests": 0,
      "openHandles": [],
      "perfStats": {
        "end": 1773966041212,
        "loadTestEnvironmentEnd": 1773966041023,
        "loadTestEnvironmentStart": 1773966041020,
        "runtime": 189,
        "setupAfterEnvEnd": 1773966041041,
        "setupAfterEnvStart": 1773966041041,
        "setupFilesEnd": 1773966041023,
        "setupFilesStart": 1773966041023,
        "slow": false,
        "start": 1773966041023
      },
      "skipped": true,
      "snapshot": {
        "added": 0,
        "fileDeleted": false,
        "matched": 0,
        "unchecked": 0,
        "uncheckedKeys": [],
        "unmatched": 0,
        "updated": 0
      },
      "testFilePath": "/home/runner/work/gs-mcp-proxy-pii-redactor/gs-mcp-proxy-pii-redactor/e2e/mcp.search-repositories.e2e-spec.ts",
      "testResults": [
        {
          "ancestorTitles": [
            "MCP Proxy search_repositories (e2e)"
          ],
          "duration": null,
          "failing": false,
          "failureDetails": [],
          "failureMessages": [],
          "fullName": "MCP Proxy search_repositories (e2e) exposes search_repositories on github-allow and executes it",
          "invocations": 1,
          "location": null,
          "numPassingAsserts": 0,
          "retryReasons": [],
          "startAt": 1773966041211,
          "status": "pending",
          "title": "exposes search_repositories on github-allow and executes it"
        }
      ],
      "displayName": {
        "color": "white",
        "name": "e2e"
      },
      "failureMessage": null
    },
    {
      "leaks": false,
      "numFailingTests": 0,
      "numPassingTests": 0,
      "numPendingTests": 5,
      "numTodoTests": 0,
      "openHandles": [],
      "perfStats": {
        "end": 1773966041460,
        "loadTestEnvironmentEnd": 1773966041272,
        "loadTestEnvironmentStart": 1773966041269,
        "runtime": 188,
        "setupAfterEnvEnd": 1773966041291,
        "setupAfterEnvStart": 1773966041291,
        "setupFilesEnd": 1773966041272,
        "setupFilesStart": 1773966041272,
        "slow": false,
        "start": 1773966041272
      },
      "skipped": true,
      "snapshot": {
        "added": 0,
        "fileDeleted": false,
        "matched": 0,
        "unchecked": 0,
        "uncheckedKeys": [],
        "unmatched": 0,
        "updated": 0
      },
      "testFilePath": "/home/runner/work/gs-mcp-proxy-pii-redactor/gs-mcp-proxy-pii-redactor/e2e/mcp.e2e-spec.ts",
      "testResults": [
        {
          "ancestorTitles": [
            "MCP Proxy (e2e)"
          ],
          "duration": null,
          "failing": false,
          "failureDetails": [],
          "failureMessages": [],
          "fullName": "MCP Proxy (e2e) health check returns ok",
          "invocations": 1,
          "location": null,
          "numPassingAsserts": 0,
          "retryReasons": [],
          "startAt": 1773966041459,
          "status": "pending",
          "title": "health check returns ok"
        },
        {
          "ancestorTitles": [
            "MCP Proxy (e2e)"
          ],
          "duration": null,
          "failing": false,
          "failureDetails": [],
          "failureMessages": [],
          "fullName": "MCP Proxy (e2e) github client blocks specified tools",
          "invocations": 1,
          "location": null,
          "numPassingAsserts": 0,
          "retryReasons": [],
          "startAt": 1773966041459,
          "status": "pending",
          "title": "github client blocks specified tools"
        },
        {
          "ancestorTitles": [
            "MCP Proxy (e2e)"
          ],
          "duration": null,
          "failing": false,
          "failureDetails": [],
          "failureMessages": [],
          "fullName": "MCP Proxy (e2e) github-allow client only exposes allow-listed tools",
          "invocations": 1,
          "location": null,
          "numPassingAsserts": 0,
          "retryReasons": [],
          "startAt": 1773966041459,
          "status": "pending",
          "title": "github-allow client only exposes allow-listed tools"
        },
        {
          "ancestorTitles": [
            "MCP Proxy (e2e)"
          ],
          "duration": null,
          "failing": false,
          "failureDetails": [],
          "failureMessages": [],
          "fullName": "MCP Proxy (e2e) unknown client returns 404",
          "invocations": 1,
          "location": null,
          "numPassingAsserts": 0,
          "retryReasons": [],
          "startAt": 1773966041459,
          "status": "pending",
          "title": "unknown client returns 404"
        },
        {
          "ancestorTitles": [
            "MCP Proxy (e2e)"
          ],
          "duration": null,
          "failing": false,
          "failureDetails": [],
          "failureMessages": [],
          "fullName": "MCP Proxy (e2e) reuses streamable-http session across sequential calls",
          "invocations": 1,
          "location": null,
          "numPassingAsserts": 0,
          "retryReasons": [],
          "startAt": 1773966041460,
          "status": "pending",
          "title": "reuses streamable-http session across sequential calls"
        }
      ],
      "displayName": {
        "color": "white",
        "name": "e2e"
      },
      "failureMessage": null
    },
    {
      "leaks": false,
      "numFailingTests": 0,
      "numPassingTests": 6,
      "numPendingTests": 0,
      "numTodoTests": 0,
      "openHandles": [],
      "perfStats": {
        "end": 1773966041647,
        "loadTestEnvironmentEnd": 1773966041515,
        "loadTestEnvironmentStart": 1773966041512,
        "runtime": 131,
        "setupAfterEnvEnd": 1773966041534,
        "setupAfterEnvStart": 1773966041534,
        "setupFilesEnd": 1773966041516,
        "setupFilesStart": 1773966041516,
        "slow": false,
        "start": 1773966041516
      },
      "skipped": false,
      "snapshot": {
        "added": 0,
        "fileDeleted": false,
        "matched": 3,
        "unchecked": 0,
        "uncheckedKeys": [],
        "unmatched": 0,
        "updated": 0
      },
      "testFilePath": "/home/runner/work/gs-mcp-proxy-pii-redactor/gs-mcp-proxy-pii-redactor/e2e/redaction.e2e-spec.ts",
      "testResults": [
        {
          "ancestorTitles": [
            "PII Redaction (e2e-like service tests)"
          ],
          "duration": 3,
          "failing": false,
          "failureDetails": [],
          "failureMessages": [],
          "fullName": "PII Redaction (e2e-like service tests) uses Aho–Corasick automaton when available",
          "invocations": 1,
          "location": null,
          "numPassingAsserts": 2,
          "retryReasons": [],
          "startAt": 1773966041632,
          "status": "passed",
          "title": "uses Aho–Corasick automaton when available"
        },
        {
          "ancestorTitles": [
            "PII Redaction (e2e-like service tests)"
          ],
          "duration": 4,
          "failing": false,
          "failureDetails": [],
          "failureMessages": [],
          "fullName": "PII Redaction (e2e-like service tests) redacts emails and phone numbers generically in plain strings",
          "invocations": 1,
          "location": null,
          "numPassingAsserts": 1,
          "retryReasons": [],
          "startAt": 1773966041635,
          "status": "passed",
          "title": "redacts emails and phone numbers generically in plain strings"
        },
        {
          "ancestorTitles": [
            "PII Redaction (e2e-like service tests)"
          ],
          "duration": 3,
          "failing": false,
          "failureDetails": [],
          "failureMessages": [],
          "fullName": "PII Redaction (e2e-like service tests) redacts by configured keys (and recursively traversed strings) using keys [description, text, href]",
          "invocations": 1,
          "location": null,
          "numPassingAsserts": 1,
          "retryReasons": [],
          "startAt": 1773966041639,
          "status": "passed",
          "title": "redacts by configured keys (and recursively traversed strings) using keys [description, text, href]"
        },
        {
          "ancestorTitles": [
            "PII Redaction (e2e-like service tests)"
          ],
          "duration": 2,
          "failing": false,
          "failureDetails": [],
          "failureMessages": [],
          "fullName": "PII Redaction (e2e-like service tests) when no keys are configured, redacts all strings",
          "invocations": 1,
          "location": null,
          "numPassingAsserts": 1,
          "retryReasons": [],
          "startAt": 1773966041642,
          "status": "passed",
          "title": "when no keys are configured, redacts all strings"
        },
        {
          "ancestorTitles": [
            "PII Redaction (e2e-like service tests)"
          ],
          "duration": 1,
          "failing": false,
          "failureDetails": [],
          "failureMessages": [],
          "fullName": "PII Redaction (e2e-like service tests) returns original data when redaction disabled",
          "invocations": 1,
          "location": null,
          "numPassingAsserts": 1,
          "retryReasons": [],
          "startAt": 1773966041644,
          "status": "passed",
          "title": "returns original data when redaction disabled"
        },
        {
          "ancestorTitles": [
            "PII Redaction (e2e-like service tests)"
          ],
          "duration": 1,
          "failing": false,
          "failureDetails": [],
          "failureMessages": [],
          "fullName": "PII Redaction (e2e-like service tests) returns original data when matcher not initialized",
          "invocations": 1,
          "location": null,
          "numPassingAsserts": 1,
          "retryReasons": [],
          "startAt": 1773966041645,
          "status": "passed",
          "title": "returns original data when matcher not initialized"
        }
      ],
      "displayName": {
        "color": "white",
        "name": "e2e"
      },
      "failureMessage": null
    },
    {
      "leaks": false,
      "numFailingTests": 0,
      "numPassingTests": 0,
      "numPendingTests": 1,
      "numTodoTests": 0,
      "openHandles": [],
      "perfStats": {
        "end": 1773966041734,
        "loadTestEnvironmentEnd": 1773966041680,
        "loadTestEnvironmentStart": 1773966041675,
        "runtime": 54,
        "setupAfterEnvEnd": 1773966041698,
        "setupAfterEnvStart": 1773966041698,
        "setupFilesEnd": 1773966041680,
        "setupFilesStart": 1773966041680,
        "slow": false,
        "start": 1773966041680
      },
      "skipped": true,
      "snapshot": {
        "added": 0,
        "fileDeleted": false,
        "matched": 0,
        "unchecked": 0,
        "uncheckedKeys": [],
        "unmatched": 0,
        "updated": 0
      },
      "testFilePath": "/home/runner/work/gs-mcp-proxy-pii-redactor/gs-mcp-proxy-pii-redactor/e2e/mcp.stdio.e2e-spec.ts",
      "testResults": [
        {
          "ancestorTitles": [
            "MCP Proxy Stdio Mode (e2e)"
          ],
          "duration": null,
          "failing": false,
          "failureDetails": [],
          "failureMessages": [],
          "fullName": "MCP Proxy Stdio Mode (e2e) should expose only allow-listed tools via stdio",
          "invocations": 1,
          "location": null,
          "numPassingAsserts": 0,
          "retryReasons": [],
          "startAt": 1773966041733,
          "status": "pending",
          "title": "should expose only allow-listed tools via stdio"
        }
      ],
      "displayName": {
        "color": "white",
        "name": "e2e"
      },
      "failureMessage": null
    }
  ],
  "wasInterrupted": false
}