{"total": {"lines":{"total":758,"covered":560,"skipped":0,"pct":73.87},"statements":{"total":776,"covered":575,"skipped":0,"pct":74.09},"functions":{"total":89,"covered":62,"skipped":0,"pct":69.66},"branches":{"total":475,"covered":345,"skipped":0,"pct":72.63},"branchesTrue":{"total":0,"covered":0,"skipped":0,"pct":100}}
,"/home/runner/work/gs-mcp-proxy-pii-redactor/gs-mcp-proxy-pii-redactor/src/app.controller.ts": {"lines":{"total":70,"covered":70,"skipped":0,"pct":100},"functions":{"total":5,"covered":5,"skipped":0,"pct":100},"statements":{"total":72,"covered":72,"skipped":0,"pct":100},"branches":{"total":44,"covered":44,"skipped":0,"pct":100}}
,"/home/runner/work/gs-mcp-proxy-pii-redactor/gs-mcp-proxy-pii-redactor/src/config/config.service.ts": {"lines":{"total":52,"covered":52,"skipped":0,"pct":100},"functions":{"total":6,"covered":6,"skipped":0,"pct":100},"statements":{"total":54,"covered":54,"skipped":0,"pct":100},"branches":{"total":43,"covered":43,"skipped":0,"pct":100}}
,"/home/runner/work/gs-mcp-proxy-pii-redactor/gs-mcp-proxy-pii-redactor/src/mcp/mcp-client-wrapper.ts": {"lines":{"total":202,"covered":38,"skipped":0,"pct":18.81},"functions":{"total":27,"covered":3,"skipped":0,"pct":11.11},"statements":{"total":204,"covered":38,"skipped":0,"pct":18.62},"branches":{"total":113,"covered":18,"skipped":0,"pct":15.92}}
,"/home/runner/work/gs-mcp-proxy-pii-redactor/gs-mcp-proxy-pii-redactor/src/mcp/mcp-server.service.ts": {"lines":{"total":103,"covered":98,"skipped":0,"pct":95.14},"functions":{"total":12,"covered":11,"skipped":0,"pct":91.66},"statements":{"total":105,"covered":100,"skipped":0,"pct":95.23},"branches":{"total":49,"covered":43,"skipped":0,"pct":87.75}}
,"/home/runner/work/gs-mcp-proxy-pii-redactor/gs-mcp-proxy-pii-redactor/src/redaction/audit-logger.ts": {"lines":{"total":38,"covered":38,"skipped":0,"pct":100},"functions":{"total":5,"covered":5,"skipped":0,"pct":100},"statements":{"total":39,"covered":39,"skipped":0,"pct":100},"branches":{"total":12,"covered":12,"skipped":0,"pct":100}}
,"/home/runner/work/gs-mcp-proxy-pii-redactor/gs-mcp-proxy-pii-redactor/src/redaction/matcher.ts": {"lines":{"total":52,"covered":51,"skipped":0,"pct":98.07},"functions":{"total":8,"covered":8,"skipped":0,"pct":100},"statements":{"total":55,"covered":54,"skipped":0,"pct":98.18},"branches":{"total":26,"covered":25,"skipped":0,"pct":96.15}}
,"/home/runner/work/gs-mcp-proxy-pii-redactor/gs-mcp-proxy-pii-redactor/src/redaction/redaction.service.ts": {"lines":{"total":107,"covered":98,"skipped":0,"pct":91.58},"functions":{"total":16,"covered":14,"skipped":0,"pct":87.5},"statements":{"total":112,"covered":102,"skipped":0,"pct":91.07},"branches":{"total":59,"covered":53,"skipped":0,"pct":89.83}}
,"/home/runner/work/gs-mcp-proxy-pii-redactor/gs-mcp-proxy-pii-redactor/src/redaction/scanner-generic.ts": {"lines":{"total":134,"covered":115,"skipped":0,"pct":85.82},"functions":{"total":10,"covered":10,"skipped":0,"pct":100},"statements":{"total":135,"covered":116,"skipped":0,"pct":85.92},"branches":{"total":129,"covered":107,"skipped":0,"pct":82.94}}
}
