TN:
SF:src/app.controller.ts
FN:21,(anonymous_4)
FN:27,(anonymous_5)
FN:32,(anonymous_6)
FN:68,(anonymous_7)
FN:107,(anonymous_8)
FNF:5
FNH:5
FNDA:33,(anonymous_4)
FNDA:3,(anonymous_5)
FNDA:18,(anonymous_6)
FNDA:27,(anonymous_7)
FNDA:30,(anonymous_8)
DA:1,5
DA:14,5
DA:15,5
DA:18,5
DA:19,33
DA:22,33
DA:23,33
DA:27,5
DA:28,3
DA:32,5
DA:37,18
DA:38,18
DA:40,18
DA:41,2
DA:45,16
DA:46,5
DA:47,5
DA:48,1
DA:51,4
DA:52,4
DA:53,1
DA:57,14
DA:58,14
DA:60,2
DA:61,2
DA:62,1
DA:68,5
DA:73,27
DA:74,27
DA:76,27
DA:77,1
DA:78,1
DA:82,26
DA:83,3
DA:84,3
DA:85,1
DA:86,1
DA:89,2
DA:90,2
DA:91,1
DA:92,1
DA:96,24
DA:97,24
DA:99,2
DA:100,2
DA:101,1
DA:107,5
DA:112,30
DA:113,30
DA:115,30
DA:116,2
DA:120,28
DA:121,3
DA:122,3
DA:123,1
DA:126,2
DA:127,2
DA:128,1
DA:133,26
DA:134,26
DA:136,4
DA:137,2
DA:140,2
DA:141,1
DA:143,1
DA:146,22
DA:147,22
DA:149,2
DA:150,2
DA:151,1
LF:70
LH:70
BRDA:40,0,0,2
BRDA:40,0,1,16
BRDA:45,1,0,5
BRDA:45,1,1,11
BRDA:45,2,0,16
BRDA:45,2,1,6
BRDA:47,3,0,1
BRDA:47,3,1,4
BRDA:52,4,0,1
BRDA:52,4,1,3
BRDA:61,5,0,1
BRDA:61,5,1,1
BRDA:76,6,0,1
BRDA:76,6,1,26
BRDA:82,7,0,3
BRDA:82,7,1,23
BRDA:82,8,0,26
BRDA:82,8,1,3
BRDA:84,9,0,1
BRDA:84,9,1,2
BRDA:90,10,0,1
BRDA:90,10,1,1
BRDA:100,11,0,1
BRDA:100,11,1,1
BRDA:115,12,0,2
BRDA:115,12,1,28
BRDA:120,13,0,3
BRDA:120,13,1,25
BRDA:120,14,0,28
BRDA:120,14,1,3
BRDA:122,15,0,1
BRDA:122,15,1,2
BRDA:127,16,0,1
BRDA:127,16,1,1
BRDA:133,17,0,26
BRDA:133,17,1,1
BRDA:134,18,0,4
BRDA:134,18,1,22
BRDA:136,19,0,2
BRDA:136,19,1,2
BRDA:140,20,0,1
BRDA:140,20,1,1
BRDA:150,21,0,1
BRDA:150,21,1,1
BRF:44
BRH:44
end_of_record
TN:
SF:src/config/config.service.ts
FN:8,(anonymous_11)
FN:12,(anonymous_12)
FN:80,(anonymous_13)
FN:87,(anonymous_14)
FN:92,(anonymous_15)
FN:106,(anonymous_16)
FNF:6
FNH:6
FNDA:26,(anonymous_11)
FNDA:25,(anonymous_12)
FNDA:53,(anonymous_13)
FNDA:10,(anonymous_14)
FNDA:9,(anonymous_15)
FNDA:17,(anonymous_16)
DA:1,7
DA:2,7
DA:3,7
DA:4,7
DA:8,7
DA:9,26
DA:10,26
DA:16,25
DA:17,3
DA:18,3
DA:23,3
DA:26,22
DA:29,22
DA:30,22
DA:31,22
DA:38,25
DA:39,1
DA:42,24
DA:43,1
DA:47,24
DA:48,23
DA:51,18
DA:52,10
DA:58,23
DA:59,22
DA:60,17
DA:61,1
DA:63,17
DA:68,23
DA:69,1
DA:72,23
DA:77,23
DA:81,53
DA:82,1
DA:84,52
DA:88,10
DA:90,10
DA:91,11
DA:92,8
DA:93,9
DA:94,9
DA:95,1
DA:99,8
DA:101,7
DA:107,17
DA:108,3
DA:110,17
DA:114,7
DA:116,17
DA:117,9
LF:50
LH:50
BRDA:12,0,0,20
BRDA:16,1,0,3
BRDA:16,1,1,22
BRDA:16,2,0,25
BRDA:16,2,1,24
BRDA:19,3,0,1
BRDA:19,3,1,2
BRDA:26,4,0,5
BRDA:26,4,1,17
BRDA:38,5,0,1
BRDA:38,5,1,24
BRDA:42,6,0,1
BRDA:42,6,1,23
BRDA:47,7,0,23
BRDA:47,7,1,1
BRDA:51,8,0,10
BRDA:51,8,1,8
BRDA:58,9,0,22
BRDA:58,9,1,1
BRDA:60,10,0,1
BRDA:60,10,1,16
BRDA:68,11,0,1
BRDA:68,11,1,22
BRDA:74,12,0,23
BRDA:74,12,1,1
BRDA:81,13,0,1
BRDA:81,13,1,52
BRDA:91,14,0,8
BRDA:91,14,1,3
BRDA:94,15,0,1
BRDA:94,15,1,8
BRDA:107,16,0,3
BRDA:107,16,1,14
BRDA:107,17,0,17
BRDA:107,17,1,16
BRDA:110,18,0,7
BRDA:110,18,1,10
BRDA:111,19,0,17
BRDA:111,19,1,16
BRDA:116,20,0,9
BRDA:116,20,1,8
BRDA:116,21,0,17
BRDA:116,21,1,16
BRF:43
BRH:43
end_of_record
TN:
SF:src/mcp/mcp-client-wrapper.ts
FN:30,(anonymous_9)
FN:39,(anonymous_10)
FN:103,(anonymous_11)
FN:113,(anonymous_12)
FN:139,(anonymous_13)
FN:157,(anonymous_14)
FN:191,(anonymous_15)
FN:194,(anonymous_16)
FN:205,(anonymous_17)
FN:215,(anonymous_18)
FN:221,(anonymous_19)
FN:239,(anonymous_20)
FN:257,(anonymous_21)
FN:301,(anonymous_22)
FN:345,(anonymous_23)
FN:387,(anonymous_24)
FN:419,(anonymous_25)
FN:432,(anonymous_26)
FN:453,(anonymous_27)
FN:457,(anonymous_28)
FN:459,(anonymous_29)
FN:473,(anonymous_30)
FN:477,(anonymous_31)
FN:479,(anonymous_32)
FN:492,(anonymous_33)
FN:496,(anonymous_34)
FN:506,(anonymous_35)
FNF:27
FNH:17
FNDA:28,(anonymous_9)
FNDA:6,(anonymous_10)
FNDA:3,(anonymous_11)
FNDA:0,(anonymous_12)
FNDA:0,(anonymous_13)
FNDA:6,(anonymous_14)
FNDA:6,(anonymous_15)
FNDA:0,(anonymous_16)
FNDA:6,(anonymous_17)
FNDA:240,(anonymous_18)
FNDA:6,(anonymous_19)
FNDA:6,(anonymous_20)
FNDA:2,(anonymous_21)
FNDA:0,(anonymous_22)
FNDA:0,(anonymous_23)
FNDA:253,(anonymous_24)
FNDA:6,(anonymous_25)
FNDA:6,(anonymous_26)
FNDA:11,(anonymous_27)
FNDA:2,(anonymous_28)
FNDA:4,(anonymous_29)
FNDA:0,(anonymous_30)
FNDA:0,(anonymous_31)
FNDA:0,(anonymous_32)
FNDA:0,(anonymous_33)
FNDA:0,(anonymous_34)
FNDA:6,(anonymous_35)
DA:1,7
DA:3,7
DA:10,7
DA:11,7
DA:12,7
DA:13,7
DA:14,7
DA:16,7
DA:17,28
DA:18,28
DA:19,28
DA:26,28
DA:27,28
DA:28,28
DA:33,28
DA:35,28
DA:36,28
DA:41,6
DA:43,6
DA:48,6
DA:49,0
DA:50,0
DA:51,0
DA:52,0
DA:56,0
DA:59,0
DA:65,6
DA:67,0
DA:68,0
DA:70,0
DA:71,0
DA:73,6
DA:74,6
DA:76,0
DA:80,6
DA:95,6
DA:96,6
DA:98,6
DA:99,6
DA:104,3
DA:105,1
DA:107,2
DA:108,1
DA:110,1
DA:114,0
DA:115,0
DA:118,0
DA:121,0
DA:122,0
DA:124,0
DA:125,0
DA:128,0
DA:134,0
DA:135,0
DA:136,0
DA:140,0
DA:141,0
DA:144,0
DA:150,0
DA:152,0
DA:153,0
DA:154,0
DA:158,6
DA:159,0
DA:162,6
DA:164,6
DA:169,6
DA:170,6
DA:172,6
DA:173,6
DA:179,6
DA:184,6
DA:186,6
DA:187,6
DA:188,6
DA:192,6
DA:194,6
DA:195,0
DA:196,0
DA:197,0
DA:200,0
DA:206,6
DA:207,0
DA:210,6
DA:211,6
DA:214,6
DA:215,240
DA:218,6
DA:222,6
DA:223,0
DA:226,6
DA:227,6
DA:228,6
DA:231,0
DA:232,0
DA:233,0
DA:235,0
DA:240,6
DA:241,0
DA:244,6
DA:245,6
DA:246,6
DA:249,0
DA:250,0
DA:251,0
DA:253,0
DA:262,2
DA:263,0
DA:266,2
DA:272,2
DA:273,0
DA:274,0
DA:275,0
DA:279,0
DA:280,0
DA:285,0
DA:286,0
DA:294,0
DA:298,2
DA:306,0
DA:307,0
DA:310,0
DA:316,0
DA:317,0
DA:318,0
DA:319,0
DA:323,0
DA:324,0
DA:329,0
DA:330,0
DA:338,0
DA:342,0
DA:349,0
DA:350,0
DA:353,0
DA:358,0
DA:359,0
DA:360,0
DA:361,0
DA:365,0
DA:366,0
DA:371,0
DA:372,0
DA:380,0
DA:384,0
DA:388,253
DA:389,253
DA:390,2
DA:393,251
DA:394,251
DA:396,251
DA:398,162
DA:399,153
DA:402,153
DA:404,9
DA:406,88
DA:407,10
DA:410,10
DA:412,78
DA:414,1
DA:415,1
DA:420,6
DA:421,0
DA:432,12
DA:436,6
DA:451,6
DA:453,6
DA:454,11
DA:457,6
DA:458,2
DA:459,4
DA:460,2
DA:461,0
DA:463,2
DA:471,6
DA:473,6
DA:474,0
DA:477,6
DA:478,0
DA:479,0
DA:480,0
DA:481,0
DA:483,0
DA:491,6
DA:492,6
DA:493,0
DA:496,6
DA:497,0
DA:503,6
DA:507,6
DA:508,6
DA:509,6
DA:513,6
DA:514,6
DA:515,6
DA:517,6
DA:520,6
DA:521,6
DA:522,6
LF:199
LH:109
BRDA:41,0,0,6
BRDA:41,0,1,0
BRDA:48,1,0,0
BRDA:48,1,1,6
BRDA:51,2,0,0
BRDA:51,2,1,0
BRDA:65,3,0,0
BRDA:65,3,1,0
BRDA:65,3,2,6
BRDA:65,3,3,0
BRDA:98,4,0,6
BRDA:98,4,1,0
BRDA:104,5,0,1
BRDA:104,5,1,2
BRDA:107,6,0,1
BRDA:107,6,1,1
BRDA:114,7,0,0
BRDA:114,7,1,0
BRDA:121,8,0,0
BRDA:121,8,1,0
BRDA:122,9,0,0
BRDA:122,9,1,0
BRDA:130,10,0,0
BRDA:130,10,1,0
BRDA:140,11,0,0
BRDA:140,11,1,0
BRDA:158,12,0,0
BRDA:158,12,1,6
BRDA:169,13,0,6
BRDA:169,13,1,0
BRDA:172,14,0,6
BRDA:172,14,1,0
BRDA:179,15,0,0
BRDA:179,15,1,6
BRDA:196,16,0,0
BRDA:196,16,1,0
BRDA:206,17,0,0
BRDA:206,17,1,6
BRDA:211,18,0,6
BRDA:211,18,1,0
BRDA:222,19,0,0
BRDA:222,19,1,6
BRDA:228,20,0,6
BRDA:228,20,1,0
BRDA:231,21,0,0
BRDA:231,21,1,0
BRDA:240,22,0,0
BRDA:240,22,1,6
BRDA:246,23,0,6
BRDA:246,23,1,0
BRDA:249,24,0,0
BRDA:249,24,1,0
BRDA:262,25,0,0
BRDA:262,25,1,2
BRDA:272,26,0,0
BRDA:272,26,1,2
BRDA:274,27,0,0
BRDA:274,27,1,0
BRDA:275,28,0,0
BRDA:275,28,1,0
BRDA:285,29,0,0
BRDA:285,29,1,0
BRDA:306,30,0,0
BRDA:306,30,1,0
BRDA:316,31,0,0
BRDA:316,31,1,0
BRDA:318,32,0,0
BRDA:318,32,1,0
BRDA:319,33,0,0
BRDA:319,33,1,0
BRDA:329,34,0,0
BRDA:329,34,1,0
BRDA:349,35,0,0
BRDA:349,35,1,0
BRDA:358,36,0,0
BRDA:358,36,1,0
BRDA:360,37,0,0
BRDA:360,37,1,0
BRDA:361,38,0,0
BRDA:361,38,1,0
BRDA:371,39,0,0
BRDA:371,39,1,0
BRDA:389,40,0,2
BRDA:389,40,1,251
BRDA:389,41,0,253
BRDA:389,41,1,252
BRDA:389,41,2,252
BRDA:394,42,0,251
BRDA:394,42,1,1
BRDA:396,43,0,162
BRDA:396,43,1,88
BRDA:396,43,2,1
BRDA:398,44,0,153
BRDA:398,44,1,9
BRDA:406,45,0,10
BRDA:406,45,1,78
BRDA:419,46,0,6
BRDA:420,47,0,0
BRDA:420,47,1,6
BRDA:460,48,0,0
BRDA:460,48,1,2
BRDA:465,49,0,2
BRDA:465,49,1,0
BRDA:480,50,0,0
BRDA:480,50,1,0
BRDA:485,51,0,0
BRDA:485,51,1,0
BRDA:507,52,0,6
BRDA:507,52,1,0
BRDA:513,53,0,6
BRDA:513,53,1,0
BRDA:520,54,0,6
BRDA:520,54,1,0
BRF:113
BRH:41
end_of_record
TN:
SF:src/mcp/mcp-server.service.ts
FN:24,(anonymous_2)
FN:29,(anonymous_3)
FN:61,(anonymous_4)
FN:86,(anonymous_5)
FN:90,(anonymous_6)
FN:94,(anonymous_7)
FN:124,(anonymous_8)
FN:133,(anonymous_9)
FN:156,(anonymous_10)
FN:158,(anonymous_11)
FN:161,(anonymous_12)
FN:180,(anonymous_13)
FNF:12
FNH:12
FNDA:33,(anonymous_2)
FNDA:33,(anonymous_3)
FNDA:7,(anonymous_4)
FNDA:86,(anonymous_5)
FNDA:1,(anonymous_6)
FNDA:11,(anonymous_7)
FNDA:18,(anonymous_8)
FNDA:27,(anonymous_9)
FNDA:4,(anonymous_10)
FNDA:5,(anonymous_11)
FNDA:1,(anonymous_12)
FNDA:25,(anonymous_13)
DA:1,6
DA:2,6
DA:3,6
DA:4,6
DA:6,6
DA:7,6
DA:9,6
DA:20,6
DA:21,33
DA:22,33
DA:25,33
DA:26,33
DA:30,33
DA:33,33
DA:34,63
DA:35,63
DA:37,63
DA:38,63
DA:40,61
DA:42,61
DA:50,61
DA:52,2
DA:54,2
DA:55,1
DA:62,7
DA:63,12
DA:64,12
DA:66,12
DA:67,10
DA:69,11
DA:71,10
DA:72,10
DA:73,50
DA:74,6
DA:75,6
DA:80,2
DA:83,7
DA:87,86
DA:91,1
DA:99,11
DA:100,11
DA:101,1
DA:102,1
DA:107,10
DA:108,10
DA:111,10
DA:112,10
DA:113,10
DA:115,10
DA:117,10
DA:120,10
DA:121,10
DA:124,10
DA:125,18
DA:126,18
DA:128,10
DA:129,10
DA:130,10
DA:138,27
DA:139,27
DA:140,1
DA:141,1
DA:145,26
DA:146,26
DA:148,26
DA:149,26
DA:150,17
DA:151,17
DA:155,9
DA:156,4
DA:159,5
DA:162,1
DA:167,9
DA:170,9
DA:171,7
DA:173,2
DA:174,2
DA:175,1
DA:185,25
DA:186,25
DA:187,1
DA:188,1
DA:192,24
DA:194,24
DA:196,24
DA:197,23
DA:198,23
DA:199,22
DA:203,22
DA:204,22
DA:205,22
DA:206,22
DA:207,22
DA:208,20
DA:209,2
DA:210,0
DA:212,2
DA:214,22
DA:216,1
DA:219,1
DA:224,2
DA:225,2
LF:102
LH:101
BRDA:47,0,0,61
BRDA:47,0,1,2
BRDA:54,1,0,1
BRDA:54,1,1,1
BRDA:73,2,0,6
BRDA:73,2,1,44
BRDA:100,3,0,1
BRDA:100,3,1,10
BRDA:107,4,0,10
BRDA:107,4,1,3
BRDA:108,5,0,7
BRDA:108,5,1,3
BRDA:111,6,0,10
BRDA:111,6,1,3
BRDA:139,7,0,1
BRDA:139,7,1,26
BRDA:145,8,0,26
BRDA:145,8,1,10
BRDA:145,8,2,10
BRDA:146,9,0,17
BRDA:146,9,1,9
BRDA:149,10,0,17
BRDA:149,10,1,9
BRDA:149,11,0,26
BRDA:149,11,1,17
BRDA:174,12,0,1
BRDA:174,12,1,1
BRDA:186,13,0,1
BRDA:186,13,1,24
BRDA:192,14,0,24
BRDA:192,14,1,22
BRDA:196,15,0,23
BRDA:196,15,1,1
BRDA:198,16,0,22
BRDA:198,16,1,1
BRDA:198,17,0,23
BRDA:198,17,1,23
BRDA:203,18,0,22
BRDA:203,18,1,2
BRDA:204,19,0,22
BRDA:204,19,1,20
BRDA:205,20,0,22
BRDA:205,20,1,22
BRDA:207,21,0,20
BRDA:207,21,1,2
BRDA:207,22,0,22
BRDA:207,22,1,20
BRDA:209,23,0,0
BRDA:209,23,1,2
BRF:49
BRH:48
end_of_record
TN:
SF:src/redaction/audit-logger.ts
FN:11,(anonymous_9)
FN:25,(anonymous_10)
FN:55,(anonymous_11)
FN:66,(anonymous_12)
FN:76,(anonymous_13)
FNF:5
FNH:5
FNDA:19,(anonymous_9)
FNDA:16,(anonymous_10)
FNDA:26,(anonymous_11)
FNDA:48,(anonymous_12)
FNDA:3,(anonymous_13)
DA:1,8
DA:2,8
DA:3,8
DA:4,8
DA:7,8
DA:8,19
DA:13,19
DA:14,19
DA:17,19
DA:18,19
DA:20,1
DA:21,1
DA:31,16
DA:32,3
DA:35,13
DA:36,13
DA:39,13
DA:43,13
DA:46,13
DA:50,13
DA:52,13
DA:56,26
DA:57,26
DA:58,26
DA:60,26
DA:62,4
DA:67,48
DA:68,19
DA:69,19
DA:71,15
DA:75,29
DA:76,3
DA:79,27
DA:80,24
DA:81,24
DA:82,19
DA:84,24
DA:87,3
LF:38
LH:38
BRDA:31,0,0,3
BRDA:31,0,1,13
BRDA:31,1,0,16
BRDA:31,1,1,14
BRDA:67,2,0,19
BRDA:67,2,1,29
BRDA:75,3,0,2
BRDA:75,3,1,27
BRDA:79,4,0,24
BRDA:79,4,1,3
BRDA:79,5,0,27
BRDA:79,5,1,26
BRF:12
BRH:12
end_of_record
TN:
SF:src/redaction/matcher.ts
FN:14,(anonymous_0)
FN:16,(anonymous_1)
FN:19,(anonymous_2)
FN:26,(anonymous_3)
FN:33,(anonymous_4)
FN:65,(anonymous_5)
FN:93,(anonymous_6)
FN:113,(anonymous_7)
FNF:8
FNH:8
FNDA:47,(anonymous_0)
FNDA:1175,(anonymous_1)
FNDA:48,(anonymous_2)
FNDA:80,(anonymous_3)
FNDA:32,(anonymous_4)
FNDA:80,(anonymous_5)
FNDA:103,(anonymous_6)
FNDA:83,(anonymous_7)
DA:10,9
DA:15,47
DA:16,1175
DA:20,48
DA:21,1
DA:23,47
DA:27,80
DA:28,80
DA:29,20
DA:33,60
DA:36,60
DA:37,60
DA:38,92
DA:39,69
DA:41,23
DA:42,23
DA:43,0
DA:49,60
DA:50,60
DA:51,60
DA:52,69
DA:53,27
DA:55,69
DA:56,69
DA:58,60
DA:59,29
DA:62,60
DA:66,80
DA:67,80
DA:69,80
DA:70,1248
DA:71,1248
DA:73,1248
DA:74,1351
DA:75,1351
DA:76,1248
DA:80,103
DA:81,103
DA:82,103
DA:83,92
DA:86,103
DA:90,80
DA:95,103
DA:96,36
DA:97,36
DA:98,4
DA:103,99
DA:104,47
DA:105,47
DA:106,7
DA:110,92
DA:114,83
LF:52
LH:51
BRDA:20,0,0,1
BRDA:20,0,1,47
BRDA:28,1,0,20
BRDA:28,1,1,60
BRDA:38,2,0,69
BRDA:38,2,1,23
BRDA:38,3,0,92
BRDA:38,3,1,32
BRDA:42,4,0,0
BRDA:42,4,1,23
BRDA:52,5,0,27
BRDA:52,5,1,42
BRDA:58,6,0,29
BRDA:58,6,1,31
BRDA:75,7,0,1248
BRDA:75,7,1,103
BRDA:82,8,0,92
BRDA:82,8,1,11
BRDA:95,9,0,36
BRDA:95,9,1,67
BRDA:97,10,0,4
BRDA:97,10,1,32
BRDA:103,11,0,47
BRDA:103,11,1,52
BRDA:105,12,0,7
BRDA:105,12,1,40
BRF:26
BRH:25
end_of_record
TN:
SF:src/redaction/redaction.service.ts
FN:8,(anonymous_1)
FN:14,(anonymous_2)
FN:41,(anonymous_3)
FN:48,(anonymous_4)
FN:60,(anonymous_5)
FN:66,(anonymous_6)
FN:78,(anonymous_7)
FN:81,(anonymous_8)
FN:87,(anonymous_9)
FN:111,(anonymous_10)
FN:120,(anonymous_11)
FN:120,(anonymous_12)
FN:138,(anonymous_13)
FN:149,(anonymous_14)
FN:150,(anonymous_15)
FN:164,(anonymous_16)
FNF:16
FNH:14
FNDA:39,(anonymous_1)
FNDA:28,(anonymous_2)
FNDA:8,(anonymous_3)
FNDA:23,(anonymous_4)
FNDA:54,(anonymous_5)
FNDA:11,(anonymous_6)
FNDA:7,(anonymous_7)
FNDA:31,(anonymous_8)
FNDA:6,(anonymous_9)
FNDA:27,(anonymous_10)
FNDA:0,(anonymous_11)
FNDA:0,(anonymous_12)
FNDA:48,(anonymous_13)
FNDA:144,(anonymous_14)
FNDA:144,(anonymous_15)
FNDA:25,(anonymous_16)
DA:1,8
DA:2,8
DA:4,8
DA:5,8
DA:8,8
DA:9,39
DA:10,39
DA:11,39
DA:12,39
DA:15,28
DA:16,1
DA:17,0
DA:19,1
DA:22,27
DA:24,27
DA:25,27
DA:27,24
DA:28,0
DA:29,0
DA:30,0
DA:33,24
DA:34,24
DA:36,3
DA:37,3
DA:42,8
DA:43,2
DA:45,8
DA:49,23
DA:50,6
DA:53,17
DA:54,10
DA:57,7
DA:61,54
DA:62,23
DA:63,23
DA:65,31
DA:66,11
DA:68,25
DA:69,19
DA:70,19
DA:71,31
DA:73,19
DA:75,6
DA:79,7
DA:81,7
DA:82,31
DA:83,7
DA:84,7
DA:86,24
DA:87,6
DA:89,21
DA:90,15
DA:91,15
DA:92,30
DA:93,12
DA:94,11
DA:95,11
DA:97,1
DA:100,18
DA:103,15
DA:105,6
DA:108,7
DA:112,27
DA:113,27
DA:114,2
DA:118,25
DA:119,25
DA:120,0
DA:123,25
DA:124,0
DA:127,25
DA:128,25
DA:129,1
DA:132,24
DA:136,24
DA:138,24
DA:139,48
DA:140,48
DA:141,48
DA:142,0
DA:145,48
DA:146,48
DA:147,48
DA:149,144
DA:150,144
DA:151,48
DA:155,24
DA:156,24
DA:157,48
DA:158,48
DA:161,24
DA:165,25
DA:166,25
DA:167,1
DA:168,1
DA:170,0
DA:174,24
DA:175,24
DA:176,1
DA:180,23
DA:181,23
DA:182,23
DA:183,23
DA:184,23
DA:185,1
DA:188,23
DA:190,0
LF:107
LH:98
BRDA:15,0,0,1
BRDA:15,0,1,27
BRDA:16,1,0,0
BRDA:16,1,1,1
BRDA:27,2,0,0
BRDA:27,2,1,24
BRDA:42,3,0,2
BRDA:42,3,1,6
BRDA:49,4,0,6
BRDA:49,4,1,17
BRDA:49,5,0,23
BRDA:49,5,1,21
BRDA:49,5,2,19
BRDA:53,6,0,10
BRDA:53,6,1,7
BRDA:53,7,0,17
BRDA:53,7,1,8
BRDA:61,8,0,23
BRDA:61,8,1,31
BRDA:65,9,0,6
BRDA:65,9,1,25
BRDA:68,10,0,19
BRDA:68,10,1,6
BRDA:68,11,0,25
BRDA:68,11,1,23
BRDA:82,12,0,7
BRDA:82,12,1,24
BRDA:86,13,0,3
BRDA:86,13,1,21
BRDA:89,14,0,15
BRDA:89,14,1,6
BRDA:89,15,0,21
BRDA:89,15,1,21
BRDA:92,16,0,12
BRDA:92,16,1,18
BRDA:93,17,0,11
BRDA:93,17,1,1
BRDA:113,18,0,2
BRDA:113,18,1,25
BRDA:119,19,0,0
BRDA:119,19,1,25
BRDA:123,20,0,0
BRDA:123,20,1,25
BRDA:128,21,0,1
BRDA:128,21,1,24
BRDA:141,22,0,0
BRDA:141,22,1,48
BRDA:166,23,0,1
BRDA:166,23,1,24
BRDA:175,24,0,1
BRDA:175,24,1,23
BRDA:182,25,0,23
BRDA:182,25,1,0
BRDA:182,26,0,23
BRDA:182,26,1,23
BRDA:184,27,0,1
BRDA:184,27,1,22
BRDA:184,28,0,23
BRDA:184,28,1,1
BRF:59
BRH:53
end_of_record
TN:
SF:src/redaction/scanner-generic.ts
FN:7,redactGeneric
FN:59,scanEmailAt
FN:137,scanPhoneAt
FN:211,isDigit
FN:215,isLetter
FN:219,isAlphaNum
FN:223,isAlphaUnderscore
FN:227,isAlphaNumUnderscore
FN:231,isEmailLocalChar
FN:235,isDomainLabelChar
FNF:10
FNH:10
FNDA:73,redactGeneric
FNDA:31,scanEmailAt
FNDA:115,scanPhoneAt
FNDA:4102,isDigit
FNDA:542,isLetter
FNDA:505,isAlphaNum
FNDA:37,isAlphaUnderscore
FNDA:34,isAlphaNumUnderscore
FNDA:198,isEmailLocalChar
FNDA:286,isDomainLabelChar
DA:4,9
DA:5,9
DA:7,9
DA:8,73
DA:9,1
DA:12,72
DA:13,72
DA:14,72
DA:16,72
DA:17,3158
DA:19,3158
DA:20,31
DA:21,31
DA:22,25
DA:23,21
DA:25,25
DA:26,25
DA:27,25
DA:28,25
DA:32,3133
DA:33,115
DA:34,115
DA:35,14
DA:36,13
DA:38,14
DA:39,14
DA:40,14
DA:41,14
DA:45,3119
DA:48,72
DA:49,38
DA:52,34
DA:53,9
DA:56,34
DA:60,31
DA:61,31
DA:62,0
DA:66,31
DA:67,31
DA:68,174
DA:70,31
DA:71,31
DA:73,31
DA:74,1
DA:78,30
DA:79,2
DA:82,28
DA:83,126
DA:84,1
DA:89,27
DA:90,27
DA:91,27
DA:92,27
DA:94,27
DA:95,286
DA:96,286
DA:97,244
DA:98,244
DA:99,244
DA:101,42
DA:102,28
DA:103,0
DA:105,28
DA:106,28
DA:107,28
DA:108,28
DA:109,28
DA:111,14
DA:114,27
DA:115,27
DA:116,0
DA:118,27
DA:119,1
DA:122,26
DA:123,1
DA:127,25
DA:128,0
DA:130,25
DA:131,0
DA:134,25
DA:143,115
DA:144,115
DA:145,115
DA:146,115
DA:147,115
DA:148,115
DA:149,115
DA:151,115
DA:152,15
DA:153,15
DA:154,15
DA:155,0
DA:159,115
DA:160,878
DA:161,878
DA:162,628
DA:163,628
DA:164,250
DA:165,161
DA:166,161
DA:167,89
DA:168,4
DA:169,4
DA:170,4
DA:171,85
DA:172,13
DA:173,9
DA:175,4
DA:176,4
DA:177,72
DA:178,0
DA:179,0
DA:181,0
DA:183,72
DA:187,106
DA:188,106
DA:189,0
DA:191,106
DA:192,80
DA:195,26
DA:196,1
DA:198,25
DA:199,11
DA:202,14
DA:203,0
DA:204,0
DA:208,14
DA:212,4102
DA:216,542
DA:220,505
DA:224,37
DA:228,34
DA:232,198
DA:236,286
LF:134
LH:122
BRDA:8,0,0,1
BRDA:8,0,1,72
BRDA:19,1,0,31
BRDA:19,1,1,3127
BRDA:21,2,0,25
BRDA:21,2,1,6
BRDA:22,3,0,21
BRDA:22,3,1,4
BRDA:32,4,0,115
BRDA:32,4,1,3018
BRDA:32,5,0,3133
BRDA:32,5,1,3118
BRDA:34,6,0,14
BRDA:34,6,1,101
BRDA:35,7,0,13
BRDA:35,7,1,1
BRDA:48,8,0,38
BRDA:48,8,1,34
BRDA:52,9,0,9
BRDA:52,9,1,25
BRDA:61,10,0,0
BRDA:61,10,1,31
BRDA:61,11,0,31
BRDA:61,11,1,31
BRDA:67,12,0,205
BRDA:67,12,1,198
BRDA:73,13,0,1
BRDA:73,13,1,30
BRDA:78,14,0,2
BRDA:78,14,1,28
BRDA:78,15,0,30
BRDA:78,15,1,29
BRDA:83,16,0,1
BRDA:83,16,1,125
BRDA:83,17,0,126
BRDA:83,17,1,7
BRDA:96,18,0,244
BRDA:96,18,1,42
BRDA:101,19,0,28
BRDA:101,19,1,14
BRDA:102,20,0,0
BRDA:102,20,1,28
BRDA:102,21,0,28
BRDA:102,21,1,28
BRDA:115,22,0,0
BRDA:115,22,1,27
BRDA:115,23,0,27
BRDA:115,23,1,27
BRDA:118,24,0,1
BRDA:118,24,1,26
BRDA:122,25,0,1
BRDA:122,25,1,25
BRDA:122,26,0,26
BRDA:122,26,1,26
BRDA:122,26,2,25
BRDA:127,27,0,0
BRDA:127,27,1,25
BRDA:127,28,0,25
BRDA:127,28,1,21
BRDA:130,29,0,0
BRDA:130,29,1,25
BRDA:130,30,0,25
BRDA:130,30,1,13
BRDA:151,31,0,15
BRDA:151,31,1,100
BRDA:154,32,0,0
BRDA:154,32,1,15
BRDA:161,33,0,628
BRDA:161,33,1,250
BRDA:164,34,0,161
BRDA:164,34,1,89
BRDA:164,35,0,250
BRDA:164,35,1,161
BRDA:164,35,2,101
BRDA:167,36,0,4
BRDA:167,36,1,85
BRDA:171,37,0,13
BRDA:171,37,1,72
BRDA:172,38,0,9
BRDA:172,38,1,4
BRDA:177,39,0,0
BRDA:177,39,1,72
BRDA:177,40,0,72
BRDA:177,40,1,72
BRDA:178,41,0,0
BRDA:178,41,1,0
BRDA:188,42,0,0
BRDA:188,42,1,106
BRDA:191,43,0,80
BRDA:191,43,1,26
BRDA:191,44,0,106
BRDA:191,44,1,26
BRDA:195,45,0,1
BRDA:195,45,1,25
BRDA:195,46,0,26
BRDA:195,46,1,25
BRDA:198,47,0,11
BRDA:198,47,1,14
BRDA:198,48,0,25
BRDA:198,48,1,12
BRDA:202,49,0,0
BRDA:202,49,1,14
BRDA:202,50,0,14
BRDA:202,50,1,2
BRDA:202,50,2,1
BRDA:203,51,0,0
BRDA:203,51,1,0
BRDA:203,52,0,0
BRDA:203,52,1,0
BRDA:203,52,2,0
BRDA:212,53,0,4102
BRDA:212,53,1,3650
BRDA:216,54,0,542
BRDA:216,54,1,409
BRDA:216,54,2,133
BRDA:216,54,3,2
BRDA:220,55,0,505
BRDA:220,55,1,106
BRDA:224,56,0,37
BRDA:224,56,1,25
BRDA:228,57,0,34
BRDA:228,57,1,34
BRDA:232,58,0,198
BRDA:232,58,1,189
BRDA:232,58,2,189
BRDA:232,58,3,186
BRDA:232,58,4,185
BRDA:236,59,0,286
BRDA:236,59,1,42
BRF:129
BRH:113
end_of_record
