{
  "numFailedTestSuites": 0,
  "numFailedTests": 0,
  "numPassedTestSuites": 1,
  "numPassedTests": 6,
  "numPendingTestSuites": 5,
  "numPendingTests": 15,
  "numRuntimeErrorTestSuites": 0,
  "numTodoTests": 0,
  "numTotalTestSuites": 6,
  "numTotalTests": 21,
  "openHandles": [],
  "snapshot": {
    "added": 0,
    "didUpdate": false,
    "failure": false,
    "filesAdded": 0,
    "filesRemoved": 0,
    "filesRemovedList": [],
    "filesUnmatched": 0,
    "filesUpdated": 0,
    "matched": 3,
    "total": 3,
    "unchecked": 0,
    "uncheckedKeysByFile": [],
    "unmatched": 0,
    "updated": 0
  },
  "startTime": 1773263191766,
  "success": false,
  "testResults": [
    {
      "leaks": false,
      "numFailingTests": 0,
      "numPassingTests": 0,
      "numPendingTests": 7,
      "numTodoTests": 0,
      "openHandles": [],
      "perfStats": {
        "end": 1773263197226,
        "loadTestEnvironmentEnd": 1773263192007,
        "loadTestEnvironmentStart": 1773263191974,
        "runtime": 5218,
        "setupAfterEnvEnd": 1773263192113,
        "setupAfterEnvStart": 1773263192113,
        "setupFilesEnd": 1773263192008,
        "setupFilesStart": 1773263192008,
        "slow": true,
        "start": 1773263192008
      },
      "skipped": true,
      "snapshot": {
        "added": 0,
        "fileDeleted": false,
        "matched": 0,
        "unchecked": 0,
        "uncheckedKeys": [],
        "unmatched": 0,
        "updated": 0
      },
      "testFilePath": "/home/runner/work/gs-mcp-proxy-pii-redactor/gs-mcp-proxy-pii-redactor/e2e/mcp.sse.e2e-spec.ts",
      "testResults": [
        {
          "ancestorTitles": [
            "MCP Proxy SSE Transport (e2e)"
          ],
          "duration": null,
          "failing": false,
          "failureDetails": [],
          "failureMessages": [],
          "fullName": "MCP Proxy SSE Transport (e2e) health check returns ok",
          "invocations": 1,
          "location": null,
          "numPassingAsserts": 0,
          "retryReasons": [],
          "startAt": 1773263197224,
          "status": "pending",
          "title": "health check returns ok"
        },
        {
          "ancestorTitles": [
            "MCP Proxy SSE Transport (e2e)"
          ],
          "duration": null,
          "failing": false,
          "failureDetails": [],
          "failureMessages": [],
          "fullName": "MCP Proxy SSE Transport (e2e) github client blocks specified tools via SSE",
          "invocations": 1,
          "location": null,
          "numPassingAsserts": 0,
          "retryReasons": [],
          "startAt": 1773263197225,
          "status": "pending",
          "title": "github client blocks specified tools via SSE"
        },
        {
          "ancestorTitles": [
            "MCP Proxy SSE Transport (e2e)"
          ],
          "duration": null,
          "failing": false,
          "failureDetails": [],
          "failureMessages": [],
          "fullName": "MCP Proxy SSE Transport (e2e) github-allow client only exposes allow-listed tools via SSE",
          "invocations": 1,
          "location": null,
          "numPassingAsserts": 0,
          "retryReasons": [],
          "startAt": 1773263197225,
          "status": "pending",
          "title": "github-allow client only exposes allow-listed tools via SSE"
        },
        {
          "ancestorTitles": [
            "MCP Proxy SSE Transport (e2e)"
          ],
          "duration": null,
          "failing": false,
          "failureDetails": [],
          "failureMessages": [],
          "fullName": "MCP Proxy SSE Transport (e2e) unknown client returns 404 on SSE endpoint",
          "invocations": 1,
          "location": null,
          "numPassingAsserts": 0,
          "retryReasons": [],
          "startAt": 1773263197225,
          "status": "pending",
          "title": "unknown client returns 404 on SSE endpoint"
        },
        {
          "ancestorTitles": [
            "MCP Proxy SSE Transport (e2e)"
          ],
          "duration": null,
          "failing": false,
          "failureDetails": [],
          "failureMessages": [],
          "fullName": "MCP Proxy SSE Transport (e2e) SSE transport handles authentication correctly",
          "invocations": 1,
          "location": null,
          "numPassingAsserts": 0,
          "retryReasons": [],
          "startAt": 1773263197225,
          "status": "pending",
          "title": "SSE transport handles authentication correctly"
        },
        {
          "ancestorTitles": [
            "MCP Proxy SSE Transport (e2e)"
          ],
          "duration": null,
          "failing": false,
          "failureDetails": [],
          "failureMessages": [],
          "fullName": "MCP Proxy SSE Transport (e2e) reconnects cleanly and can list tools again",
          "invocations": 1,
          "location": null,
          "numPassingAsserts": 0,
          "retryReasons": [],
          "startAt": 1773263197225,
          "status": "pending",
          "title": "reconnects cleanly and can list tools again"
        },
        {
          "ancestorTitles": [
            "MCP Proxy SSE Transport (e2e)"
          ],
          "duration": null,
          "failing": false,
          "failureDetails": [],
          "failureMessages": [],
          "fullName": "MCP Proxy SSE Transport (e2e) supports two concurrent SSE clients without interference",
          "invocations": 1,
          "location": null,
          "numPassingAsserts": 0,
          "retryReasons": [],
          "startAt": 1773263197225,
          "status": "pending",
          "title": "supports two concurrent SSE clients without interference"
        }
      ],
      "displayName": {
        "color": "white",
        "name": "e2e"
      },
      "failureMessage": null
    },
    {
      "leaks": false,
      "numFailingTests": 0,
      "numPassingTests": 0,
      "numPendingTests": 1,
      "numTodoTests": 0,
      "openHandles": [],
      "perfStats": {
        "end": 1773263197504,
        "loadTestEnvironmentEnd": 1773263197290,
        "loadTestEnvironmentStart": 1773263197285,
        "runtime": 213,
        "setupAfterEnvEnd": 1773263197313,
        "setupAfterEnvStart": 1773263197313,
        "setupFilesEnd": 1773263197291,
        "setupFilesStart": 1773263197291,
        "slow": false,
        "start": 1773263197291
      },
      "skipped": true,
      "snapshot": {
        "added": 0,
        "fileDeleted": false,
        "matched": 0,
        "unchecked": 0,
        "uncheckedKeys": [],
        "unmatched": 0,
        "updated": 0
      },
      "testFilePath": "/home/runner/work/gs-mcp-proxy-pii-redactor/gs-mcp-proxy-pii-redactor/e2e/mcp.search-repositories.sse.e2e-spec.ts",
      "testResults": [
        {
          "ancestorTitles": [
            "MCP Proxy search_repositories via SSE (e2e)"
          ],
          "duration": null,
          "failing": false,
          "failureDetails": [],
          "failureMessages": [],
          "fullName": "MCP Proxy search_repositories via SSE (e2e) exposes search_repositories on github-allow via SSE and executes it",
          "invocations": 1,
          "location": null,
          "numPassingAsserts": 0,
          "retryReasons": [],
          "startAt": 1773263197503,
          "status": "pending",
          "title": "exposes search_repositories on github-allow via SSE and executes it"
        }
      ],
      "displayName": {
        "color": "white",
        "name": "e2e"
      },
      "failureMessage": null
    },
    {
      "leaks": false,
      "numFailingTests": 0,
      "numPassingTests": 0,
      "numPendingTests": 1,
      "numTodoTests": 0,
      "openHandles": [],
      "perfStats": {
        "end": 1773263197764,
        "loadTestEnvironmentEnd": 1773263197571,
        "loadTestEnvironmentStart": 1773263197567,
        "runtime": 193,
        "setupAfterEnvEnd": 1773263197589,
        "setupAfterEnvStart": 1773263197589,
        "setupFilesEnd": 1773263197571,
        "setupFilesStart": 1773263197571,
        "slow": false,
        "start": 1773263197571
      },
      "skipped": true,
      "snapshot": {
        "added": 0,
        "fileDeleted": false,
        "matched": 0,
        "unchecked": 0,
        "uncheckedKeys": [],
        "unmatched": 0,
        "updated": 0
      },
      "testFilePath": "/home/runner/work/gs-mcp-proxy-pii-redactor/gs-mcp-proxy-pii-redactor/e2e/mcp.search-repositories.e2e-spec.ts",
      "testResults": [
        {
          "ancestorTitles": [
            "MCP Proxy search_repositories (e2e)"
          ],
          "duration": null,
          "failing": false,
          "failureDetails": [],
          "failureMessages": [],
          "fullName": "MCP Proxy search_repositories (e2e) exposes search_repositories on github-allow and executes it",
          "invocations": 1,
          "location": null,
          "numPassingAsserts": 0,
          "retryReasons": [],
          "startAt": 1773263197763,
          "status": "pending",
          "title": "exposes search_repositories on github-allow and executes it"
        }
      ],
      "displayName": {
        "color": "white",
        "name": "e2e"
      },
      "failureMessage": null
    },
    {
      "leaks": false,
      "numFailingTests": 0,
      "numPassingTests": 0,
      "numPendingTests": 5,
      "numTodoTests": 0,
      "openHandles": [],
      "perfStats": {
        "end": 1773263198022,
        "loadTestEnvironmentEnd": 1773263197824,
        "loadTestEnvironmentStart": 1773263197821,
        "runtime": 198,
        "setupAfterEnvEnd": 1773263197844,
        "setupAfterEnvStart": 1773263197844,
        "setupFilesEnd": 1773263197824,
        "setupFilesStart": 1773263197824,
        "slow": false,
        "start": 1773263197824
      },
      "skipped": true,
      "snapshot": {
        "added": 0,
        "fileDeleted": false,
        "matched": 0,
        "unchecked": 0,
        "uncheckedKeys": [],
        "unmatched": 0,
        "updated": 0
      },
      "testFilePath": "/home/runner/work/gs-mcp-proxy-pii-redactor/gs-mcp-proxy-pii-redactor/e2e/mcp.e2e-spec.ts",
      "testResults": [
        {
          "ancestorTitles": [
            "MCP Proxy (e2e)"
          ],
          "duration": null,
          "failing": false,
          "failureDetails": [],
          "failureMessages": [],
          "fullName": "MCP Proxy (e2e) health check returns ok",
          "invocations": 1,
          "location": null,
          "numPassingAsserts": 0,
          "retryReasons": [],
          "startAt": 1773263198021,
          "status": "pending",
          "title": "health check returns ok"
        },
        {
          "ancestorTitles": [
            "MCP Proxy (e2e)"
          ],
          "duration": null,
          "failing": false,
          "failureDetails": [],
          "failureMessages": [],
          "fullName": "MCP Proxy (e2e) github client blocks specified tools",
          "invocations": 1,
          "location": null,
          "numPassingAsserts": 0,
          "retryReasons": [],
          "startAt": 1773263198021,
          "status": "pending",
          "title": "github client blocks specified tools"
        },
        {
          "ancestorTitles": [
            "MCP Proxy (e2e)"
          ],
          "duration": null,
          "failing": false,
          "failureDetails": [],
          "failureMessages": [],
          "fullName": "MCP Proxy (e2e) github-allow client only exposes allow-listed tools",
          "invocations": 1,
          "location": null,
          "numPassingAsserts": 0,
          "retryReasons": [],
          "startAt": 1773263198021,
          "status": "pending",
          "title": "github-allow client only exposes allow-listed tools"
        },
        {
          "ancestorTitles": [
            "MCP Proxy (e2e)"
          ],
          "duration": null,
          "failing": false,
          "failureDetails": [],
          "failureMessages": [],
          "fullName": "MCP Proxy (e2e) unknown client returns 404",
          "invocations": 1,
          "location": null,
          "numPassingAsserts": 0,
          "retryReasons": [],
          "startAt": 1773263198021,
          "status": "pending",
          "title": "unknown client returns 404"
        },
        {
          "ancestorTitles": [
            "MCP Proxy (e2e)"
          ],
          "duration": null,
          "failing": false,
          "failureDetails": [],
          "failureMessages": [],
          "fullName": "MCP Proxy (e2e) reuses streamable-http session across sequential calls",
          "invocations": 1,
          "location": null,
          "numPassingAsserts": 0,
          "retryReasons": [],
          "startAt": 1773263198022,
          "status": "pending",
          "title": "reuses streamable-http session across sequential calls"
        }
      ],
      "displayName": {
        "color": "white",
        "name": "e2e"
      },
      "failureMessage": null
    },
    {
      "leaks": false,
      "numFailingTests": 0,
      "numPassingTests": 6,
      "numPendingTests": 0,
      "numTodoTests": 0,
      "openHandles": [],
      "perfStats": {
        "end": 1773263198225,
        "loadTestEnvironmentEnd": 1773263198082,
        "loadTestEnvironmentStart": 1773263198079,
        "runtime": 143,
        "setupAfterEnvEnd": 1773263198103,
        "setupAfterEnvStart": 1773263198103,
        "setupFilesEnd": 1773263198082,
        "setupFilesStart": 1773263198082,
        "slow": false,
        "start": 1773263198082
      },
      "skipped": false,
      "snapshot": {
        "added": 0,
        "fileDeleted": false,
        "matched": 3,
        "unchecked": 0,
        "uncheckedKeys": [],
        "unmatched": 0,
        "updated": 0
      },
      "testFilePath": "/home/runner/work/gs-mcp-proxy-pii-redactor/gs-mcp-proxy-pii-redactor/e2e/redaction.e2e-spec.ts",
      "testResults": [
        {
          "ancestorTitles": [
            "PII Redaction (e2e-like service tests)"
          ],
          "duration": 2,
          "failing": false,
          "failureDetails": [],
          "failureMessages": [],
          "fullName": "PII Redaction (e2e-like service tests) uses Aho–Corasick automaton when available",
          "invocations": 1,
          "location": null,
          "numPassingAsserts": 2,
          "retryReasons": [],
          "startAt": 1773263198209,
          "status": "passed",
          "title": "uses Aho–Corasick automaton when available"
        },
        {
          "ancestorTitles": [
            "PII Redaction (e2e-like service tests)"
          ],
          "duration": 4,
          "failing": false,
          "failureDetails": [],
          "failureMessages": [],
          "fullName": "PII Redaction (e2e-like service tests) redacts emails and phone numbers generically in plain strings",
          "invocations": 1,
          "location": null,
          "numPassingAsserts": 1,
          "retryReasons": [],
          "startAt": 1773263198212,
          "status": "passed",
          "title": "redacts emails and phone numbers generically in plain strings"
        },
        {
          "ancestorTitles": [
            "PII Redaction (e2e-like service tests)"
          ],
          "duration": 3,
          "failing": false,
          "failureDetails": [],
          "failureMessages": [],
          "fullName": "PII Redaction (e2e-like service tests) redacts by configured keys (and recursively traversed strings) using keys [description, text, href]",
          "invocations": 1,
          "location": null,
          "numPassingAsserts": 1,
          "retryReasons": [],
          "startAt": 1773263198217,
          "status": "passed",
          "title": "redacts by configured keys (and recursively traversed strings) using keys [description, text, href]"
        },
        {
          "ancestorTitles": [
            "PII Redaction (e2e-like service tests)"
          ],
          "duration": 2,
          "failing": false,
          "failureDetails": [],
          "failureMessages": [],
          "fullName": "PII Redaction (e2e-like service tests) when no keys are configured, redacts all strings",
          "invocations": 1,
          "location": null,
          "numPassingAsserts": 1,
          "retryReasons": [],
          "startAt": 1773263198220,
          "status": "passed",
          "title": "when no keys are configured, redacts all strings"
        },
        {
          "ancestorTitles": [
            "PII Redaction (e2e-like service tests)"
          ],
          "duration": 1,
          "failing": false,
          "failureDetails": [],
          "failureMessages": [],
          "fullName": "PII Redaction (e2e-like service tests) returns original data when redaction disabled",
          "invocations": 1,
          "location": null,
          "numPassingAsserts": 1,
          "retryReasons": [],
          "startAt": 1773263198222,
          "status": "passed",
          "title": "returns original data when redaction disabled"
        },
        {
          "ancestorTitles": [
            "PII Redaction (e2e-like service tests)"
          ],
          "duration": 1,
          "failing": false,
          "failureDetails": [],
          "failureMessages": [],
          "fullName": "PII Redaction (e2e-like service tests) returns original data when matcher not initialized",
          "invocations": 1,
          "location": null,
          "numPassingAsserts": 1,
          "retryReasons": [],
          "startAt": 1773263198223,
          "status": "passed",
          "title": "returns original data when matcher not initialized"
        }
      ],
      "displayName": {
        "color": "white",
        "name": "e2e"
      },
      "failureMessage": null
    },
    {
      "leaks": false,
      "numFailingTests": 0,
      "numPassingTests": 0,
      "numPendingTests": 1,
      "numTodoTests": 0,
      "openHandles": [],
      "perfStats": {
        "end": 1773263198316,
        "loadTestEnvironmentEnd": 1773263198259,
        "loadTestEnvironmentStart": 1773263198254,
        "runtime": 57,
        "setupAfterEnvEnd": 1773263198278,
        "setupAfterEnvStart": 1773263198278,
        "setupFilesEnd": 1773263198259,
        "setupFilesStart": 1773263198259,
        "slow": false,
        "start": 1773263198259
      },
      "skipped": true,
      "snapshot": {
        "added": 0,
        "fileDeleted": false,
        "matched": 0,
        "unchecked": 0,
        "uncheckedKeys": [],
        "unmatched": 0,
        "updated": 0
      },
      "testFilePath": "/home/runner/work/gs-mcp-proxy-pii-redactor/gs-mcp-proxy-pii-redactor/e2e/mcp.stdio.e2e-spec.ts",
      "testResults": [
        {
          "ancestorTitles": [
            "MCP Proxy Stdio Mode (e2e)"
          ],
          "duration": null,
          "failing": false,
          "failureDetails": [],
          "failureMessages": [],
          "fullName": "MCP Proxy Stdio Mode (e2e) should expose only allow-listed tools via stdio",
          "invocations": 1,
          "location": null,
          "numPassingAsserts": 0,
          "retryReasons": [],
          "startAt": 1773263198316,
          "status": "pending",
          "title": "should expose only allow-listed tools via stdio"
        }
      ],
      "displayName": {
        "color": "white",
        "name": "e2e"
      },
      "failureMessage": null
    }
  ],
  "wasInterrupted": false
}