TN:
SF:src/app.controller.ts
FN:21,(anonymous_4)
FN:27,(anonymous_5)
FN:32,(anonymous_6)
FN:78,(anonymous_7)
FN:127,(anonymous_8)
FNF:5
FNH:5
FNDA:4,(anonymous_4)
FNDA:2,(anonymous_5)
FNDA:12,(anonymous_6)
FNDA:34,(anonymous_7)
FNDA:19,(anonymous_8)
DA:3,4
DA:14,4
DA:15,4
DA:18,4
DA:19,4
DA:22,4
DA:23,4
DA:27,4
DA:28,2
DA:32,4
DA:37,12
DA:38,12
DA:40,12
DA:41,1
DA:45,11
DA:49,0
DA:50,0
DA:51,0
DA:54,0
DA:55,0
DA:56,0
DA:60,11
DA:61,11
DA:63,0
DA:71,0
DA:72,0
DA:78,4
DA:83,34
DA:84,34
DA:86,34
DA:87,0
DA:88,0
DA:92,34
DA:96,0
DA:97,0
DA:98,0
DA:99,0
DA:102,0
DA:103,0
DA:104,0
DA:105,0
DA:109,34
DA:110,34
DA:112,0
DA:120,0
DA:121,0
DA:127,4
DA:132,19
DA:133,19
DA:135,19
DA:136,1
DA:140,18
DA:144,0
DA:145,0
DA:146,0
DA:149,0
DA:150,0
DA:151,0
DA:156,18
DA:157,18
DA:159,18
DA:160,4
DA:163,14
DA:164,14
DA:166,0
DA:169,0
DA:170,0
DA:176,0
DA:184,0
DA:185,0
LF:70
LH:36
BRDA:40,0,0,1
BRDA:40,0,1,11
BRDA:45,1,0,0
BRDA:45,1,1,11
BRDA:46,2,0,11
BRDA:46,2,1,0
BRDA:50,3,0,0
BRDA:50,3,1,0
BRDA:55,4,0,0
BRDA:55,4,1,0
BRDA:71,5,0,0
BRDA:71,5,1,0
BRDA:86,6,0,0
BRDA:86,6,1,34
BRDA:92,7,0,0
BRDA:92,7,1,34
BRDA:93,8,0,34
BRDA:93,8,1,0
BRDA:97,9,0,0
BRDA:97,9,1,0
BRDA:103,10,0,0
BRDA:103,10,1,0
BRDA:120,11,0,0
BRDA:120,11,1,0
BRDA:135,12,0,1
BRDA:135,12,1,18
BRDA:140,13,0,0
BRDA:140,13,1,18
BRDA:141,14,0,18
BRDA:141,14,1,0
BRDA:145,15,0,0
BRDA:145,15,1,0
BRDA:150,16,0,0
BRDA:150,16,1,0
BRDA:156,17,0,18
BRDA:156,17,1,0
BRDA:157,18,0,18
BRDA:157,18,1,0
BRDA:159,19,0,4
BRDA:159,19,1,14
BRDA:163,20,0,14
BRDA:163,20,1,0
BRDA:184,21,0,0
BRDA:184,21,1,0
BRF:44
BRH:16
end_of_record
TN:
SF:src/config/config.service.ts
FN:12,(anonymous_11)
FN:17,(anonymous_12)
FN:85,(anonymous_13)
FN:92,(anonymous_14)
FN:106,(anonymous_15)
FN:110,(anonymous_16)
FN:127,(anonymous_17)
FN:132,(anonymous_18)
FN:150,(anonymous_19)
FNF:9
FNH:7
FNDA:4,(anonymous_11)
FNDA:4,(anonymous_12)
FNDA:69,(anonymous_13)
FNDA:0,(anonymous_14)
FNDA:0,(anonymous_15)
FNDA:6,(anonymous_16)
FNDA:6,(anonymous_17)
FNDA:4,(anonymous_18)
FNDA:6,(anonymous_19)
DA:1,4
DA:2,4
DA:3,4
DA:5,4
DA:7,4
DA:12,4
DA:13,4
DA:14,4
DA:15,4
DA:21,4
DA:22,0
DA:23,0
DA:26,0
DA:27,0
DA:30,4
DA:33,4
DA:34,4
DA:35,4
DA:42,4
DA:43,0
DA:46,4
DA:47,0
DA:51,4
DA:52,4
DA:55,6
DA:56,6
DA:62,4
DA:63,4
DA:64,6
DA:65,0
DA:67,6
DA:72,4
DA:73,0
DA:76,4
DA:82,4
DA:86,69
DA:87,0
DA:89,69
DA:93,0
DA:94,0
DA:95,0
DA:100,0
DA:102,0
DA:107,0
DA:111,6
DA:113,6
DA:116,0
DA:117,0
DA:120,0
DA:123,0
DA:124,0
DA:128,6
DA:130,6
DA:131,6
DA:132,4
DA:133,4
DA:134,4
DA:135,0
DA:143,4
DA:145,4
DA:151,6
DA:152,0
DA:154,6
DA:158,6
DA:160,6
DA:161,6
LF:66
LH:44
BRDA:17,0,0,0
BRDA:21,1,0,0
BRDA:21,1,1,4
BRDA:21,2,0,4
BRDA:21,2,1,4
BRDA:23,3,0,0
BRDA:23,3,1,0
BRDA:30,4,0,4
BRDA:30,4,1,0
BRDA:42,5,0,0
BRDA:42,5,1,4
BRDA:46,6,0,0
BRDA:46,6,1,4
BRDA:51,7,0,4
BRDA:51,7,1,0
BRDA:55,8,0,6
BRDA:55,8,1,0
BRDA:62,9,0,4
BRDA:62,9,1,0
BRDA:64,10,0,0
BRDA:64,10,1,6
BRDA:72,11,0,0
BRDA:72,11,1,4
BRDA:78,12,0,4
BRDA:78,12,1,0
BRDA:79,13,0,4
BRDA:79,13,1,0
BRDA:86,14,0,0
BRDA:86,14,1,69
BRDA:94,15,0,0
BRDA:94,15,1,0
BRDA:94,16,0,0
BRDA:94,16,1,0
BRDA:111,17,0,6
BRDA:111,17,1,0
BRDA:117,18,0,0
BRDA:117,18,1,0
BRDA:117,19,0,0
BRDA:117,19,1,0
BRDA:131,20,0,4
BRDA:131,20,1,2
BRDA:134,21,0,0
BRDA:134,21,1,4
BRDA:151,22,0,0
BRDA:151,22,1,6
BRDA:151,23,0,6
BRDA:151,23,1,6
BRDA:154,24,0,6
BRDA:154,24,1,0
BRDA:155,25,0,6
BRDA:155,25,1,6
BRDA:160,26,0,6
BRDA:160,26,1,0
BRDA:160,27,0,6
BRDA:160,27,1,6
BRF:55
BRH:27
end_of_record
TN:
SF:src/mcp/mcp-client-wrapper.ts
FN:38,(anonymous_9)
FN:49,(anonymous_10)
FN:113,(anonymous_11)
FN:123,(anonymous_12)
FN:149,(anonymous_13)
FN:167,(anonymous_14)
FN:208,(anonymous_15)
FN:212,(anonymous_16)
FN:223,(anonymous_17)
FN:246,(anonymous_18)
FN:256,(anonymous_19)
FN:288,(anonymous_20)
FN:322,(anonymous_21)
FN:366,(anonymous_22)
FN:371,(anonymous_23)
FN:372,(anonymous_24)
FN:394,(anonymous_25)
FN:438,(anonymous_26)
FN:480,(anonymous_27)
FN:526,(anonymous_28)
FN:539,(anonymous_29)
FN:558,(anonymous_30)
FN:563,(anonymous_31)
FN:566,(anonymous_32)
FN:579,(anonymous_33)
FN:584,(anonymous_34)
FN:587,(anonymous_35)
FN:600,(anonymous_36)
FN:605,(anonymous_37)
FN:615,(anonymous_38)
FNF:30
FNH:16
FNDA:6,(anonymous_9)
FNDA:6,(anonymous_10)
FNDA:0,(anonymous_11)
FNDA:0,(anonymous_12)
FNDA:0,(anonymous_13)
FNDA:6,(anonymous_14)
FNDA:6,(anonymous_15)
FNDA:0,(anonymous_16)
FNDA:13,(anonymous_17)
FNDA:240,(anonymous_18)
FNDA:0,(anonymous_19)
FNDA:0,(anonymous_20)
FNDA:2,(anonymous_21)
FNDA:6,(anonymous_22)
FNDA:6,(anonymous_23)
FNDA:0,(anonymous_24)
FNDA:0,(anonymous_25)
FNDA:0,(anonymous_26)
FNDA:240,(anonymous_27)
FNDA:6,(anonymous_28)
FNDA:6,(anonymous_29)
FNDA:11,(anonymous_30)
FNDA:2,(anonymous_31)
FNDA:4,(anonymous_32)
FNDA:0,(anonymous_33)
FNDA:0,(anonymous_34)
FNDA:0,(anonymous_35)
FNDA:0,(anonymous_36)
FNDA:0,(anonymous_37)
FNDA:6,(anonymous_38)
DA:1,4
DA:2,4
DA:3,4
DA:4,4
DA:5,4
DA:7,4
DA:15,4
DA:18,4
DA:19,6
DA:20,6
DA:21,6
DA:28,6
DA:29,6
DA:30,6
DA:31,6
DA:32,6
DA:33,6
DA:34,6
DA:35,6
DA:41,6
DA:44,6
DA:45,6
DA:46,6
DA:51,6
DA:53,6
DA:58,6
DA:59,0
DA:60,0
DA:61,0
DA:62,0
DA:66,0
DA:69,0
DA:75,6
DA:77,0
DA:78,0
DA:80,0
DA:81,0
DA:83,6
DA:84,6
DA:86,0
DA:90,6
DA:105,6
DA:106,6
DA:108,6
DA:109,6
DA:114,0
DA:115,0
DA:117,0
DA:118,0
DA:120,0
DA:124,0
DA:125,0
DA:128,0
DA:131,0
DA:132,0
DA:134,0
DA:135,0
DA:138,0
DA:144,0
DA:145,0
DA:146,0
DA:150,0
DA:151,0
DA:154,0
DA:160,0
DA:162,0
DA:163,0
DA:164,0
DA:168,6
DA:169,0
DA:172,6
DA:174,6
DA:179,6
DA:180,6
DA:182,6
DA:183,6
DA:185,6
DA:196,6
DA:201,6
DA:203,6
DA:204,6
DA:205,6
DA:210,6
DA:212,6
DA:213,0
DA:214,0
DA:215,0
DA:218,0
DA:224,13
DA:225,0
DA:229,13
DA:230,0
DA:233,0
DA:236,13
DA:237,7
DA:240,6
DA:241,6
DA:242,6
DA:245,6
DA:246,240
DA:249,6
DA:253,6
DA:257,0
DA:258,0
DA:262,0
DA:263,0
DA:266,0
DA:269,0
DA:270,0
DA:271,0
DA:273,0
DA:274,0
DA:275,0
DA:276,0
DA:277,0
DA:280,0
DA:281,0
DA:282,0
DA:284,0
DA:289,0
DA:290,0
DA:294,0
DA:295,0
DA:298,0
DA:301,0
DA:302,0
DA:303,0
DA:305,0
DA:306,0
DA:307,0
DA:308,0
DA:309,0
DA:312,0
DA:313,0
DA:316,0
DA:318,0
DA:327,2
DA:328,0
DA:331,2
DA:337,2
DA:338,0
DA:339,0
DA:340,0
DA:344,0
DA:345,0
DA:350,0
DA:351,0
DA:359,0
DA:363,2
DA:367,6
DA:368,6
DA:369,6
DA:372,6
DA:373,0
DA:382,0
DA:386,6
DA:388,6
DA:389,6
DA:399,0
DA:400,0
DA:403,0
DA:409,0
DA:410,0
DA:411,0
DA:412,0
DA:416,0
DA:417,0
DA:422,0
DA:423,0
DA:431,0
DA:435,0
DA:442,0
DA:443,0
DA:446,0
DA:451,0
DA:452,0
DA:453,0
DA:454,0
DA:458,0
DA:459,0
DA:464,0
DA:465,0
DA:473,0
DA:477,0
DA:481,240
DA:482,240
DA:483,0
DA:486,240
DA:487,240
DA:489,240
DA:491,160
DA:492,152
DA:501,152
DA:503,8
DA:505,80
DA:506,4
DA:515,4
DA:517,76
DA:519,0
DA:522,0
DA:527,6
DA:528,0
DA:539,12
DA:543,6
DA:558,6
DA:559,11
DA:560,11
DA:563,6
DA:564,2
DA:565,2
DA:566,4
DA:567,2
DA:568,0
DA:570,2
DA:571,2
DA:579,6
DA:580,0
DA:581,0
DA:584,6
DA:585,0
DA:586,0
DA:587,0
DA:588,0
DA:589,0
DA:591,0
DA:592,0
DA:600,6
DA:601,0
DA:602,0
DA:605,6
DA:606,0
DA:612,6
DA:616,6
DA:617,6
DA:618,6
DA:622,6
DA:623,6
DA:624,6
DA:626,6
DA:629,6
DA:630,6
DA:631,6
LF:242
LH:112
BRDA:42,0,0,0
BRDA:51,1,0,6
BRDA:51,1,1,0
BRDA:58,2,0,0
BRDA:58,2,1,6
BRDA:61,3,0,0
BRDA:61,3,1,0
BRDA:75,4,0,0
BRDA:75,4,1,0
BRDA:75,4,2,6
BRDA:75,4,3,0
BRDA:108,5,0,6
BRDA:108,5,1,0
BRDA:114,6,0,0
BRDA:114,6,1,0
BRDA:117,7,0,0
BRDA:117,7,1,0
BRDA:124,8,0,0
BRDA:124,8,1,0
BRDA:131,9,0,0
BRDA:131,9,1,0
BRDA:132,10,0,0
BRDA:132,10,1,0
BRDA:140,11,0,0
BRDA:140,11,1,0
BRDA:150,12,0,0
BRDA:150,12,1,0
BRDA:168,13,0,0
BRDA:168,13,1,6
BRDA:179,14,0,6
BRDA:179,14,1,0
BRDA:183,15,0,6
BRDA:183,15,1,0
BRDA:196,16,0,0
BRDA:196,16,1,6
BRDA:214,17,0,0
BRDA:214,17,1,0
BRDA:224,18,0,0
BRDA:224,18,1,13
BRDA:229,19,0,0
BRDA:229,19,1,13
BRDA:236,20,0,7
BRDA:236,20,1,6
BRDA:236,21,0,13
BRDA:236,21,1,7
BRDA:240,22,0,6
BRDA:240,22,1,6
BRDA:242,23,0,6
BRDA:242,23,1,0
BRDA:257,24,0,0
BRDA:257,24,1,0
BRDA:262,25,0,0
BRDA:262,25,1,0
BRDA:270,26,0,0
BRDA:270,26,1,0
BRDA:270,27,0,0
BRDA:270,27,1,0
BRDA:273,28,0,0
BRDA:273,28,1,0
BRDA:275,29,0,0
BRDA:275,29,1,0
BRDA:280,30,0,0
BRDA:280,30,1,0
BRDA:289,31,0,0
BRDA:289,31,1,0
BRDA:294,32,0,0
BRDA:294,32,1,0
BRDA:302,33,0,0
BRDA:302,33,1,0
BRDA:302,34,0,0
BRDA:302,34,1,0
BRDA:305,35,0,0
BRDA:305,35,1,0
BRDA:307,36,0,0
BRDA:307,36,1,0
BRDA:312,37,0,0
BRDA:312,37,1,0
BRDA:327,38,0,0
BRDA:327,38,1,2
BRDA:337,39,0,0
BRDA:337,39,1,2
BRDA:339,40,0,0
BRDA:339,40,1,0
BRDA:340,41,0,0
BRDA:340,41,1,0
BRDA:350,42,0,0
BRDA:350,42,1,0
BRDA:388,43,0,6
BRDA:388,43,1,0
BRDA:399,44,0,0
BRDA:399,44,1,0
BRDA:409,45,0,0
BRDA:409,45,1,0
BRDA:411,46,0,0
BRDA:411,46,1,0
BRDA:412,47,0,0
BRDA:412,47,1,0
BRDA:422,48,0,0
BRDA:422,48,1,0
BRDA:442,49,0,0
BRDA:442,49,1,0
BRDA:451,50,0,0
BRDA:451,50,1,0
BRDA:453,51,0,0
BRDA:453,51,1,0
BRDA:454,52,0,0
BRDA:454,52,1,0
BRDA:464,53,0,0
BRDA:464,53,1,0
BRDA:482,54,0,0
BRDA:482,54,1,240
BRDA:482,55,0,240
BRDA:482,55,1,240
BRDA:482,55,2,240
BRDA:487,56,0,240
BRDA:487,56,1,0
BRDA:489,57,0,160
BRDA:489,57,1,80
BRDA:489,57,2,0
BRDA:491,58,0,152
BRDA:491,58,1,8
BRDA:505,59,0,4
BRDA:505,59,1,76
BRDA:526,60,0,6
BRDA:527,61,0,0
BRDA:527,61,1,6
BRDA:567,62,0,0
BRDA:567,62,1,2
BRDA:570,63,0,2
BRDA:570,63,1,0
BRDA:588,64,0,0
BRDA:588,64,1,0
BRDA:591,65,0,0
BRDA:591,65,1,0
BRDA:616,66,0,6
BRDA:616,66,1,0
BRDA:622,67,0,6
BRDA:622,67,1,0
BRDA:629,68,0,6
BRDA:629,68,1,0
BRF:140
BRH:38
end_of_record
TN:
SF:src/mcp/mcp-server.service.ts
FN:28,(anonymous_2)
FN:33,(anonymous_3)
FN:43,(anonymous_4)
FN:45,(anonymous_5)
FN:92,(anonymous_6)
FN:123,(anonymous_7)
FN:127,(anonymous_8)
FN:131,(anonymous_9)
FN:161,(anonymous_10)
FN:170,(anonymous_11)
FN:196,(anonymous_12)
FN:198,(anonymous_13)
FN:201,(anonymous_14)
FN:225,(anonymous_15)
FNF:14
FNH:11
FNDA:4,(anonymous_2)
FNDA:4,(anonymous_3)
FNDA:2,(anonymous_4)
FNDA:0,(anonymous_5)
FNDA:4,(anonymous_6)
FNDA:64,(anonymous_7)
FNDA:0,(anonymous_8)
FNDA:11,(anonymous_9)
FNDA:27,(anonymous_10)
FNDA:14,(anonymous_11)
FNDA:4,(anonymous_12)
FNDA:4,(anonymous_13)
FNDA:0,(anonymous_14)
FNDA:34,(anonymous_15)
DA:1,4
DA:5,4
DA:6,4
DA:8,4
DA:10,4
DA:11,4
DA:12,4
DA:24,4
DA:25,4
DA:26,4
DA:29,4
DA:30,4
DA:34,4
DA:37,4
DA:38,4
DA:39,4
DA:40,4
DA:41,4
DA:42,4
DA:44,2
DA:45,0
DA:48,2
DA:53,4
DA:54,6
DA:55,6
DA:57,6
DA:58,6
DA:64,6
DA:66,6
DA:68,6
DA:76,6
DA:78,0
DA:85,0
DA:86,0
DA:93,4
DA:94,6
DA:95,6
DA:97,6
DA:98,9
DA:100,6
DA:102,6
DA:103,6
DA:104,30
DA:105,30
DA:106,6
DA:107,6
DA:112,0
DA:120,4
DA:124,64
DA:128,0
DA:136,11
DA:137,11
DA:138,0
DA:139,0
DA:144,11
DA:145,11
DA:148,11
DA:149,11
DA:150,11
DA:152,11
DA:154,11
DA:157,11
DA:158,11
DA:161,11
DA:162,27
DA:163,27
DA:165,11
DA:166,11
DA:167,11
DA:175,14
DA:176,14
DA:177,0
DA:178,0
DA:183,14
DA:186,14
DA:188,14
DA:189,14
DA:190,10
DA:191,10
DA:195,4
DA:196,4
DA:199,4
DA:202,0
DA:207,4
DA:210,4
DA:211,4
DA:213,0
DA:219,0
DA:220,0
DA:230,34
DA:231,34
DA:232,0
DA:233,0
DA:237,34
DA:239,34
DA:248,34
DA:249,30
DA:250,30
DA:251,20
DA:262,20
DA:264,20
DA:265,20
DA:266,20
DA:267,20
DA:268,20
DA:269,0
DA:270,0
DA:272,0
DA:274,20
DA:276,10
DA:285,4
DA:290,14
DA:291,14
LF:113
LH:94
BRDA:37,0,0,4
BRDA:37,0,1,0
BRDA:40,1,0,0
BRDA:40,1,1,4
BRDA:42,2,0,2
BRDA:42,2,1,2
BRDA:44,3,0,0
BRDA:44,3,1,2
BRDA:73,4,0,6
BRDA:73,4,1,0
BRDA:85,5,0,0
BRDA:85,5,1,0
BRDA:105,6,0,6
BRDA:105,6,1,24
BRDA:137,7,0,0
BRDA:137,7,1,11
BRDA:144,8,0,11
BRDA:144,8,1,0
BRDA:145,9,0,11
BRDA:145,9,1,0
BRDA:148,10,0,11
BRDA:148,10,1,0
BRDA:176,11,0,0
BRDA:176,11,1,14
BRDA:183,12,0,14
BRDA:183,12,1,4
BRDA:183,12,2,4
BRDA:186,13,0,10
BRDA:186,13,1,4
BRDA:189,14,0,10
BRDA:189,14,1,4
BRDA:189,15,0,14
BRDA:189,15,1,10
BRDA:219,16,0,0
BRDA:219,16,1,0
BRDA:231,17,0,0
BRDA:231,17,1,34
BRDA:237,18,0,34
BRDA:237,18,1,24
BRDA:248,19,0,30
BRDA:248,19,1,4
BRDA:250,20,0,20
BRDA:250,20,1,10
BRDA:250,21,0,30
BRDA:250,21,1,30
BRDA:262,22,0,20
BRDA:262,22,1,0
BRDA:264,23,0,20
BRDA:264,23,1,20
BRDA:265,24,0,20
BRDA:265,24,1,20
BRDA:267,25,0,20
BRDA:267,25,1,0
BRDA:267,26,0,20
BRDA:267,26,1,20
BRDA:269,27,0,0
BRDA:269,27,1,0
BRF:57
BRH:39
end_of_record
TN:
SF:src/redaction/audit-logger.ts
FN:14,(anonymous_9)
FN:28,(anonymous_10)
FN:58,(anonymous_11)
FN:69,(anonymous_12)
FN:79,(anonymous_13)
FNF:5
FNH:0
FNDA:0,(anonymous_9)
FNDA:0,(anonymous_10)
FNDA:0,(anonymous_11)
FNDA:0,(anonymous_12)
FNDA:0,(anonymous_13)
DA:1,4
DA:2,4
DA:4,4
DA:6,4
DA:10,4
DA:11,0
DA:16,0
DA:17,0
DA:20,0
DA:21,0
DA:23,0
DA:24,0
DA:34,0
DA:35,0
DA:38,0
DA:39,0
DA:42,0
DA:46,0
DA:49,0
DA:53,0
DA:55,0
DA:59,0
DA:60,0
DA:61,0
DA:63,0
DA:65,0
DA:70,0
DA:71,0
DA:72,0
DA:74,0
DA:78,0
DA:79,0
DA:82,0
DA:83,0
DA:84,0
DA:85,0
DA:87,0
DA:90,0
LF:38
LH:5
BRDA:34,0,0,0
BRDA:34,0,1,0
BRDA:34,1,0,0
BRDA:34,1,1,0
BRDA:70,2,0,0
BRDA:70,2,1,0
BRDA:78,3,0,0
BRDA:78,3,1,0
BRDA:82,4,0,0
BRDA:82,4,1,0
BRDA:82,5,0,0
BRDA:82,5,1,0
BRF:12
BRH:0
end_of_record
TN:
SF:src/redaction/matcher.ts
FN:16,(anonymous_0)
FN:38,(anonymous_1)
FN:46,(anonymous_2)
FN:50,(anonymous_3)
FN:57,(anonymous_4)
FN:84,(anonymous_5)
FN:131,(anonymous_6)
FN:143,(anonymous_7)
FNF:8
FNH:8
FNDA:2,(anonymous_0)
FNDA:2,(anonymous_1)
FNDA:1,(anonymous_2)
FNDA:14,(anonymous_3)
FNDA:1,(anonymous_4)
FNDA:14,(anonymous_5)
FNDA:9,(anonymous_6)
FNDA:12,(anonymous_7)
DA:12,5
DA:18,2
DA:19,2
DA:20,5
DA:21,5
DA:22,5
DA:25,2
DA:28,2
DA:29,2
DA:31,2
DA:33,0
DA:35,2
DA:39,2
DA:40,0
DA:42,2
DA:47,1
DA:51,14
DA:52,14
DA:53,6
DA:57,8
DA:58,8
DA:59,8
DA:60,9
DA:61,9
DA:62,9
DA:63,0
DA:64,0
DA:69,8
DA:70,8
DA:71,8
DA:72,9
DA:73,6
DA:75,9
DA:76,9
DA:78,8
DA:79,5
DA:81,8
DA:85,14
DA:86,14
DA:88,14
DA:91,14
DA:92,14
DA:94,9
DA:95,9
DA:96,9
DA:97,0
DA:99,9
DA:100,9
DA:101,9
DA:103,9
DA:104,9
DA:105,9
DA:106,9
DA:107,9
DA:111,14
DA:115,0
DA:116,0
DA:117,0
DA:118,0
DA:119,0
DA:120,0
DA:121,0
DA:122,0
DA:123,0
DA:125,0
DA:128,0
DA:132,9
DA:133,6
DA:134,6
DA:136,9
DA:137,6
DA:138,6
DA:140,9
DA:144,12
LF:74
LH:58
BRDA:21,0,0,5
BRDA:21,0,1,0
BRDA:35,1,0,2
BRDA:35,1,1,0
BRDA:39,2,0,0
BRDA:39,2,1,2
BRDA:52,3,0,6
BRDA:52,3,1,8
BRDA:61,4,0,9
BRDA:61,4,1,0
BRDA:61,5,0,9
BRDA:61,5,1,1
BRDA:63,6,0,0
BRDA:63,6,1,0
BRDA:72,7,0,6
BRDA:72,7,1,3
BRDA:78,8,0,5
BRDA:78,8,1,3
BRDA:88,9,0,14
BRDA:88,9,1,0
BRDA:91,10,0,14
BRDA:91,10,1,0
BRDA:94,11,0,9
BRDA:94,11,1,0
BRDA:94,12,0,0
BRDA:94,12,1,0
BRDA:94,12,2,0
BRDA:95,13,0,9
BRDA:95,13,1,0
BRDA:95,14,0,9
BRDA:95,14,1,0
BRDA:95,15,0,0
BRDA:95,15,1,0
BRDA:95,15,2,0
BRDA:95,15,3,0
BRDA:96,16,0,0
BRDA:96,16,1,9
BRDA:96,17,0,9
BRDA:96,17,1,9
BRDA:96,17,2,9
BRDA:100,18,0,0
BRDA:100,18,1,9
BRDA:100,19,0,9
BRDA:100,19,1,9
BRDA:106,20,0,9
BRDA:106,20,1,0
BRDA:106,21,0,9
BRDA:106,21,1,9
BRDA:106,21,2,9
BRDA:119,22,0,0
BRDA:119,22,1,0
BRDA:122,23,0,0
BRDA:122,23,1,0
BRDA:132,24,0,6
BRDA:132,24,1,3
BRDA:134,25,0,0
BRDA:134,25,1,6
BRDA:136,26,0,6
BRDA:136,26,1,3
BRDA:138,27,0,0
BRDA:138,27,1,6
BRF:61
BRH:34
end_of_record
TN:
SF:src/redaction/redaction.service.ts
FN:10,(anonymous_1)
FN:16,(anonymous_2)
FN:51,(anonymous_3)
FN:58,(anonymous_4)
FN:70,(anonymous_5)
FN:76,(anonymous_6)
FN:88,(anonymous_7)
FN:91,(anonymous_8)
FN:97,(anonymous_9)
FN:121,(anonymous_10)
FN:130,(anonymous_11)
FN:130,(anonymous_12)
FN:148,(anonymous_13)
FN:161,(anonymous_14)
FN:162,(anonymous_15)
FN:176,(anonymous_16)
FNF:16
FNH:6
FNDA:6,(anonymous_1)
FNDA:0,(anonymous_2)
FNDA:0,(anonymous_3)
FNDA:4,(anonymous_4)
FNDA:7,(anonymous_5)
FNDA:0,(anonymous_6)
FNDA:1,(anonymous_7)
FNDA:10,(anonymous_8)
FNDA:3,(anonymous_9)
FNDA:0,(anonymous_10)
FNDA:0,(anonymous_11)
FNDA:0,(anonymous_12)
FNDA:0,(anonymous_13)
FNDA:0,(anonymous_14)
FNDA:0,(anonymous_15)
FNDA:0,(anonymous_16)
DA:1,5
DA:3,5
DA:6,5
DA:7,5
DA:10,5
DA:11,6
DA:12,6
DA:13,6
DA:14,6
DA:17,0
DA:18,0
DA:19,0
DA:21,0
DA:24,0
DA:26,0
DA:27,0
DA:29,0
DA:30,0
DA:31,0
DA:32,0
DA:35,0
DA:36,0
DA:39,0
DA:40,0
DA:43,0
DA:46,0
DA:47,0
DA:52,0
DA:53,0
DA:55,0
DA:59,4
DA:60,2
DA:63,2
DA:64,1
DA:67,1
DA:71,7
DA:72,5
DA:73,5
DA:75,2
DA:76,0
DA:78,2
DA:79,2
DA:80,2
DA:81,5
DA:83,2
DA:85,0
DA:89,1
DA:91,1
DA:92,10
DA:93,6
DA:94,6
DA:96,4
DA:97,3
DA:99,3
DA:100,3
DA:101,3
DA:102,9
DA:103,3
DA:104,3
DA:105,3
DA:107,0
DA:110,6
DA:113,3
DA:115,0
DA:118,1
DA:122,0
DA:123,0
DA:124,0
DA:128,0
DA:129,0
DA:130,0
DA:133,0
DA:134,0
DA:137,0
DA:138,0
DA:139,0
DA:142,0
DA:146,0
DA:148,0
DA:149,0
DA:150,0
DA:151,0
DA:152,0
DA:157,0
DA:158,0
DA:159,0
DA:161,0
DA:162,0
DA:163,0
DA:167,0
DA:168,0
DA:169,0
DA:170,0
DA:173,0
DA:177,0
DA:178,0
DA:179,0
DA:180,0
DA:182,0
DA:188,0
DA:189,0
DA:190,0
DA:194,0
DA:195,0
DA:196,0
DA:197,0
DA:198,0
DA:199,0
DA:202,0
DA:204,0
LF:110
LH:40
BRDA:17,0,0,0
BRDA:17,0,1,0
BRDA:18,1,0,0
BRDA:18,1,1,0
BRDA:29,2,0,0
BRDA:29,2,1,0
BRDA:40,3,0,0
BRDA:40,3,1,0
BRDA:52,4,0,0
BRDA:52,4,1,0
BRDA:59,5,0,2
BRDA:59,5,1,2
BRDA:59,6,0,4
BRDA:59,6,1,4
BRDA:59,6,2,3
BRDA:63,7,0,1
BRDA:63,7,1,1
BRDA:63,8,0,2
BRDA:63,8,1,1
BRDA:71,9,0,5
BRDA:71,9,1,2
BRDA:75,10,0,0
BRDA:75,10,1,2
BRDA:78,11,0,2
BRDA:78,11,1,0
BRDA:78,12,0,2
BRDA:78,12,1,2
BRDA:92,13,0,6
BRDA:92,13,1,4
BRDA:96,14,0,1
BRDA:96,14,1,3
BRDA:99,15,0,3
BRDA:99,15,1,0
BRDA:99,16,0,3
BRDA:99,16,1,3
BRDA:102,17,0,3
BRDA:102,17,1,6
BRDA:103,18,0,3
BRDA:103,18,1,0
BRDA:123,19,0,0
BRDA:123,19,1,0
BRDA:129,20,0,0
BRDA:129,20,1,0
BRDA:133,21,0,0
BRDA:133,21,1,0
BRDA:138,22,0,0
BRDA:138,22,1,0
BRDA:151,23,0,0
BRDA:151,23,1,0
BRDA:178,24,0,0
BRDA:178,24,1,0
BRDA:189,25,0,0
BRDA:189,25,1,0
BRDA:196,26,0,0
BRDA:196,26,1,0
BRDA:196,27,0,0
BRDA:196,27,1,0
BRDA:198,28,0,0
BRDA:198,28,1,0
BRDA:198,29,0,0
BRDA:198,29,1,0
BRF:61
BRH:25
end_of_record
TN:
SF:src/redaction/scanner-generic.ts
FN:7,redactGeneric
FN:59,scanEmailAt
FN:137,scanPhoneAt
FN:211,isDigit
FN:215,isLetter
FN:219,isAlphaNum
FN:223,isAlphaUnderscore
FN:227,isAlphaNumUnderscore
FN:231,isEmailLocalChar
FN:235,isDomainLabelChar
FNF:10
FNH:10
FNDA:14,redactGeneric
FNDA:9,scanEmailAt
FNDA:63,scanPhoneAt
FNDA:1077,isDigit
FNDA:195,isLetter
FNDA:169,isAlphaNum
FNDA:26,isAlphaUnderscore
FNDA:13,isAlphaNumUnderscore
FNDA:60,isEmailLocalChar
FNDA:101,isDomainLabelChar
DA:4,5
DA:5,5
DA:7,5
DA:8,14
DA:9,0
DA:12,14
DA:13,14
DA:14,14
DA:16,14
DA:17,504
DA:19,504
DA:20,9
DA:21,9
DA:22,8
DA:23,8
DA:25,8
DA:26,8
DA:27,8
DA:28,8
DA:32,496
DA:33,63
DA:34,63
DA:35,3
DA:36,3
DA:38,3
DA:39,3
DA:40,3
DA:41,3
DA:45,493
DA:48,14
DA:49,5
DA:52,9
DA:53,4
DA:56,9
DA:60,9
DA:61,9
DA:62,0
DA:66,9
DA:67,9
DA:68,51
DA:70,9
DA:71,9
DA:73,9
DA:74,0
DA:78,9
DA:79,0
DA:82,9
DA:83,42
DA:84,0
DA:89,9
DA:90,9
DA:91,9
DA:92,9
DA:94,9
DA:95,101
DA:96,101
DA:97,84
DA:98,84
DA:99,84
DA:101,17
DA:102,11
DA:103,0
DA:105,11
DA:106,11
DA:107,11
DA:108,11
DA:109,11
DA:111,6
DA:114,9
DA:115,9
DA:116,0
DA:118,9
DA:119,0
DA:122,9
DA:123,1
DA:127,8
DA:128,0
DA:130,8
DA:131,0
DA:134,8
DA:143,63
DA:144,63
DA:145,63
DA:146,63
DA:147,63
DA:148,63
DA:149,63
DA:151,63
DA:152,9
DA:153,9
DA:154,9
DA:155,0
DA:159,63
DA:160,551
DA:161,551
DA:162,359
DA:163,359
DA:164,192
DA:165,123
DA:166,123
DA:167,69
DA:168,4
DA:169,4
DA:170,4
DA:171,65
DA:172,10
DA:173,6
DA:175,4
DA:176,4
DA:177,55
DA:178,0
DA:179,0
DA:181,0
DA:183,55
DA:187,57
DA:188,57
DA:189,0
DA:191,57
DA:192,43
DA:195,14
DA:196,0
DA:198,14
DA:199,11
DA:202,3
DA:203,0
DA:204,0
DA:208,3
DA:212,1077
DA:216,195
DA:220,169
DA:224,26
DA:228,13
DA:232,60
DA:236,101
LF:134
LH:116
BRDA:8,0,0,0
BRDA:8,0,1,14
BRDA:19,1,0,9
BRDA:19,1,1,495
BRDA:21,2,0,8
BRDA:21,2,1,1
BRDA:22,3,0,8
BRDA:22,3,1,0
BRDA:32,4,0,63
BRDA:32,4,1,433
BRDA:32,5,0,496
BRDA:32,5,1,487
BRDA:34,6,0,3
BRDA:34,6,1,60
BRDA:35,7,0,3
BRDA:35,7,1,0
BRDA:48,8,0,5
BRDA:48,8,1,9
BRDA:52,9,0,4
BRDA:52,9,1,5
BRDA:61,10,0,0
BRDA:61,10,1,9
BRDA:61,11,0,9
BRDA:61,11,1,9
BRDA:67,12,0,60
BRDA:67,12,1,60
BRDA:73,13,0,0
BRDA:73,13,1,9
BRDA:78,14,0,0
BRDA:78,14,1,9
BRDA:78,15,0,9
BRDA:78,15,1,9
BRDA:83,16,0,0
BRDA:83,16,1,42
BRDA:83,17,0,42
BRDA:83,17,1,3
BRDA:96,18,0,84
BRDA:96,18,1,17
BRDA:101,19,0,11
BRDA:101,19,1,6
BRDA:102,20,0,0
BRDA:102,20,1,11
BRDA:102,21,0,11
BRDA:102,21,1,11
BRDA:115,22,0,0
BRDA:115,22,1,9
BRDA:115,23,0,9
BRDA:115,23,1,9
BRDA:118,24,0,0
BRDA:118,24,1,9
BRDA:122,25,0,1
BRDA:122,25,1,8
BRDA:122,26,0,9
BRDA:122,26,1,9
BRDA:122,26,2,8
BRDA:127,27,0,0
BRDA:127,27,1,8
BRDA:127,28,0,8
BRDA:127,28,1,8
BRDA:130,29,0,0
BRDA:130,29,1,8
BRDA:130,30,0,8
BRDA:130,30,1,5
BRDA:151,31,0,9
BRDA:151,31,1,54
BRDA:154,32,0,0
BRDA:154,32,1,9
BRDA:161,33,0,359
BRDA:161,33,1,192
BRDA:164,34,0,123
BRDA:164,34,1,69
BRDA:164,35,0,192
BRDA:164,35,1,124
BRDA:164,35,2,79
BRDA:167,36,0,4
BRDA:167,36,1,65
BRDA:171,37,0,10
BRDA:171,37,1,55
BRDA:172,38,0,6
BRDA:172,38,1,4
BRDA:177,39,0,0
BRDA:177,39,1,55
BRDA:177,40,0,55
BRDA:177,40,1,55
BRDA:178,41,0,0
BRDA:178,41,1,0
BRDA:188,42,0,0
BRDA:188,42,1,57
BRDA:191,43,0,43
BRDA:191,43,1,14
BRDA:191,44,0,57
BRDA:191,44,1,14
BRDA:195,45,0,0
BRDA:195,45,1,14
BRDA:195,46,0,14
BRDA:195,46,1,14
BRDA:198,47,0,11
BRDA:198,47,1,3
BRDA:198,48,0,14
BRDA:198,48,1,12
BRDA:202,49,0,0
BRDA:202,49,1,3
BRDA:202,50,0,3
BRDA:202,50,1,0
BRDA:202,50,2,0
BRDA:203,51,0,0
BRDA:203,51,1,0
BRDA:203,52,0,0
BRDA:203,52,1,0
BRDA:203,52,2,0
BRDA:212,53,0,1077
BRDA:212,53,1,812
BRDA:216,54,0,195
BRDA:216,54,1,139
BRDA:216,54,2,56
BRDA:216,54,3,2
BRDA:220,55,0,169
BRDA:220,55,1,39
BRDA:224,56,0,26
BRDA:224,56,1,15
BRDA:228,57,0,13
BRDA:228,57,1,13
BRDA:232,58,0,60
BRDA:232,58,1,57
BRDA:232,58,2,57
BRDA:232,58,3,55
BRDA:232,58,4,55
BRDA:236,59,0,101
BRDA:236,59,1,17
BRF:129
BRH:103
end_of_record
