TN:
SF:src/app.controller.ts
FN:21,(anonymous_4)
FN:27,(anonymous_5)
FN:32,(anonymous_6)
FN:78,(anonymous_7)
FN:127,(anonymous_8)
FNF:5
FNH:5
FNDA:33,(anonymous_4)
FNDA:3,(anonymous_5)
FNDA:18,(anonymous_6)
FNDA:27,(anonymous_7)
FNDA:30,(anonymous_8)
DA:3,5
DA:14,5
DA:15,5
DA:18,5
DA:19,33
DA:22,33
DA:23,33
DA:27,5
DA:28,3
DA:32,5
DA:37,18
DA:38,18
DA:40,18
DA:41,2
DA:45,16
DA:49,5
DA:50,5
DA:51,1
DA:54,4
DA:55,4
DA:56,1
DA:60,14
DA:61,14
DA:63,2
DA:71,2
DA:72,1
DA:78,5
DA:83,27
DA:84,27
DA:86,27
DA:87,1
DA:88,1
DA:92,26
DA:96,3
DA:97,3
DA:98,1
DA:99,1
DA:102,2
DA:103,2
DA:104,1
DA:105,1
DA:109,24
DA:110,24
DA:112,2
DA:120,2
DA:121,1
DA:127,5
DA:132,30
DA:133,30
DA:135,30
DA:136,2
DA:140,28
DA:144,3
DA:145,3
DA:146,1
DA:149,2
DA:150,2
DA:151,1
DA:156,26
DA:157,26
DA:159,4
DA:160,2
DA:163,2
DA:164,1
DA:166,1
DA:169,22
DA:170,22
DA:176,2
DA:184,2
DA:185,1
LF:70
LH:70
BRDA:40,0,0,2
BRDA:40,0,1,16
BRDA:45,1,0,5
BRDA:45,1,1,11
BRDA:46,2,0,16
BRDA:46,2,1,6
BRDA:50,3,0,1
BRDA:50,3,1,4
BRDA:55,4,0,1
BRDA:55,4,1,3
BRDA:71,5,0,1
BRDA:71,5,1,1
BRDA:86,6,0,1
BRDA:86,6,1,26
BRDA:92,7,0,3
BRDA:92,7,1,23
BRDA:93,8,0,26
BRDA:93,8,1,3
BRDA:97,9,0,1
BRDA:97,9,1,2
BRDA:103,10,0,1
BRDA:103,10,1,1
BRDA:120,11,0,1
BRDA:120,11,1,1
BRDA:135,12,0,2
BRDA:135,12,1,28
BRDA:140,13,0,3
BRDA:140,13,1,25
BRDA:141,14,0,28
BRDA:141,14,1,3
BRDA:145,15,0,1
BRDA:145,15,1,2
BRDA:150,16,0,1
BRDA:150,16,1,1
BRDA:156,17,0,26
BRDA:156,17,1,1
BRDA:157,18,0,4
BRDA:157,18,1,22
BRDA:159,19,0,2
BRDA:159,19,1,2
BRDA:163,20,0,1
BRDA:163,20,1,1
BRDA:184,21,0,1
BRDA:184,21,1,1
BRF:44
BRH:44
end_of_record
TN:
SF:src/config/config.service.ts
FN:12,(anonymous_11)
FN:17,(anonymous_12)
FN:85,(anonymous_13)
FN:92,(anonymous_14)
FN:106,(anonymous_15)
FN:110,(anonymous_16)
FN:127,(anonymous_17)
FN:132,(anonymous_18)
FN:150,(anonymous_19)
FNF:9
FNH:7
FNDA:26,(anonymous_11)
FNDA:25,(anonymous_12)
FNDA:53,(anonymous_13)
FNDA:0,(anonymous_14)
FNDA:0,(anonymous_15)
FNDA:6,(anonymous_16)
FNDA:10,(anonymous_17)
FNDA:9,(anonymous_18)
FNDA:17,(anonymous_19)
DA:1,7
DA:2,7
DA:3,7
DA:5,7
DA:7,7
DA:12,7
DA:13,26
DA:14,26
DA:15,26
DA:21,25
DA:22,3
DA:23,3
DA:26,3
DA:27,3
DA:30,22
DA:33,22
DA:34,22
DA:35,22
DA:42,25
DA:43,1
DA:46,24
DA:47,1
DA:51,24
DA:52,23
DA:55,18
DA:56,10
DA:62,23
DA:63,22
DA:64,17
DA:65,1
DA:67,17
DA:72,23
DA:73,1
DA:76,23
DA:82,23
DA:86,53
DA:87,1
DA:89,52
DA:93,0
DA:94,0
DA:95,0
DA:100,0
DA:102,0
DA:107,0
DA:111,6
DA:113,6
DA:116,0
DA:117,0
DA:120,0
DA:123,0
DA:124,0
DA:128,10
DA:130,10
DA:131,11
DA:132,8
DA:133,9
DA:134,9
DA:135,1
DA:143,8
DA:145,7
DA:151,17
DA:152,3
DA:154,17
DA:158,7
DA:160,17
DA:161,9
LF:66
LH:55
BRDA:17,0,0,20
BRDA:21,1,0,3
BRDA:21,1,1,22
BRDA:21,2,0,25
BRDA:21,2,1,24
BRDA:23,3,0,1
BRDA:23,3,1,2
BRDA:30,4,0,5
BRDA:30,4,1,17
BRDA:42,5,0,1
BRDA:42,5,1,24
BRDA:46,6,0,1
BRDA:46,6,1,23
BRDA:51,7,0,23
BRDA:51,7,1,1
BRDA:55,8,0,10
BRDA:55,8,1,8
BRDA:62,9,0,22
BRDA:62,9,1,1
BRDA:64,10,0,1
BRDA:64,10,1,16
BRDA:72,11,0,1
BRDA:72,11,1,22
BRDA:78,12,0,23
BRDA:78,12,1,1
BRDA:79,13,0,23
BRDA:79,13,1,13
BRDA:86,14,0,1
BRDA:86,14,1,52
BRDA:94,15,0,0
BRDA:94,15,1,0
BRDA:94,16,0,0
BRDA:94,16,1,0
BRDA:111,17,0,6
BRDA:111,17,1,0
BRDA:117,18,0,0
BRDA:117,18,1,0
BRDA:117,19,0,0
BRDA:117,19,1,0
BRDA:131,20,0,8
BRDA:131,20,1,3
BRDA:134,21,0,1
BRDA:134,21,1,8
BRDA:151,22,0,3
BRDA:151,22,1,14
BRDA:151,23,0,17
BRDA:151,23,1,16
BRDA:154,24,0,7
BRDA:154,24,1,10
BRDA:155,25,0,17
BRDA:155,25,1,16
BRDA:160,26,0,9
BRDA:160,26,1,8
BRDA:160,27,0,17
BRDA:160,27,1,16
BRF:55
BRH:46
end_of_record
TN:
SF:src/mcp/mcp-client-wrapper.ts
FN:41,(anonymous_9)
FN:54,(anonymous_10)
FN:58,(anonymous_11)
FN:78,(anonymous_12)
FN:86,(anonymous_13)
FN:159,(anonymous_14)
FN:185,(anonymous_15)
FN:203,(anonymous_16)
FN:244,(anonymous_17)
FN:248,(anonymous_18)
FN:259,(anonymous_19)
FN:283,(anonymous_20)
FN:293,(anonymous_21)
FN:326,(anonymous_22)
FN:361,(anonymous_23)
FN:406,(anonymous_24)
FN:411,(anonymous_25)
FN:412,(anonymous_26)
FN:434,(anonymous_27)
FN:479,(anonymous_28)
FN:522,(anonymous_29)
FN:568,(anonymous_30)
FN:577,(anonymous_31)
FN:596,(anonymous_32)
FN:603,(anonymous_33)
FN:615,(anonymous_34)
FN:619,(anonymous_35)
FN:632,(anonymous_36)
FN:647,(anonymous_37)
FN:651,(anonymous_38)
FN:664,(anonymous_39)
FN:679,(anonymous_40)
FN:690,(anonymous_41)
FNF:33
FNH:19
FNDA:28,(anonymous_9)
FNDA:6,(anonymous_10)
FNDA:3,(anonymous_11)
FNDA:34,(anonymous_12)
FNDA:6,(anonymous_13)
FNDA:0,(anonymous_14)
FNDA:0,(anonymous_15)
FNDA:6,(anonymous_16)
FNDA:6,(anonymous_17)
FNDA:0,(anonymous_18)
FNDA:13,(anonymous_19)
FNDA:240,(anonymous_20)
FNDA:0,(anonymous_21)
FNDA:0,(anonymous_22)
FNDA:2,(anonymous_23)
FNDA:6,(anonymous_24)
FNDA:6,(anonymous_25)
FNDA:0,(anonymous_26)
FNDA:0,(anonymous_27)
FNDA:0,(anonymous_28)
FNDA:253,(anonymous_29)
FNDA:6,(anonymous_30)
FNDA:6,(anonymous_31)
FNDA:11,(anonymous_32)
FNDA:0,(anonymous_33)
FNDA:2,(anonymous_34)
FNDA:4,(anonymous_35)
FNDA:0,(anonymous_36)
FNDA:0,(anonymous_37)
FNDA:0,(anonymous_38)
FNDA:0,(anonymous_39)
FNDA:0,(anonymous_40)
FNDA:6,(anonymous_41)
DA:1,7
DA:2,7
DA:3,7
DA:4,7
DA:5,7
DA:7,7
DA:15,7
DA:18,7
DA:19,28
DA:20,28
DA:21,28
DA:28,28
DA:29,28
DA:30,28
DA:31,28
DA:32,28
DA:33,28
DA:34,28
DA:35,28
DA:37,28
DA:38,28
DA:39,28
DA:44,28
DA:48,28
DA:49,28
DA:50,28
DA:51,28
DA:55,6
DA:59,3
DA:60,1
DA:62,2
DA:63,1
DA:65,1
DA:79,34
DA:80,28
DA:82,6
DA:83,0
DA:86,6
DA:88,6
DA:90,6
DA:95,6
DA:96,0
DA:97,0
DA:98,0
DA:99,0
DA:103,0
DA:106,0
DA:112,6
DA:114,0
DA:115,0
DA:117,0
DA:118,0
DA:120,6
DA:121,6
DA:123,0
DA:127,6
DA:142,6
DA:143,6
DA:145,6
DA:146,6
DA:149,6
DA:152,6
DA:153,6
DA:155,6
DA:160,0
DA:161,0
DA:164,0
DA:167,0
DA:168,0
DA:170,0
DA:171,0
DA:174,0
DA:180,0
DA:181,0
DA:182,0
DA:186,0
DA:187,0
DA:190,0
DA:196,0
DA:198,0
DA:199,0
DA:200,0
DA:204,6
DA:205,0
DA:208,6
DA:210,6
DA:215,6
DA:216,6
DA:218,6
DA:219,6
DA:221,6
DA:232,6
DA:237,6
DA:239,6
DA:240,6
DA:241,6
DA:246,6
DA:248,6
DA:249,0
DA:250,0
DA:251,0
DA:254,0
DA:260,13
DA:261,13
DA:262,0
DA:266,13
DA:267,0
DA:270,0
DA:273,13
DA:274,7
DA:277,6
DA:278,6
DA:279,6
DA:282,6
DA:283,240
DA:286,6
DA:290,6
DA:294,0
DA:295,0
DA:296,0
DA:300,0
DA:301,0
DA:304,0
DA:307,0
DA:308,0
DA:309,0
DA:311,0
DA:312,0
DA:313,0
DA:314,0
DA:315,0
DA:318,0
DA:319,0
DA:320,0
DA:322,0
DA:327,0
DA:328,0
DA:329,0
DA:333,0
DA:334,0
DA:337,0
DA:340,0
DA:341,0
DA:342,0
DA:344,0
DA:345,0
DA:346,0
DA:347,0
DA:348,0
DA:351,0
DA:352,0
DA:355,0
DA:357,0
DA:366,2
DA:367,2
DA:368,0
DA:371,2
DA:377,2
DA:378,0
DA:379,0
DA:380,0
DA:384,0
DA:385,0
DA:390,0
DA:391,0
DA:399,0
DA:403,2
DA:407,6
DA:408,6
DA:409,6
DA:412,6
DA:413,0
DA:422,0
DA:426,6
DA:428,6
DA:429,6
DA:439,0
DA:440,0
DA:441,0
DA:444,0
DA:450,0
DA:451,0
DA:452,0
DA:453,0
DA:457,0
DA:458,0
DA:463,0
DA:464,0
DA:472,0
DA:476,0
DA:483,0
DA:484,0
DA:485,0
DA:488,0
DA:493,0
DA:494,0
DA:495,0
DA:496,0
DA:500,0
DA:501,0
DA:506,0
DA:507,0
DA:515,0
DA:519,0
DA:523,253
DA:524,253
DA:525,2
DA:528,251
DA:529,251
DA:531,251
DA:533,162
DA:534,153
DA:543,153
DA:545,9
DA:547,88
DA:548,10
DA:557,10
DA:559,78
DA:561,1
DA:564,1
DA:577,12
DA:581,6
DA:596,6
DA:598,11
DA:599,0
DA:603,0
DA:604,0
DA:606,0
DA:610,11
DA:611,11
DA:612,11
DA:615,6
DA:616,2
DA:617,2
DA:618,2
DA:619,4
DA:620,2
DA:621,0
DA:623,2
DA:624,2
DA:632,6
DA:634,0
DA:635,0
DA:639,0
DA:642,0
DA:643,0
DA:644,0
DA:647,6
DA:648,0
DA:649,0
DA:650,0
DA:651,0
DA:652,0
DA:653,0
DA:655,0
DA:656,0
DA:664,6
DA:666,0
DA:667,0
DA:671,0
DA:674,0
DA:675,0
DA:676,0
DA:679,6
DA:680,0
DA:681,0
DA:687,6
DA:691,6
DA:692,6
DA:693,6
DA:697,6
DA:698,6
DA:699,6
DA:701,6
DA:704,6
DA:705,6
DA:706,6
LF:277
LH:137
BRDA:45,0,0,22
BRDA:46,1,0,22
BRDA:59,2,0,1
BRDA:59,2,1,2
BRDA:62,3,0,1
BRDA:62,3,1,1
BRDA:79,4,0,28
BRDA:79,4,1,6
BRDA:82,5,0,0
BRDA:82,5,1,6
BRDA:88,6,0,6
BRDA:88,6,1,0
BRDA:95,7,0,0
BRDA:95,7,1,6
BRDA:98,8,0,0
BRDA:98,8,1,0
BRDA:112,9,0,0
BRDA:112,9,1,0
BRDA:112,9,2,6
BRDA:112,9,3,0
BRDA:145,10,0,6
BRDA:145,10,1,0
BRDA:160,11,0,0
BRDA:160,11,1,0
BRDA:167,12,0,0
BRDA:167,12,1,0
BRDA:168,13,0,0
BRDA:168,13,1,0
BRDA:176,14,0,0
BRDA:176,14,1,0
BRDA:186,15,0,0
BRDA:186,15,1,0
BRDA:204,16,0,0
BRDA:204,16,1,6
BRDA:215,17,0,6
BRDA:215,17,1,0
BRDA:219,18,0,6
BRDA:219,18,1,0
BRDA:232,19,0,0
BRDA:232,19,1,6
BRDA:250,20,0,0
BRDA:250,20,1,0
BRDA:261,21,0,0
BRDA:261,21,1,13
BRDA:266,22,0,0
BRDA:266,22,1,13
BRDA:273,23,0,7
BRDA:273,23,1,6
BRDA:273,24,0,13
BRDA:273,24,1,7
BRDA:277,25,0,6
BRDA:277,25,1,6
BRDA:279,26,0,6
BRDA:279,26,1,0
BRDA:295,27,0,0
BRDA:295,27,1,0
BRDA:300,28,0,0
BRDA:300,28,1,0
BRDA:308,29,0,0
BRDA:308,29,1,0
BRDA:308,30,0,0
BRDA:308,30,1,0
BRDA:311,31,0,0
BRDA:311,31,1,0
BRDA:313,32,0,0
BRDA:313,32,1,0
BRDA:318,33,0,0
BRDA:318,33,1,0
BRDA:328,34,0,0
BRDA:328,34,1,0
BRDA:333,35,0,0
BRDA:333,35,1,0
BRDA:341,36,0,0
BRDA:341,36,1,0
BRDA:341,37,0,0
BRDA:341,37,1,0
BRDA:344,38,0,0
BRDA:344,38,1,0
BRDA:346,39,0,0
BRDA:346,39,1,0
BRDA:351,40,0,0
BRDA:351,40,1,0
BRDA:367,41,0,0
BRDA:367,41,1,2
BRDA:377,42,0,0
BRDA:377,42,1,2
BRDA:379,43,0,0
BRDA:379,43,1,0
BRDA:380,44,0,0
BRDA:380,44,1,0
BRDA:390,45,0,0
BRDA:390,45,1,0
BRDA:428,46,0,6
BRDA:428,46,1,0
BRDA:440,47,0,0
BRDA:440,47,1,0
BRDA:450,48,0,0
BRDA:450,48,1,0
BRDA:452,49,0,0
BRDA:452,49,1,0
BRDA:453,50,0,0
BRDA:453,50,1,0
BRDA:463,51,0,0
BRDA:463,51,1,0
BRDA:484,52,0,0
BRDA:484,52,1,0
BRDA:493,53,0,0
BRDA:493,53,1,0
BRDA:495,54,0,0
BRDA:495,54,1,0
BRDA:496,55,0,0
BRDA:496,55,1,0
BRDA:506,56,0,0
BRDA:506,56,1,0
BRDA:524,57,0,2
BRDA:524,57,1,251
BRDA:524,58,0,253
BRDA:524,58,1,252
BRDA:524,58,2,252
BRDA:529,59,0,251
BRDA:529,59,1,1
BRDA:531,60,0,162
BRDA:531,60,1,88
BRDA:531,60,2,1
BRDA:533,61,0,153
BRDA:533,61,1,9
BRDA:547,62,0,10
BRDA:547,62,1,78
BRDA:568,63,0,6
BRDA:598,64,0,0
BRDA:598,64,1,11
BRDA:598,65,0,11
BRDA:598,65,1,0
BRDA:598,65,2,0
BRDA:620,66,0,0
BRDA:620,66,1,2
BRDA:623,67,0,2
BRDA:623,67,1,0
BRDA:634,68,0,0
BRDA:634,68,1,0
BRDA:634,69,0,0
BRDA:634,69,1,0
BRDA:652,70,0,0
BRDA:652,70,1,0
BRDA:655,71,0,0
BRDA:655,71,1,0
BRDA:666,72,0,0
BRDA:666,72,1,0
BRDA:666,73,0,0
BRDA:666,73,1,0
BRDA:691,74,0,6
BRDA:691,74,1,0
BRDA:697,75,0,6
BRDA:697,75,1,0
BRDA:704,76,0,6
BRDA:704,76,1,0
BRF:156
BRH:51
end_of_record
TN:
SF:src/mcp/mcp-server.service.ts
FN:28,(anonymous_2)
FN:33,(anonymous_3)
FN:46,(anonymous_4)
FN:48,(anonymous_5)
FN:117,(anonymous_6)
FN:148,(anonymous_7)
FN:152,(anonymous_8)
FN:156,(anonymous_9)
FN:186,(anonymous_10)
FN:195,(anonymous_11)
FN:221,(anonymous_12)
FN:223,(anonymous_13)
FN:226,(anonymous_14)
FN:250,(anonymous_15)
FNF:14
FNH:12
FNDA:33,(anonymous_2)
FNDA:33,(anonymous_3)
FNDA:0,(anonymous_4)
FNDA:0,(anonymous_5)
FNDA:7,(anonymous_6)
FNDA:86,(anonymous_7)
FNDA:1,(anonymous_8)
FNDA:11,(anonymous_9)
FNDA:18,(anonymous_10)
FNDA:27,(anonymous_11)
FNDA:4,(anonymous_12)
FNDA:5,(anonymous_13)
FNDA:1,(anonymous_14)
FNDA:25,(anonymous_15)
DA:1,6
DA:5,6
DA:6,6
DA:8,6
DA:10,6
DA:11,6
DA:12,6
DA:24,6
DA:25,33
DA:26,33
DA:29,33
DA:30,33
DA:34,33
DA:39,33
DA:40,33
DA:41,33
DA:42,33
DA:43,33
DA:45,33
DA:47,0
DA:48,0
DA:51,0
DA:61,33
DA:62,63
DA:63,63
DA:64,63
DA:72,63
DA:73,63
DA:74,63
DA:75,63
DA:76,61
DA:78,61
DA:80,61
DA:88,2
DA:97,2
DA:98,1
DA:104,0
DA:106,0
DA:118,7
DA:119,12
DA:120,12
DA:122,12
DA:123,10
DA:125,11
DA:127,10
DA:128,10
DA:129,50
DA:130,50
DA:131,6
DA:132,6
DA:137,2
DA:145,7
DA:149,86
DA:153,1
DA:161,11
DA:162,11
DA:163,1
DA:164,1
DA:169,10
DA:170,10
DA:173,10
DA:174,10
DA:175,10
DA:177,10
DA:179,10
DA:182,10
DA:183,10
DA:186,10
DA:187,18
DA:188,18
DA:190,10
DA:191,10
DA:192,10
DA:200,27
DA:201,27
DA:202,1
DA:203,1
DA:208,26
DA:211,26
DA:213,26
DA:214,26
DA:215,17
DA:216,17
DA:220,9
DA:221,4
DA:224,5
DA:227,1
DA:232,9
DA:235,9
DA:236,7
DA:238,2
DA:244,2
DA:245,1
DA:255,25
DA:256,25
DA:257,1
DA:258,1
DA:262,24
DA:264,24
DA:273,24
DA:274,23
DA:275,23
DA:276,22
DA:287,22
DA:289,22
DA:290,22
DA:291,22
DA:292,22
DA:293,20
DA:294,2
DA:295,0
DA:297,2
DA:299,22
DA:301,1
DA:310,1
DA:315,2
DA:316,2
LF:117
LH:111
BRDA:39,0,0,33
BRDA:39,0,1,1
BRDA:42,1,0,0
BRDA:42,1,1,33
BRDA:45,2,0,0
BRDA:45,2,1,33
BRDA:47,3,0,0
BRDA:47,3,1,0
BRDA:72,4,0,63
BRDA:72,4,1,0
BRDA:85,5,0,61
BRDA:85,5,1,2
BRDA:97,6,0,1
BRDA:97,6,1,1
BRDA:111,7,0,0
BRDA:111,7,1,0
BRDA:130,8,0,6
BRDA:130,8,1,44
BRDA:162,9,0,1
BRDA:162,9,1,10
BRDA:169,10,0,10
BRDA:169,10,1,3
BRDA:170,11,0,7
BRDA:170,11,1,3
BRDA:173,12,0,10
BRDA:173,12,1,3
BRDA:201,13,0,1
BRDA:201,13,1,26
BRDA:208,14,0,26
BRDA:208,14,1,10
BRDA:208,14,2,10
BRDA:211,15,0,17
BRDA:211,15,1,9
BRDA:214,16,0,17
BRDA:214,16,1,9
BRDA:214,17,0,26
BRDA:214,17,1,17
BRDA:244,18,0,1
BRDA:244,18,1,1
BRDA:256,19,0,1
BRDA:256,19,1,24
BRDA:262,20,0,24
BRDA:262,20,1,22
BRDA:273,21,0,23
BRDA:273,21,1,1
BRDA:275,22,0,22
BRDA:275,22,1,1
BRDA:275,23,0,23
BRDA:275,23,1,23
BRDA:287,24,0,22
BRDA:287,24,1,2
BRDA:289,25,0,22
BRDA:289,25,1,20
BRDA:290,26,0,22
BRDA:290,26,1,22
BRDA:292,27,0,20
BRDA:292,27,1,2
BRDA:292,28,0,22
BRDA:292,28,1,20
BRDA:294,29,0,0
BRDA:294,29,1,2
BRF:61
BRH:53
end_of_record
TN:
SF:src/redaction/audit-logger.ts
FN:14,(anonymous_9)
FN:28,(anonymous_10)
FN:58,(anonymous_11)
FN:69,(anonymous_12)
FN:79,(anonymous_13)
FNF:5
FNH:5
FNDA:19,(anonymous_9)
FNDA:16,(anonymous_10)
FNDA:26,(anonymous_11)
FNDA:48,(anonymous_12)
FNDA:3,(anonymous_13)
DA:1,8
DA:2,8
DA:4,8
DA:6,8
DA:10,8
DA:11,19
DA:16,19
DA:17,19
DA:20,19
DA:21,19
DA:23,1
DA:24,1
DA:34,16
DA:35,3
DA:38,13
DA:39,13
DA:42,13
DA:46,13
DA:49,13
DA:53,13
DA:55,13
DA:59,26
DA:60,26
DA:61,26
DA:63,26
DA:65,4
DA:70,48
DA:71,19
DA:72,19
DA:74,15
DA:78,29
DA:79,3
DA:82,27
DA:83,24
DA:84,24
DA:85,19
DA:87,24
DA:90,3
LF:38
LH:38
BRDA:34,0,0,3
BRDA:34,0,1,13
BRDA:34,1,0,16
BRDA:34,1,1,14
BRDA:70,2,0,19
BRDA:70,2,1,29
BRDA:78,3,0,2
BRDA:78,3,1,27
BRDA:82,4,0,24
BRDA:82,4,1,3
BRDA:82,5,0,27
BRDA:82,5,1,26
BRF:12
BRH:12
end_of_record
TN:
SF:src/redaction/matcher.ts
FN:16,(anonymous_0)
FN:38,(anonymous_1)
FN:46,(anonymous_2)
FN:50,(anonymous_3)
FN:57,(anonymous_4)
FN:84,(anonymous_5)
FN:131,(anonymous_6)
FN:143,(anonymous_7)
FNF:8
FNH:8
FNDA:48,(anonymous_0)
FNDA:49,(anonymous_1)
FNDA:25,(anonymous_2)
FNDA:80,(anonymous_3)
FNDA:10,(anonymous_4)
FNDA:80,(anonymous_5)
FNDA:81,(anonymous_6)
FNDA:82,(anonymous_7)
DA:12,9
DA:18,48
DA:19,48
DA:20,1177
DA:21,1177
DA:22,1177
DA:25,48
DA:28,48
DA:29,48
DA:31,48
DA:33,0
DA:35,48
DA:39,49
DA:40,1
DA:42,48
DA:47,25
DA:51,80
DA:52,80
DA:53,20
DA:57,60
DA:58,60
DA:59,60
DA:60,70
DA:61,70
DA:62,69
DA:63,1
DA:64,0
DA:69,60
DA:70,60
DA:71,60
DA:72,69
DA:73,27
DA:75,69
DA:76,69
DA:78,60
DA:79,29
DA:81,60
DA:85,80
DA:86,80
DA:88,80
DA:91,80
DA:92,80
DA:94,80
DA:95,80
DA:96,80
DA:97,0
DA:99,80
DA:100,81
DA:101,81
DA:103,81
DA:104,81
DA:105,81
DA:106,81
DA:107,70
DA:111,80
DA:115,0
DA:116,0
DA:117,0
DA:118,0
DA:119,0
DA:120,0
DA:121,0
DA:122,0
DA:123,0
DA:125,0
DA:128,0
DA:132,81
DA:133,36
DA:134,36
DA:136,77
DA:137,46
DA:138,46
DA:140,70
DA:144,82
LF:74
LH:60
BRDA:21,0,0,1177
BRDA:21,0,1,0
BRDA:35,1,0,48
BRDA:35,1,1,0
BRDA:39,2,0,1
BRDA:39,2,1,48
BRDA:52,3,0,20
BRDA:52,3,1,60
BRDA:61,4,0,69
BRDA:61,4,1,1
BRDA:61,5,0,70
BRDA:61,5,1,10
BRDA:63,6,0,0
BRDA:63,6,1,1
BRDA:72,7,0,27
BRDA:72,7,1,42
BRDA:78,8,0,29
BRDA:78,8,1,31
BRDA:88,9,0,80
BRDA:88,9,1,0
BRDA:91,10,0,80
BRDA:91,10,1,0
BRDA:94,11,0,80
BRDA:94,11,1,0
BRDA:94,12,0,0
BRDA:94,12,1,0
BRDA:94,12,2,0
BRDA:95,13,0,80
BRDA:95,13,1,0
BRDA:95,14,0,80
BRDA:95,14,1,0
BRDA:95,15,0,0
BRDA:95,15,1,0
BRDA:95,15,2,0
BRDA:95,15,3,0
BRDA:96,16,0,0
BRDA:96,16,1,80
BRDA:96,17,0,80
BRDA:96,17,1,80
BRDA:96,17,2,80
BRDA:100,18,0,0
BRDA:100,18,1,81
BRDA:100,19,0,81
BRDA:100,19,1,81
BRDA:106,20,0,70
BRDA:106,20,1,11
BRDA:106,21,0,81
BRDA:106,21,1,81
BRDA:106,21,2,81
BRDA:119,22,0,0
BRDA:119,22,1,0
BRDA:122,23,0,0
BRDA:122,23,1,0
BRDA:132,24,0,36
BRDA:132,24,1,45
BRDA:134,25,0,4
BRDA:134,25,1,32
BRDA:136,26,0,46
BRDA:136,26,1,31
BRDA:138,27,0,7
BRDA:138,27,1,39
BRF:61
BRH:40
end_of_record
TN:
SF:src/redaction/redaction.service.ts
FN:10,(anonymous_1)
FN:16,(anonymous_2)
FN:51,(anonymous_3)
FN:58,(anonymous_4)
FN:70,(anonymous_5)
FN:76,(anonymous_6)
FN:88,(anonymous_7)
FN:91,(anonymous_8)
FN:97,(anonymous_9)
FN:121,(anonymous_10)
FN:130,(anonymous_11)
FN:130,(anonymous_12)
FN:148,(anonymous_13)
FN:161,(anonymous_14)
FN:162,(anonymous_15)
FN:176,(anonymous_16)
FNF:16
FNH:14
FNDA:39,(anonymous_1)
FNDA:28,(anonymous_2)
FNDA:8,(anonymous_3)
FNDA:23,(anonymous_4)
FNDA:54,(anonymous_5)
FNDA:11,(anonymous_6)
FNDA:7,(anonymous_7)
FNDA:31,(anonymous_8)
FNDA:6,(anonymous_9)
FNDA:27,(anonymous_10)
FNDA:0,(anonymous_11)
FNDA:0,(anonymous_12)
FNDA:48,(anonymous_13)
FNDA:144,(anonymous_14)
FNDA:144,(anonymous_15)
FNDA:25,(anonymous_16)
DA:1,8
DA:3,8
DA:6,8
DA:7,8
DA:10,8
DA:11,39
DA:12,39
DA:13,39
DA:14,39
DA:17,28
DA:18,1
DA:19,0
DA:21,1
DA:24,27
DA:26,27
DA:27,27
DA:29,24
DA:30,0
DA:31,0
DA:32,0
DA:35,24
DA:36,24
DA:39,24
DA:40,24
DA:43,24
DA:46,3
DA:47,3
DA:52,8
DA:53,2
DA:55,8
DA:59,23
DA:60,6
DA:63,17
DA:64,10
DA:67,7
DA:71,54
DA:72,23
DA:73,23
DA:75,31
DA:76,11
DA:78,25
DA:79,19
DA:80,19
DA:81,31
DA:83,19
DA:85,6
DA:89,7
DA:91,7
DA:92,31
DA:93,7
DA:94,7
DA:96,24
DA:97,6
DA:99,21
DA:100,15
DA:101,15
DA:102,30
DA:103,12
DA:104,11
DA:105,11
DA:107,1
DA:110,18
DA:113,15
DA:115,6
DA:118,7
DA:122,27
DA:123,27
DA:124,2
DA:128,25
DA:129,25
DA:130,0
DA:133,25
DA:134,0
DA:137,25
DA:138,25
DA:139,1
DA:142,24
DA:146,24
DA:148,24
DA:149,48
DA:150,48
DA:151,48
DA:152,0
DA:157,48
DA:158,48
DA:159,48
DA:161,144
DA:162,144
DA:163,48
DA:167,24
DA:168,24
DA:169,48
DA:170,48
DA:173,24
DA:177,25
DA:178,25
DA:179,1
DA:180,1
DA:182,0
DA:188,24
DA:189,24
DA:190,1
DA:194,23
DA:195,23
DA:196,23
DA:197,23
DA:198,23
DA:199,1
DA:202,23
DA:204,0
LF:110
LH:101
BRDA:17,0,0,1
BRDA:17,0,1,27
BRDA:18,1,0,0
BRDA:18,1,1,1
BRDA:29,2,0,0
BRDA:29,2,1,24
BRDA:40,3,0,24
BRDA:40,3,1,0
BRDA:52,4,0,2
BRDA:52,4,1,6
BRDA:59,5,0,6
BRDA:59,5,1,17
BRDA:59,6,0,23
BRDA:59,6,1,21
BRDA:59,6,2,19
BRDA:63,7,0,10
BRDA:63,7,1,7
BRDA:63,8,0,17
BRDA:63,8,1,8
BRDA:71,9,0,23
BRDA:71,9,1,31
BRDA:75,10,0,6
BRDA:75,10,1,25
BRDA:78,11,0,19
BRDA:78,11,1,6
BRDA:78,12,0,25
BRDA:78,12,1,23
BRDA:92,13,0,7
BRDA:92,13,1,24
BRDA:96,14,0,3
BRDA:96,14,1,21
BRDA:99,15,0,15
BRDA:99,15,1,6
BRDA:99,16,0,21
BRDA:99,16,1,21
BRDA:102,17,0,12
BRDA:102,17,1,18
BRDA:103,18,0,11
BRDA:103,18,1,1
BRDA:123,19,0,2
BRDA:123,19,1,25
BRDA:129,20,0,0
BRDA:129,20,1,25
BRDA:133,21,0,0
BRDA:133,21,1,25
BRDA:138,22,0,1
BRDA:138,22,1,24
BRDA:151,23,0,0
BRDA:151,23,1,48
BRDA:178,24,0,1
BRDA:178,24,1,24
BRDA:189,25,0,1
BRDA:189,25,1,23
BRDA:196,26,0,23
BRDA:196,26,1,0
BRDA:196,27,0,23
BRDA:196,27,1,23
BRDA:198,28,0,1
BRDA:198,28,1,22
BRDA:198,29,0,23
BRDA:198,29,1,1
BRF:61
BRH:54
end_of_record
TN:
SF:src/redaction/scanner-generic.ts
FN:7,redactGeneric
FN:59,scanEmailAt
FN:137,scanPhoneAt
FN:211,isDigit
FN:215,isLetter
FN:219,isAlphaNum
FN:223,isAlphaUnderscore
FN:227,isAlphaNumUnderscore
FN:231,isEmailLocalChar
FN:235,isDomainLabelChar
FNF:10
FNH:10
FNDA:73,redactGeneric
FNDA:31,scanEmailAt
FNDA:115,scanPhoneAt
FNDA:4102,isDigit
FNDA:542,isLetter
FNDA:505,isAlphaNum
FNDA:37,isAlphaUnderscore
FNDA:34,isAlphaNumUnderscore
FNDA:198,isEmailLocalChar
FNDA:286,isDomainLabelChar
DA:4,9
DA:5,9
DA:7,9
DA:8,73
DA:9,1
DA:12,72
DA:13,72
DA:14,72
DA:16,72
DA:17,3158
DA:19,3158
DA:20,31
DA:21,31
DA:22,25
DA:23,21
DA:25,25
DA:26,25
DA:27,25
DA:28,25
DA:32,3133
DA:33,115
DA:34,115
DA:35,14
DA:36,13
DA:38,14
DA:39,14
DA:40,14
DA:41,14
DA:45,3119
DA:48,72
DA:49,38
DA:52,34
DA:53,9
DA:56,34
DA:60,31
DA:61,31
DA:62,0
DA:66,31
DA:67,31
DA:68,174
DA:70,31
DA:71,31
DA:73,31
DA:74,1
DA:78,30
DA:79,2
DA:82,28
DA:83,126
DA:84,1
DA:89,27
DA:90,27
DA:91,27
DA:92,27
DA:94,27
DA:95,286
DA:96,286
DA:97,244
DA:98,244
DA:99,244
DA:101,42
DA:102,28
DA:103,0
DA:105,28
DA:106,28
DA:107,28
DA:108,28
DA:109,28
DA:111,14
DA:114,27
DA:115,27
DA:116,0
DA:118,27
DA:119,1
DA:122,26
DA:123,1
DA:127,25
DA:128,0
DA:130,25
DA:131,0
DA:134,25
DA:143,115
DA:144,115
DA:145,115
DA:146,115
DA:147,115
DA:148,115
DA:149,115
DA:151,115
DA:152,15
DA:153,15
DA:154,15
DA:155,0
DA:159,115
DA:160,878
DA:161,878
DA:162,628
DA:163,628
DA:164,250
DA:165,161
DA:166,161
DA:167,89
DA:168,4
DA:169,4
DA:170,4
DA:171,85
DA:172,13
DA:173,9
DA:175,4
DA:176,4
DA:177,72
DA:178,0
DA:179,0
DA:181,0
DA:183,72
DA:187,106
DA:188,106
DA:189,0
DA:191,106
DA:192,80
DA:195,26
DA:196,1
DA:198,25
DA:199,11
DA:202,14
DA:203,0
DA:204,0
DA:208,14
DA:212,4102
DA:216,542
DA:220,505
DA:224,37
DA:228,34
DA:232,198
DA:236,286
LF:134
LH:122
BRDA:8,0,0,1
BRDA:8,0,1,72
BRDA:19,1,0,31
BRDA:19,1,1,3127
BRDA:21,2,0,25
BRDA:21,2,1,6
BRDA:22,3,0,21
BRDA:22,3,1,4
BRDA:32,4,0,115
BRDA:32,4,1,3018
BRDA:32,5,0,3133
BRDA:32,5,1,3118
BRDA:34,6,0,14
BRDA:34,6,1,101
BRDA:35,7,0,13
BRDA:35,7,1,1
BRDA:48,8,0,38
BRDA:48,8,1,34
BRDA:52,9,0,9
BRDA:52,9,1,25
BRDA:61,10,0,0
BRDA:61,10,1,31
BRDA:61,11,0,31
BRDA:61,11,1,31
BRDA:67,12,0,205
BRDA:67,12,1,198
BRDA:73,13,0,1
BRDA:73,13,1,30
BRDA:78,14,0,2
BRDA:78,14,1,28
BRDA:78,15,0,30
BRDA:78,15,1,29
BRDA:83,16,0,1
BRDA:83,16,1,125
BRDA:83,17,0,126
BRDA:83,17,1,7
BRDA:96,18,0,244
BRDA:96,18,1,42
BRDA:101,19,0,28
BRDA:101,19,1,14
BRDA:102,20,0,0
BRDA:102,20,1,28
BRDA:102,21,0,28
BRDA:102,21,1,28
BRDA:115,22,0,0
BRDA:115,22,1,27
BRDA:115,23,0,27
BRDA:115,23,1,27
BRDA:118,24,0,1
BRDA:118,24,1,26
BRDA:122,25,0,1
BRDA:122,25,1,25
BRDA:122,26,0,26
BRDA:122,26,1,26
BRDA:122,26,2,25
BRDA:127,27,0,0
BRDA:127,27,1,25
BRDA:127,28,0,25
BRDA:127,28,1,21
BRDA:130,29,0,0
BRDA:130,29,1,25
BRDA:130,30,0,25
BRDA:130,30,1,13
BRDA:151,31,0,15
BRDA:151,31,1,100
BRDA:154,32,0,0
BRDA:154,32,1,15
BRDA:161,33,0,628
BRDA:161,33,1,250
BRDA:164,34,0,161
BRDA:164,34,1,89
BRDA:164,35,0,250
BRDA:164,35,1,161
BRDA:164,35,2,101
BRDA:167,36,0,4
BRDA:167,36,1,85
BRDA:171,37,0,13
BRDA:171,37,1,72
BRDA:172,38,0,9
BRDA:172,38,1,4
BRDA:177,39,0,0
BRDA:177,39,1,72
BRDA:177,40,0,72
BRDA:177,40,1,72
BRDA:178,41,0,0
BRDA:178,41,1,0
BRDA:188,42,0,0
BRDA:188,42,1,106
BRDA:191,43,0,80
BRDA:191,43,1,26
BRDA:191,44,0,106
BRDA:191,44,1,26
BRDA:195,45,0,1
BRDA:195,45,1,25
BRDA:195,46,0,26
BRDA:195,46,1,25
BRDA:198,47,0,11
BRDA:198,47,1,14
BRDA:198,48,0,25
BRDA:198,48,1,12
BRDA:202,49,0,0
BRDA:202,49,1,14
BRDA:202,50,0,14
BRDA:202,50,1,2
BRDA:202,50,2,1
BRDA:203,51,0,0
BRDA:203,51,1,0
BRDA:203,52,0,0
BRDA:203,52,1,0
BRDA:203,52,2,0
BRDA:212,53,0,4102
BRDA:212,53,1,3650
BRDA:216,54,0,542
BRDA:216,54,1,409
BRDA:216,54,2,133
BRDA:216,54,3,2
BRDA:220,55,0,505
BRDA:220,55,1,106
BRDA:224,56,0,37
BRDA:224,56,1,25
BRDA:228,57,0,34
BRDA:228,57,1,34
BRDA:232,58,0,198
BRDA:232,58,1,189
BRDA:232,58,2,189
BRDA:232,58,3,186
BRDA:232,58,4,185
BRDA:236,59,0,286
BRDA:236,59,1,42
BRF:129
BRH:113
end_of_record
