TN:
SF:src/app.controller.ts
FN:21,(anonymous_4)
FN:27,(anonymous_5)
FN:32,(anonymous_6)
FN:68,(anonymous_7)
FN:104,(anonymous_8)
FNF:5
FNH:0
FNDA:0,(anonymous_4)
FNDA:0,(anonymous_5)
FNDA:0,(anonymous_6)
FNDA:0,(anonymous_7)
FNDA:0,(anonymous_8)
DA:1,0
DA:14,0
DA:15,0
DA:18,0
DA:19,0
DA:22,0
DA:23,0
DA:27,0
DA:28,0
DA:32,0
DA:37,0
DA:38,0
DA:40,0
DA:41,0
DA:45,0
DA:46,0
DA:47,0
DA:48,0
DA:51,0
DA:52,0
DA:53,0
DA:57,0
DA:58,0
DA:60,0
DA:61,0
DA:62,0
DA:68,0
DA:73,0
DA:74,0
DA:76,0
DA:77,0
DA:81,0
DA:82,0
DA:83,0
DA:84,0
DA:87,0
DA:88,0
DA:89,0
DA:93,0
DA:94,0
DA:96,0
DA:97,0
DA:98,0
DA:104,0
DA:109,0
DA:110,0
DA:112,0
DA:113,0
DA:117,0
DA:118,0
DA:119,0
DA:120,0
DA:123,0
DA:124,0
DA:125,0
DA:130,0
DA:131,0
DA:133,0
DA:134,0
DA:137,0
DA:138,0
DA:140,0
DA:143,0
DA:144,0
DA:146,0
DA:147,0
DA:148,0
LF:67
LH:0
BRDA:40,0,0,0
BRDA:40,0,1,0
BRDA:45,1,0,0
BRDA:45,1,1,0
BRDA:45,2,0,0
BRDA:45,2,1,0
BRDA:47,3,0,0
BRDA:47,3,1,0
BRDA:52,4,0,0
BRDA:52,4,1,0
BRDA:61,5,0,0
BRDA:61,5,1,0
BRDA:76,6,0,0
BRDA:76,6,1,0
BRDA:81,7,0,0
BRDA:81,7,1,0
BRDA:81,8,0,0
BRDA:81,8,1,0
BRDA:83,9,0,0
BRDA:83,9,1,0
BRDA:88,10,0,0
BRDA:88,10,1,0
BRDA:97,11,0,0
BRDA:97,11,1,0
BRDA:112,12,0,0
BRDA:112,12,1,0
BRDA:117,13,0,0
BRDA:117,13,1,0
BRDA:117,14,0,0
BRDA:117,14,1,0
BRDA:119,15,0,0
BRDA:119,15,1,0
BRDA:124,16,0,0
BRDA:124,16,1,0
BRDA:130,17,0,0
BRDA:130,17,1,0
BRDA:131,18,0,0
BRDA:131,18,1,0
BRDA:133,19,0,0
BRDA:133,19,1,0
BRDA:137,20,0,0
BRDA:137,20,1,0
BRDA:147,21,0,0
BRDA:147,21,1,0
BRF:44
BRH:0
end_of_record
TN:
SF:src/config/config.service.ts
FN:8,(anonymous_11)
FN:12,(anonymous_12)
FN:80,(anonymous_13)
FN:87,(anonymous_14)
FN:92,(anonymous_15)
FN:106,(anonymous_16)
FNF:6
FNH:6
FNDA:22,(anonymous_11)
FNDA:21,(anonymous_12)
FNDA:2,(anonymous_13)
FNDA:4,(anonymous_14)
FNDA:5,(anonymous_15)
FNDA:11,(anonymous_16)
DA:1,1
DA:2,1
DA:3,1
DA:4,1
DA:8,1
DA:9,22
DA:10,22
DA:16,21
DA:17,3
DA:18,3
DA:23,3
DA:26,18
DA:29,18
DA:30,18
DA:31,18
DA:38,21
DA:39,1
DA:42,20
DA:43,1
DA:47,20
DA:48,19
DA:51,12
DA:52,4
DA:58,19
DA:59,18
DA:60,11
DA:61,1
DA:63,11
DA:68,19
DA:69,1
DA:72,19
DA:77,19
DA:81,2
DA:82,1
DA:84,1
DA:88,4
DA:90,4
DA:91,5
DA:92,4
DA:93,5
DA:94,5
DA:95,1
DA:99,4
DA:101,3
DA:107,11
DA:108,3
DA:110,11
DA:114,1
DA:116,11
DA:117,3
LF:50
LH:50
BRDA:12,0,0,20
BRDA:16,1,0,3
BRDA:16,1,1,18
BRDA:16,2,0,21
BRDA:16,2,1,20
BRDA:19,3,0,1
BRDA:19,3,1,2
BRDA:26,4,0,1
BRDA:26,4,1,17
BRDA:38,5,0,1
BRDA:38,5,1,20
BRDA:42,6,0,1
BRDA:42,6,1,19
BRDA:47,7,0,19
BRDA:47,7,1,1
BRDA:51,8,0,4
BRDA:51,8,1,8
BRDA:58,9,0,18
BRDA:58,9,1,1
BRDA:60,10,0,1
BRDA:60,10,1,10
BRDA:68,11,0,1
BRDA:68,11,1,18
BRDA:74,12,0,19
BRDA:74,12,1,1
BRDA:81,13,0,1
BRDA:81,13,1,1
BRDA:91,14,0,4
BRDA:91,14,1,1
BRDA:94,15,0,1
BRDA:94,15,1,4
BRDA:107,16,0,3
BRDA:107,16,1,8
BRDA:107,17,0,11
BRDA:107,17,1,10
BRDA:110,18,0,1
BRDA:110,18,1,10
BRDA:111,19,0,11
BRDA:111,19,1,10
BRDA:116,20,0,3
BRDA:116,20,1,8
BRDA:116,21,0,11
BRDA:116,21,1,10
BRF:43
BRH:43
end_of_record
TN:
SF:src/mcp/mcp-client-wrapper.ts
FN:30,(anonymous_9)
FN:39,(anonymous_10)
FN:103,(anonymous_11)
FN:113,(anonymous_12)
FN:139,(anonymous_13)
FN:157,(anonymous_14)
FN:191,(anonymous_15)
FN:194,(anonymous_16)
FN:205,(anonymous_17)
FN:215,(anonymous_18)
FN:221,(anonymous_19)
FN:239,(anonymous_20)
FN:257,(anonymous_21)
FN:301,(anonymous_22)
FN:345,(anonymous_23)
FN:387,(anonymous_24)
FN:419,(anonymous_25)
FN:432,(anonymous_26)
FN:453,(anonymous_27)
FN:457,(anonymous_28)
FN:459,(anonymous_29)
FN:473,(anonymous_30)
FN:477,(anonymous_31)
FN:479,(anonymous_32)
FN:492,(anonymous_33)
FN:496,(anonymous_34)
FN:506,(anonymous_35)
FNF:27
FNH:0
FNDA:0,(anonymous_9)
FNDA:0,(anonymous_10)
FNDA:0,(anonymous_11)
FNDA:0,(anonymous_12)
FNDA:0,(anonymous_13)
FNDA:0,(anonymous_14)
FNDA:0,(anonymous_15)
FNDA:0,(anonymous_16)
FNDA:0,(anonymous_17)
FNDA:0,(anonymous_18)
FNDA:0,(anonymous_19)
FNDA:0,(anonymous_20)
FNDA:0,(anonymous_21)
FNDA:0,(anonymous_22)
FNDA:0,(anonymous_23)
FNDA:0,(anonymous_24)
FNDA:0,(anonymous_25)
FNDA:0,(anonymous_26)
FNDA:0,(anonymous_27)
FNDA:0,(anonymous_28)
FNDA:0,(anonymous_29)
FNDA:0,(anonymous_30)
FNDA:0,(anonymous_31)
FNDA:0,(anonymous_32)
FNDA:0,(anonymous_33)
FNDA:0,(anonymous_34)
FNDA:0,(anonymous_35)
DA:1,0
DA:3,0
DA:10,0
DA:11,0
DA:12,0
DA:13,0
DA:14,0
DA:16,0
DA:17,0
DA:18,0
DA:19,0
DA:26,0
DA:27,0
DA:28,0
DA:33,0
DA:35,0
DA:36,0
DA:41,0
DA:43,0
DA:48,0
DA:49,0
DA:50,0
DA:51,0
DA:52,0
DA:56,0
DA:59,0
DA:65,0
DA:67,0
DA:68,0
DA:70,0
DA:71,0
DA:73,0
DA:74,0
DA:76,0
DA:80,0
DA:95,0
DA:96,0
DA:98,0
DA:99,0
DA:104,0
DA:105,0
DA:107,0
DA:108,0
DA:110,0
DA:114,0
DA:115,0
DA:118,0
DA:121,0
DA:122,0
DA:124,0
DA:125,0
DA:128,0
DA:134,0
DA:135,0
DA:136,0
DA:140,0
DA:141,0
DA:144,0
DA:150,0
DA:152,0
DA:153,0
DA:154,0
DA:158,0
DA:159,0
DA:162,0
DA:164,0
DA:169,0
DA:170,0
DA:172,0
DA:173,0
DA:179,0
DA:184,0
DA:186,0
DA:187,0
DA:188,0
DA:192,0
DA:194,0
DA:195,0
DA:196,0
DA:197,0
DA:200,0
DA:206,0
DA:207,0
DA:210,0
DA:211,0
DA:214,0
DA:215,0
DA:218,0
DA:222,0
DA:223,0
DA:226,0
DA:227,0
DA:228,0
DA:231,0
DA:232,0
DA:233,0
DA:235,0
DA:240,0
DA:241,0
DA:244,0
DA:245,0
DA:246,0
DA:249,0
DA:250,0
DA:251,0
DA:253,0
DA:262,0
DA:263,0
DA:266,0
DA:272,0
DA:273,0
DA:274,0
DA:275,0
DA:279,0
DA:280,0
DA:285,0
DA:286,0
DA:294,0
DA:298,0
DA:306,0
DA:307,0
DA:310,0
DA:316,0
DA:317,0
DA:318,0
DA:319,0
DA:323,0
DA:324,0
DA:329,0
DA:330,0
DA:338,0
DA:342,0
DA:349,0
DA:350,0
DA:353,0
DA:358,0
DA:359,0
DA:360,0
DA:361,0
DA:365,0
DA:366,0
DA:371,0
DA:372,0
DA:380,0
DA:384,0
DA:388,0
DA:389,0
DA:390,0
DA:393,0
DA:394,0
DA:396,0
DA:398,0
DA:399,0
DA:402,0
DA:404,0
DA:406,0
DA:407,0
DA:410,0
DA:412,0
DA:414,0
DA:415,0
DA:420,0
DA:421,0
DA:432,0
DA:436,0
DA:451,0
DA:453,0
DA:454,0
DA:457,0
DA:458,0
DA:459,0
DA:460,0
DA:461,0
DA:463,0
DA:471,0
DA:473,0
DA:474,0
DA:477,0
DA:478,0
DA:479,0
DA:480,0
DA:481,0
DA:483,0
DA:491,0
DA:492,0
DA:493,0
DA:496,0
DA:497,0
DA:503,0
DA:507,0
DA:508,0
DA:509,0
DA:512,0
DA:513,0
LF:194
LH:0
BRDA:41,0,0,0
BRDA:41,0,1,0
BRDA:48,1,0,0
BRDA:48,1,1,0
BRDA:51,2,0,0
BRDA:51,2,1,0
BRDA:65,3,0,0
BRDA:65,3,1,0
BRDA:65,3,2,0
BRDA:65,3,3,0
BRDA:98,4,0,0
BRDA:98,4,1,0
BRDA:104,5,0,0
BRDA:104,5,1,0
BRDA:107,6,0,0
BRDA:107,6,1,0
BRDA:114,7,0,0
BRDA:114,7,1,0
BRDA:121,8,0,0
BRDA:121,8,1,0
BRDA:122,9,0,0
BRDA:122,9,1,0
BRDA:130,10,0,0
BRDA:130,10,1,0
BRDA:140,11,0,0
BRDA:140,11,1,0
BRDA:158,12,0,0
BRDA:158,12,1,0
BRDA:169,13,0,0
BRDA:169,13,1,0
BRDA:172,14,0,0
BRDA:172,14,1,0
BRDA:179,15,0,0
BRDA:179,15,1,0
BRDA:196,16,0,0
BRDA:196,16,1,0
BRDA:206,17,0,0
BRDA:206,17,1,0
BRDA:211,18,0,0
BRDA:211,18,1,0
BRDA:222,19,0,0
BRDA:222,19,1,0
BRDA:228,20,0,0
BRDA:228,20,1,0
BRDA:231,21,0,0
BRDA:231,21,1,0
BRDA:240,22,0,0
BRDA:240,22,1,0
BRDA:246,23,0,0
BRDA:246,23,1,0
BRDA:249,24,0,0
BRDA:249,24,1,0
BRDA:262,25,0,0
BRDA:262,25,1,0
BRDA:272,26,0,0
BRDA:272,26,1,0
BRDA:274,27,0,0
BRDA:274,27,1,0
BRDA:275,28,0,0
BRDA:275,28,1,0
BRDA:285,29,0,0
BRDA:285,29,1,0
BRDA:306,30,0,0
BRDA:306,30,1,0
BRDA:316,31,0,0
BRDA:316,31,1,0
BRDA:318,32,0,0
BRDA:318,32,1,0
BRDA:319,33,0,0
BRDA:319,33,1,0
BRDA:329,34,0,0
BRDA:329,34,1,0
BRDA:349,35,0,0
BRDA:349,35,1,0
BRDA:358,36,0,0
BRDA:358,36,1,0
BRDA:360,37,0,0
BRDA:360,37,1,0
BRDA:361,38,0,0
BRDA:361,38,1,0
BRDA:371,39,0,0
BRDA:371,39,1,0
BRDA:389,40,0,0
BRDA:389,40,1,0
BRDA:389,41,0,0
BRDA:389,41,1,0
BRDA:389,41,2,0
BRDA:394,42,0,0
BRDA:394,42,1,0
BRDA:396,43,0,0
BRDA:396,43,1,0
BRDA:396,43,2,0
BRDA:398,44,0,0
BRDA:398,44,1,0
BRDA:406,45,0,0
BRDA:406,45,1,0
BRDA:419,46,0,0
BRDA:420,47,0,0
BRDA:420,47,1,0
BRDA:460,48,0,0
BRDA:460,48,1,0
BRDA:465,49,0,0
BRDA:465,49,1,0
BRDA:480,50,0,0
BRDA:480,50,1,0
BRDA:485,51,0,0
BRDA:485,51,1,0
BRDA:507,52,0,0
BRDA:507,52,1,0
BRDA:512,53,0,0
BRDA:512,53,1,0
BRF:111
BRH:0
end_of_record
TN:
SF:src/mcp/mcp-server.service.ts
FN:24,(anonymous_2)
FN:29,(anonymous_3)
FN:61,(anonymous_4)
FN:76,(anonymous_5)
FN:80,(anonymous_6)
FN:84,(anonymous_7)
FN:108,(anonymous_8)
FN:114,(anonymous_9)
FN:137,(anonymous_10)
FN:139,(anonymous_11)
FN:142,(anonymous_12)
FN:161,(anonymous_13)
FNF:12
FNH:0
FNDA:0,(anonymous_2)
FNDA:0,(anonymous_3)
FNDA:0,(anonymous_4)
FNDA:0,(anonymous_5)
FNDA:0,(anonymous_6)
FNDA:0,(anonymous_7)
FNDA:0,(anonymous_8)
FNDA:0,(anonymous_9)
FNDA:0,(anonymous_10)
FNDA:0,(anonymous_11)
FNDA:0,(anonymous_12)
FNDA:0,(anonymous_13)
DA:1,0
DA:2,0
DA:3,0
DA:4,0
DA:6,0
DA:7,0
DA:9,0
DA:20,0
DA:21,0
DA:22,0
DA:25,0
DA:26,0
DA:30,0
DA:33,0
DA:34,0
DA:35,0
DA:37,0
DA:38,0
DA:40,0
DA:42,0
DA:50,0
DA:52,0
DA:54,0
DA:55,0
DA:62,0
DA:63,0
DA:64,0
DA:66,0
DA:67,0
DA:69,0
DA:71,0
DA:77,0
DA:81,0
DA:89,0
DA:90,0
DA:91,0
DA:92,0
DA:95,0
DA:96,0
DA:97,0
DA:99,0
DA:100,0
DA:102,0
DA:103,0
DA:105,0
DA:108,0
DA:109,0
DA:110,0
DA:119,0
DA:120,0
DA:121,0
DA:122,0
DA:126,0
DA:127,0
DA:129,0
DA:130,0
DA:131,0
DA:132,0
DA:136,0
DA:137,0
DA:140,0
DA:143,0
DA:148,0
DA:151,0
DA:152,0
DA:154,0
DA:155,0
DA:156,0
DA:166,0
DA:167,0
DA:168,0
DA:169,0
DA:173,0
DA:175,0
DA:176,0
DA:177,0
DA:178,0
DA:179,0
DA:185,0
LF:79
LH:0
BRDA:47,0,0,0
BRDA:47,0,1,0
BRDA:54,1,0,0
BRDA:54,1,1,0
BRDA:90,2,0,0
BRDA:90,2,1,0
BRDA:120,3,0,0
BRDA:120,3,1,0
BRDA:126,4,0,0
BRDA:126,4,1,0
BRDA:126,4,2,0
BRDA:127,5,0,0
BRDA:127,5,1,0
BRDA:130,6,0,0
BRDA:130,6,1,0
BRDA:130,7,0,0
BRDA:130,7,1,0
BRDA:155,8,0,0
BRDA:155,8,1,0
BRDA:167,9,0,0
BRDA:167,9,1,0
BRDA:173,10,0,0
BRDA:173,10,1,0
BRDA:175,11,0,0
BRDA:175,11,1,0
BRDA:177,12,0,0
BRDA:177,12,1,0
BRDA:177,13,0,0
BRDA:177,13,1,0
BRF:29
BRH:0
end_of_record
TN:
SF:src/redaction/audit-logger.ts
FN:11,(anonymous_9)
FN:25,(anonymous_10)
FN:55,(anonymous_11)
FN:66,(anonymous_12)
FN:76,(anonymous_13)
FNF:5
FNH:0
FNDA:0,(anonymous_9)
FNDA:0,(anonymous_10)
FNDA:0,(anonymous_11)
FNDA:0,(anonymous_12)
FNDA:0,(anonymous_13)
DA:1,0
DA:2,0
DA:3,0
DA:4,0
DA:7,0
DA:8,0
DA:13,0
DA:14,0
DA:17,0
DA:18,0
DA:20,0
DA:21,0
DA:31,0
DA:32,0
DA:35,0
DA:36,0
DA:39,0
DA:43,0
DA:46,0
DA:50,0
DA:52,0
DA:56,0
DA:57,0
DA:58,0
DA:60,0
DA:62,0
DA:67,0
DA:68,0
DA:69,0
DA:71,0
DA:75,0
DA:76,0
DA:79,0
DA:80,0
DA:81,0
DA:82,0
DA:84,0
DA:87,0
LF:38
LH:0
BRDA:31,0,0,0
BRDA:31,0,1,0
BRDA:31,1,0,0
BRDA:31,1,1,0
BRDA:67,2,0,0
BRDA:67,2,1,0
BRDA:75,3,0,0
BRDA:75,3,1,0
BRDA:79,4,0,0
BRDA:79,4,1,0
BRDA:79,5,0,0
BRDA:79,5,1,0
BRF:12
BRH:0
end_of_record
TN:
SF:src/redaction/matcher.ts
FN:14,(anonymous_0)
FN:16,(anonymous_1)
FN:19,(anonymous_2)
FN:26,(anonymous_3)
FN:33,(anonymous_4)
FN:65,(anonymous_5)
FN:93,(anonymous_6)
FN:113,(anonymous_7)
FNF:8
FNH:8
FNDA:46,(anonymous_0)
FNDA:1172,(anonymous_1)
FNDA:47,(anonymous_2)
FNDA:66,(anonymous_3)
FNDA:31,(anonymous_4)
FNDA:66,(anonymous_5)
FNDA:94,(anonymous_6)
FNDA:71,(anonymous_7)
DA:10,2
DA:15,46
DA:16,1172
DA:20,47
DA:21,1
DA:23,46
DA:27,66
DA:28,66
DA:29,14
DA:33,52
DA:36,52
DA:37,52
DA:38,83
DA:39,60
DA:41,23
DA:42,23
DA:43,0
DA:49,52
DA:50,52
DA:51,52
DA:52,60
DA:53,21
DA:55,60
DA:56,60
DA:58,52
DA:59,24
DA:62,52
DA:66,66
DA:67,66
DA:69,66
DA:70,1206
DA:71,1206
DA:73,1206
DA:74,1300
DA:75,1300
DA:76,1206
DA:80,94
DA:81,94
DA:82,94
DA:83,83
DA:86,94
DA:90,66
DA:95,94
DA:96,30
DA:97,30
DA:98,4
DA:103,90
DA:104,41
DA:105,41
DA:106,7
DA:110,83
DA:114,71
LF:52
LH:51
BRDA:20,0,0,1
BRDA:20,0,1,46
BRDA:28,1,0,14
BRDA:28,1,1,52
BRDA:38,2,0,60
BRDA:38,2,1,23
BRDA:38,3,0,83
BRDA:38,3,1,31
BRDA:42,4,0,0
BRDA:42,4,1,23
BRDA:52,5,0,21
BRDA:52,5,1,39
BRDA:58,6,0,24
BRDA:58,6,1,28
BRDA:75,7,0,1206
BRDA:75,7,1,94
BRDA:82,8,0,83
BRDA:82,8,1,11
BRDA:95,9,0,30
BRDA:95,9,1,64
BRDA:97,10,0,4
BRDA:97,10,1,26
BRDA:103,11,0,41
BRDA:103,11,1,49
BRDA:105,12,0,7
BRDA:105,12,1,34
BRF:26
BRH:25
end_of_record
TN:
SF:src/redaction/redaction.service.ts
FN:8,(anonymous_1)
FN:14,(anonymous_2)
FN:41,(anonymous_3)
FN:48,(anonymous_4)
FN:60,(anonymous_5)
FN:66,(anonymous_6)
FN:78,(anonymous_7)
FN:81,(anonymous_8)
FN:87,(anonymous_9)
FN:111,(anonymous_10)
FN:120,(anonymous_11)
FN:120,(anonymous_12)
FN:138,(anonymous_13)
FN:149,(anonymous_14)
FN:150,(anonymous_15)
FN:164,(anonymous_16)
FNF:16
FNH:14
FNDA:33,(anonymous_1)
FNDA:28,(anonymous_2)
FNDA:8,(anonymous_3)
FNDA:19,(anonymous_4)
FNDA:47,(anonymous_5)
FNDA:11,(anonymous_6)
FNDA:6,(anonymous_7)
FNDA:21,(anonymous_8)
FNDA:3,(anonymous_9)
FNDA:27,(anonymous_10)
FNDA:0,(anonymous_11)
FNDA:0,(anonymous_12)
FNDA:48,(anonymous_13)
FNDA:144,(anonymous_14)
FNDA:144,(anonymous_15)
FNDA:25,(anonymous_16)
DA:1,1
DA:2,1
DA:4,1
DA:5,1
DA:8,1
DA:9,33
DA:10,33
DA:11,33
DA:12,33
DA:15,28
DA:16,1
DA:17,0
DA:19,1
DA:22,27
DA:24,27
DA:25,27
DA:27,24
DA:28,0
DA:29,0
DA:30,0
DA:33,24
DA:34,24
DA:36,3
DA:37,3
DA:42,8
DA:43,2
DA:45,8
DA:49,19
DA:50,4
DA:53,15
DA:54,9
DA:57,6
DA:61,47
DA:62,18
DA:63,18
DA:65,29
DA:66,11
DA:68,23
DA:69,17
DA:70,17
DA:71,26
DA:73,17
DA:75,6
DA:79,6
DA:81,6
DA:82,21
DA:83,1
DA:84,1
DA:86,20
DA:87,3
DA:89,18
DA:90,12
DA:91,12
DA:92,21
DA:93,9
DA:94,8
DA:95,8
DA:97,1
DA:100,12
DA:103,12
DA:105,6
DA:108,6
DA:112,27
DA:113,27
DA:114,2
DA:118,25
DA:119,25
DA:120,0
DA:123,25
DA:124,0
DA:127,25
DA:128,25
DA:129,1
DA:132,24
DA:136,24
DA:138,24
DA:139,48
DA:140,48
DA:141,48
DA:142,0
DA:145,48
DA:146,48
DA:147,48
DA:149,144
DA:150,144
DA:151,48
DA:155,24
DA:156,24
DA:157,48
DA:158,48
DA:161,24
DA:165,25
DA:166,25
DA:167,1
DA:168,1
DA:170,0
DA:174,24
DA:175,24
DA:176,1
DA:180,23
DA:181,23
DA:182,23
DA:183,23
DA:184,23
DA:185,1
DA:188,23
DA:190,0
LF:107
LH:98
BRDA:15,0,0,1
BRDA:15,0,1,27
BRDA:16,1,0,0
BRDA:16,1,1,1
BRDA:27,2,0,0
BRDA:27,2,1,24
BRDA:42,3,0,2
BRDA:42,3,1,6
BRDA:49,4,0,4
BRDA:49,4,1,15
BRDA:49,5,0,19
BRDA:49,5,1,17
BRDA:49,5,2,16
BRDA:53,6,0,9
BRDA:53,6,1,6
BRDA:53,7,0,15
BRDA:53,7,1,7
BRDA:61,8,0,18
BRDA:61,8,1,29
BRDA:65,9,0,6
BRDA:65,9,1,23
BRDA:68,10,0,17
BRDA:68,10,1,6
BRDA:68,11,0,23
BRDA:68,11,1,21
BRDA:82,12,0,1
BRDA:82,12,1,20
BRDA:86,13,0,2
BRDA:86,13,1,18
BRDA:89,14,0,12
BRDA:89,14,1,6
BRDA:89,15,0,18
BRDA:89,15,1,18
BRDA:92,16,0,9
BRDA:92,16,1,12
BRDA:93,17,0,8
BRDA:93,17,1,1
BRDA:113,18,0,2
BRDA:113,18,1,25
BRDA:119,19,0,0
BRDA:119,19,1,25
BRDA:123,20,0,0
BRDA:123,20,1,25
BRDA:128,21,0,1
BRDA:128,21,1,24
BRDA:141,22,0,0
BRDA:141,22,1,48
BRDA:166,23,0,1
BRDA:166,23,1,24
BRDA:175,24,0,1
BRDA:175,24,1,23
BRDA:182,25,0,23
BRDA:182,25,1,0
BRDA:182,26,0,23
BRDA:182,26,1,23
BRDA:184,27,0,1
BRDA:184,27,1,22
BRDA:184,28,0,23
BRDA:184,28,1,1
BRF:59
BRH:53
end_of_record
TN:
SF:src/redaction/scanner-generic.ts
FN:7,redactGeneric
FN:59,scanEmailAt
FN:137,scanPhoneAt
FN:211,isDigit
FN:215,isLetter
FN:219,isAlphaNum
FN:223,isAlphaUnderscore
FN:227,isAlphaNumUnderscore
FN:231,isEmailLocalChar
FN:235,isDomainLabelChar
FNF:10
FNH:10
FNDA:59,redactGeneric
FNDA:22,scanEmailAt
FNDA:52,scanPhoneAt
FNDA:3025,isDigit
FNDA:347,isLetter
FNDA:336,isAlphaNum
FNDA:11,isAlphaUnderscore
FNDA:21,isAlphaNumUnderscore
FNDA:138,isEmailLocalChar
FNDA:185,isDomainLabelChar
DA:4,2
DA:5,2
DA:7,2
DA:8,59
DA:9,1
DA:12,58
DA:13,58
DA:14,58
DA:16,58
DA:17,2654
DA:19,2654
DA:20,22
DA:21,22
DA:22,17
DA:23,13
DA:25,17
DA:26,17
DA:27,17
DA:28,17
DA:32,2637
DA:33,52
DA:34,52
DA:35,11
DA:36,10
DA:38,11
DA:39,11
DA:40,11
DA:41,11
DA:45,2626
DA:48,58
DA:49,33
DA:52,25
DA:53,5
DA:56,25
DA:60,22
DA:61,22
DA:62,0
DA:66,22
DA:67,22
DA:68,123
DA:70,22
DA:71,22
DA:73,22
DA:74,1
DA:78,21
DA:79,2
DA:82,19
DA:83,84
DA:84,1
DA:89,18
DA:90,18
DA:91,18
DA:92,18
DA:94,18
DA:95,185
DA:96,185
DA:97,160
DA:98,160
DA:99,160
DA:101,25
DA:102,17
DA:103,0
DA:105,17
DA:106,17
DA:107,17
DA:108,17
DA:109,17
DA:111,8
DA:114,18
DA:115,18
DA:116,0
DA:118,18
DA:119,1
DA:122,17
DA:123,0
DA:127,17
DA:128,0
DA:130,17
DA:131,0
DA:134,17
DA:143,52
DA:144,52
DA:145,52
DA:146,52
DA:147,52
DA:148,52
DA:149,52
DA:151,52
DA:152,6
DA:153,6
DA:154,6
DA:155,0
DA:159,52
DA:160,327
DA:161,327
DA:162,269
DA:163,269
DA:164,58
DA:165,38
DA:166,38
DA:167,20
DA:168,0
DA:169,0
DA:170,0
DA:171,20
DA:172,3
DA:173,3
DA:175,0
DA:176,0
DA:177,17
DA:178,0
DA:179,0
DA:181,0
DA:183,17
DA:187,49
DA:188,49
DA:189,0
DA:191,49
DA:192,37
DA:195,12
DA:196,1
DA:198,11
DA:199,0
DA:202,11
DA:203,0
DA:204,0
DA:208,11
DA:212,3025
DA:216,347
DA:220,336
DA:224,11
DA:228,21
DA:232,138
DA:236,185
LF:134
LH:115
BRDA:8,0,0,1
BRDA:8,0,1,58
BRDA:19,1,0,22
BRDA:19,1,1,2632
BRDA:21,2,0,17
BRDA:21,2,1,5
BRDA:22,3,0,13
BRDA:22,3,1,4
BRDA:32,4,0,52
BRDA:32,4,1,2585
BRDA:32,5,0,2637
BRDA:32,5,1,2631
BRDA:34,6,0,11
BRDA:34,6,1,41
BRDA:35,7,0,10
BRDA:35,7,1,1
BRDA:48,8,0,33
BRDA:48,8,1,25
BRDA:52,9,0,5
BRDA:52,9,1,20
BRDA:61,10,0,0
BRDA:61,10,1,22
BRDA:61,11,0,22
BRDA:61,11,1,22
BRDA:67,12,0,145
BRDA:67,12,1,138
BRDA:73,13,0,1
BRDA:73,13,1,21
BRDA:78,14,0,2
BRDA:78,14,1,19
BRDA:78,15,0,21
BRDA:78,15,1,20
BRDA:83,16,0,1
BRDA:83,16,1,83
BRDA:83,17,0,84
BRDA:83,17,1,4
BRDA:96,18,0,160
BRDA:96,18,1,25
BRDA:101,19,0,17
BRDA:101,19,1,8
BRDA:102,20,0,0
BRDA:102,20,1,17
BRDA:102,21,0,17
BRDA:102,21,1,17
BRDA:115,22,0,0
BRDA:115,22,1,18
BRDA:115,23,0,18
BRDA:115,23,1,18
BRDA:118,24,0,1
BRDA:118,24,1,17
BRDA:122,25,0,0
BRDA:122,25,1,17
BRDA:122,26,0,17
BRDA:122,26,1,17
BRDA:122,26,2,17
BRDA:127,27,0,0
BRDA:127,27,1,17
BRDA:127,28,0,17
BRDA:127,28,1,13
BRDA:130,29,0,0
BRDA:130,29,1,17
BRDA:130,30,0,17
BRDA:130,30,1,8
BRDA:151,31,0,6
BRDA:151,31,1,46
BRDA:154,32,0,0
BRDA:154,32,1,6
BRDA:161,33,0,269
BRDA:161,33,1,58
BRDA:164,34,0,38
BRDA:164,34,1,20
BRDA:164,35,0,58
BRDA:164,35,1,37
BRDA:164,35,2,22
BRDA:167,36,0,0
BRDA:167,36,1,20
BRDA:171,37,0,3
BRDA:171,37,1,17
BRDA:172,38,0,3
BRDA:172,38,1,0
BRDA:177,39,0,0
BRDA:177,39,1,17
BRDA:177,40,0,17
BRDA:177,40,1,17
BRDA:178,41,0,0
BRDA:178,41,1,0
BRDA:188,42,0,0
BRDA:188,42,1,49
BRDA:191,43,0,37
BRDA:191,43,1,12
BRDA:191,44,0,49
BRDA:191,44,1,12
BRDA:195,45,0,1
BRDA:195,45,1,11
BRDA:195,46,0,12
BRDA:195,46,1,11
BRDA:198,47,0,0
BRDA:198,47,1,11
BRDA:198,48,0,11
BRDA:198,48,1,0
BRDA:202,49,0,0
BRDA:202,49,1,11
BRDA:202,50,0,11
BRDA:202,50,1,2
BRDA:202,50,2,1
BRDA:203,51,0,0
BRDA:203,51,1,0
BRDA:203,52,0,0
BRDA:203,52,1,0
BRDA:203,52,2,0
BRDA:212,53,0,3025
BRDA:212,53,1,2838
BRDA:216,54,0,347
BRDA:216,54,1,270
BRDA:216,54,2,77
BRDA:216,54,3,0
BRDA:220,55,0,336
BRDA:220,55,1,67
BRDA:224,56,0,11
BRDA:224,56,1,10
BRDA:228,57,0,21
BRDA:228,57,1,21
BRDA:232,58,0,138
BRDA:232,58,1,132
BRDA:232,58,2,132
BRDA:232,58,3,131
BRDA:232,58,4,130
BRDA:236,59,0,185
BRDA:236,59,1,25
BRF:129
BRH:107
end_of_record
