TN:
SF:src/app.controller.ts
FN:21,(anonymous_4)
FN:27,(anonymous_5)
FN:32,(anonymous_6)
FN:78,(anonymous_7)
FN:127,(anonymous_8)
FNF:5
FNH:5
FNDA:29,(anonymous_4)
FNDA:1,(anonymous_5)
FNDA:10,(anonymous_6)
FNDA:7,(anonymous_7)
FNDA:11,(anonymous_8)
DA:3,1
DA:14,1
DA:15,1
DA:18,1
DA:19,29
DA:22,29
DA:23,29
DA:27,1
DA:28,1
DA:32,1
DA:37,10
DA:38,10
DA:40,10
DA:41,1
DA:45,9
DA:49,5
DA:50,5
DA:51,1
DA:54,4
DA:55,4
DA:56,1
DA:60,7
DA:61,7
DA:63,2
DA:71,2
DA:72,1
DA:78,1
DA:83,7
DA:84,7
DA:86,7
DA:87,1
DA:88,1
DA:92,6
DA:96,3
DA:97,3
DA:98,1
DA:99,1
DA:102,2
DA:103,2
DA:104,1
DA:105,1
DA:109,4
DA:110,4
DA:112,2
DA:120,2
DA:121,1
DA:127,1
DA:132,11
DA:133,11
DA:135,11
DA:136,1
DA:140,10
DA:144,3
DA:145,3
DA:146,1
DA:149,2
DA:150,2
DA:151,1
DA:156,8
DA:157,8
DA:159,4
DA:160,2
DA:163,2
DA:164,1
DA:166,1
DA:169,4
DA:170,4
DA:176,2
DA:184,2
DA:185,1
LF:70
LH:70
BRDA:40,0,0,1
BRDA:40,0,1,9
BRDA:45,1,0,5
BRDA:45,1,1,4
BRDA:46,2,0,9
BRDA:46,2,1,6
BRDA:50,3,0,1
BRDA:50,3,1,4
BRDA:55,4,0,1
BRDA:55,4,1,3
BRDA:71,5,0,1
BRDA:71,5,1,1
BRDA:86,6,0,1
BRDA:86,6,1,6
BRDA:92,7,0,3
BRDA:92,7,1,3
BRDA:93,8,0,6
BRDA:93,8,1,3
BRDA:97,9,0,1
BRDA:97,9,1,2
BRDA:103,10,0,1
BRDA:103,10,1,1
BRDA:120,11,0,1
BRDA:120,11,1,1
BRDA:135,12,0,1
BRDA:135,12,1,10
BRDA:140,13,0,3
BRDA:140,13,1,7
BRDA:141,14,0,10
BRDA:141,14,1,3
BRDA:145,15,0,1
BRDA:145,15,1,2
BRDA:150,16,0,1
BRDA:150,16,1,1
BRDA:156,17,0,8
BRDA:156,17,1,1
BRDA:157,18,0,4
BRDA:157,18,1,4
BRDA:159,19,0,2
BRDA:159,19,1,2
BRDA:163,20,0,1
BRDA:163,20,1,1
BRDA:184,21,0,1
BRDA:184,21,1,1
BRF:44
BRH:44
end_of_record
TN:
SF:src/config/config.service.ts
FN:12,(anonymous_11)
FN:17,(anonymous_12)
FN:85,(anonymous_13)
FN:92,(anonymous_14)
FN:106,(anonymous_15)
FN:110,(anonymous_16)
FN:127,(anonymous_17)
FN:132,(anonymous_18)
FN:150,(anonymous_19)
FNF:9
FNH:6
FNDA:22,(anonymous_11)
FNDA:21,(anonymous_12)
FNDA:2,(anonymous_13)
FNDA:0,(anonymous_14)
FNDA:0,(anonymous_15)
FNDA:0,(anonymous_16)
FNDA:4,(anonymous_17)
FNDA:5,(anonymous_18)
FNDA:11,(anonymous_19)
DA:1,3
DA:2,3
DA:3,3
DA:5,3
DA:7,3
DA:12,3
DA:13,22
DA:14,22
DA:15,22
DA:21,21
DA:22,3
DA:23,3
DA:26,3
DA:27,3
DA:30,18
DA:33,18
DA:34,18
DA:35,18
DA:42,21
DA:43,1
DA:46,20
DA:47,1
DA:51,20
DA:52,19
DA:55,12
DA:56,4
DA:62,19
DA:63,18
DA:64,11
DA:65,1
DA:67,11
DA:72,19
DA:73,1
DA:76,19
DA:82,19
DA:86,2
DA:87,1
DA:89,1
DA:93,0
DA:94,0
DA:95,0
DA:100,0
DA:102,0
DA:107,0
DA:111,0
DA:113,0
DA:116,0
DA:117,0
DA:120,0
DA:123,0
DA:124,0
DA:128,4
DA:130,4
DA:131,5
DA:132,4
DA:133,5
DA:134,5
DA:135,1
DA:143,4
DA:145,3
DA:151,11
DA:152,3
DA:154,11
DA:158,1
DA:160,11
DA:161,3
LF:66
LH:53
BRDA:17,0,0,20
BRDA:21,1,0,3
BRDA:21,1,1,18
BRDA:21,2,0,21
BRDA:21,2,1,20
BRDA:23,3,0,1
BRDA:23,3,1,2
BRDA:30,4,0,1
BRDA:30,4,1,17
BRDA:42,5,0,1
BRDA:42,5,1,20
BRDA:46,6,0,1
BRDA:46,6,1,19
BRDA:51,7,0,19
BRDA:51,7,1,1
BRDA:55,8,0,4
BRDA:55,8,1,8
BRDA:62,9,0,18
BRDA:62,9,1,1
BRDA:64,10,0,1
BRDA:64,10,1,10
BRDA:72,11,0,1
BRDA:72,11,1,18
BRDA:78,12,0,19
BRDA:78,12,1,1
BRDA:79,13,0,19
BRDA:79,13,1,13
BRDA:86,14,0,1
BRDA:86,14,1,1
BRDA:94,15,0,0
BRDA:94,15,1,0
BRDA:94,16,0,0
BRDA:94,16,1,0
BRDA:111,17,0,0
BRDA:111,17,1,0
BRDA:117,18,0,0
BRDA:117,18,1,0
BRDA:117,19,0,0
BRDA:117,19,1,0
BRDA:131,20,0,4
BRDA:131,20,1,1
BRDA:134,21,0,1
BRDA:134,21,1,4
BRDA:151,22,0,3
BRDA:151,22,1,8
BRDA:151,23,0,11
BRDA:151,23,1,10
BRDA:154,24,0,1
BRDA:154,24,1,10
BRDA:155,25,0,11
BRDA:155,25,1,10
BRDA:160,26,0,3
BRDA:160,26,1,8
BRDA:160,27,0,11
BRDA:160,27,1,10
BRF:55
BRH:45
end_of_record
TN:
SF:src/mcp/mcp-client-wrapper.ts
FN:41,(anonymous_9)
FN:54,(anonymous_10)
FN:58,(anonymous_11)
FN:78,(anonymous_12)
FN:86,(anonymous_13)
FN:159,(anonymous_14)
FN:185,(anonymous_15)
FN:203,(anonymous_16)
FN:244,(anonymous_17)
FN:248,(anonymous_18)
FN:259,(anonymous_19)
FN:283,(anonymous_20)
FN:293,(anonymous_21)
FN:326,(anonymous_22)
FN:361,(anonymous_23)
FN:406,(anonymous_24)
FN:411,(anonymous_25)
FN:412,(anonymous_26)
FN:434,(anonymous_27)
FN:479,(anonymous_28)
FN:522,(anonymous_29)
FN:568,(anonymous_30)
FN:577,(anonymous_31)
FN:596,(anonymous_32)
FN:603,(anonymous_33)
FN:615,(anonymous_34)
FN:619,(anonymous_35)
FN:632,(anonymous_36)
FN:647,(anonymous_37)
FN:651,(anonymous_38)
FN:664,(anonymous_39)
FN:679,(anonymous_40)
FN:690,(anonymous_41)
FNF:33
FNH:3
FNDA:22,(anonymous_9)
FNDA:0,(anonymous_10)
FNDA:3,(anonymous_11)
FNDA:0,(anonymous_12)
FNDA:0,(anonymous_13)
FNDA:0,(anonymous_14)
FNDA:0,(anonymous_15)
FNDA:0,(anonymous_16)
FNDA:0,(anonymous_17)
FNDA:0,(anonymous_18)
FNDA:0,(anonymous_19)
FNDA:0,(anonymous_20)
FNDA:0,(anonymous_21)
FNDA:0,(anonymous_22)
FNDA:0,(anonymous_23)
FNDA:0,(anonymous_24)
FNDA:0,(anonymous_25)
FNDA:0,(anonymous_26)
FNDA:0,(anonymous_27)
FNDA:0,(anonymous_28)
FNDA:13,(anonymous_29)
FNDA:0,(anonymous_30)
FNDA:0,(anonymous_31)
FNDA:0,(anonymous_32)
FNDA:0,(anonymous_33)
FNDA:0,(anonymous_34)
FNDA:0,(anonymous_35)
FNDA:0,(anonymous_36)
FNDA:0,(anonymous_37)
FNDA:0,(anonymous_38)
FNDA:0,(anonymous_39)
FNDA:0,(anonymous_40)
FNDA:0,(anonymous_41)
DA:1,3
DA:2,3
DA:3,3
DA:4,3
DA:5,3
DA:7,3
DA:15,3
DA:18,3
DA:19,22
DA:20,22
DA:21,22
DA:28,22
DA:29,22
DA:30,22
DA:31,22
DA:32,22
DA:33,22
DA:34,22
DA:35,22
DA:37,22
DA:38,22
DA:39,22
DA:44,22
DA:48,22
DA:49,22
DA:50,22
DA:51,22
DA:55,0
DA:59,3
DA:60,1
DA:62,2
DA:63,1
DA:65,1
DA:79,0
DA:80,0
DA:82,0
DA:83,0
DA:86,0
DA:88,0
DA:90,0
DA:95,0
DA:96,0
DA:97,0
DA:98,0
DA:99,0
DA:103,0
DA:106,0
DA:112,0
DA:114,0
DA:115,0
DA:117,0
DA:118,0
DA:120,0
DA:121,0
DA:123,0
DA:127,0
DA:142,0
DA:143,0
DA:145,0
DA:146,0
DA:149,0
DA:152,0
DA:153,0
DA:155,0
DA:160,0
DA:161,0
DA:164,0
DA:167,0
DA:168,0
DA:170,0
DA:171,0
DA:174,0
DA:180,0
DA:181,0
DA:182,0
DA:186,0
DA:187,0
DA:190,0
DA:196,0
DA:198,0
DA:199,0
DA:200,0
DA:204,0
DA:205,0
DA:208,0
DA:210,0
DA:215,0
DA:216,0
DA:218,0
DA:219,0
DA:221,0
DA:232,0
DA:237,0
DA:239,0
DA:240,0
DA:241,0
DA:246,0
DA:248,0
DA:249,0
DA:250,0
DA:251,0
DA:254,0
DA:260,0
DA:261,0
DA:262,0
DA:266,0
DA:267,0
DA:270,0
DA:273,0
DA:274,0
DA:277,0
DA:278,0
DA:279,0
DA:282,0
DA:283,0
DA:286,0
DA:290,0
DA:294,0
DA:295,0
DA:296,0
DA:300,0
DA:301,0
DA:304,0
DA:307,0
DA:308,0
DA:309,0
DA:311,0
DA:312,0
DA:313,0
DA:314,0
DA:315,0
DA:318,0
DA:319,0
DA:320,0
DA:322,0
DA:327,0
DA:328,0
DA:329,0
DA:333,0
DA:334,0
DA:337,0
DA:340,0
DA:341,0
DA:342,0
DA:344,0
DA:345,0
DA:346,0
DA:347,0
DA:348,0
DA:351,0
DA:352,0
DA:355,0
DA:357,0
DA:366,0
DA:367,0
DA:368,0
DA:371,0
DA:377,0
DA:378,0
DA:379,0
DA:380,0
DA:384,0
DA:385,0
DA:390,0
DA:391,0
DA:399,0
DA:403,0
DA:407,0
DA:408,0
DA:409,0
DA:412,0
DA:413,0
DA:422,0
DA:426,0
DA:428,0
DA:429,0
DA:439,0
DA:440,0
DA:441,0
DA:444,0
DA:450,0
DA:451,0
DA:452,0
DA:453,0
DA:457,0
DA:458,0
DA:463,0
DA:464,0
DA:472,0
DA:476,0
DA:483,0
DA:484,0
DA:485,0
DA:488,0
DA:493,0
DA:494,0
DA:495,0
DA:496,0
DA:500,0
DA:501,0
DA:506,0
DA:507,0
DA:515,0
DA:519,0
DA:523,13
DA:524,13
DA:525,2
DA:528,11
DA:529,11
DA:531,11
DA:533,2
DA:534,1
DA:543,1
DA:545,1
DA:547,8
DA:548,6
DA:557,6
DA:559,2
DA:561,1
DA:564,1
DA:577,0
DA:581,0
DA:596,0
DA:598,0
DA:599,0
DA:603,0
DA:604,0
DA:606,0
DA:610,0
DA:611,0
DA:612,0
DA:615,0
DA:616,0
DA:617,0
DA:618,0
DA:619,0
DA:620,0
DA:621,0
DA:623,0
DA:624,0
DA:632,0
DA:634,0
DA:635,0
DA:639,0
DA:642,0
DA:643,0
DA:644,0
DA:647,0
DA:648,0
DA:649,0
DA:650,0
DA:651,0
DA:652,0
DA:653,0
DA:655,0
DA:656,0
DA:664,0
DA:666,0
DA:667,0
DA:671,0
DA:674,0
DA:675,0
DA:676,0
DA:679,0
DA:680,0
DA:681,0
DA:687,0
DA:691,0
DA:692,0
DA:693,0
DA:697,0
DA:698,0
DA:699,0
DA:701,0
DA:704,0
DA:705,0
DA:706,0
LF:277
LH:48
BRDA:45,0,0,22
BRDA:46,1,0,22
BRDA:59,2,0,1
BRDA:59,2,1,2
BRDA:62,3,0,1
BRDA:62,3,1,1
BRDA:79,4,0,0
BRDA:79,4,1,0
BRDA:82,5,0,0
BRDA:82,5,1,0
BRDA:88,6,0,0
BRDA:88,6,1,0
BRDA:95,7,0,0
BRDA:95,7,1,0
BRDA:98,8,0,0
BRDA:98,8,1,0
BRDA:112,9,0,0
BRDA:112,9,1,0
BRDA:112,9,2,0
BRDA:112,9,3,0
BRDA:145,10,0,0
BRDA:145,10,1,0
BRDA:160,11,0,0
BRDA:160,11,1,0
BRDA:167,12,0,0
BRDA:167,12,1,0
BRDA:168,13,0,0
BRDA:168,13,1,0
BRDA:176,14,0,0
BRDA:176,14,1,0
BRDA:186,15,0,0
BRDA:186,15,1,0
BRDA:204,16,0,0
BRDA:204,16,1,0
BRDA:215,17,0,0
BRDA:215,17,1,0
BRDA:219,18,0,0
BRDA:219,18,1,0
BRDA:232,19,0,0
BRDA:232,19,1,0
BRDA:250,20,0,0
BRDA:250,20,1,0
BRDA:261,21,0,0
BRDA:261,21,1,0
BRDA:266,22,0,0
BRDA:266,22,1,0
BRDA:273,23,0,0
BRDA:273,23,1,0
BRDA:273,24,0,0
BRDA:273,24,1,0
BRDA:277,25,0,0
BRDA:277,25,1,0
BRDA:279,26,0,0
BRDA:279,26,1,0
BRDA:295,27,0,0
BRDA:295,27,1,0
BRDA:300,28,0,0
BRDA:300,28,1,0
BRDA:308,29,0,0
BRDA:308,29,1,0
BRDA:308,30,0,0
BRDA:308,30,1,0
BRDA:311,31,0,0
BRDA:311,31,1,0
BRDA:313,32,0,0
BRDA:313,32,1,0
BRDA:318,33,0,0
BRDA:318,33,1,0
BRDA:328,34,0,0
BRDA:328,34,1,0
BRDA:333,35,0,0
BRDA:333,35,1,0
BRDA:341,36,0,0
BRDA:341,36,1,0
BRDA:341,37,0,0
BRDA:341,37,1,0
BRDA:344,38,0,0
BRDA:344,38,1,0
BRDA:346,39,0,0
BRDA:346,39,1,0
BRDA:351,40,0,0
BRDA:351,40,1,0
BRDA:367,41,0,0
BRDA:367,41,1,0
BRDA:377,42,0,0
BRDA:377,42,1,0
BRDA:379,43,0,0
BRDA:379,43,1,0
BRDA:380,44,0,0
BRDA:380,44,1,0
BRDA:390,45,0,0
BRDA:390,45,1,0
BRDA:428,46,0,0
BRDA:428,46,1,0
BRDA:440,47,0,0
BRDA:440,47,1,0
BRDA:450,48,0,0
BRDA:450,48,1,0
BRDA:452,49,0,0
BRDA:452,49,1,0
BRDA:453,50,0,0
BRDA:453,50,1,0
BRDA:463,51,0,0
BRDA:463,51,1,0
BRDA:484,52,0,0
BRDA:484,52,1,0
BRDA:493,53,0,0
BRDA:493,53,1,0
BRDA:495,54,0,0
BRDA:495,54,1,0
BRDA:496,55,0,0
BRDA:496,55,1,0
BRDA:506,56,0,0
BRDA:506,56,1,0
BRDA:524,57,0,2
BRDA:524,57,1,11
BRDA:524,58,0,13
BRDA:524,58,1,12
BRDA:524,58,2,12
BRDA:529,59,0,11
BRDA:529,59,1,1
BRDA:531,60,0,2
BRDA:531,60,1,8
BRDA:531,60,2,1
BRDA:533,61,0,1
BRDA:533,61,1,1
BRDA:547,62,0,6
BRDA:547,62,1,2
BRDA:568,63,0,0
BRDA:598,64,0,0
BRDA:598,64,1,0
BRDA:598,65,0,0
BRDA:598,65,1,0
BRDA:598,65,2,0
BRDA:620,66,0,0
BRDA:620,66,1,0
BRDA:623,67,0,0
BRDA:623,67,1,0
BRDA:634,68,0,0
BRDA:634,68,1,0
BRDA:634,69,0,0
BRDA:634,69,1,0
BRDA:652,70,0,0
BRDA:652,70,1,0
BRDA:655,71,0,0
BRDA:655,71,1,0
BRDA:666,72,0,0
BRDA:666,72,1,0
BRDA:666,73,0,0
BRDA:666,73,1,0
BRDA:691,74,0,0
BRDA:691,74,1,0
BRDA:697,75,0,0
BRDA:697,75,1,0
BRDA:704,76,0,0
BRDA:704,76,1,0
BRF:156
BRH:20
end_of_record
TN:
SF:src/mcp/mcp-server.service.ts
FN:28,(anonymous_2)
FN:33,(anonymous_3)
FN:46,(anonymous_4)
FN:48,(anonymous_5)
FN:117,(anonymous_6)
FN:148,(anonymous_7)
FN:152,(anonymous_8)
FN:156,(anonymous_9)
FN:186,(anonymous_10)
FN:195,(anonymous_11)
FN:221,(anonymous_12)
FN:223,(anonymous_13)
FN:226,(anonymous_14)
FN:250,(anonymous_15)
FNF:14
FNH:11
FNDA:29,(anonymous_2)
FNDA:29,(anonymous_3)
FNDA:0,(anonymous_4)
FNDA:0,(anonymous_5)
FNDA:3,(anonymous_6)
FNDA:36,(anonymous_7)
FNDA:1,(anonymous_8)
FNDA:4,(anonymous_9)
FNDA:1,(anonymous_10)
FNDA:9,(anonymous_11)
FNDA:0,(anonymous_12)
FNDA:1,(anonymous_13)
FNDA:1,(anonymous_14)
FNDA:5,(anonymous_15)
DA:1,2
DA:5,2
DA:6,2
DA:8,2
DA:10,2
DA:11,2
DA:12,2
DA:24,2
DA:25,29
DA:26,29
DA:29,29
DA:30,29
DA:34,29
DA:39,29
DA:40,29
DA:41,29
DA:42,29
DA:43,29
DA:45,29
DA:47,0
DA:48,0
DA:51,0
DA:61,29
DA:62,57
DA:63,57
DA:64,57
DA:72,57
DA:73,57
DA:74,57
DA:75,57
DA:76,55
DA:78,55
DA:80,55
DA:88,2
DA:97,2
DA:98,1
DA:104,0
DA:106,0
DA:118,3
DA:119,6
DA:120,6
DA:122,6
DA:123,3
DA:125,5
DA:127,4
DA:128,4
DA:129,20
DA:130,20
DA:131,0
DA:132,0
DA:137,2
DA:145,3
DA:149,36
DA:153,1
DA:161,4
DA:162,4
DA:163,1
DA:164,1
DA:169,3
DA:170,3
DA:173,3
DA:174,3
DA:175,3
DA:177,3
DA:179,3
DA:182,3
DA:183,3
DA:186,3
DA:187,1
DA:188,1
DA:190,3
DA:191,3
DA:192,3
DA:200,9
DA:201,9
DA:202,1
DA:203,1
DA:208,8
DA:211,8
DA:213,8
DA:214,8
DA:215,3
DA:216,3
DA:220,5
DA:221,0
DA:224,1
DA:227,1
DA:232,5
DA:235,5
DA:236,3
DA:238,2
DA:244,2
DA:245,1
DA:255,5
DA:256,5
DA:257,1
DA:258,1
DA:262,4
DA:264,4
DA:273,4
DA:274,3
DA:275,3
DA:276,2
DA:287,2
DA:289,2
DA:290,2
DA:291,2
DA:292,2
DA:293,0
DA:294,2
DA:295,0
DA:297,2
DA:299,2
DA:301,1
DA:310,1
DA:315,2
DA:316,2
LF:117
LH:107
BRDA:39,0,0,29
BRDA:39,0,1,1
BRDA:42,1,0,0
BRDA:42,1,1,29
BRDA:45,2,0,0
BRDA:45,2,1,29
BRDA:47,3,0,0
BRDA:47,3,1,0
BRDA:72,4,0,57
BRDA:72,4,1,0
BRDA:85,5,0,55
BRDA:85,5,1,2
BRDA:97,6,0,1
BRDA:97,6,1,1
BRDA:111,7,0,0
BRDA:111,7,1,0
BRDA:130,8,0,0
BRDA:130,8,1,20
BRDA:162,9,0,1
BRDA:162,9,1,3
BRDA:169,10,0,3
BRDA:169,10,1,3
BRDA:170,11,0,0
BRDA:170,11,1,3
BRDA:173,12,0,3
BRDA:173,12,1,3
BRDA:201,13,0,1
BRDA:201,13,1,8
BRDA:208,14,0,8
BRDA:208,14,1,6
BRDA:208,14,2,6
BRDA:211,15,0,3
BRDA:211,15,1,5
BRDA:214,16,0,3
BRDA:214,16,1,5
BRDA:214,17,0,8
BRDA:214,17,1,3
BRDA:244,18,0,1
BRDA:244,18,1,1
BRDA:256,19,0,1
BRDA:256,19,1,4
BRDA:262,20,0,4
BRDA:262,20,1,2
BRDA:273,21,0,3
BRDA:273,21,1,1
BRDA:275,22,0,2
BRDA:275,22,1,1
BRDA:275,23,0,3
BRDA:275,23,1,3
BRDA:287,24,0,2
BRDA:287,24,1,2
BRDA:289,25,0,2
BRDA:289,25,1,0
BRDA:290,26,0,2
BRDA:290,26,1,2
BRDA:292,27,0,0
BRDA:292,27,1,2
BRDA:292,28,0,2
BRDA:292,28,1,0
BRDA:294,29,0,0
BRDA:294,29,1,2
BRF:61
BRH:48
end_of_record
TN:
SF:src/redaction/audit-logger.ts
FN:14,(anonymous_9)
FN:28,(anonymous_10)
FN:58,(anonymous_11)
FN:69,(anonymous_12)
FN:79,(anonymous_13)
FNF:5
FNH:5
FNDA:19,(anonymous_9)
FNDA:16,(anonymous_10)
FNDA:26,(anonymous_11)
FNDA:48,(anonymous_12)
FNDA:3,(anonymous_13)
DA:1,4
DA:2,4
DA:4,4
DA:6,4
DA:10,4
DA:11,19
DA:16,19
DA:17,19
DA:20,19
DA:21,19
DA:23,1
DA:24,1
DA:34,16
DA:35,3
DA:38,13
DA:39,13
DA:42,13
DA:46,13
DA:49,13
DA:53,13
DA:55,13
DA:59,26
DA:60,26
DA:61,26
DA:63,26
DA:65,4
DA:70,48
DA:71,19
DA:72,19
DA:74,15
DA:78,29
DA:79,3
DA:82,27
DA:83,24
DA:84,24
DA:85,19
DA:87,24
DA:90,3
LF:38
LH:38
BRDA:34,0,0,3
BRDA:34,0,1,13
BRDA:34,1,0,16
BRDA:34,1,1,14
BRDA:70,2,0,19
BRDA:70,2,1,29
BRDA:78,3,0,2
BRDA:78,3,1,27
BRDA:82,4,0,24
BRDA:82,4,1,3
BRDA:82,5,0,27
BRDA:82,5,1,26
BRF:12
BRH:12
end_of_record
TN:
SF:src/redaction/matcher.ts
FN:16,(anonymous_0)
FN:38,(anonymous_1)
FN:46,(anonymous_2)
FN:50,(anonymous_3)
FN:57,(anonymous_4)
FN:84,(anonymous_5)
FN:131,(anonymous_6)
FN:143,(anonymous_7)
FNF:8
FNH:8
FNDA:46,(anonymous_0)
FNDA:47,(anonymous_1)
FNDA:24,(anonymous_2)
FNDA:66,(anonymous_3)
FNDA:9,(anonymous_4)
FNDA:66,(anonymous_5)
FNDA:72,(anonymous_6)
FNDA:70,(anonymous_7)
DA:12,4
DA:18,46
DA:19,46
DA:20,1172
DA:21,1172
DA:22,1172
DA:25,46
DA:28,46
DA:29,46
DA:31,46
DA:33,0
DA:35,46
DA:39,47
DA:40,1
DA:42,46
DA:47,24
DA:51,66
DA:52,66
DA:53,14
DA:57,52
DA:58,52
DA:59,52
DA:60,61
DA:61,61
DA:62,60
DA:63,1
DA:64,0
DA:69,52
DA:70,52
DA:71,52
DA:72,60
DA:73,21
DA:75,60
DA:76,60
DA:78,52
DA:79,24
DA:81,52
DA:85,66
DA:86,66
DA:88,66
DA:91,66
DA:92,66
DA:94,71
DA:95,71
DA:96,71
DA:97,0
DA:99,71
DA:100,72
DA:101,72
DA:103,72
DA:104,72
DA:105,72
DA:106,72
DA:107,61
DA:111,66
DA:115,0
DA:116,0
DA:117,0
DA:118,0
DA:119,0
DA:120,0
DA:121,0
DA:122,0
DA:123,0
DA:125,0
DA:128,0
DA:132,72
DA:133,30
DA:134,30
DA:136,68
DA:137,40
DA:138,40
DA:140,61
DA:144,70
LF:74
LH:60
BRDA:21,0,0,1172
BRDA:21,0,1,0
BRDA:35,1,0,46
BRDA:35,1,1,0
BRDA:39,2,0,1
BRDA:39,2,1,46
BRDA:52,3,0,14
BRDA:52,3,1,52
BRDA:61,4,0,60
BRDA:61,4,1,1
BRDA:61,5,0,61
BRDA:61,5,1,9
BRDA:63,6,0,0
BRDA:63,6,1,1
BRDA:72,7,0,21
BRDA:72,7,1,39
BRDA:78,8,0,24
BRDA:78,8,1,28
BRDA:88,9,0,66
BRDA:88,9,1,0
BRDA:91,10,0,66
BRDA:91,10,1,0
BRDA:94,11,0,71
BRDA:94,11,1,0
BRDA:94,12,0,0
BRDA:94,12,1,0
BRDA:94,12,2,0
BRDA:95,13,0,71
BRDA:95,13,1,0
BRDA:95,14,0,71
BRDA:95,14,1,0
BRDA:95,15,0,0
BRDA:95,15,1,0
BRDA:95,15,2,0
BRDA:95,15,3,0
BRDA:96,16,0,0
BRDA:96,16,1,71
BRDA:96,17,0,71
BRDA:96,17,1,71
BRDA:96,17,2,71
BRDA:100,18,0,0
BRDA:100,18,1,72
BRDA:100,19,0,72
BRDA:100,19,1,72
BRDA:106,20,0,61
BRDA:106,20,1,11
BRDA:106,21,0,72
BRDA:106,21,1,72
BRDA:106,21,2,72
BRDA:119,22,0,0
BRDA:119,22,1,0
BRDA:122,23,0,0
BRDA:122,23,1,0
BRDA:132,24,0,30
BRDA:132,24,1,42
BRDA:134,25,0,4
BRDA:134,25,1,26
BRDA:136,26,0,40
BRDA:136,26,1,28
BRDA:138,27,0,7
BRDA:138,27,1,33
BRF:61
BRH:40
end_of_record
TN:
SF:src/redaction/redaction.service.ts
FN:10,(anonymous_1)
FN:16,(anonymous_2)
FN:51,(anonymous_3)
FN:58,(anonymous_4)
FN:70,(anonymous_5)
FN:76,(anonymous_6)
FN:88,(anonymous_7)
FN:91,(anonymous_8)
FN:97,(anonymous_9)
FN:121,(anonymous_10)
FN:130,(anonymous_11)
FN:130,(anonymous_12)
FN:148,(anonymous_13)
FN:161,(anonymous_14)
FN:162,(anonymous_15)
FN:176,(anonymous_16)
FNF:16
FNH:14
FNDA:33,(anonymous_1)
FNDA:28,(anonymous_2)
FNDA:8,(anonymous_3)
FNDA:19,(anonymous_4)
FNDA:47,(anonymous_5)
FNDA:11,(anonymous_6)
FNDA:6,(anonymous_7)
FNDA:21,(anonymous_8)
FNDA:3,(anonymous_9)
FNDA:27,(anonymous_10)
FNDA:0,(anonymous_11)
FNDA:0,(anonymous_12)
FNDA:48,(anonymous_13)
FNDA:144,(anonymous_14)
FNDA:144,(anonymous_15)
FNDA:25,(anonymous_16)
DA:1,3
DA:3,3
DA:6,3
DA:7,3
DA:10,3
DA:11,33
DA:12,33
DA:13,33
DA:14,33
DA:17,28
DA:18,1
DA:19,0
DA:21,1
DA:24,27
DA:26,27
DA:27,27
DA:29,24
DA:30,0
DA:31,0
DA:32,0
DA:35,24
DA:36,24
DA:39,24
DA:40,24
DA:43,24
DA:46,3
DA:47,3
DA:52,8
DA:53,2
DA:55,8
DA:59,19
DA:60,4
DA:63,15
DA:64,9
DA:67,6
DA:71,47
DA:72,18
DA:73,18
DA:75,29
DA:76,11
DA:78,23
DA:79,17
DA:80,17
DA:81,26
DA:83,17
DA:85,6
DA:89,6
DA:91,6
DA:92,21
DA:93,1
DA:94,1
DA:96,20
DA:97,3
DA:99,18
DA:100,12
DA:101,12
DA:102,21
DA:103,9
DA:104,8
DA:105,8
DA:107,1
DA:110,12
DA:113,12
DA:115,6
DA:118,6
DA:122,27
DA:123,27
DA:124,2
DA:128,25
DA:129,25
DA:130,0
DA:133,25
DA:134,0
DA:137,25
DA:138,25
DA:139,1
DA:142,24
DA:146,24
DA:148,24
DA:149,48
DA:150,48
DA:151,48
DA:152,0
DA:157,48
DA:158,48
DA:159,48
DA:161,144
DA:162,144
DA:163,48
DA:167,24
DA:168,24
DA:169,48
DA:170,48
DA:173,24
DA:177,25
DA:178,25
DA:179,1
DA:180,1
DA:182,0
DA:188,24
DA:189,24
DA:190,1
DA:194,23
DA:195,23
DA:196,23
DA:197,23
DA:198,23
DA:199,1
DA:202,23
DA:204,0
LF:110
LH:101
BRDA:17,0,0,1
BRDA:17,0,1,27
BRDA:18,1,0,0
BRDA:18,1,1,1
BRDA:29,2,0,0
BRDA:29,2,1,24
BRDA:40,3,0,24
BRDA:40,3,1,0
BRDA:52,4,0,2
BRDA:52,4,1,6
BRDA:59,5,0,4
BRDA:59,5,1,15
BRDA:59,6,0,19
BRDA:59,6,1,17
BRDA:59,6,2,16
BRDA:63,7,0,9
BRDA:63,7,1,6
BRDA:63,8,0,15
BRDA:63,8,1,7
BRDA:71,9,0,18
BRDA:71,9,1,29
BRDA:75,10,0,6
BRDA:75,10,1,23
BRDA:78,11,0,17
BRDA:78,11,1,6
BRDA:78,12,0,23
BRDA:78,12,1,21
BRDA:92,13,0,1
BRDA:92,13,1,20
BRDA:96,14,0,2
BRDA:96,14,1,18
BRDA:99,15,0,12
BRDA:99,15,1,6
BRDA:99,16,0,18
BRDA:99,16,1,18
BRDA:102,17,0,9
BRDA:102,17,1,12
BRDA:103,18,0,8
BRDA:103,18,1,1
BRDA:123,19,0,2
BRDA:123,19,1,25
BRDA:129,20,0,0
BRDA:129,20,1,25
BRDA:133,21,0,0
BRDA:133,21,1,25
BRDA:138,22,0,1
BRDA:138,22,1,24
BRDA:151,23,0,0
BRDA:151,23,1,48
BRDA:178,24,0,1
BRDA:178,24,1,24
BRDA:189,25,0,1
BRDA:189,25,1,23
BRDA:196,26,0,23
BRDA:196,26,1,0
BRDA:196,27,0,23
BRDA:196,27,1,23
BRDA:198,28,0,1
BRDA:198,28,1,22
BRDA:198,29,0,23
BRDA:198,29,1,1
BRF:61
BRH:54
end_of_record
TN:
SF:src/redaction/scanner-generic.ts
FN:7,redactGeneric
FN:59,scanEmailAt
FN:137,scanPhoneAt
FN:211,isDigit
FN:215,isLetter
FN:219,isAlphaNum
FN:223,isAlphaUnderscore
FN:227,isAlphaNumUnderscore
FN:231,isEmailLocalChar
FN:235,isDomainLabelChar
FNF:10
FNH:10
FNDA:59,redactGeneric
FNDA:22,scanEmailAt
FNDA:52,scanPhoneAt
FNDA:3025,isDigit
FNDA:347,isLetter
FNDA:336,isAlphaNum
FNDA:11,isAlphaUnderscore
FNDA:21,isAlphaNumUnderscore
FNDA:138,isEmailLocalChar
FNDA:185,isDomainLabelChar
DA:4,4
DA:5,4
DA:7,4
DA:8,59
DA:9,1
DA:12,58
DA:13,58
DA:14,58
DA:16,58
DA:17,2654
DA:19,2654
DA:20,22
DA:21,22
DA:22,17
DA:23,13
DA:25,17
DA:26,17
DA:27,17
DA:28,17
DA:32,2637
DA:33,52
DA:34,52
DA:35,11
DA:36,10
DA:38,11
DA:39,11
DA:40,11
DA:41,11
DA:45,2626
DA:48,58
DA:49,33
DA:52,25
DA:53,5
DA:56,25
DA:60,22
DA:61,22
DA:62,0
DA:66,22
DA:67,22
DA:68,123
DA:70,22
DA:71,22
DA:73,22
DA:74,1
DA:78,21
DA:79,2
DA:82,19
DA:83,84
DA:84,1
DA:89,18
DA:90,18
DA:91,18
DA:92,18
DA:94,18
DA:95,185
DA:96,185
DA:97,160
DA:98,160
DA:99,160
DA:101,25
DA:102,17
DA:103,0
DA:105,17
DA:106,17
DA:107,17
DA:108,17
DA:109,17
DA:111,8
DA:114,18
DA:115,18
DA:116,0
DA:118,18
DA:119,1
DA:122,17
DA:123,0
DA:127,17
DA:128,0
DA:130,17
DA:131,0
DA:134,17
DA:143,52
DA:144,52
DA:145,52
DA:146,52
DA:147,52
DA:148,52
DA:149,52
DA:151,52
DA:152,6
DA:153,6
DA:154,6
DA:155,0
DA:159,52
DA:160,327
DA:161,327
DA:162,269
DA:163,269
DA:164,58
DA:165,38
DA:166,38
DA:167,20
DA:168,0
DA:169,0
DA:170,0
DA:171,20
DA:172,3
DA:173,3
DA:175,0
DA:176,0
DA:177,17
DA:178,0
DA:179,0
DA:181,0
DA:183,17
DA:187,49
DA:188,49
DA:189,0
DA:191,49
DA:192,37
DA:195,12
DA:196,1
DA:198,11
DA:199,0
DA:202,11
DA:203,0
DA:204,0
DA:208,11
DA:212,3025
DA:216,347
DA:220,336
DA:224,11
DA:228,21
DA:232,138
DA:236,185
LF:134
LH:115
BRDA:8,0,0,1
BRDA:8,0,1,58
BRDA:19,1,0,22
BRDA:19,1,1,2632
BRDA:21,2,0,17
BRDA:21,2,1,5
BRDA:22,3,0,13
BRDA:22,3,1,4
BRDA:32,4,0,52
BRDA:32,4,1,2585
BRDA:32,5,0,2637
BRDA:32,5,1,2631
BRDA:34,6,0,11
BRDA:34,6,1,41
BRDA:35,7,0,10
BRDA:35,7,1,1
BRDA:48,8,0,33
BRDA:48,8,1,25
BRDA:52,9,0,5
BRDA:52,9,1,20
BRDA:61,10,0,0
BRDA:61,10,1,22
BRDA:61,11,0,22
BRDA:61,11,1,22
BRDA:67,12,0,145
BRDA:67,12,1,138
BRDA:73,13,0,1
BRDA:73,13,1,21
BRDA:78,14,0,2
BRDA:78,14,1,19
BRDA:78,15,0,21
BRDA:78,15,1,20
BRDA:83,16,0,1
BRDA:83,16,1,83
BRDA:83,17,0,84
BRDA:83,17,1,4
BRDA:96,18,0,160
BRDA:96,18,1,25
BRDA:101,19,0,17
BRDA:101,19,1,8
BRDA:102,20,0,0
BRDA:102,20,1,17
BRDA:102,21,0,17
BRDA:102,21,1,17
BRDA:115,22,0,0
BRDA:115,22,1,18
BRDA:115,23,0,18
BRDA:115,23,1,18
BRDA:118,24,0,1
BRDA:118,24,1,17
BRDA:122,25,0,0
BRDA:122,25,1,17
BRDA:122,26,0,17
BRDA:122,26,1,17
BRDA:122,26,2,17
BRDA:127,27,0,0
BRDA:127,27,1,17
BRDA:127,28,0,17
BRDA:127,28,1,13
BRDA:130,29,0,0
BRDA:130,29,1,17
BRDA:130,30,0,17
BRDA:130,30,1,8
BRDA:151,31,0,6
BRDA:151,31,1,46
BRDA:154,32,0,0
BRDA:154,32,1,6
BRDA:161,33,0,269
BRDA:161,33,1,58
BRDA:164,34,0,38
BRDA:164,34,1,20
BRDA:164,35,0,58
BRDA:164,35,1,37
BRDA:164,35,2,22
BRDA:167,36,0,0
BRDA:167,36,1,20
BRDA:171,37,0,3
BRDA:171,37,1,17
BRDA:172,38,0,3
BRDA:172,38,1,0
BRDA:177,39,0,0
BRDA:177,39,1,17
BRDA:177,40,0,17
BRDA:177,40,1,17
BRDA:178,41,0,0
BRDA:178,41,1,0
BRDA:188,42,0,0
BRDA:188,42,1,49
BRDA:191,43,0,37
BRDA:191,43,1,12
BRDA:191,44,0,49
BRDA:191,44,1,12
BRDA:195,45,0,1
BRDA:195,45,1,11
BRDA:195,46,0,12
BRDA:195,46,1,11
BRDA:198,47,0,0
BRDA:198,47,1,11
BRDA:198,48,0,11
BRDA:198,48,1,0
BRDA:202,49,0,0
BRDA:202,49,1,11
BRDA:202,50,0,11
BRDA:202,50,1,2
BRDA:202,50,2,1
BRDA:203,51,0,0
BRDA:203,51,1,0
BRDA:203,52,0,0
BRDA:203,52,1,0
BRDA:203,52,2,0
BRDA:212,53,0,3025
BRDA:212,53,1,2838
BRDA:216,54,0,347
BRDA:216,54,1,270
BRDA:216,54,2,77
BRDA:216,54,3,0
BRDA:220,55,0,336
BRDA:220,55,1,67
BRDA:224,56,0,11
BRDA:224,56,1,10
BRDA:228,57,0,21
BRDA:228,57,1,21
BRDA:232,58,0,138
BRDA:232,58,1,132
BRDA:232,58,2,132
BRDA:232,58,3,131
BRDA:232,58,4,130
BRDA:236,59,0,185
BRDA:236,59,1,25
BRF:129
BRH:107
end_of_record
