<?xml version="1.0" encoding="UTF-8"?>
<coverage generated="1763370939324" clover="3.2.0">
  <project timestamp="1763370939324" name="All files">
    <metrics statements="886" coveredstatements="516" conditionals="579" coveredconditionals="280" methods="100" coveredmethods="64" elements="1565" coveredelements="860" complexity="0" loc="886" ncloc="886" packages="4" files="8" classes="8"/>
    <package name="src">
      <metrics statements="70" coveredstatements="34" conditionals="44" coveredconditionals="13" methods="5" coveredmethods="5"/>
      <file name="app.controller.ts" path="/home/runner/work/gs-mcp-proxy-pii-redactor/gs-mcp-proxy-pii-redactor/src/app.controller.ts">
        <metrics statements="70" coveredstatements="34" conditionals="44" coveredconditionals="13" methods="5" coveredmethods="5"/>
        <line num="3" count="4" type="stmt"/>
        <line num="14" count="4" type="stmt"/>
        <line num="15" count="4" type="stmt"/>
        <line num="18" count="4" type="stmt"/>
        <line num="19" count="4" type="stmt"/>
        <line num="22" count="4" type="stmt"/>
        <line num="23" count="4" type="stmt"/>
        <line num="27" count="4" type="stmt"/>
        <line num="28" count="2" type="stmt"/>
        <line num="32" count="4" type="stmt"/>
        <line num="37" count="8" type="stmt"/>
        <line num="38" count="8" type="stmt"/>
        <line num="40" count="8" type="cond" truecount="2" falsecount="0"/>
        <line num="41" count="1" type="stmt"/>
        <line num="45" count="7" type="cond" truecount="1" falsecount="1"/>
        <line num="49" count="0" type="stmt"/>
        <line num="50" count="0" type="cond" truecount="0" falsecount="2"/>
        <line num="51" count="0" type="stmt"/>
        <line num="54" count="0" type="stmt"/>
        <line num="55" count="0" type="cond" truecount="0" falsecount="2"/>
        <line num="56" count="0" type="stmt"/>
        <line num="60" count="7" type="stmt"/>
        <line num="61" count="7" type="stmt"/>
        <line num="63" count="0" type="stmt"/>
        <line num="71" count="0" type="cond" truecount="0" falsecount="2"/>
        <line num="72" count="0" type="stmt"/>
        <line num="78" count="4" type="stmt"/>
        <line num="83" count="20" type="stmt"/>
        <line num="84" count="20" type="stmt"/>
        <line num="86" count="20" type="cond" truecount="1" falsecount="1"/>
        <line num="87" count="0" type="stmt"/>
        <line num="88" count="0" type="stmt"/>
        <line num="92" count="20" type="cond" truecount="1" falsecount="1"/>
        <line num="96" count="0" type="stmt"/>
        <line num="97" count="0" type="cond" truecount="0" falsecount="2"/>
        <line num="98" count="0" type="stmt"/>
        <line num="99" count="0" type="stmt"/>
        <line num="102" count="0" type="stmt"/>
        <line num="103" count="0" type="cond" truecount="0" falsecount="2"/>
        <line num="104" count="0" type="stmt"/>
        <line num="105" count="0" type="stmt"/>
        <line num="109" count="20" type="stmt"/>
        <line num="110" count="20" type="stmt"/>
        <line num="112" count="0" type="stmt"/>
        <line num="120" count="0" type="cond" truecount="0" falsecount="2"/>
        <line num="121" count="0" type="stmt"/>
        <line num="127" count="4" type="stmt"/>
        <line num="132" count="19" type="stmt"/>
        <line num="133" count="19" type="stmt"/>
        <line num="135" count="19" type="cond" truecount="2" falsecount="0"/>
        <line num="136" count="1" type="stmt"/>
        <line num="140" count="18" type="cond" truecount="1" falsecount="1"/>
        <line num="144" count="0" type="stmt"/>
        <line num="145" count="0" type="cond" truecount="0" falsecount="2"/>
        <line num="146" count="0" type="stmt"/>
        <line num="149" count="0" type="stmt"/>
        <line num="150" count="0" type="cond" truecount="0" falsecount="2"/>
        <line num="151" count="0" type="stmt"/>
        <line num="156" count="18" type="cond" truecount="1" falsecount="1"/>
        <line num="157" count="18" type="cond" truecount="1" falsecount="1"/>
        <line num="159" count="0" type="cond" truecount="0" falsecount="2"/>
        <line num="160" count="0" type="stmt"/>
        <line num="163" count="0" type="cond" truecount="0" falsecount="2"/>
        <line num="164" count="0" type="stmt"/>
        <line num="166" count="0" type="stmt"/>
        <line num="169" count="18" type="stmt"/>
        <line num="170" count="18" type="stmt"/>
        <line num="176" count="0" type="stmt"/>
        <line num="184" count="0" type="cond" truecount="0" falsecount="2"/>
        <line num="185" count="0" type="stmt"/>
      </file>
    </package>
    <package name="src.config">
      <metrics statements="66" coveredstatements="44" conditionals="55" coveredconditionals="27" methods="9" coveredmethods="7"/>
      <file name="config.service.ts" path="/home/runner/work/gs-mcp-proxy-pii-redactor/gs-mcp-proxy-pii-redactor/src/config/config.service.ts">
        <metrics statements="66" coveredstatements="44" conditionals="55" coveredconditionals="27" methods="9" coveredmethods="7"/>
        <line num="1" count="4" type="stmt"/>
        <line num="2" count="4" type="stmt"/>
        <line num="3" count="4" type="stmt"/>
        <line num="5" count="4" type="stmt"/>
        <line num="7" count="4" type="stmt"/>
        <line num="12" count="4" type="stmt"/>
        <line num="13" count="4" type="stmt"/>
        <line num="14" count="4" type="stmt"/>
        <line num="15" count="4" type="stmt"/>
        <line num="21" count="4" type="cond" truecount="3" falsecount="1"/>
        <line num="22" count="0" type="stmt"/>
        <line num="23" count="0" type="cond" truecount="0" falsecount="2"/>
        <line num="26" count="0" type="stmt"/>
        <line num="27" count="0" type="stmt"/>
        <line num="30" count="4" type="cond" truecount="1" falsecount="1"/>
        <line num="33" count="4" type="stmt"/>
        <line num="34" count="4" type="stmt"/>
        <line num="35" count="4" type="stmt"/>
        <line num="42" count="4" type="cond" truecount="1" falsecount="1"/>
        <line num="43" count="0" type="stmt"/>
        <line num="46" count="4" type="cond" truecount="1" falsecount="1"/>
        <line num="47" count="0" type="stmt"/>
        <line num="51" count="4" type="cond" truecount="1" falsecount="1"/>
        <line num="52" count="4" type="stmt"/>
        <line num="55" count="6" type="cond" truecount="1" falsecount="1"/>
        <line num="56" count="6" type="stmt"/>
        <line num="62" count="4" type="cond" truecount="1" falsecount="1"/>
        <line num="63" count="4" type="stmt"/>
        <line num="64" count="6" type="cond" truecount="1" falsecount="1"/>
        <line num="65" count="0" type="stmt"/>
        <line num="67" count="6" type="stmt"/>
        <line num="72" count="4" type="cond" truecount="1" falsecount="1"/>
        <line num="73" count="0" type="stmt"/>
        <line num="76" count="4" type="stmt"/>
        <line num="82" count="4" type="stmt"/>
        <line num="86" count="51" type="cond" truecount="1" falsecount="1"/>
        <line num="87" count="0" type="stmt"/>
        <line num="89" count="51" type="stmt"/>
        <line num="93" count="0" type="stmt"/>
        <line num="94" count="0" type="cond" truecount="0" falsecount="4"/>
        <line num="95" count="0" type="stmt"/>
        <line num="100" count="0" type="stmt"/>
        <line num="102" count="0" type="stmt"/>
        <line num="107" count="0" type="stmt"/>
        <line num="111" count="6" type="cond" truecount="1" falsecount="1"/>
        <line num="113" count="6" type="stmt"/>
        <line num="116" count="0" type="stmt"/>
        <line num="117" count="0" type="cond" truecount="0" falsecount="4"/>
        <line num="120" count="0" type="stmt"/>
        <line num="123" count="0" type="stmt"/>
        <line num="124" count="0" type="stmt"/>
        <line num="128" count="6" type="stmt"/>
        <line num="130" count="6" type="stmt"/>
        <line num="131" count="6" type="cond" truecount="2" falsecount="0"/>
        <line num="132" count="4" type="stmt"/>
        <line num="133" count="4" type="stmt"/>
        <line num="134" count="4" type="cond" truecount="1" falsecount="1"/>
        <line num="135" count="0" type="stmt"/>
        <line num="143" count="4" type="stmt"/>
        <line num="145" count="4" type="stmt"/>
        <line num="151" count="6" type="cond" truecount="3" falsecount="1"/>
        <line num="152" count="0" type="stmt"/>
        <line num="154" count="6" type="cond" truecount="1" falsecount="1"/>
        <line num="158" count="6" type="stmt"/>
        <line num="160" count="6" type="cond" truecount="3" falsecount="1"/>
        <line num="161" count="6" type="stmt"/>
      </file>
    </package>
    <package name="src.mcp">
      <metrics statements="394" coveredstatements="219" conditionals="217" coveredconditionals="78" methods="47" coveredmethods="28"/>
      <file name="mcp-client-wrapper.ts" path="/home/runner/work/gs-mcp-proxy-pii-redactor/gs-mcp-proxy-pii-redactor/src/mcp/mcp-client-wrapper.ts">
        <metrics statements="277" coveredstatements="129" conditionals="156" coveredconditionals="42" methods="33" coveredmethods="18"/>
        <line num="1" count="4" type="stmt"/>
        <line num="2" count="4" type="stmt"/>
        <line num="3" count="4" type="stmt"/>
        <line num="4" count="4" type="stmt"/>
        <line num="5" count="4" type="stmt"/>
        <line num="7" count="4" type="stmt"/>
        <line num="15" count="4" type="stmt"/>
        <line num="18" count="4" type="stmt"/>
        <line num="19" count="6" type="stmt"/>
        <line num="20" count="6" type="stmt"/>
        <line num="21" count="6" type="stmt"/>
        <line num="28" count="6" type="stmt"/>
        <line num="29" count="6" type="stmt"/>
        <line num="30" count="6" type="stmt"/>
        <line num="31" count="6" type="stmt"/>
        <line num="32" count="6" type="stmt"/>
        <line num="33" count="6" type="stmt"/>
        <line num="34" count="6" type="stmt"/>
        <line num="35" count="6" type="stmt"/>
        <line num="37" count="6" type="stmt"/>
        <line num="38" count="6" type="stmt"/>
        <line num="39" count="6" type="stmt"/>
        <line num="44" count="6" type="stmt"/>
        <line num="48" count="6" type="stmt"/>
        <line num="49" count="6" type="stmt"/>
        <line num="50" count="6" type="stmt"/>
        <line num="51" count="6" type="stmt"/>
        <line num="55" count="6" type="stmt"/>
        <line num="59" count="0" type="cond" truecount="0" falsecount="2"/>
        <line num="60" count="0" type="stmt"/>
        <line num="62" count="0" type="cond" truecount="0" falsecount="2"/>
        <line num="63" count="0" type="stmt"/>
        <line num="65" count="0" type="stmt"/>
        <line num="79" count="34" type="cond" truecount="2" falsecount="0"/>
        <line num="80" count="28" type="stmt"/>
        <line num="82" count="6" type="cond" truecount="1" falsecount="1"/>
        <line num="83" count="0" type="stmt"/>
        <line num="86" count="6" type="stmt"/>
        <line num="88" count="6" type="cond" truecount="1" falsecount="1"/>
        <line num="90" count="6" type="stmt"/>
        <line num="95" count="6" type="cond" truecount="1" falsecount="1"/>
        <line num="96" count="0" type="stmt"/>
        <line num="97" count="0" type="stmt"/>
        <line num="98" count="0" type="cond" truecount="0" falsecount="2"/>
        <line num="99" count="0" type="stmt"/>
        <line num="103" count="0" type="stmt"/>
        <line num="106" count="0" type="stmt"/>
        <line num="112" count="6" type="cond" truecount="1" falsecount="3"/>
        <line num="114" count="0" type="stmt"/>
        <line num="115" count="0" type="stmt"/>
        <line num="117" count="0" type="stmt"/>
        <line num="118" count="0" type="stmt"/>
        <line num="120" count="6" type="stmt"/>
        <line num="121" count="6" type="stmt"/>
        <line num="123" count="0" type="stmt"/>
        <line num="127" count="6" type="stmt"/>
        <line num="142" count="6" type="stmt"/>
        <line num="143" count="6" type="stmt"/>
        <line num="145" count="6" type="cond" truecount="1" falsecount="1"/>
        <line num="146" count="6" type="stmt"/>
        <line num="149" count="6" type="stmt"/>
        <line num="152" count="6" type="stmt"/>
        <line num="153" count="6" type="stmt"/>
        <line num="155" count="6" type="stmt"/>
        <line num="160" count="0" type="cond" truecount="0" falsecount="2"/>
        <line num="161" count="0" type="stmt"/>
        <line num="164" count="0" type="stmt"/>
        <line num="167" count="0" type="cond" truecount="0" falsecount="2"/>
        <line num="168" count="0" type="cond" truecount="0" falsecount="2"/>
        <line num="170" count="0" type="stmt"/>
        <line num="171" count="0" type="stmt"/>
        <line num="174" count="0" type="stmt"/>
        <line num="180" count="0" type="stmt"/>
        <line num="181" count="0" type="stmt"/>
        <line num="182" count="0" type="stmt"/>
        <line num="186" count="0" type="cond" truecount="0" falsecount="2"/>
        <line num="187" count="0" type="stmt"/>
        <line num="190" count="0" type="stmt"/>
        <line num="196" count="0" type="stmt"/>
        <line num="198" count="0" type="stmt"/>
        <line num="199" count="0" type="stmt"/>
        <line num="200" count="0" type="stmt"/>
        <line num="204" count="6" type="cond" truecount="1" falsecount="1"/>
        <line num="205" count="0" type="stmt"/>
        <line num="208" count="6" type="stmt"/>
        <line num="210" count="6" type="stmt"/>
        <line num="215" count="6" type="cond" truecount="1" falsecount="1"/>
        <line num="216" count="6" type="stmt"/>
        <line num="218" count="6" type="stmt"/>
        <line num="219" count="6" type="cond" truecount="1" falsecount="1"/>
        <line num="221" count="6" type="stmt"/>
        <line num="232" count="6" type="cond" truecount="1" falsecount="1"/>
        <line num="237" count="6" type="stmt"/>
        <line num="239" count="6" type="stmt"/>
        <line num="240" count="6" type="stmt"/>
        <line num="241" count="6" type="stmt"/>
        <line num="246" count="6" type="stmt"/>
        <line num="248" count="6" type="stmt"/>
        <line num="249" count="0" type="stmt"/>
        <line num="250" count="0" type="cond" truecount="0" falsecount="2"/>
        <line num="251" count="0" type="stmt"/>
        <line num="254" count="0" type="stmt"/>
        <line num="260" count="13" type="stmt"/>
        <line num="261" count="13" type="cond" truecount="1" falsecount="1"/>
        <line num="262" count="0" type="stmt"/>
        <line num="266" count="13" type="cond" truecount="1" falsecount="1"/>
        <line num="267" count="0" type="stmt"/>
        <line num="270" count="0" type="stmt"/>
        <line num="273" count="13" type="cond" truecount="4" falsecount="0"/>
        <line num="274" count="7" type="stmt"/>
        <line num="277" count="6" type="cond" truecount="2" falsecount="0"/>
        <line num="278" count="6" type="stmt"/>
        <line num="279" count="6" type="cond" truecount="1" falsecount="1"/>
        <line num="282" count="6" type="stmt"/>
        <line num="283" count="240" type="stmt"/>
        <line num="286" count="6" type="stmt"/>
        <line num="290" count="6" type="stmt"/>
        <line num="294" count="0" type="stmt"/>
        <line num="295" count="0" type="cond" truecount="0" falsecount="2"/>
        <line num="296" count="0" type="stmt"/>
        <line num="300" count="0" type="cond" truecount="0" falsecount="2"/>
        <line num="301" count="0" type="stmt"/>
        <line num="304" count="0" type="stmt"/>
        <line num="307" count="0" type="stmt"/>
        <line num="308" count="0" type="cond" truecount="0" falsecount="4"/>
        <line num="309" count="0" type="stmt"/>
        <line num="311" count="0" type="cond" truecount="0" falsecount="2"/>
        <line num="312" count="0" type="stmt"/>
        <line num="313" count="0" type="cond" truecount="0" falsecount="2"/>
        <line num="314" count="0" type="stmt"/>
        <line num="315" count="0" type="stmt"/>
        <line num="318" count="0" type="cond" truecount="0" falsecount="2"/>
        <line num="319" count="0" type="stmt"/>
        <line num="320" count="0" type="stmt"/>
        <line num="322" count="0" type="stmt"/>
        <line num="327" count="0" type="stmt"/>
        <line num="328" count="0" type="cond" truecount="0" falsecount="2"/>
        <line num="329" count="0" type="stmt"/>
        <line num="333" count="0" type="cond" truecount="0" falsecount="2"/>
        <line num="334" count="0" type="stmt"/>
        <line num="337" count="0" type="stmt"/>
        <line num="340" count="0" type="stmt"/>
        <line num="341" count="0" type="cond" truecount="0" falsecount="4"/>
        <line num="342" count="0" type="stmt"/>
        <line num="344" count="0" type="cond" truecount="0" falsecount="2"/>
        <line num="345" count="0" type="stmt"/>
        <line num="346" count="0" type="cond" truecount="0" falsecount="2"/>
        <line num="347" count="0" type="stmt"/>
        <line num="348" count="0" type="stmt"/>
        <line num="351" count="0" type="cond" truecount="0" falsecount="2"/>
        <line num="352" count="0" type="stmt"/>
        <line num="355" count="0" type="stmt"/>
        <line num="357" count="0" type="stmt"/>
        <line num="366" count="2" type="stmt"/>
        <line num="367" count="2" type="cond" truecount="1" falsecount="1"/>
        <line num="368" count="0" type="stmt"/>
        <line num="371" count="2" type="stmt"/>
        <line num="377" count="2" type="cond" truecount="1" falsecount="1"/>
        <line num="378" count="0" type="stmt"/>
        <line num="379" count="0" type="cond" truecount="0" falsecount="2"/>
        <line num="380" count="0" type="cond" truecount="0" falsecount="2"/>
        <line num="384" count="0" type="stmt"/>
        <line num="385" count="0" type="stmt"/>
        <line num="390" count="0" type="cond" truecount="0" falsecount="2"/>
        <line num="391" count="0" type="stmt"/>
        <line num="399" count="0" type="stmt"/>
        <line num="403" count="2" type="stmt"/>
        <line num="407" count="6" type="stmt"/>
        <line num="408" count="6" type="stmt"/>
        <line num="409" count="6" type="stmt"/>
        <line num="412" count="6" type="stmt"/>
        <line num="413" count="0" type="stmt"/>
        <line num="422" count="0" type="stmt"/>
        <line num="426" count="6" type="stmt"/>
        <line num="428" count="6" type="cond" truecount="1" falsecount="1"/>
        <line num="429" count="6" type="stmt"/>
        <line num="439" count="0" type="stmt"/>
        <line num="440" count="0" type="cond" truecount="0" falsecount="2"/>
        <line num="441" count="0" type="stmt"/>
        <line num="444" count="0" type="stmt"/>
        <line num="450" count="0" type="cond" truecount="0" falsecount="2"/>
        <line num="451" count="0" type="stmt"/>
        <line num="452" count="0" type="cond" truecount="0" falsecount="2"/>
        <line num="453" count="0" type="cond" truecount="0" falsecount="2"/>
        <line num="457" count="0" type="stmt"/>
        <line num="458" count="0" type="stmt"/>
        <line num="463" count="0" type="cond" truecount="0" falsecount="2"/>
        <line num="464" count="0" type="stmt"/>
        <line num="472" count="0" type="stmt"/>
        <line num="476" count="0" type="stmt"/>
        <line num="483" count="0" type="stmt"/>
        <line num="484" count="0" type="cond" truecount="0" falsecount="2"/>
        <line num="485" count="0" type="stmt"/>
        <line num="488" count="0" type="stmt"/>
        <line num="493" count="0" type="cond" truecount="0" falsecount="2"/>
        <line num="494" count="0" type="stmt"/>
        <line num="495" count="0" type="cond" truecount="0" falsecount="2"/>
        <line num="496" count="0" type="cond" truecount="0" falsecount="2"/>
        <line num="500" count="0" type="stmt"/>
        <line num="501" count="0" type="stmt"/>
        <line num="506" count="0" type="cond" truecount="0" falsecount="2"/>
        <line num="507" count="0" type="stmt"/>
        <line num="515" count="0" type="stmt"/>
        <line num="519" count="0" type="stmt"/>
        <line num="523" count="240" type="stmt"/>
        <line num="524" count="240" type="cond" truecount="4" falsecount="1"/>
        <line num="525" count="0" type="stmt"/>
        <line num="528" count="240" type="stmt"/>
        <line num="529" count="240" type="cond" truecount="1" falsecount="1"/>
        <line num="531" count="240" type="cond" truecount="2" falsecount="1"/>
        <line num="533" count="160" type="cond" truecount="2" falsecount="0"/>
        <line num="534" count="152" type="stmt"/>
        <line num="543" count="152" type="stmt"/>
        <line num="545" count="8" type="stmt"/>
        <line num="547" count="80" type="cond" truecount="2" falsecount="0"/>
        <line num="548" count="4" type="stmt"/>
        <line num="557" count="4" type="stmt"/>
        <line num="559" count="76" type="stmt"/>
        <line num="561" count="0" type="stmt"/>
        <line num="564" count="0" type="stmt"/>
        <line num="577" count="12" type="stmt"/>
        <line num="581" count="6" type="stmt"/>
        <line num="596" count="6" type="stmt"/>
        <line num="598" count="11" type="cond" truecount="2" falsecount="3"/>
        <line num="599" count="0" type="stmt"/>
        <line num="603" count="0" type="stmt"/>
        <line num="604" count="0" type="stmt"/>
        <line num="606" count="0" type="stmt"/>
        <line num="610" count="11" type="stmt"/>
        <line num="611" count="11" type="stmt"/>
        <line num="612" count="11" type="stmt"/>
        <line num="615" count="6" type="stmt"/>
        <line num="616" count="2" type="stmt"/>
        <line num="617" count="2" type="stmt"/>
        <line num="618" count="2" type="stmt"/>
        <line num="619" count="4" type="stmt"/>
        <line num="620" count="2" type="cond" truecount="1" falsecount="1"/>
        <line num="621" count="0" type="stmt"/>
        <line num="623" count="2" type="cond" truecount="1" falsecount="1"/>
        <line num="624" count="2" type="stmt"/>
        <line num="632" count="6" type="stmt"/>
        <line num="634" count="0" type="cond" truecount="0" falsecount="4"/>
        <line num="635" count="0" type="stmt"/>
        <line num="639" count="0" type="stmt"/>
        <line num="642" count="0" type="stmt"/>
        <line num="643" count="0" type="stmt"/>
        <line num="644" count="0" type="stmt"/>
        <line num="647" count="6" type="stmt"/>
        <line num="648" count="0" type="stmt"/>
        <line num="649" count="0" type="stmt"/>
        <line num="650" count="0" type="stmt"/>
        <line num="651" count="0" type="stmt"/>
        <line num="652" count="0" type="cond" truecount="0" falsecount="2"/>
        <line num="653" count="0" type="stmt"/>
        <line num="655" count="0" type="cond" truecount="0" falsecount="2"/>
        <line num="656" count="0" type="stmt"/>
        <line num="664" count="6" type="stmt"/>
        <line num="666" count="0" type="cond" truecount="0" falsecount="4"/>
        <line num="667" count="0" type="stmt"/>
        <line num="671" count="0" type="stmt"/>
        <line num="674" count="0" type="stmt"/>
        <line num="675" count="0" type="stmt"/>
        <line num="676" count="0" type="stmt"/>
        <line num="679" count="6" type="stmt"/>
        <line num="680" count="0" type="stmt"/>
        <line num="681" count="0" type="stmt"/>
        <line num="687" count="6" type="stmt"/>
        <line num="691" count="6" type="cond" truecount="1" falsecount="1"/>
        <line num="692" count="6" type="stmt"/>
        <line num="693" count="6" type="stmt"/>
        <line num="697" count="6" type="cond" truecount="1" falsecount="1"/>
        <line num="698" count="6" type="stmt"/>
        <line num="699" count="6" type="stmt"/>
        <line num="701" count="6" type="stmt"/>
        <line num="704" count="6" type="cond" truecount="1" falsecount="1"/>
        <line num="705" count="6" type="stmt"/>
        <line num="706" count="6" type="stmt"/>
      </file>
      <file name="mcp-server.service.ts" path="/home/runner/work/gs-mcp-proxy-pii-redactor/gs-mcp-proxy-pii-redactor/src/mcp/mcp-server.service.ts">
        <metrics statements="117" coveredstatements="90" conditionals="61" coveredconditionals="36" methods="14" coveredmethods="10"/>
        <line num="1" count="4" type="stmt"/>
        <line num="5" count="4" type="stmt"/>
        <line num="6" count="4" type="stmt"/>
        <line num="8" count="4" type="stmt"/>
        <line num="10" count="4" type="stmt"/>
        <line num="11" count="4" type="stmt"/>
        <line num="12" count="4" type="stmt"/>
        <line num="24" count="4" type="stmt"/>
        <line num="25" count="4" type="stmt"/>
        <line num="26" count="4" type="stmt"/>
        <line num="29" count="4" type="stmt"/>
        <line num="30" count="4" type="stmt"/>
        <line num="34" count="4" type="stmt"/>
        <line num="39" count="4" type="cond" truecount="1" falsecount="1"/>
        <line num="40" count="4" type="stmt"/>
        <line num="41" count="4" type="stmt"/>
        <line num="42" count="4" type="cond" truecount="1" falsecount="1"/>
        <line num="43" count="4" type="stmt"/>
        <line num="45" count="4" type="cond" truecount="1" falsecount="1"/>
        <line num="47" count="0" type="cond" truecount="0" falsecount="2"/>
        <line num="48" count="0" type="stmt"/>
        <line num="51" count="0" type="stmt"/>
        <line num="61" count="4" type="stmt"/>
        <line num="62" count="6" type="stmt"/>
        <line num="63" count="6" type="stmt"/>
        <line num="64" count="6" type="stmt"/>
        <line num="72" count="6" type="cond" truecount="1" falsecount="1"/>
        <line num="73" count="6" type="stmt"/>
        <line num="74" count="6" type="stmt"/>
        <line num="75" count="6" type="stmt"/>
        <line num="76" count="6" type="stmt"/>
        <line num="78" count="6" type="stmt"/>
        <line num="80" count="6" type="stmt"/>
        <line num="88" count="0" type="stmt"/>
        <line num="97" count="0" type="cond" truecount="0" falsecount="2"/>
        <line num="98" count="0" type="stmt"/>
        <line num="104" count="0" type="stmt"/>
        <line num="106" count="0" type="stmt"/>
        <line num="118" count="4" type="stmt"/>
        <line num="119" count="6" type="stmt"/>
        <line num="120" count="6" type="stmt"/>
        <line num="122" count="6" type="stmt"/>
        <line num="123" count="7" type="stmt"/>
        <line num="125" count="6" type="stmt"/>
        <line num="127" count="6" type="stmt"/>
        <line num="128" count="6" type="stmt"/>
        <line num="129" count="30" type="stmt"/>
        <line num="130" count="30" type="cond" truecount="2" falsecount="0"/>
        <line num="131" count="6" type="stmt"/>
        <line num="132" count="6" type="stmt"/>
        <line num="137" count="0" type="stmt"/>
        <line num="145" count="4" type="stmt"/>
        <line num="149" count="50" type="stmt"/>
        <line num="153" count="0" type="stmt"/>
        <line num="161" count="7" type="stmt"/>
        <line num="162" count="7" type="cond" truecount="1" falsecount="1"/>
        <line num="163" count="0" type="stmt"/>
        <line num="164" count="0" type="stmt"/>
        <line num="169" count="7" type="cond" truecount="1" falsecount="1"/>
        <line num="170" count="7" type="cond" truecount="1" falsecount="1"/>
        <line num="173" count="7" type="cond" truecount="1" falsecount="1"/>
        <line num="174" count="7" type="stmt"/>
        <line num="175" count="7" type="stmt"/>
        <line num="177" count="7" type="stmt"/>
        <line num="179" count="7" type="stmt"/>
        <line num="182" count="7" type="stmt"/>
        <line num="183" count="7" type="stmt"/>
        <line num="186" count="7" type="stmt"/>
        <line num="187" count="17" type="stmt"/>
        <line num="188" count="17" type="stmt"/>
        <line num="190" count="7" type="stmt"/>
        <line num="191" count="7" type="stmt"/>
        <line num="192" count="7" type="stmt"/>
        <line num="200" count="18" type="stmt"/>
        <line num="201" count="18" type="cond" truecount="1" falsecount="1"/>
        <line num="202" count="0" type="stmt"/>
        <line num="203" count="0" type="stmt"/>
        <line num="208" count="18" type="cond" truecount="3" falsecount="0"/>
        <line num="211" count="18" type="cond" truecount="2" falsecount="0"/>
        <line num="213" count="18" type="stmt"/>
        <line num="214" count="18" type="cond" truecount="4" falsecount="0"/>
        <line num="215" count="14" type="stmt"/>
        <line num="216" count="14" type="stmt"/>
        <line num="220" count="4" type="stmt"/>
        <line num="221" count="4" type="stmt"/>
        <line num="224" count="4" type="stmt"/>
        <line num="227" count="0" type="stmt"/>
        <line num="232" count="4" type="stmt"/>
        <line num="235" count="4" type="stmt"/>
        <line num="236" count="4" type="stmt"/>
        <line num="238" count="0" type="stmt"/>
        <line num="244" count="0" type="cond" truecount="0" falsecount="2"/>
        <line num="245" count="0" type="stmt"/>
        <line num="255" count="20" type="stmt"/>
        <line num="256" count="20" type="cond" truecount="1" falsecount="1"/>
        <line num="257" count="0" type="stmt"/>
        <line num="258" count="0" type="stmt"/>
        <line num="262" count="20" type="cond" truecount="2" falsecount="0"/>
        <line num="264" count="20" type="stmt"/>
        <line num="273" count="20" type="cond" truecount="1" falsecount="1"/>
        <line num="274" count="20" type="stmt"/>
        <line num="275" count="20" type="cond" truecount="3" falsecount="1"/>
        <line num="276" count="20" type="stmt"/>
        <line num="287" count="20" type="cond" truecount="1" falsecount="1"/>
        <line num="289" count="20" type="cond" truecount="2" falsecount="0"/>
        <line num="290" count="20" type="cond" truecount="2" falsecount="0"/>
        <line num="291" count="20" type="stmt"/>
        <line num="292" count="20" type="cond" truecount="3" falsecount="1"/>
        <line num="293" count="20" type="stmt"/>
        <line num="294" count="0" type="cond" truecount="0" falsecount="2"/>
        <line num="295" count="0" type="stmt"/>
        <line num="297" count="0" type="stmt"/>
        <line num="299" count="20" type="stmt"/>
        <line num="301" count="0" type="stmt"/>
        <line num="310" count="0" type="stmt"/>
        <line num="315" count="0" type="stmt"/>
        <line num="316" count="0" type="stmt"/>
      </file>
    </package>
    <package name="src.redaction">
      <metrics statements="356" coveredstatements="219" conditionals="263" coveredconditionals="162" methods="39" coveredmethods="24"/>
      <file name="audit-logger.ts" path="/home/runner/work/gs-mcp-proxy-pii-redactor/gs-mcp-proxy-pii-redactor/src/redaction/audit-logger.ts">
        <metrics statements="38" coveredstatements="5" conditionals="12" coveredconditionals="0" methods="5" coveredmethods="0"/>
        <line num="1" count="4" type="stmt"/>
        <line num="2" count="4" type="stmt"/>
        <line num="4" count="4" type="stmt"/>
        <line num="6" count="4" type="stmt"/>
        <line num="10" count="4" type="stmt"/>
        <line num="11" count="0" type="stmt"/>
        <line num="16" count="0" type="stmt"/>
        <line num="17" count="0" type="stmt"/>
        <line num="20" count="0" type="stmt"/>
        <line num="21" count="0" type="stmt"/>
        <line num="23" count="0" type="stmt"/>
        <line num="24" count="0" type="stmt"/>
        <line num="34" count="0" type="cond" truecount="0" falsecount="4"/>
        <line num="35" count="0" type="stmt"/>
        <line num="38" count="0" type="stmt"/>
        <line num="39" count="0" type="stmt"/>
        <line num="42" count="0" type="stmt"/>
        <line num="46" count="0" type="stmt"/>
        <line num="49" count="0" type="stmt"/>
        <line num="53" count="0" type="stmt"/>
        <line num="55" count="0" type="stmt"/>
        <line num="59" count="0" type="stmt"/>
        <line num="60" count="0" type="stmt"/>
        <line num="61" count="0" type="stmt"/>
        <line num="63" count="0" type="stmt"/>
        <line num="65" count="0" type="stmt"/>
        <line num="70" count="0" type="cond" truecount="0" falsecount="2"/>
        <line num="71" count="0" type="stmt"/>
        <line num="72" count="0" type="stmt"/>
        <line num="74" count="0" type="stmt"/>
        <line num="78" count="0" type="cond" truecount="0" falsecount="2"/>
        <line num="79" count="0" type="stmt"/>
        <line num="82" count="0" type="cond" truecount="0" falsecount="4"/>
        <line num="83" count="0" type="stmt"/>
        <line num="84" count="0" type="stmt"/>
        <line num="85" count="0" type="stmt"/>
        <line num="87" count="0" type="stmt"/>
        <line num="90" count="0" type="stmt"/>
      </file>
      <file name="matcher.ts" path="/home/runner/work/gs-mcp-proxy-pii-redactor/gs-mcp-proxy-pii-redactor/src/redaction/matcher.ts">
        <metrics statements="74" coveredstatements="58" conditionals="61" coveredconditionals="34" methods="8" coveredmethods="8"/>
        <line num="12" count="5" type="stmt"/>
        <line num="18" count="2" type="stmt"/>
        <line num="19" count="2" type="stmt"/>
        <line num="20" count="5" type="stmt"/>
        <line num="21" count="5" type="cond" truecount="1" falsecount="1"/>
        <line num="22" count="5" type="stmt"/>
        <line num="25" count="2" type="stmt"/>
        <line num="28" count="2" type="stmt"/>
        <line num="29" count="2" type="stmt"/>
        <line num="31" count="2" type="stmt"/>
        <line num="33" count="0" type="stmt"/>
        <line num="35" count="2" type="cond" truecount="1" falsecount="1"/>
        <line num="39" count="2" type="cond" truecount="1" falsecount="1"/>
        <line num="40" count="0" type="stmt"/>
        <line num="42" count="2" type="stmt"/>
        <line num="47" count="1" type="stmt"/>
        <line num="51" count="14" type="stmt"/>
        <line num="52" count="14" type="cond" truecount="2" falsecount="0"/>
        <line num="53" count="6" type="stmt"/>
        <line num="57" count="8" type="stmt"/>
        <line num="58" count="8" type="stmt"/>
        <line num="59" count="8" type="stmt"/>
        <line num="60" count="9" type="stmt"/>
        <line num="61" count="9" type="cond" truecount="3" falsecount="1"/>
        <line num="62" count="9" type="stmt"/>
        <line num="63" count="0" type="cond" truecount="0" falsecount="2"/>
        <line num="64" count="0" type="stmt"/>
        <line num="69" count="8" type="stmt"/>
        <line num="70" count="8" type="stmt"/>
        <line num="71" count="8" type="stmt"/>
        <line num="72" count="9" type="cond" truecount="2" falsecount="0"/>
        <line num="73" count="6" type="stmt"/>
        <line num="75" count="9" type="stmt"/>
        <line num="76" count="9" type="stmt"/>
        <line num="78" count="8" type="cond" truecount="2" falsecount="0"/>
        <line num="79" count="5" type="stmt"/>
        <line num="81" count="8" type="stmt"/>
        <line num="85" count="14" type="stmt"/>
        <line num="86" count="14" type="stmt"/>
        <line num="88" count="14" type="cond" truecount="1" falsecount="1"/>
        <line num="91" count="14" type="cond" truecount="1" falsecount="1"/>
        <line num="92" count="14" type="stmt"/>
        <line num="94" count="9" type="cond" truecount="1" falsecount="4"/>
        <line num="95" count="9" type="cond" truecount="2" falsecount="6"/>
        <line num="96" count="9" type="cond" truecount="4" falsecount="1"/>
        <line num="97" count="0" type="stmt"/>
        <line num="99" count="9" type="stmt"/>
        <line num="100" count="9" type="cond" truecount="3" falsecount="1"/>
        <line num="101" count="9" type="stmt"/>
        <line num="103" count="9" type="stmt"/>
        <line num="104" count="9" type="stmt"/>
        <line num="105" count="9" type="stmt"/>
        <line num="106" count="9" type="cond" truecount="4" falsecount="1"/>
        <line num="107" count="9" type="stmt"/>
        <line num="111" count="14" type="stmt"/>
        <line num="115" count="0" type="stmt"/>
        <line num="116" count="0" type="stmt"/>
        <line num="117" count="0" type="stmt"/>
        <line num="118" count="0" type="stmt"/>
        <line num="119" count="0" type="cond" truecount="0" falsecount="2"/>
        <line num="120" count="0" type="stmt"/>
        <line num="121" count="0" type="stmt"/>
        <line num="122" count="0" type="cond" truecount="0" falsecount="2"/>
        <line num="123" count="0" type="stmt"/>
        <line num="125" count="0" type="stmt"/>
        <line num="128" count="0" type="stmt"/>
        <line num="132" count="9" type="cond" truecount="2" falsecount="0"/>
        <line num="133" count="6" type="stmt"/>
        <line num="134" count="6" type="cond" truecount="1" falsecount="1"/>
        <line num="136" count="9" type="cond" truecount="2" falsecount="0"/>
        <line num="137" count="6" type="stmt"/>
        <line num="138" count="6" type="cond" truecount="1" falsecount="1"/>
        <line num="140" count="9" type="stmt"/>
        <line num="144" count="12" type="stmt"/>
      </file>
      <file name="redaction.service.ts" path="/home/runner/work/gs-mcp-proxy-pii-redactor/gs-mcp-proxy-pii-redactor/src/redaction/redaction.service.ts">
        <metrics statements="110" coveredstatements="40" conditionals="61" coveredconditionals="25" methods="16" coveredmethods="6"/>
        <line num="1" count="5" type="stmt"/>
        <line num="3" count="5" type="stmt"/>
        <line num="6" count="5" type="stmt"/>
        <line num="7" count="5" type="stmt"/>
        <line num="10" count="5" type="stmt"/>
        <line num="11" count="6" type="stmt"/>
        <line num="12" count="6" type="stmt"/>
        <line num="13" count="6" type="stmt"/>
        <line num="14" count="6" type="stmt"/>
        <line num="17" count="0" type="cond" truecount="0" falsecount="2"/>
        <line num="18" count="0" type="cond" truecount="0" falsecount="2"/>
        <line num="19" count="0" type="stmt"/>
        <line num="21" count="0" type="stmt"/>
        <line num="24" count="0" type="stmt"/>
        <line num="26" count="0" type="stmt"/>
        <line num="27" count="0" type="stmt"/>
        <line num="29" count="0" type="cond" truecount="0" falsecount="2"/>
        <line num="30" count="0" type="stmt"/>
        <line num="31" count="0" type="stmt"/>
        <line num="32" count="0" type="stmt"/>
        <line num="35" count="0" type="stmt"/>
        <line num="36" count="0" type="stmt"/>
        <line num="39" count="0" type="stmt"/>
        <line num="40" count="0" type="cond" truecount="0" falsecount="2"/>
        <line num="43" count="0" type="stmt"/>
        <line num="46" count="0" type="stmt"/>
        <line num="47" count="0" type="stmt"/>
        <line num="52" count="0" type="cond" truecount="0" falsecount="2"/>
        <line num="53" count="0" type="stmt"/>
        <line num="55" count="0" type="stmt"/>
        <line num="59" count="4" type="cond" truecount="5" falsecount="0"/>
        <line num="60" count="2" type="stmt"/>
        <line num="63" count="2" type="cond" truecount="4" falsecount="0"/>
        <line num="64" count="1" type="stmt"/>
        <line num="67" count="1" type="stmt"/>
        <line num="71" count="7" type="cond" truecount="2" falsecount="0"/>
        <line num="72" count="5" type="stmt"/>
        <line num="73" count="5" type="stmt"/>
        <line num="75" count="2" type="cond" truecount="1" falsecount="1"/>
        <line num="76" count="0" type="stmt"/>
        <line num="78" count="2" type="cond" truecount="3" falsecount="1"/>
        <line num="79" count="2" type="stmt"/>
        <line num="80" count="2" type="stmt"/>
        <line num="81" count="5" type="stmt"/>
        <line num="83" count="2" type="stmt"/>
        <line num="85" count="0" type="stmt"/>
        <line num="89" count="1" type="stmt"/>
        <line num="91" count="1" type="stmt"/>
        <line num="92" count="10" type="cond" truecount="2" falsecount="0"/>
        <line num="93" count="6" type="stmt"/>
        <line num="94" count="6" type="stmt"/>
        <line num="96" count="4" type="cond" truecount="2" falsecount="0"/>
        <line num="97" count="3" type="stmt"/>
        <line num="99" count="3" type="cond" truecount="3" falsecount="1"/>
        <line num="100" count="3" type="stmt"/>
        <line num="101" count="3" type="stmt"/>
        <line num="102" count="9" type="cond" truecount="2" falsecount="0"/>
        <line num="103" count="3" type="cond" truecount="1" falsecount="1"/>
        <line num="104" count="3" type="stmt"/>
        <line num="105" count="3" type="stmt"/>
        <line num="107" count="0" type="stmt"/>
        <line num="110" count="6" type="stmt"/>
        <line num="113" count="3" type="stmt"/>
        <line num="115" count="0" type="stmt"/>
        <line num="118" count="1" type="stmt"/>
        <line num="122" count="0" type="stmt"/>
        <line num="123" count="0" type="cond" truecount="0" falsecount="2"/>
        <line num="124" count="0" type="stmt"/>
        <line num="128" count="0" type="stmt"/>
        <line num="129" count="0" type="cond" truecount="0" falsecount="2"/>
        <line num="130" count="0" type="stmt"/>
        <line num="133" count="0" type="cond" truecount="0" falsecount="2"/>
        <line num="134" count="0" type="stmt"/>
        <line num="137" count="0" type="stmt"/>
        <line num="138" count="0" type="cond" truecount="0" falsecount="2"/>
        <line num="139" count="0" type="stmt"/>
        <line num="142" count="0" type="stmt"/>
        <line num="146" count="0" type="stmt"/>
        <line num="148" count="0" type="stmt"/>
        <line num="149" count="0" type="stmt"/>
        <line num="150" count="0" type="stmt"/>
        <line num="151" count="0" type="cond" truecount="0" falsecount="2"/>
        <line num="152" count="0" type="stmt"/>
        <line num="157" count="0" type="stmt"/>
        <line num="158" count="0" type="stmt"/>
        <line num="159" count="0" type="stmt"/>
        <line num="161" count="0" type="stmt"/>
        <line num="162" count="0" type="stmt"/>
        <line num="163" count="0" type="stmt"/>
        <line num="167" count="0" type="stmt"/>
        <line num="168" count="0" type="stmt"/>
        <line num="169" count="0" type="stmt"/>
        <line num="170" count="0" type="stmt"/>
        <line num="173" count="0" type="stmt"/>
        <line num="177" count="0" type="stmt"/>
        <line num="178" count="0" type="cond" truecount="0" falsecount="2"/>
        <line num="179" count="0" type="stmt"/>
        <line num="180" count="0" type="stmt"/>
        <line num="182" count="0" type="stmt"/>
        <line num="188" count="0" type="stmt"/>
        <line num="189" count="0" type="cond" truecount="0" falsecount="2"/>
        <line num="190" count="0" type="stmt"/>
        <line num="194" count="0" type="stmt"/>
        <line num="195" count="0" type="stmt"/>
        <line num="196" count="0" type="cond" truecount="0" falsecount="4"/>
        <line num="197" count="0" type="stmt"/>
        <line num="198" count="0" type="cond" truecount="0" falsecount="4"/>
        <line num="199" count="0" type="stmt"/>
        <line num="202" count="0" type="stmt"/>
        <line num="204" count="0" type="stmt"/>
      </file>
      <file name="scanner-generic.ts" path="/home/runner/work/gs-mcp-proxy-pii-redactor/gs-mcp-proxy-pii-redactor/src/redaction/scanner-generic.ts">
        <metrics statements="134" coveredstatements="116" conditionals="129" coveredconditionals="103" methods="10" coveredmethods="10"/>
        <line num="4" count="5" type="stmt"/>
        <line num="5" count="5" type="stmt"/>
        <line num="7" count="5" type="stmt"/>
        <line num="8" count="14" type="cond" truecount="1" falsecount="1"/>
        <line num="9" count="0" type="stmt"/>
        <line num="12" count="14" type="stmt"/>
        <line num="13" count="14" type="stmt"/>
        <line num="14" count="14" type="stmt"/>
        <line num="16" count="14" type="stmt"/>
        <line num="17" count="504" type="stmt"/>
        <line num="19" count="504" type="cond" truecount="2" falsecount="0"/>
        <line num="20" count="9" type="stmt"/>
        <line num="21" count="9" type="cond" truecount="2" falsecount="0"/>
        <line num="22" count="8" type="cond" truecount="1" falsecount="1"/>
        <line num="23" count="8" type="stmt"/>
        <line num="25" count="8" type="stmt"/>
        <line num="26" count="8" type="stmt"/>
        <line num="27" count="8" type="stmt"/>
        <line num="28" count="8" type="stmt"/>
        <line num="32" count="496" type="cond" truecount="4" falsecount="0"/>
        <line num="33" count="63" type="stmt"/>
        <line num="34" count="63" type="cond" truecount="2" falsecount="0"/>
        <line num="35" count="3" type="cond" truecount="1" falsecount="1"/>
        <line num="36" count="3" type="stmt"/>
        <line num="38" count="3" type="stmt"/>
        <line num="39" count="3" type="stmt"/>
        <line num="40" count="3" type="stmt"/>
        <line num="41" count="3" type="stmt"/>
        <line num="45" count="493" type="stmt"/>
        <line num="48" count="14" type="cond" truecount="2" falsecount="0"/>
        <line num="49" count="5" type="stmt"/>
        <line num="52" count="9" type="cond" truecount="2" falsecount="0"/>
        <line num="53" count="4" type="stmt"/>
        <line num="56" count="9" type="stmt"/>
        <line num="60" count="9" type="stmt"/>
        <line num="61" count="9" type="cond" truecount="3" falsecount="1"/>
        <line num="62" count="0" type="stmt"/>
        <line num="66" count="9" type="stmt"/>
        <line num="67" count="9" type="cond" truecount="2" falsecount="0"/>
        <line num="68" count="51" type="stmt"/>
        <line num="70" count="9" type="stmt"/>
        <line num="71" count="9" type="stmt"/>
        <line num="73" count="9" type="cond" truecount="1" falsecount="1"/>
        <line num="74" count="0" type="stmt"/>
        <line num="78" count="9" type="cond" truecount="3" falsecount="1"/>
        <line num="79" count="0" type="stmt"/>
        <line num="82" count="9" type="stmt"/>
        <line num="83" count="42" type="cond" truecount="3" falsecount="1"/>
        <line num="84" count="0" type="stmt"/>
        <line num="89" count="9" type="stmt"/>
        <line num="90" count="9" type="stmt"/>
        <line num="91" count="9" type="stmt"/>
        <line num="92" count="9" type="stmt"/>
        <line num="94" count="9" type="stmt"/>
        <line num="95" count="101" type="stmt"/>
        <line num="96" count="101" type="cond" truecount="2" falsecount="0"/>
        <line num="97" count="84" type="stmt"/>
        <line num="98" count="84" type="stmt"/>
        <line num="99" count="84" type="stmt"/>
        <line num="101" count="17" type="cond" truecount="2" falsecount="0"/>
        <line num="102" count="11" type="cond" truecount="3" falsecount="1"/>
        <line num="103" count="0" type="stmt"/>
        <line num="105" count="11" type="stmt"/>
        <line num="106" count="11" type="stmt"/>
        <line num="107" count="11" type="stmt"/>
        <line num="108" count="11" type="stmt"/>
        <line num="109" count="11" type="stmt"/>
        <line num="111" count="6" type="stmt"/>
        <line num="114" count="9" type="stmt"/>
        <line num="115" count="9" type="cond" truecount="3" falsecount="1"/>
        <line num="116" count="0" type="stmt"/>
        <line num="118" count="9" type="cond" truecount="1" falsecount="1"/>
        <line num="119" count="0" type="stmt"/>
        <line num="122" count="9" type="cond" truecount="5" falsecount="0"/>
        <line num="123" count="1" type="stmt"/>
        <line num="127" count="8" type="cond" truecount="3" falsecount="1"/>
        <line num="128" count="0" type="stmt"/>
        <line num="130" count="8" type="cond" truecount="3" falsecount="1"/>
        <line num="131" count="0" type="stmt"/>
        <line num="134" count="8" type="stmt"/>
        <line num="143" count="63" type="stmt"/>
        <line num="144" count="63" type="stmt"/>
        <line num="145" count="63" type="stmt"/>
        <line num="146" count="63" type="stmt"/>
        <line num="147" count="63" type="stmt"/>
        <line num="148" count="63" type="stmt"/>
        <line num="149" count="63" type="stmt"/>
        <line num="151" count="63" type="cond" truecount="2" falsecount="0"/>
        <line num="152" count="9" type="stmt"/>
        <line num="153" count="9" type="stmt"/>
        <line num="154" count="9" type="cond" truecount="1" falsecount="1"/>
        <line num="155" count="0" type="stmt"/>
        <line num="159" count="63" type="stmt"/>
        <line num="160" count="551" type="stmt"/>
        <line num="161" count="551" type="cond" truecount="2" falsecount="0"/>
        <line num="162" count="359" type="stmt"/>
        <line num="163" count="359" type="stmt"/>
        <line num="164" count="192" type="cond" truecount="5" falsecount="0"/>
        <line num="165" count="123" type="stmt"/>
        <line num="166" count="123" type="stmt"/>
        <line num="167" count="69" type="cond" truecount="2" falsecount="0"/>
        <line num="168" count="4" type="stmt"/>
        <line num="169" count="4" type="stmt"/>
        <line num="170" count="4" type="stmt"/>
        <line num="171" count="65" type="cond" truecount="2" falsecount="0"/>
        <line num="172" count="10" type="cond" truecount="2" falsecount="0"/>
        <line num="173" count="6" type="stmt"/>
        <line num="175" count="4" type="stmt"/>
        <line num="176" count="4" type="stmt"/>
        <line num="177" count="55" type="cond" truecount="3" falsecount="1"/>
        <line num="178" count="0" type="cond" truecount="0" falsecount="2"/>
        <line num="179" count="0" type="stmt"/>
        <line num="181" count="0" type="stmt"/>
        <line num="183" count="55" type="stmt"/>
        <line num="187" count="57" type="stmt"/>
        <line num="188" count="57" type="cond" truecount="1" falsecount="1"/>
        <line num="189" count="0" type="stmt"/>
        <line num="191" count="57" type="cond" truecount="4" falsecount="0"/>
        <line num="192" count="43" type="stmt"/>
        <line num="195" count="14" type="cond" truecount="3" falsecount="1"/>
        <line num="196" count="0" type="stmt"/>
        <line num="198" count="14" type="cond" truecount="4" falsecount="0"/>
        <line num="199" count="11" type="stmt"/>
        <line num="202" count="3" type="cond" truecount="2" falsecount="3"/>
        <line num="203" count="0" type="cond" truecount="0" falsecount="5"/>
        <line num="204" count="0" type="stmt"/>
        <line num="208" count="3" type="stmt"/>
        <line num="212" count="1077" type="cond" truecount="2" falsecount="0"/>
        <line num="216" count="195" type="cond" truecount="4" falsecount="0"/>
        <line num="220" count="169" type="cond" truecount="2" falsecount="0"/>
        <line num="224" count="26" type="cond" truecount="2" falsecount="0"/>
        <line num="228" count="13" type="cond" truecount="2" falsecount="0"/>
        <line num="232" count="60" type="cond" truecount="5" falsecount="0"/>
        <line num="236" count="101" type="cond" truecount="2" falsecount="0"/>
      </file>
    </package>
  </project>
</coverage>
