{"total": {"lines":{"total":886,"covered":516,"skipped":0,"pct":58.23},"statements":{"total":907,"covered":528,"skipped":0,"pct":58.21},"functions":{"total":100,"covered":64,"skipped":0,"pct":64},"branches":{"total":579,"covered":280,"skipped":0,"pct":48.35},"branchesTrue":{"total":0,"covered":0,"skipped":0,"pct":100}}
,"/home/runner/work/gs-mcp-proxy-pii-redactor/gs-mcp-proxy-pii-redactor/src/app.controller.ts": {"lines":{"total":70,"covered":34,"skipped":0,"pct":48.57},"functions":{"total":5,"covered":5,"skipped":0,"pct":100},"statements":{"total":72,"covered":36,"skipped":0,"pct":50},"branches":{"total":44,"covered":13,"skipped":0,"pct":29.54}}
,"/home/runner/work/gs-mcp-proxy-pii-redactor/gs-mcp-proxy-pii-redactor/src/config/config.service.ts": {"lines":{"total":66,"covered":44,"skipped":0,"pct":66.66},"functions":{"total":9,"covered":7,"skipped":0,"pct":77.77},"statements":{"total":68,"covered":46,"skipped":0,"pct":67.64},"branches":{"total":55,"covered":27,"skipped":0,"pct":49.09}}
,"/home/runner/work/gs-mcp-proxy-pii-redactor/gs-mcp-proxy-pii-redactor/src/mcp/mcp-client-wrapper.ts": {"lines":{"total":277,"covered":129,"skipped":0,"pct":46.57},"functions":{"total":33,"covered":18,"skipped":0,"pct":54.54},"statements":{"total":279,"covered":130,"skipped":0,"pct":46.59},"branches":{"total":156,"covered":42,"skipped":0,"pct":26.92}}
,"/home/runner/work/gs-mcp-proxy-pii-redactor/gs-mcp-proxy-pii-redactor/src/mcp/mcp-server.service.ts": {"lines":{"total":117,"covered":90,"skipped":0,"pct":76.92},"functions":{"total":14,"covered":10,"skipped":0,"pct":71.42},"statements":{"total":120,"covered":92,"skipped":0,"pct":76.66},"branches":{"total":61,"covered":36,"skipped":0,"pct":59.01}}
,"/home/runner/work/gs-mcp-proxy-pii-redactor/gs-mcp-proxy-pii-redactor/src/redaction/audit-logger.ts": {"lines":{"total":38,"covered":5,"skipped":0,"pct":13.15},"functions":{"total":5,"covered":0,"skipped":0,"pct":0},"statements":{"total":39,"covered":5,"skipped":0,"pct":12.82},"branches":{"total":12,"covered":0,"skipped":0,"pct":0}}
,"/home/runner/work/gs-mcp-proxy-pii-redactor/gs-mcp-proxy-pii-redactor/src/redaction/matcher.ts": {"lines":{"total":74,"covered":58,"skipped":0,"pct":78.37},"functions":{"total":8,"covered":8,"skipped":0,"pct":100},"statements":{"total":79,"covered":59,"skipped":0,"pct":74.68},"branches":{"total":61,"covered":34,"skipped":0,"pct":55.73}}
,"/home/runner/work/gs-mcp-proxy-pii-redactor/gs-mcp-proxy-pii-redactor/src/redaction/redaction.service.ts": {"lines":{"total":110,"covered":40,"skipped":0,"pct":36.36},"functions":{"total":16,"covered":6,"skipped":0,"pct":37.5},"statements":{"total":115,"covered":43,"skipped":0,"pct":37.39},"branches":{"total":61,"covered":25,"skipped":0,"pct":40.98}}
,"/home/runner/work/gs-mcp-proxy-pii-redactor/gs-mcp-proxy-pii-redactor/src/redaction/scanner-generic.ts": {"lines":{"total":134,"covered":116,"skipped":0,"pct":86.56},"functions":{"total":10,"covered":10,"skipped":0,"pct":100},"statements":{"total":135,"covered":117,"skipped":0,"pct":86.66},"branches":{"total":129,"covered":103,"skipped":0,"pct":79.84}}
}
