TN:
SF:src/app.controller.ts
FN:21,(anonymous_4)
FN:27,(anonymous_5)
FN:32,(anonymous_6)
FN:78,(anonymous_7)
FN:127,(anonymous_8)
FNF:5
FNH:5
FNDA:29,(anonymous_4)
FNDA:1,(anonymous_5)
FNDA:10,(anonymous_6)
FNDA:7,(anonymous_7)
FNDA:11,(anonymous_8)
DA:3,1
DA:14,1
DA:15,1
DA:18,1
DA:19,29
DA:22,29
DA:23,29
DA:27,1
DA:28,1
DA:32,1
DA:37,10
DA:38,10
DA:40,10
DA:41,1
DA:45,9
DA:49,5
DA:50,5
DA:51,1
DA:54,4
DA:55,4
DA:56,1
DA:60,7
DA:61,7
DA:63,2
DA:71,2
DA:72,1
DA:78,1
DA:83,7
DA:84,7
DA:86,7
DA:87,1
DA:88,1
DA:92,6
DA:96,3
DA:97,3
DA:98,1
DA:99,1
DA:102,2
DA:103,2
DA:104,1
DA:105,1
DA:109,4
DA:110,4
DA:112,2
DA:120,2
DA:121,1
DA:127,1
DA:132,11
DA:133,11
DA:135,11
DA:136,1
DA:140,10
DA:144,3
DA:145,3
DA:146,1
DA:149,2
DA:150,2
DA:151,1
DA:156,8
DA:157,8
DA:159,4
DA:160,2
DA:163,2
DA:164,1
DA:166,1
DA:169,4
DA:170,4
DA:176,2
DA:184,2
DA:185,1
LF:70
LH:70
BRDA:40,0,0,1
BRDA:40,0,1,9
BRDA:45,1,0,5
BRDA:45,1,1,4
BRDA:46,2,0,9
BRDA:46,2,1,6
BRDA:50,3,0,1
BRDA:50,3,1,4
BRDA:55,4,0,1
BRDA:55,4,1,3
BRDA:71,5,0,1
BRDA:71,5,1,1
BRDA:86,6,0,1
BRDA:86,6,1,6
BRDA:92,7,0,3
BRDA:92,7,1,3
BRDA:93,8,0,6
BRDA:93,8,1,3
BRDA:97,9,0,1
BRDA:97,9,1,2
BRDA:103,10,0,1
BRDA:103,10,1,1
BRDA:120,11,0,1
BRDA:120,11,1,1
BRDA:135,12,0,1
BRDA:135,12,1,10
BRDA:140,13,0,3
BRDA:140,13,1,7
BRDA:141,14,0,10
BRDA:141,14,1,3
BRDA:145,15,0,1
BRDA:145,15,1,2
BRDA:150,16,0,1
BRDA:150,16,1,1
BRDA:156,17,0,8
BRDA:156,17,1,1
BRDA:157,18,0,4
BRDA:157,18,1,4
BRDA:159,19,0,2
BRDA:159,19,1,2
BRDA:163,20,0,1
BRDA:163,20,1,1
BRDA:184,21,0,1
BRDA:184,21,1,1
BRF:44
BRH:44
end_of_record
TN:
SF:src/config/config.service.ts
FN:12,(anonymous_11)
FN:16,(anonymous_12)
FN:83,(anonymous_13)
FN:90,(anonymous_14)
FN:95,(anonymous_15)
FN:113,(anonymous_16)
FNF:6
FNH:6
FNDA:22,(anonymous_11)
FNDA:21,(anonymous_12)
FNDA:2,(anonymous_13)
FNDA:4,(anonymous_14)
FNDA:5,(anonymous_15)
FNDA:11,(anonymous_16)
DA:1,3
DA:2,3
DA:3,3
DA:5,3
DA:7,3
DA:12,3
DA:13,22
DA:14,22
DA:20,21
DA:21,3
DA:22,3
DA:25,3
DA:26,3
DA:29,18
DA:32,18
DA:33,18
DA:34,18
DA:41,21
DA:42,1
DA:45,20
DA:46,1
DA:50,20
DA:51,19
DA:54,12
DA:55,4
DA:61,19
DA:62,18
DA:63,11
DA:64,1
DA:66,11
DA:71,19
DA:72,1
DA:75,19
DA:80,19
DA:84,2
DA:85,1
DA:87,1
DA:91,4
DA:93,4
DA:94,5
DA:95,4
DA:96,5
DA:97,5
DA:98,1
DA:106,4
DA:108,3
DA:114,11
DA:115,3
DA:117,11
DA:121,1
DA:123,11
DA:124,3
LF:52
LH:52
BRDA:16,0,0,20
BRDA:20,1,0,3
BRDA:20,1,1,18
BRDA:20,2,0,21
BRDA:20,2,1,20
BRDA:22,3,0,1
BRDA:22,3,1,2
BRDA:29,4,0,1
BRDA:29,4,1,17
BRDA:41,5,0,1
BRDA:41,5,1,20
BRDA:45,6,0,1
BRDA:45,6,1,19
BRDA:50,7,0,19
BRDA:50,7,1,1
BRDA:54,8,0,4
BRDA:54,8,1,8
BRDA:61,9,0,18
BRDA:61,9,1,1
BRDA:63,10,0,1
BRDA:63,10,1,10
BRDA:71,11,0,1
BRDA:71,11,1,18
BRDA:77,12,0,19
BRDA:77,12,1,1
BRDA:84,13,0,1
BRDA:84,13,1,1
BRDA:94,14,0,4
BRDA:94,14,1,1
BRDA:97,15,0,1
BRDA:97,15,1,4
BRDA:114,16,0,3
BRDA:114,16,1,8
BRDA:114,17,0,11
BRDA:114,17,1,10
BRDA:117,18,0,1
BRDA:117,18,1,10
BRDA:118,19,0,11
BRDA:118,19,1,10
BRDA:123,20,0,3
BRDA:123,20,1,8
BRDA:123,21,0,11
BRDA:123,21,1,10
BRF:43
BRH:43
end_of_record
TN:
SF:src/mcp/mcp-client-wrapper.ts
FN:37,(anonymous_9)
FN:46,(anonymous_10)
FN:110,(anonymous_11)
FN:120,(anonymous_12)
FN:146,(anonymous_13)
FN:164,(anonymous_14)
FN:205,(anonymous_15)
FN:209,(anonymous_16)
FN:220,(anonymous_17)
FN:235,(anonymous_18)
FN:245,(anonymous_19)
FN:269,(anonymous_20)
FN:295,(anonymous_21)
FN:339,(anonymous_22)
FN:344,(anonymous_23)
FN:345,(anonymous_24)
FN:367,(anonymous_25)
FN:411,(anonymous_26)
FN:453,(anonymous_27)
FN:499,(anonymous_28)
FN:512,(anonymous_29)
FN:531,(anonymous_30)
FN:536,(anonymous_31)
FN:539,(anonymous_32)
FN:552,(anonymous_33)
FN:557,(anonymous_34)
FN:560,(anonymous_35)
FN:573,(anonymous_36)
FN:578,(anonymous_37)
FN:588,(anonymous_38)
FNF:30
FNH:3
FNDA:22,(anonymous_9)
FNDA:0,(anonymous_10)
FNDA:3,(anonymous_11)
FNDA:0,(anonymous_12)
FNDA:0,(anonymous_13)
FNDA:0,(anonymous_14)
FNDA:0,(anonymous_15)
FNDA:0,(anonymous_16)
FNDA:0,(anonymous_17)
FNDA:0,(anonymous_18)
FNDA:0,(anonymous_19)
FNDA:0,(anonymous_20)
FNDA:0,(anonymous_21)
FNDA:0,(anonymous_22)
FNDA:0,(anonymous_23)
FNDA:0,(anonymous_24)
FNDA:0,(anonymous_25)
FNDA:0,(anonymous_26)
FNDA:13,(anonymous_27)
FNDA:0,(anonymous_28)
FNDA:0,(anonymous_29)
FNDA:0,(anonymous_30)
FNDA:0,(anonymous_31)
FNDA:0,(anonymous_32)
FNDA:0,(anonymous_33)
FNDA:0,(anonymous_34)
FNDA:0,(anonymous_35)
FNDA:0,(anonymous_36)
FNDA:0,(anonymous_37)
FNDA:0,(anonymous_38)
DA:1,3
DA:2,3
DA:3,3
DA:4,3
DA:5,3
DA:7,3
DA:15,3
DA:18,3
DA:19,22
DA:20,22
DA:21,22
DA:28,22
DA:29,22
DA:30,22
DA:31,22
DA:32,22
DA:33,22
DA:34,22
DA:35,22
DA:40,22
DA:42,22
DA:43,22
DA:48,0
DA:50,0
DA:55,0
DA:56,0
DA:57,0
DA:58,0
DA:59,0
DA:63,0
DA:66,0
DA:72,0
DA:74,0
DA:75,0
DA:77,0
DA:78,0
DA:80,0
DA:81,0
DA:83,0
DA:87,0
DA:102,0
DA:103,0
DA:105,0
DA:106,0
DA:111,3
DA:112,1
DA:114,2
DA:115,1
DA:117,1
DA:121,0
DA:122,0
DA:125,0
DA:128,0
DA:129,0
DA:131,0
DA:132,0
DA:135,0
DA:141,0
DA:142,0
DA:143,0
DA:147,0
DA:148,0
DA:151,0
DA:157,0
DA:159,0
DA:160,0
DA:161,0
DA:165,0
DA:166,0
DA:169,0
DA:171,0
DA:176,0
DA:177,0
DA:179,0
DA:180,0
DA:182,0
DA:193,0
DA:198,0
DA:200,0
DA:201,0
DA:202,0
DA:207,0
DA:209,0
DA:210,0
DA:211,0
DA:212,0
DA:215,0
DA:221,0
DA:222,0
DA:225,0
DA:226,0
DA:229,0
DA:230,0
DA:231,0
DA:234,0
DA:235,0
DA:238,0
DA:242,0
DA:246,0
DA:247,0
DA:250,0
DA:251,0
DA:252,0
DA:254,0
DA:255,0
DA:256,0
DA:257,0
DA:258,0
DA:261,0
DA:262,0
DA:263,0
DA:265,0
DA:270,0
DA:271,0
DA:274,0
DA:275,0
DA:276,0
DA:278,0
DA:279,0
DA:280,0
DA:281,0
DA:282,0
DA:285,0
DA:286,0
DA:289,0
DA:291,0
DA:300,0
DA:301,0
DA:304,0
DA:310,0
DA:311,0
DA:312,0
DA:313,0
DA:317,0
DA:318,0
DA:323,0
DA:324,0
DA:332,0
DA:336,0
DA:340,0
DA:341,0
DA:342,0
DA:345,0
DA:346,0
DA:355,0
DA:359,0
DA:361,0
DA:362,0
DA:372,0
DA:373,0
DA:376,0
DA:382,0
DA:383,0
DA:384,0
DA:385,0
DA:389,0
DA:390,0
DA:395,0
DA:396,0
DA:404,0
DA:408,0
DA:415,0
DA:416,0
DA:419,0
DA:424,0
DA:425,0
DA:426,0
DA:427,0
DA:431,0
DA:432,0
DA:437,0
DA:438,0
DA:446,0
DA:450,0
DA:454,13
DA:455,13
DA:456,2
DA:459,11
DA:460,11
DA:462,11
DA:464,2
DA:465,1
DA:474,1
DA:476,1
DA:478,8
DA:479,6
DA:488,6
DA:490,2
DA:492,1
DA:495,1
DA:500,0
DA:501,0
DA:512,0
DA:516,0
DA:531,0
DA:532,0
DA:533,0
DA:536,0
DA:537,0
DA:538,0
DA:539,0
DA:540,0
DA:541,0
DA:543,0
DA:544,0
DA:552,0
DA:553,0
DA:554,0
DA:557,0
DA:558,0
DA:559,0
DA:560,0
DA:561,0
DA:562,0
DA:564,0
DA:565,0
DA:573,0
DA:574,0
DA:575,0
DA:578,0
DA:579,0
DA:585,0
DA:589,0
DA:590,0
DA:591,0
DA:595,0
DA:596,0
DA:597,0
DA:599,0
DA:602,0
DA:603,0
DA:604,0
LF:232
LH:43
BRDA:48,0,0,0
BRDA:48,0,1,0
BRDA:55,1,0,0
BRDA:55,1,1,0
BRDA:58,2,0,0
BRDA:58,2,1,0
BRDA:72,3,0,0
BRDA:72,3,1,0
BRDA:72,3,2,0
BRDA:72,3,3,0
BRDA:105,4,0,0
BRDA:105,4,1,0
BRDA:111,5,0,1
BRDA:111,5,1,2
BRDA:114,6,0,1
BRDA:114,6,1,1
BRDA:121,7,0,0
BRDA:121,7,1,0
BRDA:128,8,0,0
BRDA:128,8,1,0
BRDA:129,9,0,0
BRDA:129,9,1,0
BRDA:137,10,0,0
BRDA:137,10,1,0
BRDA:147,11,0,0
BRDA:147,11,1,0
BRDA:165,12,0,0
BRDA:165,12,1,0
BRDA:176,13,0,0
BRDA:176,13,1,0
BRDA:180,14,0,0
BRDA:180,14,1,0
BRDA:193,15,0,0
BRDA:193,15,1,0
BRDA:211,16,0,0
BRDA:211,16,1,0
BRDA:221,17,0,0
BRDA:221,17,1,0
BRDA:225,18,0,0
BRDA:225,18,1,0
BRDA:225,19,0,0
BRDA:225,19,1,0
BRDA:229,20,0,0
BRDA:229,20,1,0
BRDA:231,21,0,0
BRDA:231,21,1,0
BRDA:246,22,0,0
BRDA:246,22,1,0
BRDA:251,23,0,0
BRDA:251,23,1,0
BRDA:251,24,0,0
BRDA:251,24,1,0
BRDA:254,25,0,0
BRDA:254,25,1,0
BRDA:256,26,0,0
BRDA:256,26,1,0
BRDA:261,27,0,0
BRDA:261,27,1,0
BRDA:270,28,0,0
BRDA:270,28,1,0
BRDA:275,29,0,0
BRDA:275,29,1,0
BRDA:275,30,0,0
BRDA:275,30,1,0
BRDA:278,31,0,0
BRDA:278,31,1,0
BRDA:280,32,0,0
BRDA:280,32,1,0
BRDA:285,33,0,0
BRDA:285,33,1,0
BRDA:300,34,0,0
BRDA:300,34,1,0
BRDA:310,35,0,0
BRDA:310,35,1,0
BRDA:312,36,0,0
BRDA:312,36,1,0
BRDA:313,37,0,0
BRDA:313,37,1,0
BRDA:323,38,0,0
BRDA:323,38,1,0
BRDA:361,39,0,0
BRDA:361,39,1,0
BRDA:372,40,0,0
BRDA:372,40,1,0
BRDA:382,41,0,0
BRDA:382,41,1,0
BRDA:384,42,0,0
BRDA:384,42,1,0
BRDA:385,43,0,0
BRDA:385,43,1,0
BRDA:395,44,0,0
BRDA:395,44,1,0
BRDA:415,45,0,0
BRDA:415,45,1,0
BRDA:424,46,0,0
BRDA:424,46,1,0
BRDA:426,47,0,0
BRDA:426,47,1,0
BRDA:427,48,0,0
BRDA:427,48,1,0
BRDA:437,49,0,0
BRDA:437,49,1,0
BRDA:455,50,0,2
BRDA:455,50,1,11
BRDA:455,51,0,13
BRDA:455,51,1,12
BRDA:455,51,2,12
BRDA:460,52,0,11
BRDA:460,52,1,1
BRDA:462,53,0,2
BRDA:462,53,1,8
BRDA:462,53,2,1
BRDA:464,54,0,1
BRDA:464,54,1,1
BRDA:478,55,0,6
BRDA:478,55,1,2
BRDA:499,56,0,0
BRDA:500,57,0,0
BRDA:500,57,1,0
BRDA:540,58,0,0
BRDA:540,58,1,0
BRDA:543,59,0,0
BRDA:543,59,1,0
BRDA:561,60,0,0
BRDA:561,60,1,0
BRDA:564,61,0,0
BRDA:564,61,1,0
BRDA:589,62,0,0
BRDA:589,62,1,0
BRDA:595,63,0,0
BRDA:595,63,1,0
BRDA:602,64,0,0
BRDA:602,64,1,0
BRF:133
BRH:18
end_of_record
TN:
SF:src/mcp/mcp-server.service.ts
FN:28,(anonymous_2)
FN:33,(anonymous_3)
FN:43,(anonymous_4)
FN:45,(anonymous_5)
FN:86,(anonymous_6)
FN:117,(anonymous_7)
FN:121,(anonymous_8)
FN:125,(anonymous_9)
FN:155,(anonymous_10)
FN:164,(anonymous_11)
FN:190,(anonymous_12)
FN:192,(anonymous_13)
FN:195,(anonymous_14)
FN:219,(anonymous_15)
FNF:14
FNH:11
FNDA:29,(anonymous_2)
FNDA:29,(anonymous_3)
FNDA:0,(anonymous_4)
FNDA:0,(anonymous_5)
FNDA:3,(anonymous_6)
FNDA:36,(anonymous_7)
FNDA:1,(anonymous_8)
FNDA:4,(anonymous_9)
FNDA:1,(anonymous_10)
FNDA:9,(anonymous_11)
FNDA:0,(anonymous_12)
FNDA:1,(anonymous_13)
FNDA:1,(anonymous_14)
FNDA:5,(anonymous_15)
DA:1,2
DA:5,2
DA:6,2
DA:8,2
DA:10,2
DA:11,2
DA:12,2
DA:24,2
DA:25,29
DA:26,29
DA:29,29
DA:30,29
DA:34,29
DA:37,29
DA:38,29
DA:39,29
DA:40,29
DA:41,29
DA:42,29
DA:44,0
DA:45,0
DA:48,0
DA:53,29
DA:54,57
DA:55,57
DA:57,57
DA:58,57
DA:60,55
DA:62,55
DA:70,55
DA:72,2
DA:79,2
DA:80,1
DA:87,3
DA:88,6
DA:89,6
DA:91,6
DA:92,3
DA:94,5
DA:96,4
DA:97,4
DA:98,20
DA:99,20
DA:100,0
DA:101,0
DA:106,2
DA:114,3
DA:118,36
DA:122,1
DA:130,4
DA:131,4
DA:132,1
DA:133,1
DA:138,3
DA:139,3
DA:142,3
DA:143,3
DA:144,3
DA:146,3
DA:148,3
DA:151,3
DA:152,3
DA:155,3
DA:156,1
DA:157,1
DA:159,3
DA:160,3
DA:161,3
DA:169,9
DA:170,9
DA:171,1
DA:172,1
DA:177,8
DA:180,8
DA:182,8
DA:183,8
DA:184,3
DA:185,3
DA:189,5
DA:190,0
DA:193,1
DA:196,1
DA:201,5
DA:204,5
DA:205,3
DA:207,2
DA:213,2
DA:214,1
DA:224,5
DA:225,5
DA:226,1
DA:227,1
DA:231,4
DA:233,4
DA:242,4
DA:243,3
DA:244,3
DA:245,2
DA:256,2
DA:258,2
DA:259,2
DA:260,2
DA:261,2
DA:262,0
DA:263,2
DA:264,0
DA:266,2
DA:268,2
DA:270,1
DA:279,1
DA:284,2
DA:285,2
LF:112
LH:104
BRDA:37,0,0,29
BRDA:37,0,1,1
BRDA:40,1,0,0
BRDA:40,1,1,29
BRDA:42,2,0,0
BRDA:42,2,1,29
BRDA:44,3,0,0
BRDA:44,3,1,0
BRDA:67,4,0,55
BRDA:67,4,1,2
BRDA:79,5,0,1
BRDA:79,5,1,1
BRDA:99,6,0,0
BRDA:99,6,1,20
BRDA:131,7,0,1
BRDA:131,7,1,3
BRDA:138,8,0,3
BRDA:138,8,1,3
BRDA:139,9,0,0
BRDA:139,9,1,3
BRDA:142,10,0,3
BRDA:142,10,1,3
BRDA:170,11,0,1
BRDA:170,11,1,8
BRDA:177,12,0,8
BRDA:177,12,1,6
BRDA:177,12,2,6
BRDA:180,13,0,3
BRDA:180,13,1,5
BRDA:183,14,0,3
BRDA:183,14,1,5
BRDA:183,15,0,8
BRDA:183,15,1,3
BRDA:213,16,0,1
BRDA:213,16,1,1
BRDA:225,17,0,1
BRDA:225,17,1,4
BRDA:231,18,0,4
BRDA:231,18,1,2
BRDA:242,19,0,3
BRDA:242,19,1,1
BRDA:244,20,0,2
BRDA:244,20,1,1
BRDA:244,21,0,3
BRDA:244,21,1,3
BRDA:256,22,0,2
BRDA:256,22,1,2
BRDA:258,23,0,2
BRDA:258,23,1,0
BRDA:259,24,0,2
BRDA:259,24,1,2
BRDA:261,25,0,0
BRDA:261,25,1,2
BRDA:261,26,0,2
BRDA:261,26,1,0
BRDA:263,27,0,0
BRDA:263,27,1,2
BRF:57
BRH:47
end_of_record
TN:
SF:src/redaction/audit-logger.ts
FN:14,(anonymous_9)
FN:28,(anonymous_10)
FN:58,(anonymous_11)
FN:69,(anonymous_12)
FN:79,(anonymous_13)
FNF:5
FNH:5
FNDA:19,(anonymous_9)
FNDA:16,(anonymous_10)
FNDA:26,(anonymous_11)
FNDA:48,(anonymous_12)
FNDA:3,(anonymous_13)
DA:1,4
DA:2,4
DA:4,4
DA:6,4
DA:10,4
DA:11,19
DA:16,19
DA:17,19
DA:20,19
DA:21,19
DA:23,1
DA:24,1
DA:34,16
DA:35,3
DA:38,13
DA:39,13
DA:42,13
DA:46,13
DA:49,13
DA:53,13
DA:55,13
DA:59,26
DA:60,26
DA:61,26
DA:63,26
DA:65,4
DA:70,48
DA:71,19
DA:72,19
DA:74,15
DA:78,29
DA:79,3
DA:82,27
DA:83,24
DA:84,24
DA:85,19
DA:87,24
DA:90,3
LF:38
LH:38
BRDA:34,0,0,3
BRDA:34,0,1,13
BRDA:34,1,0,16
BRDA:34,1,1,14
BRDA:70,2,0,19
BRDA:70,2,1,29
BRDA:78,3,0,2
BRDA:78,3,1,27
BRDA:82,4,0,24
BRDA:82,4,1,3
BRDA:82,5,0,27
BRDA:82,5,1,26
BRF:12
BRH:12
end_of_record
TN:
SF:src/redaction/matcher.ts
FN:16,(anonymous_0)
FN:38,(anonymous_1)
FN:46,(anonymous_2)
FN:50,(anonymous_3)
FN:57,(anonymous_4)
FN:84,(anonymous_5)
FN:131,(anonymous_6)
FN:143,(anonymous_7)
FNF:8
FNH:8
FNDA:46,(anonymous_0)
FNDA:47,(anonymous_1)
FNDA:24,(anonymous_2)
FNDA:66,(anonymous_3)
FNDA:9,(anonymous_4)
FNDA:66,(anonymous_5)
FNDA:72,(anonymous_6)
FNDA:70,(anonymous_7)
DA:12,4
DA:18,46
DA:19,46
DA:20,1172
DA:21,1172
DA:22,1172
DA:25,46
DA:28,46
DA:29,46
DA:31,46
DA:33,0
DA:35,46
DA:39,47
DA:40,1
DA:42,46
DA:47,24
DA:51,66
DA:52,66
DA:53,14
DA:57,52
DA:58,52
DA:59,52
DA:60,61
DA:61,61
DA:62,60
DA:63,1
DA:64,0
DA:69,52
DA:70,52
DA:71,52
DA:72,60
DA:73,21
DA:75,60
DA:76,60
DA:78,52
DA:79,24
DA:81,52
DA:85,66
DA:86,66
DA:88,66
DA:91,66
DA:92,66
DA:94,71
DA:95,71
DA:96,71
DA:97,0
DA:99,71
DA:100,72
DA:101,72
DA:103,72
DA:104,72
DA:105,72
DA:106,72
DA:107,61
DA:111,66
DA:115,0
DA:116,0
DA:117,0
DA:118,0
DA:119,0
DA:120,0
DA:121,0
DA:122,0
DA:123,0
DA:125,0
DA:128,0
DA:132,72
DA:133,30
DA:134,30
DA:136,68
DA:137,40
DA:138,40
DA:140,61
DA:144,70
LF:74
LH:60
BRDA:21,0,0,1172
BRDA:21,0,1,0
BRDA:35,1,0,46
BRDA:35,1,1,0
BRDA:39,2,0,1
BRDA:39,2,1,46
BRDA:52,3,0,14
BRDA:52,3,1,52
BRDA:61,4,0,60
BRDA:61,4,1,1
BRDA:61,5,0,61
BRDA:61,5,1,9
BRDA:63,6,0,0
BRDA:63,6,1,1
BRDA:72,7,0,21
BRDA:72,7,1,39
BRDA:78,8,0,24
BRDA:78,8,1,28
BRDA:88,9,0,66
BRDA:88,9,1,0
BRDA:91,10,0,66
BRDA:91,10,1,0
BRDA:94,11,0,71
BRDA:94,11,1,0
BRDA:94,12,0,0
BRDA:94,12,1,0
BRDA:94,12,2,0
BRDA:95,13,0,71
BRDA:95,13,1,0
BRDA:95,14,0,71
BRDA:95,14,1,0
BRDA:95,15,0,0
BRDA:95,15,1,0
BRDA:95,15,2,0
BRDA:95,15,3,0
BRDA:96,16,0,0
BRDA:96,16,1,71
BRDA:96,17,0,71
BRDA:96,17,1,71
BRDA:96,17,2,71
BRDA:100,18,0,0
BRDA:100,18,1,72
BRDA:100,19,0,72
BRDA:100,19,1,72
BRDA:106,20,0,61
BRDA:106,20,1,11
BRDA:106,21,0,72
BRDA:106,21,1,72
BRDA:106,21,2,72
BRDA:119,22,0,0
BRDA:119,22,1,0
BRDA:122,23,0,0
BRDA:122,23,1,0
BRDA:132,24,0,30
BRDA:132,24,1,42
BRDA:134,25,0,4
BRDA:134,25,1,26
BRDA:136,26,0,40
BRDA:136,26,1,28
BRDA:138,27,0,7
BRDA:138,27,1,33
BRF:61
BRH:40
end_of_record
TN:
SF:src/redaction/redaction.service.ts
FN:10,(anonymous_1)
FN:16,(anonymous_2)
FN:51,(anonymous_3)
FN:58,(anonymous_4)
FN:70,(anonymous_5)
FN:76,(anonymous_6)
FN:88,(anonymous_7)
FN:91,(anonymous_8)
FN:97,(anonymous_9)
FN:121,(anonymous_10)
FN:130,(anonymous_11)
FN:130,(anonymous_12)
FN:148,(anonymous_13)
FN:161,(anonymous_14)
FN:162,(anonymous_15)
FN:176,(anonymous_16)
FNF:16
FNH:14
FNDA:33,(anonymous_1)
FNDA:28,(anonymous_2)
FNDA:8,(anonymous_3)
FNDA:19,(anonymous_4)
FNDA:47,(anonymous_5)
FNDA:11,(anonymous_6)
FNDA:6,(anonymous_7)
FNDA:21,(anonymous_8)
FNDA:3,(anonymous_9)
FNDA:27,(anonymous_10)
FNDA:0,(anonymous_11)
FNDA:0,(anonymous_12)
FNDA:48,(anonymous_13)
FNDA:144,(anonymous_14)
FNDA:144,(anonymous_15)
FNDA:25,(anonymous_16)
DA:1,3
DA:3,3
DA:6,3
DA:7,3
DA:10,3
DA:11,33
DA:12,33
DA:13,33
DA:14,33
DA:17,28
DA:18,1
DA:19,0
DA:21,1
DA:24,27
DA:26,27
DA:27,27
DA:29,24
DA:30,0
DA:31,0
DA:32,0
DA:35,24
DA:36,24
DA:39,24
DA:40,24
DA:43,24
DA:46,3
DA:47,3
DA:52,8
DA:53,2
DA:55,8
DA:59,19
DA:60,4
DA:63,15
DA:64,9
DA:67,6
DA:71,47
DA:72,18
DA:73,18
DA:75,29
DA:76,11
DA:78,23
DA:79,17
DA:80,17
DA:81,26
DA:83,17
DA:85,6
DA:89,6
DA:91,6
DA:92,21
DA:93,1
DA:94,1
DA:96,20
DA:97,3
DA:99,18
DA:100,12
DA:101,12
DA:102,21
DA:103,9
DA:104,8
DA:105,8
DA:107,1
DA:110,12
DA:113,12
DA:115,6
DA:118,6
DA:122,27
DA:123,27
DA:124,2
DA:128,25
DA:129,25
DA:130,0
DA:133,25
DA:134,0
DA:137,25
DA:138,25
DA:139,1
DA:142,24
DA:146,24
DA:148,24
DA:149,48
DA:150,48
DA:151,48
DA:152,0
DA:157,48
DA:158,48
DA:159,48
DA:161,144
DA:162,144
DA:163,48
DA:167,24
DA:168,24
DA:169,48
DA:170,48
DA:173,24
DA:177,25
DA:178,25
DA:179,1
DA:180,1
DA:182,0
DA:188,24
DA:189,24
DA:190,1
DA:194,23
DA:195,23
DA:196,23
DA:197,23
DA:198,23
DA:199,1
DA:202,23
DA:204,0
LF:110
LH:101
BRDA:17,0,0,1
BRDA:17,0,1,27
BRDA:18,1,0,0
BRDA:18,1,1,1
BRDA:29,2,0,0
BRDA:29,2,1,24
BRDA:40,3,0,24
BRDA:40,3,1,0
BRDA:52,4,0,2
BRDA:52,4,1,6
BRDA:59,5,0,4
BRDA:59,5,1,15
BRDA:59,6,0,19
BRDA:59,6,1,17
BRDA:59,6,2,16
BRDA:63,7,0,9
BRDA:63,7,1,6
BRDA:63,8,0,15
BRDA:63,8,1,7
BRDA:71,9,0,18
BRDA:71,9,1,29
BRDA:75,10,0,6
BRDA:75,10,1,23
BRDA:78,11,0,17
BRDA:78,11,1,6
BRDA:78,12,0,23
BRDA:78,12,1,21
BRDA:92,13,0,1
BRDA:92,13,1,20
BRDA:96,14,0,2
BRDA:96,14,1,18
BRDA:99,15,0,12
BRDA:99,15,1,6
BRDA:99,16,0,18
BRDA:99,16,1,18
BRDA:102,17,0,9
BRDA:102,17,1,12
BRDA:103,18,0,8
BRDA:103,18,1,1
BRDA:123,19,0,2
BRDA:123,19,1,25
BRDA:129,20,0,0
BRDA:129,20,1,25
BRDA:133,21,0,0
BRDA:133,21,1,25
BRDA:138,22,0,1
BRDA:138,22,1,24
BRDA:151,23,0,0
BRDA:151,23,1,48
BRDA:178,24,0,1
BRDA:178,24,1,24
BRDA:189,25,0,1
BRDA:189,25,1,23
BRDA:196,26,0,23
BRDA:196,26,1,0
BRDA:196,27,0,23
BRDA:196,27,1,23
BRDA:198,28,0,1
BRDA:198,28,1,22
BRDA:198,29,0,23
BRDA:198,29,1,1
BRF:61
BRH:54
end_of_record
TN:
SF:src/redaction/scanner-generic.ts
FN:7,redactGeneric
FN:59,scanEmailAt
FN:137,scanPhoneAt
FN:211,isDigit
FN:215,isLetter
FN:219,isAlphaNum
FN:223,isAlphaUnderscore
FN:227,isAlphaNumUnderscore
FN:231,isEmailLocalChar
FN:235,isDomainLabelChar
FNF:10
FNH:10
FNDA:59,redactGeneric
FNDA:22,scanEmailAt
FNDA:52,scanPhoneAt
FNDA:3025,isDigit
FNDA:347,isLetter
FNDA:336,isAlphaNum
FNDA:11,isAlphaUnderscore
FNDA:21,isAlphaNumUnderscore
FNDA:138,isEmailLocalChar
FNDA:185,isDomainLabelChar
DA:4,4
DA:5,4
DA:7,4
DA:8,59
DA:9,1
DA:12,58
DA:13,58
DA:14,58
DA:16,58
DA:17,2654
DA:19,2654
DA:20,22
DA:21,22
DA:22,17
DA:23,13
DA:25,17
DA:26,17
DA:27,17
DA:28,17
DA:32,2637
DA:33,52
DA:34,52
DA:35,11
DA:36,10
DA:38,11
DA:39,11
DA:40,11
DA:41,11
DA:45,2626
DA:48,58
DA:49,33
DA:52,25
DA:53,5
DA:56,25
DA:60,22
DA:61,22
DA:62,0
DA:66,22
DA:67,22
DA:68,123
DA:70,22
DA:71,22
DA:73,22
DA:74,1
DA:78,21
DA:79,2
DA:82,19
DA:83,84
DA:84,1
DA:89,18
DA:90,18
DA:91,18
DA:92,18
DA:94,18
DA:95,185
DA:96,185
DA:97,160
DA:98,160
DA:99,160
DA:101,25
DA:102,17
DA:103,0
DA:105,17
DA:106,17
DA:107,17
DA:108,17
DA:109,17
DA:111,8
DA:114,18
DA:115,18
DA:116,0
DA:118,18
DA:119,1
DA:122,17
DA:123,0
DA:127,17
DA:128,0
DA:130,17
DA:131,0
DA:134,17
DA:143,52
DA:144,52
DA:145,52
DA:146,52
DA:147,52
DA:148,52
DA:149,52
DA:151,52
DA:152,6
DA:153,6
DA:154,6
DA:155,0
DA:159,52
DA:160,327
DA:161,327
DA:162,269
DA:163,269
DA:164,58
DA:165,38
DA:166,38
DA:167,20
DA:168,0
DA:169,0
DA:170,0
DA:171,20
DA:172,3
DA:173,3
DA:175,0
DA:176,0
DA:177,17
DA:178,0
DA:179,0
DA:181,0
DA:183,17
DA:187,49
DA:188,49
DA:189,0
DA:191,49
DA:192,37
DA:195,12
DA:196,1
DA:198,11
DA:199,0
DA:202,11
DA:203,0
DA:204,0
DA:208,11
DA:212,3025
DA:216,347
DA:220,336
DA:224,11
DA:228,21
DA:232,138
DA:236,185
LF:134
LH:115
BRDA:8,0,0,1
BRDA:8,0,1,58
BRDA:19,1,0,22
BRDA:19,1,1,2632
BRDA:21,2,0,17
BRDA:21,2,1,5
BRDA:22,3,0,13
BRDA:22,3,1,4
BRDA:32,4,0,52
BRDA:32,4,1,2585
BRDA:32,5,0,2637
BRDA:32,5,1,2631
BRDA:34,6,0,11
BRDA:34,6,1,41
BRDA:35,7,0,10
BRDA:35,7,1,1
BRDA:48,8,0,33
BRDA:48,8,1,25
BRDA:52,9,0,5
BRDA:52,9,1,20
BRDA:61,10,0,0
BRDA:61,10,1,22
BRDA:61,11,0,22
BRDA:61,11,1,22
BRDA:67,12,0,145
BRDA:67,12,1,138
BRDA:73,13,0,1
BRDA:73,13,1,21
BRDA:78,14,0,2
BRDA:78,14,1,19
BRDA:78,15,0,21
BRDA:78,15,1,20
BRDA:83,16,0,1
BRDA:83,16,1,83
BRDA:83,17,0,84
BRDA:83,17,1,4
BRDA:96,18,0,160
BRDA:96,18,1,25
BRDA:101,19,0,17
BRDA:101,19,1,8
BRDA:102,20,0,0
BRDA:102,20,1,17
BRDA:102,21,0,17
BRDA:102,21,1,17
BRDA:115,22,0,0
BRDA:115,22,1,18
BRDA:115,23,0,18
BRDA:115,23,1,18
BRDA:118,24,0,1
BRDA:118,24,1,17
BRDA:122,25,0,0
BRDA:122,25,1,17
BRDA:122,26,0,17
BRDA:122,26,1,17
BRDA:122,26,2,17
BRDA:127,27,0,0
BRDA:127,27,1,17
BRDA:127,28,0,17
BRDA:127,28,1,13
BRDA:130,29,0,0
BRDA:130,29,1,17
BRDA:130,30,0,17
BRDA:130,30,1,8
BRDA:151,31,0,6
BRDA:151,31,1,46
BRDA:154,32,0,0
BRDA:154,32,1,6
BRDA:161,33,0,269
BRDA:161,33,1,58
BRDA:164,34,0,38
BRDA:164,34,1,20
BRDA:164,35,0,58
BRDA:164,35,1,37
BRDA:164,35,2,22
BRDA:167,36,0,0
BRDA:167,36,1,20
BRDA:171,37,0,3
BRDA:171,37,1,17
BRDA:172,38,0,3
BRDA:172,38,1,0
BRDA:177,39,0,0
BRDA:177,39,1,17
BRDA:177,40,0,17
BRDA:177,40,1,17
BRDA:178,41,0,0
BRDA:178,41,1,0
BRDA:188,42,0,0
BRDA:188,42,1,49
BRDA:191,43,0,37
BRDA:191,43,1,12
BRDA:191,44,0,49
BRDA:191,44,1,12
BRDA:195,45,0,1
BRDA:195,45,1,11
BRDA:195,46,0,12
BRDA:195,46,1,11
BRDA:198,47,0,0
BRDA:198,47,1,11
BRDA:198,48,0,11
BRDA:198,48,1,0
BRDA:202,49,0,0
BRDA:202,49,1,11
BRDA:202,50,0,11
BRDA:202,50,1,2
BRDA:202,50,2,1
BRDA:203,51,0,0
BRDA:203,51,1,0
BRDA:203,52,0,0
BRDA:203,52,1,0
BRDA:203,52,2,0
BRDA:212,53,0,3025
BRDA:212,53,1,2838
BRDA:216,54,0,347
BRDA:216,54,1,270
BRDA:216,54,2,77
BRDA:216,54,3,0
BRDA:220,55,0,336
BRDA:220,55,1,67
BRDA:224,56,0,11
BRDA:224,56,1,10
BRDA:228,57,0,21
BRDA:228,57,1,21
BRDA:232,58,0,138
BRDA:232,58,1,132
BRDA:232,58,2,132
BRDA:232,58,3,131
BRDA:232,58,4,130
BRDA:236,59,0,185
BRDA:236,59,1,25
BRF:129
BRH:107
end_of_record
