{"total": {"lines":{"total":783,"covered":656,"skipped":0,"pct":83.78},"statements":{"total":803,"covered":672,"skipped":0,"pct":83.68},"functions":{"total":89,"covered":77,"skipped":0,"pct":86.51},"branches":{"total":512,"covered":395,"skipped":0,"pct":77.14},"branchesTrue":{"total":0,"covered":0,"skipped":0,"pct":100}}
,"/home/runner/work/gs-mcp-proxy-pii-redactor/gs-mcp-proxy-pii-redactor/src/app.controller.ts": {"lines":{"total":70,"covered":70,"skipped":0,"pct":100},"functions":{"total":5,"covered":5,"skipped":0,"pct":100},"statements":{"total":72,"covered":72,"skipped":0,"pct":100},"branches":{"total":44,"covered":44,"skipped":0,"pct":100}}
,"/home/runner/work/gs-mcp-proxy-pii-redactor/gs-mcp-proxy-pii-redactor/src/config/config.service.ts": {"lines":{"total":52,"covered":52,"skipped":0,"pct":100},"functions":{"total":6,"covered":6,"skipped":0,"pct":100},"statements":{"total":54,"covered":54,"skipped":0,"pct":100},"branches":{"total":43,"covered":43,"skipped":0,"pct":100}}
,"/home/runner/work/gs-mcp-proxy-pii-redactor/gs-mcp-proxy-pii-redactor/src/mcp/mcp-client-wrapper.ts": {"lines":{"total":202,"covered":111,"skipped":0,"pct":54.95},"functions":{"total":27,"covered":17,"skipped":0,"pct":62.96},"statements":{"total":204,"covered":112,"skipped":0,"pct":54.9},"branches":{"total":113,"covered":41,"skipped":0,"pct":36.28}}
,"/home/runner/work/gs-mcp-proxy-pii-redactor/gs-mcp-proxy-pii-redactor/src/mcp/mcp-server.service.ts": {"lines":{"total":103,"covered":102,"skipped":0,"pct":99.02},"functions":{"total":12,"covered":12,"skipped":0,"pct":100},"statements":{"total":105,"covered":104,"skipped":0,"pct":99.04},"branches":{"total":49,"covered":48,"skipped":0,"pct":97.95}}
,"/home/runner/work/gs-mcp-proxy-pii-redactor/gs-mcp-proxy-pii-redactor/src/redaction/audit-logger.ts": {"lines":{"total":38,"covered":38,"skipped":0,"pct":100},"functions":{"total":5,"covered":5,"skipped":0,"pct":100},"statements":{"total":39,"covered":39,"skipped":0,"pct":100},"branches":{"total":12,"covered":12,"skipped":0,"pct":100}}
,"/home/runner/work/gs-mcp-proxy-pii-redactor/gs-mcp-proxy-pii-redactor/src/redaction/matcher.ts": {"lines":{"total":74,"covered":60,"skipped":0,"pct":81.08},"functions":{"total":8,"covered":8,"skipped":0,"pct":100},"statements":{"total":79,"covered":63,"skipped":0,"pct":79.74},"branches":{"total":61,"covered":40,"skipped":0,"pct":65.57}}
,"/home/runner/work/gs-mcp-proxy-pii-redactor/gs-mcp-proxy-pii-redactor/src/redaction/redaction.service.ts": {"lines":{"total":110,"covered":101,"skipped":0,"pct":91.81},"functions":{"total":16,"covered":14,"skipped":0,"pct":87.5},"statements":{"total":115,"covered":105,"skipped":0,"pct":91.3},"branches":{"total":61,"covered":54,"skipped":0,"pct":88.52}}
,"/home/runner/work/gs-mcp-proxy-pii-redactor/gs-mcp-proxy-pii-redactor/src/redaction/scanner-generic.ts": {"lines":{"total":134,"covered":122,"skipped":0,"pct":91.04},"functions":{"total":10,"covered":10,"skipped":0,"pct":100},"statements":{"total":135,"covered":123,"skipped":0,"pct":91.11},"branches":{"total":129,"covered":113,"skipped":0,"pct":87.59}}
}
