{"total": {"lines":{"total":721,"covered":406,"skipped":0,"pct":56.31},"statements":{"total":739,"covered":420,"skipped":0,"pct":56.83},"functions":{"total":89,"covered":56,"skipped":0,"pct":62.92},"branches":{"total":453,"covered":222,"skipped":0,"pct":49},"branchesTrue":{"total":0,"covered":0,"skipped":0,"pct":100}}
,"/home/runner/work/gs-mcp-proxy-pii-redactor/gs-mcp-proxy-pii-redactor/src/app.controller.ts": {"lines":{"total":67,"covered":21,"skipped":0,"pct":31.34},"functions":{"total":5,"covered":3,"skipped":0,"pct":60},"statements":{"total":69,"covered":23,"skipped":0,"pct":33.33},"branches":{"total":44,"covered":6,"skipped":0,"pct":13.63}}
,"/home/runner/work/gs-mcp-proxy-pii-redactor/gs-mcp-proxy-pii-redactor/src/config/config.service.ts": {"lines":{"total":50,"covered":40,"skipped":0,"pct":80},"functions":{"total":6,"covered":6,"skipped":0,"pct":100},"statements":{"total":52,"covered":42,"skipped":0,"pct":80.76},"branches":{"total":43,"covered":25,"skipped":0,"pct":58.13}}
,"/home/runner/work/gs-mcp-proxy-pii-redactor/gs-mcp-proxy-pii-redactor/src/mcp/mcp-client-wrapper.ts": {"lines":{"total":194,"covered":96,"skipped":0,"pct":49.48},"functions":{"total":27,"covered":16,"skipped":0,"pct":59.25},"statements":{"total":196,"covered":97,"skipped":0,"pct":49.48},"branches":{"total":111,"covered":33,"skipped":0,"pct":29.72}}
,"/home/runner/work/gs-mcp-proxy-pii-redactor/gs-mcp-proxy-pii-redactor/src/mcp/mcp-server.service.ts": {"lines":{"total":79,"covered":42,"skipped":0,"pct":53.16},"functions":{"total":12,"covered":7,"skipped":0,"pct":58.33},"statements":{"total":81,"covered":44,"skipped":0,"pct":54.32},"branches":{"total":29,"covered":11,"skipped":0,"pct":37.93}}
,"/home/runner/work/gs-mcp-proxy-pii-redactor/gs-mcp-proxy-pii-redactor/src/redaction/audit-logger.ts": {"lines":{"total":38,"covered":5,"skipped":0,"pct":13.15},"functions":{"total":5,"covered":0,"skipped":0,"pct":0},"statements":{"total":39,"covered":5,"skipped":0,"pct":12.82},"branches":{"total":12,"covered":0,"skipped":0,"pct":0}}
,"/home/runner/work/gs-mcp-proxy-pii-redactor/gs-mcp-proxy-pii-redactor/src/redaction/matcher.ts": {"lines":{"total":52,"covered":46,"skipped":0,"pct":88.46},"functions":{"total":8,"covered":8,"skipped":0,"pct":100},"statements":{"total":55,"covered":49,"skipped":0,"pct":89.09},"branches":{"total":26,"covered":19,"skipped":0,"pct":73.07}}
,"/home/runner/work/gs-mcp-proxy-pii-redactor/gs-mcp-proxy-pii-redactor/src/redaction/redaction.service.ts": {"lines":{"total":107,"covered":40,"skipped":0,"pct":37.38},"functions":{"total":16,"covered":6,"skipped":0,"pct":37.5},"statements":{"total":112,"covered":43,"skipped":0,"pct":38.39},"branches":{"total":59,"covered":25,"skipped":0,"pct":42.37}}
,"/home/runner/work/gs-mcp-proxy-pii-redactor/gs-mcp-proxy-pii-redactor/src/redaction/scanner-generic.ts": {"lines":{"total":134,"covered":116,"skipped":0,"pct":86.56},"functions":{"total":10,"covered":10,"skipped":0,"pct":100},"statements":{"total":135,"covered":117,"skipped":0,"pct":86.66},"branches":{"total":129,"covered":103,"skipped":0,"pct":79.84}}
}
