<?xml version="1.0" encoding="UTF-8"?>
<testsuites name="jest tests" tests="21" failures="0" errors="0" time="37.182">
  <testsuite name="MCP Proxy SSE Transport (e2e)" errors="0" failures="0" skipped="1" timestamp="2025-11-06T12:08:37" time="25.887" tests="7">
    <testcase classname="MCP Proxy SSE Transport (e2e) health check returns ok" name="MCP Proxy SSE Transport (e2e) health check returns ok" time="0.036">
    </testcase>
    <testcase classname="MCP Proxy SSE Transport (e2e) github client blocks specified tools via SSE" name="MCP Proxy SSE Transport (e2e) github client blocks specified tools via SSE" time="0.17">
    </testcase>
    <testcase classname="MCP Proxy SSE Transport (e2e) github-allow client only exposes allow-listed tools via SSE" name="MCP Proxy SSE Transport (e2e) github-allow client only exposes allow-listed tools via SSE" time="0.113">
    </testcase>
    <testcase classname="MCP Proxy SSE Transport (e2e) unknown client returns 404 on SSE endpoint" name="MCP Proxy SSE Transport (e2e) unknown client returns 404 on SSE endpoint" time="0.011">
    </testcase>
    <testcase classname="MCP Proxy SSE Transport (e2e) SSE transport handles authentication correctly" name="MCP Proxy SSE Transport (e2e) SSE transport handles authentication correctly" time="0.026">
    </testcase>
    <testcase classname="MCP Proxy SSE Transport (e2e) reconnects cleanly and can list tools again" name="MCP Proxy SSE Transport (e2e) reconnects cleanly and can list tools again" time="0.282">
    </testcase>
    <testcase classname="MCP Proxy SSE Transport (e2e) supports two concurrent SSE clients without interference" name="MCP Proxy SSE Transport (e2e) supports two concurrent SSE clients without interference" time="0">
      <skipped/>
    </testcase>
  </testsuite>
  <testsuite name="MCP Proxy search_repositories via SSE (e2e)" errors="0" failures="0" skipped="0" timestamp="2025-11-06T12:09:03" time="1.116" tests="1">
    <testcase classname="MCP Proxy search_repositories via SSE (e2e) exposes search_repositories on github-allow via SSE and executes it" name="MCP Proxy search_repositories via SSE (e2e) exposes search_repositories on github-allow via SSE and executes it" time="0.538">
    </testcase>
  </testsuite>
  <testsuite name="MCP Proxy search_repositories (e2e)" errors="0" failures="0" skipped="0" timestamp="2025-11-06T12:09:04" time="0.875" tests="1">
    <testcase classname="MCP Proxy search_repositories (e2e) exposes search_repositories on github-allow and executes it" name="MCP Proxy search_repositories (e2e) exposes search_repositories on github-allow and executes it" time="0.519">
    </testcase>
  </testsuite>
  <testsuite name="MCP Proxy (e2e)" errors="0" failures="0" skipped="0" timestamp="2025-11-06T12:09:05" time="0.934" tests="5">
    <testcase classname="MCP Proxy (e2e) health check returns ok" name="MCP Proxy (e2e) health check returns ok" time="0.012">
    </testcase>
    <testcase classname="MCP Proxy (e2e) github client blocks specified tools" name="MCP Proxy (e2e) github client blocks specified tools" time="0.174">
    </testcase>
    <testcase classname="MCP Proxy (e2e) github-allow client only exposes allow-listed tools" name="MCP Proxy (e2e) github-allow client only exposes allow-listed tools" time="0.157">
    </testcase>
    <testcase classname="MCP Proxy (e2e) unknown client returns 404" name="MCP Proxy (e2e) unknown client returns 404" time="0.01">
    </testcase>
    <testcase classname="MCP Proxy (e2e) reuses streamable-http session across sequential calls" name="MCP Proxy (e2e) reuses streamable-http session across sequential calls" time="0.029">
    </testcase>
  </testsuite>
  <testsuite name="PII Redaction (e2e-like service tests)" errors="0" failures="0" skipped="0" timestamp="2025-11-06T12:09:06" time="0.106" tests="6">
    <testcase classname="PII Redaction (e2e-like service tests) uses Aho–Corasick automaton when available" name="PII Redaction (e2e-like service tests) uses Aho–Corasick automaton when available" time="0.001">
    </testcase>
    <testcase classname="PII Redaction (e2e-like service tests) redacts emails and phone numbers generically in plain strings" name="PII Redaction (e2e-like service tests) redacts emails and phone numbers generically in plain strings" time="0.002">
    </testcase>
    <testcase classname="PII Redaction (e2e-like service tests) redacts by configured keys (and recursively traversed strings) using keys [description, text, href]" name="PII Redaction (e2e-like service tests) redacts by configured keys (and recursively traversed strings) using keys [description, text, href]" time="0.003">
    </testcase>
    <testcase classname="PII Redaction (e2e-like service tests) when no keys are configured, redacts all strings" name="PII Redaction (e2e-like service tests) when no keys are configured, redacts all strings" time="0.001">
    </testcase>
    <testcase classname="PII Redaction (e2e-like service tests) returns original data when redaction disabled" name="PII Redaction (e2e-like service tests) returns original data when redaction disabled" time="0.001">
    </testcase>
    <testcase classname="PII Redaction (e2e-like service tests) returns original data when matcher not initialized" name="PII Redaction (e2e-like service tests) returns original data when matcher not initialized" time="0">
    </testcase>
  </testsuite>
  <testsuite name="MCP Proxy Stdio Mode (e2e)" errors="0" failures="0" skipped="0" timestamp="2025-11-06T12:09:06" time="7.762" tests="1">
    <testcase classname="MCP Proxy Stdio Mode (e2e) should expose only allow-listed tools via stdio" name="MCP Proxy Stdio Mode (e2e) should expose only allow-listed tools via stdio" time="7.706">
    </testcase>
  </testsuite>
</testsuites>