TN:
SF:src/app.controller.ts
FN:21,(anonymous_4)
FN:27,(anonymous_5)
FN:32,(anonymous_6)
FN:78,(anonymous_7)
FN:127,(anonymous_8)
FNF:5
FNH:5
FNDA:4,(anonymous_4)
FNDA:2,(anonymous_5)
FNDA:8,(anonymous_6)
FNDA:20,(anonymous_7)
FNDA:19,(anonymous_8)
DA:3,4
DA:14,4
DA:15,4
DA:18,4
DA:19,4
DA:22,4
DA:23,4
DA:27,4
DA:28,2
DA:32,4
DA:37,8
DA:38,8
DA:40,8
DA:41,1
DA:45,7
DA:49,0
DA:50,0
DA:51,0
DA:54,0
DA:55,0
DA:56,0
DA:60,7
DA:61,7
DA:63,0
DA:71,0
DA:72,0
DA:78,4
DA:83,20
DA:84,20
DA:86,20
DA:87,0
DA:88,0
DA:92,20
DA:96,0
DA:97,0
DA:98,0
DA:99,0
DA:102,0
DA:103,0
DA:104,0
DA:105,0
DA:109,20
DA:110,20
DA:112,0
DA:120,0
DA:121,0
DA:127,4
DA:132,19
DA:133,19
DA:135,19
DA:136,1
DA:140,18
DA:144,0
DA:145,0
DA:146,0
DA:149,0
DA:150,0
DA:151,0
DA:156,18
DA:157,18
DA:159,0
DA:160,0
DA:163,0
DA:164,0
DA:166,0
DA:169,18
DA:170,18
DA:176,0
DA:184,0
DA:185,0
LF:70
LH:34
BRDA:40,0,0,1
BRDA:40,0,1,7
BRDA:45,1,0,0
BRDA:45,1,1,7
BRDA:46,2,0,7
BRDA:46,2,1,0
BRDA:50,3,0,0
BRDA:50,3,1,0
BRDA:55,4,0,0
BRDA:55,4,1,0
BRDA:71,5,0,0
BRDA:71,5,1,0
BRDA:86,6,0,0
BRDA:86,6,1,20
BRDA:92,7,0,0
BRDA:92,7,1,20
BRDA:93,8,0,20
BRDA:93,8,1,0
BRDA:97,9,0,0
BRDA:97,9,1,0
BRDA:103,10,0,0
BRDA:103,10,1,0
BRDA:120,11,0,0
BRDA:120,11,1,0
BRDA:135,12,0,1
BRDA:135,12,1,18
BRDA:140,13,0,0
BRDA:140,13,1,18
BRDA:141,14,0,18
BRDA:141,14,1,0
BRDA:145,15,0,0
BRDA:145,15,1,0
BRDA:150,16,0,0
BRDA:150,16,1,0
BRDA:156,17,0,18
BRDA:156,17,1,0
BRDA:157,18,0,0
BRDA:157,18,1,18
BRDA:159,19,0,0
BRDA:159,19,1,0
BRDA:163,20,0,0
BRDA:163,20,1,0
BRDA:184,21,0,0
BRDA:184,21,1,0
BRF:44
BRH:13
end_of_record
TN:
SF:src/config/config.service.ts
FN:12,(anonymous_11)
FN:17,(anonymous_12)
FN:85,(anonymous_13)
FN:92,(anonymous_14)
FN:106,(anonymous_15)
FN:110,(anonymous_16)
FN:127,(anonymous_17)
FN:132,(anonymous_18)
FN:150,(anonymous_19)
FNF:9
FNH:7
FNDA:4,(anonymous_11)
FNDA:4,(anonymous_12)
FNDA:51,(anonymous_13)
FNDA:0,(anonymous_14)
FNDA:0,(anonymous_15)
FNDA:6,(anonymous_16)
FNDA:6,(anonymous_17)
FNDA:4,(anonymous_18)
FNDA:6,(anonymous_19)
DA:1,4
DA:2,4
DA:3,4
DA:5,4
DA:7,4
DA:12,4
DA:13,4
DA:14,4
DA:15,4
DA:21,4
DA:22,0
DA:23,0
DA:26,0
DA:27,0
DA:30,4
DA:33,4
DA:34,4
DA:35,4
DA:42,4
DA:43,0
DA:46,4
DA:47,0
DA:51,4
DA:52,4
DA:55,6
DA:56,6
DA:62,4
DA:63,4
DA:64,6
DA:65,0
DA:67,6
DA:72,4
DA:73,0
DA:76,4
DA:82,4
DA:86,51
DA:87,0
DA:89,51
DA:93,0
DA:94,0
DA:95,0
DA:100,0
DA:102,0
DA:107,0
DA:111,6
DA:113,6
DA:116,0
DA:117,0
DA:120,0
DA:123,0
DA:124,0
DA:128,6
DA:130,6
DA:131,6
DA:132,4
DA:133,4
DA:134,4
DA:135,0
DA:143,4
DA:145,4
DA:151,6
DA:152,0
DA:154,6
DA:158,6
DA:160,6
DA:161,6
LF:66
LH:44
BRDA:17,0,0,0
BRDA:21,1,0,0
BRDA:21,1,1,4
BRDA:21,2,0,4
BRDA:21,2,1,4
BRDA:23,3,0,0
BRDA:23,3,1,0
BRDA:30,4,0,4
BRDA:30,4,1,0
BRDA:42,5,0,0
BRDA:42,5,1,4
BRDA:46,6,0,0
BRDA:46,6,1,4
BRDA:51,7,0,4
BRDA:51,7,1,0
BRDA:55,8,0,6
BRDA:55,8,1,0
BRDA:62,9,0,4
BRDA:62,9,1,0
BRDA:64,10,0,0
BRDA:64,10,1,6
BRDA:72,11,0,0
BRDA:72,11,1,4
BRDA:78,12,0,4
BRDA:78,12,1,0
BRDA:79,13,0,4
BRDA:79,13,1,0
BRDA:86,14,0,0
BRDA:86,14,1,51
BRDA:94,15,0,0
BRDA:94,15,1,0
BRDA:94,16,0,0
BRDA:94,16,1,0
BRDA:111,17,0,6
BRDA:111,17,1,0
BRDA:117,18,0,0
BRDA:117,18,1,0
BRDA:117,19,0,0
BRDA:117,19,1,0
BRDA:131,20,0,4
BRDA:131,20,1,2
BRDA:134,21,0,0
BRDA:134,21,1,4
BRDA:151,22,0,0
BRDA:151,22,1,6
BRDA:151,23,0,6
BRDA:151,23,1,6
BRDA:154,24,0,6
BRDA:154,24,1,0
BRDA:155,25,0,6
BRDA:155,25,1,6
BRDA:160,26,0,6
BRDA:160,26,1,0
BRDA:160,27,0,6
BRDA:160,27,1,6
BRF:55
BRH:27
end_of_record
TN:
SF:src/mcp/mcp-client-wrapper.ts
FN:41,(anonymous_9)
FN:54,(anonymous_10)
FN:58,(anonymous_11)
FN:78,(anonymous_12)
FN:86,(anonymous_13)
FN:159,(anonymous_14)
FN:185,(anonymous_15)
FN:203,(anonymous_16)
FN:244,(anonymous_17)
FN:248,(anonymous_18)
FN:259,(anonymous_19)
FN:283,(anonymous_20)
FN:293,(anonymous_21)
FN:326,(anonymous_22)
FN:361,(anonymous_23)
FN:406,(anonymous_24)
FN:411,(anonymous_25)
FN:412,(anonymous_26)
FN:434,(anonymous_27)
FN:479,(anonymous_28)
FN:522,(anonymous_29)
FN:568,(anonymous_30)
FN:577,(anonymous_31)
FN:596,(anonymous_32)
FN:603,(anonymous_33)
FN:615,(anonymous_34)
FN:619,(anonymous_35)
FN:632,(anonymous_36)
FN:647,(anonymous_37)
FN:651,(anonymous_38)
FN:664,(anonymous_39)
FN:679,(anonymous_40)
FN:690,(anonymous_41)
FNF:33
FNH:18
FNDA:6,(anonymous_9)
FNDA:6,(anonymous_10)
FNDA:0,(anonymous_11)
FNDA:34,(anonymous_12)
FNDA:6,(anonymous_13)
FNDA:0,(anonymous_14)
FNDA:0,(anonymous_15)
FNDA:6,(anonymous_16)
FNDA:6,(anonymous_17)
FNDA:0,(anonymous_18)
FNDA:13,(anonymous_19)
FNDA:240,(anonymous_20)
FNDA:0,(anonymous_21)
FNDA:0,(anonymous_22)
FNDA:2,(anonymous_23)
FNDA:6,(anonymous_24)
FNDA:6,(anonymous_25)
FNDA:0,(anonymous_26)
FNDA:0,(anonymous_27)
FNDA:0,(anonymous_28)
FNDA:240,(anonymous_29)
FNDA:6,(anonymous_30)
FNDA:6,(anonymous_31)
FNDA:11,(anonymous_32)
FNDA:0,(anonymous_33)
FNDA:2,(anonymous_34)
FNDA:4,(anonymous_35)
FNDA:0,(anonymous_36)
FNDA:0,(anonymous_37)
FNDA:0,(anonymous_38)
FNDA:0,(anonymous_39)
FNDA:0,(anonymous_40)
FNDA:6,(anonymous_41)
DA:1,4
DA:2,4
DA:3,4
DA:4,4
DA:5,4
DA:7,4
DA:15,4
DA:18,4
DA:19,6
DA:20,6
DA:21,6
DA:28,6
DA:29,6
DA:30,6
DA:31,6
DA:32,6
DA:33,6
DA:34,6
DA:35,6
DA:37,6
DA:38,6
DA:39,6
DA:44,6
DA:48,6
DA:49,6
DA:50,6
DA:51,6
DA:55,6
DA:59,0
DA:60,0
DA:62,0
DA:63,0
DA:65,0
DA:79,34
DA:80,28
DA:82,6
DA:83,0
DA:86,6
DA:88,6
DA:90,6
DA:95,6
DA:96,0
DA:97,0
DA:98,0
DA:99,0
DA:103,0
DA:106,0
DA:112,6
DA:114,0
DA:115,0
DA:117,0
DA:118,0
DA:120,6
DA:121,6
DA:123,0
DA:127,6
DA:142,6
DA:143,6
DA:145,6
DA:146,6
DA:149,6
DA:152,6
DA:153,6
DA:155,6
DA:160,0
DA:161,0
DA:164,0
DA:167,0
DA:168,0
DA:170,0
DA:171,0
DA:174,0
DA:180,0
DA:181,0
DA:182,0
DA:186,0
DA:187,0
DA:190,0
DA:196,0
DA:198,0
DA:199,0
DA:200,0
DA:204,6
DA:205,0
DA:208,6
DA:210,6
DA:215,6
DA:216,6
DA:218,6
DA:219,6
DA:221,6
DA:232,6
DA:237,6
DA:239,6
DA:240,6
DA:241,6
DA:246,6
DA:248,6
DA:249,0
DA:250,0
DA:251,0
DA:254,0
DA:260,13
DA:261,13
DA:262,0
DA:266,13
DA:267,0
DA:270,0
DA:273,13
DA:274,7
DA:277,6
DA:278,6
DA:279,6
DA:282,6
DA:283,240
DA:286,6
DA:290,6
DA:294,0
DA:295,0
DA:296,0
DA:300,0
DA:301,0
DA:304,0
DA:307,0
DA:308,0
DA:309,0
DA:311,0
DA:312,0
DA:313,0
DA:314,0
DA:315,0
DA:318,0
DA:319,0
DA:320,0
DA:322,0
DA:327,0
DA:328,0
DA:329,0
DA:333,0
DA:334,0
DA:337,0
DA:340,0
DA:341,0
DA:342,0
DA:344,0
DA:345,0
DA:346,0
DA:347,0
DA:348,0
DA:351,0
DA:352,0
DA:355,0
DA:357,0
DA:366,2
DA:367,2
DA:368,0
DA:371,2
DA:377,2
DA:378,0
DA:379,0
DA:380,0
DA:384,0
DA:385,0
DA:390,0
DA:391,0
DA:399,0
DA:403,2
DA:407,6
DA:408,6
DA:409,6
DA:412,6
DA:413,0
DA:422,0
DA:426,6
DA:428,6
DA:429,6
DA:439,0
DA:440,0
DA:441,0
DA:444,0
DA:450,0
DA:451,0
DA:452,0
DA:453,0
DA:457,0
DA:458,0
DA:463,0
DA:464,0
DA:472,0
DA:476,0
DA:483,0
DA:484,0
DA:485,0
DA:488,0
DA:493,0
DA:494,0
DA:495,0
DA:496,0
DA:500,0
DA:501,0
DA:506,0
DA:507,0
DA:515,0
DA:519,0
DA:523,240
DA:524,240
DA:525,0
DA:528,240
DA:529,240
DA:531,240
DA:533,160
DA:534,152
DA:543,152
DA:545,8
DA:547,80
DA:548,4
DA:557,4
DA:559,76
DA:561,0
DA:564,0
DA:577,12
DA:581,6
DA:596,6
DA:598,11
DA:599,0
DA:603,0
DA:604,0
DA:606,0
DA:610,11
DA:611,11
DA:612,11
DA:615,6
DA:616,2
DA:617,2
DA:618,2
DA:619,4
DA:620,2
DA:621,0
DA:623,2
DA:624,2
DA:632,6
DA:634,0
DA:635,0
DA:639,0
DA:642,0
DA:643,0
DA:644,0
DA:647,6
DA:648,0
DA:649,0
DA:650,0
DA:651,0
DA:652,0
DA:653,0
DA:655,0
DA:656,0
DA:664,6
DA:666,0
DA:667,0
DA:671,0
DA:674,0
DA:675,0
DA:676,0
DA:679,6
DA:680,0
DA:681,0
DA:687,6
DA:691,6
DA:692,6
DA:693,6
DA:697,6
DA:698,6
DA:699,6
DA:701,6
DA:704,6
DA:705,6
DA:706,6
LF:277
LH:129
BRDA:45,0,0,0
BRDA:46,1,0,0
BRDA:59,2,0,0
BRDA:59,2,1,0
BRDA:62,3,0,0
BRDA:62,3,1,0
BRDA:79,4,0,28
BRDA:79,4,1,6
BRDA:82,5,0,0
BRDA:82,5,1,6
BRDA:88,6,0,6
BRDA:88,6,1,0
BRDA:95,7,0,0
BRDA:95,7,1,6
BRDA:98,8,0,0
BRDA:98,8,1,0
BRDA:112,9,0,0
BRDA:112,9,1,0
BRDA:112,9,2,6
BRDA:112,9,3,0
BRDA:145,10,0,6
BRDA:145,10,1,0
BRDA:160,11,0,0
BRDA:160,11,1,0
BRDA:167,12,0,0
BRDA:167,12,1,0
BRDA:168,13,0,0
BRDA:168,13,1,0
BRDA:176,14,0,0
BRDA:176,14,1,0
BRDA:186,15,0,0
BRDA:186,15,1,0
BRDA:204,16,0,0
BRDA:204,16,1,6
BRDA:215,17,0,6
BRDA:215,17,1,0
BRDA:219,18,0,6
BRDA:219,18,1,0
BRDA:232,19,0,0
BRDA:232,19,1,6
BRDA:250,20,0,0
BRDA:250,20,1,0
BRDA:261,21,0,0
BRDA:261,21,1,13
BRDA:266,22,0,0
BRDA:266,22,1,13
BRDA:273,23,0,7
BRDA:273,23,1,6
BRDA:273,24,0,13
BRDA:273,24,1,7
BRDA:277,25,0,6
BRDA:277,25,1,6
BRDA:279,26,0,6
BRDA:279,26,1,0
BRDA:295,27,0,0
BRDA:295,27,1,0
BRDA:300,28,0,0
BRDA:300,28,1,0
BRDA:308,29,0,0
BRDA:308,29,1,0
BRDA:308,30,0,0
BRDA:308,30,1,0
BRDA:311,31,0,0
BRDA:311,31,1,0
BRDA:313,32,0,0
BRDA:313,32,1,0
BRDA:318,33,0,0
BRDA:318,33,1,0
BRDA:328,34,0,0
BRDA:328,34,1,0
BRDA:333,35,0,0
BRDA:333,35,1,0
BRDA:341,36,0,0
BRDA:341,36,1,0
BRDA:341,37,0,0
BRDA:341,37,1,0
BRDA:344,38,0,0
BRDA:344,38,1,0
BRDA:346,39,0,0
BRDA:346,39,1,0
BRDA:351,40,0,0
BRDA:351,40,1,0
BRDA:367,41,0,0
BRDA:367,41,1,2
BRDA:377,42,0,0
BRDA:377,42,1,2
BRDA:379,43,0,0
BRDA:379,43,1,0
BRDA:380,44,0,0
BRDA:380,44,1,0
BRDA:390,45,0,0
BRDA:390,45,1,0
BRDA:428,46,0,6
BRDA:428,46,1,0
BRDA:440,47,0,0
BRDA:440,47,1,0
BRDA:450,48,0,0
BRDA:450,48,1,0
BRDA:452,49,0,0
BRDA:452,49,1,0
BRDA:453,50,0,0
BRDA:453,50,1,0
BRDA:463,51,0,0
BRDA:463,51,1,0
BRDA:484,52,0,0
BRDA:484,52,1,0
BRDA:493,53,0,0
BRDA:493,53,1,0
BRDA:495,54,0,0
BRDA:495,54,1,0
BRDA:496,55,0,0
BRDA:496,55,1,0
BRDA:506,56,0,0
BRDA:506,56,1,0
BRDA:524,57,0,0
BRDA:524,57,1,240
BRDA:524,58,0,240
BRDA:524,58,1,240
BRDA:524,58,2,240
BRDA:529,59,0,240
BRDA:529,59,1,0
BRDA:531,60,0,160
BRDA:531,60,1,80
BRDA:531,60,2,0
BRDA:533,61,0,152
BRDA:533,61,1,8
BRDA:547,62,0,4
BRDA:547,62,1,76
BRDA:568,63,0,6
BRDA:598,64,0,0
BRDA:598,64,1,11
BRDA:598,65,0,11
BRDA:598,65,1,0
BRDA:598,65,2,0
BRDA:620,66,0,0
BRDA:620,66,1,2
BRDA:623,67,0,2
BRDA:623,67,1,0
BRDA:634,68,0,0
BRDA:634,68,1,0
BRDA:634,69,0,0
BRDA:634,69,1,0
BRDA:652,70,0,0
BRDA:652,70,1,0
BRDA:655,71,0,0
BRDA:655,71,1,0
BRDA:666,72,0,0
BRDA:666,72,1,0
BRDA:666,73,0,0
BRDA:666,73,1,0
BRDA:691,74,0,6
BRDA:691,74,1,0
BRDA:697,75,0,6
BRDA:697,75,1,0
BRDA:704,76,0,6
BRDA:704,76,1,0
BRF:156
BRH:42
end_of_record
TN:
SF:src/mcp/mcp-server.service.ts
FN:28,(anonymous_2)
FN:33,(anonymous_3)
FN:46,(anonymous_4)
FN:48,(anonymous_5)
FN:117,(anonymous_6)
FN:148,(anonymous_7)
FN:152,(anonymous_8)
FN:156,(anonymous_9)
FN:186,(anonymous_10)
FN:195,(anonymous_11)
FN:221,(anonymous_12)
FN:223,(anonymous_13)
FN:226,(anonymous_14)
FN:250,(anonymous_15)
FNF:14
FNH:10
FNDA:4,(anonymous_2)
FNDA:4,(anonymous_3)
FNDA:0,(anonymous_4)
FNDA:0,(anonymous_5)
FNDA:4,(anonymous_6)
FNDA:50,(anonymous_7)
FNDA:0,(anonymous_8)
FNDA:7,(anonymous_9)
FNDA:17,(anonymous_10)
FNDA:18,(anonymous_11)
FNDA:4,(anonymous_12)
FNDA:4,(anonymous_13)
FNDA:0,(anonymous_14)
FNDA:20,(anonymous_15)
DA:1,4
DA:5,4
DA:6,4
DA:8,4
DA:10,4
DA:11,4
DA:12,4
DA:24,4
DA:25,4
DA:26,4
DA:29,4
DA:30,4
DA:34,4
DA:39,4
DA:40,4
DA:41,4
DA:42,4
DA:43,4
DA:45,4
DA:47,0
DA:48,0
DA:51,0
DA:61,4
DA:62,6
DA:63,6
DA:64,6
DA:72,6
DA:73,6
DA:74,6
DA:75,6
DA:76,6
DA:78,6
DA:80,6
DA:88,0
DA:97,0
DA:98,0
DA:104,0
DA:106,0
DA:118,4
DA:119,6
DA:120,6
DA:122,6
DA:123,7
DA:125,6
DA:127,6
DA:128,6
DA:129,30
DA:130,30
DA:131,6
DA:132,6
DA:137,0
DA:145,4
DA:149,50
DA:153,0
DA:161,7
DA:162,7
DA:163,0
DA:164,0
DA:169,7
DA:170,7
DA:173,7
DA:174,7
DA:175,7
DA:177,7
DA:179,7
DA:182,7
DA:183,7
DA:186,7
DA:187,17
DA:188,17
DA:190,7
DA:191,7
DA:192,7
DA:200,18
DA:201,18
DA:202,0
DA:203,0
DA:208,18
DA:211,18
DA:213,18
DA:214,18
DA:215,14
DA:216,14
DA:220,4
DA:221,4
DA:224,4
DA:227,0
DA:232,4
DA:235,4
DA:236,4
DA:238,0
DA:244,0
DA:245,0
DA:255,20
DA:256,20
DA:257,0
DA:258,0
DA:262,20
DA:264,20
DA:273,20
DA:274,20
DA:275,20
DA:276,20
DA:287,20
DA:289,20
DA:290,20
DA:291,20
DA:292,20
DA:293,20
DA:294,0
DA:295,0
DA:297,0
DA:299,20
DA:301,0
DA:310,0
DA:315,0
DA:316,0
LF:117
LH:90
BRDA:39,0,0,4
BRDA:39,0,1,0
BRDA:42,1,0,0
BRDA:42,1,1,4
BRDA:45,2,0,0
BRDA:45,2,1,4
BRDA:47,3,0,0
BRDA:47,3,1,0
BRDA:72,4,0,6
BRDA:72,4,1,0
BRDA:85,5,0,6
BRDA:85,5,1,0
BRDA:97,6,0,0
BRDA:97,6,1,0
BRDA:111,7,0,0
BRDA:111,7,1,0
BRDA:130,8,0,6
BRDA:130,8,1,24
BRDA:162,9,0,0
BRDA:162,9,1,7
BRDA:169,10,0,7
BRDA:169,10,1,0
BRDA:170,11,0,7
BRDA:170,11,1,0
BRDA:173,12,0,7
BRDA:173,12,1,0
BRDA:201,13,0,0
BRDA:201,13,1,18
BRDA:208,14,0,18
BRDA:208,14,1,4
BRDA:208,14,2,4
BRDA:211,15,0,14
BRDA:211,15,1,4
BRDA:214,16,0,14
BRDA:214,16,1,4
BRDA:214,17,0,18
BRDA:214,17,1,14
BRDA:244,18,0,0
BRDA:244,18,1,0
BRDA:256,19,0,0
BRDA:256,19,1,20
BRDA:262,20,0,20
BRDA:262,20,1,20
BRDA:273,21,0,20
BRDA:273,21,1,0
BRDA:275,22,0,20
BRDA:275,22,1,0
BRDA:275,23,0,20
BRDA:275,23,1,20
BRDA:287,24,0,20
BRDA:287,24,1,0
BRDA:289,25,0,20
BRDA:289,25,1,20
BRDA:290,26,0,20
BRDA:290,26,1,20
BRDA:292,27,0,20
BRDA:292,27,1,0
BRDA:292,28,0,20
BRDA:292,28,1,20
BRDA:294,29,0,0
BRDA:294,29,1,0
BRF:61
BRH:36
end_of_record
TN:
SF:src/redaction/audit-logger.ts
FN:14,(anonymous_9)
FN:28,(anonymous_10)
FN:58,(anonymous_11)
FN:69,(anonymous_12)
FN:79,(anonymous_13)
FNF:5
FNH:0
FNDA:0,(anonymous_9)
FNDA:0,(anonymous_10)
FNDA:0,(anonymous_11)
FNDA:0,(anonymous_12)
FNDA:0,(anonymous_13)
DA:1,4
DA:2,4
DA:4,4
DA:6,4
DA:10,4
DA:11,0
DA:16,0
DA:17,0
DA:20,0
DA:21,0
DA:23,0
DA:24,0
DA:34,0
DA:35,0
DA:38,0
DA:39,0
DA:42,0
DA:46,0
DA:49,0
DA:53,0
DA:55,0
DA:59,0
DA:60,0
DA:61,0
DA:63,0
DA:65,0
DA:70,0
DA:71,0
DA:72,0
DA:74,0
DA:78,0
DA:79,0
DA:82,0
DA:83,0
DA:84,0
DA:85,0
DA:87,0
DA:90,0
LF:38
LH:5
BRDA:34,0,0,0
BRDA:34,0,1,0
BRDA:34,1,0,0
BRDA:34,1,1,0
BRDA:70,2,0,0
BRDA:70,2,1,0
BRDA:78,3,0,0
BRDA:78,3,1,0
BRDA:82,4,0,0
BRDA:82,4,1,0
BRDA:82,5,0,0
BRDA:82,5,1,0
BRF:12
BRH:0
end_of_record
TN:
SF:src/redaction/matcher.ts
FN:16,(anonymous_0)
FN:38,(anonymous_1)
FN:46,(anonymous_2)
FN:50,(anonymous_3)
FN:57,(anonymous_4)
FN:84,(anonymous_5)
FN:131,(anonymous_6)
FN:143,(anonymous_7)
FNF:8
FNH:8
FNDA:2,(anonymous_0)
FNDA:2,(anonymous_1)
FNDA:1,(anonymous_2)
FNDA:14,(anonymous_3)
FNDA:1,(anonymous_4)
FNDA:14,(anonymous_5)
FNDA:9,(anonymous_6)
FNDA:12,(anonymous_7)
DA:12,5
DA:18,2
DA:19,2
DA:20,5
DA:21,5
DA:22,5
DA:25,2
DA:28,2
DA:29,2
DA:31,2
DA:33,0
DA:35,2
DA:39,2
DA:40,0
DA:42,2
DA:47,1
DA:51,14
DA:52,14
DA:53,6
DA:57,8
DA:58,8
DA:59,8
DA:60,9
DA:61,9
DA:62,9
DA:63,0
DA:64,0
DA:69,8
DA:70,8
DA:71,8
DA:72,9
DA:73,6
DA:75,9
DA:76,9
DA:78,8
DA:79,5
DA:81,8
DA:85,14
DA:86,14
DA:88,14
DA:91,14
DA:92,14
DA:94,9
DA:95,9
DA:96,9
DA:97,0
DA:99,9
DA:100,9
DA:101,9
DA:103,9
DA:104,9
DA:105,9
DA:106,9
DA:107,9
DA:111,14
DA:115,0
DA:116,0
DA:117,0
DA:118,0
DA:119,0
DA:120,0
DA:121,0
DA:122,0
DA:123,0
DA:125,0
DA:128,0
DA:132,9
DA:133,6
DA:134,6
DA:136,9
DA:137,6
DA:138,6
DA:140,9
DA:144,12
LF:74
LH:58
BRDA:21,0,0,5
BRDA:21,0,1,0
BRDA:35,1,0,2
BRDA:35,1,1,0
BRDA:39,2,0,0
BRDA:39,2,1,2
BRDA:52,3,0,6
BRDA:52,3,1,8
BRDA:61,4,0,9
BRDA:61,4,1,0
BRDA:61,5,0,9
BRDA:61,5,1,1
BRDA:63,6,0,0
BRDA:63,6,1,0
BRDA:72,7,0,6
BRDA:72,7,1,3
BRDA:78,8,0,5
BRDA:78,8,1,3
BRDA:88,9,0,14
BRDA:88,9,1,0
BRDA:91,10,0,14
BRDA:91,10,1,0
BRDA:94,11,0,9
BRDA:94,11,1,0
BRDA:94,12,0,0
BRDA:94,12,1,0
BRDA:94,12,2,0
BRDA:95,13,0,9
BRDA:95,13,1,0
BRDA:95,14,0,9
BRDA:95,14,1,0
BRDA:95,15,0,0
BRDA:95,15,1,0
BRDA:95,15,2,0
BRDA:95,15,3,0
BRDA:96,16,0,0
BRDA:96,16,1,9
BRDA:96,17,0,9
BRDA:96,17,1,9
BRDA:96,17,2,9
BRDA:100,18,0,0
BRDA:100,18,1,9
BRDA:100,19,0,9
BRDA:100,19,1,9
BRDA:106,20,0,9
BRDA:106,20,1,0
BRDA:106,21,0,9
BRDA:106,21,1,9
BRDA:106,21,2,9
BRDA:119,22,0,0
BRDA:119,22,1,0
BRDA:122,23,0,0
BRDA:122,23,1,0
BRDA:132,24,0,6
BRDA:132,24,1,3
BRDA:134,25,0,0
BRDA:134,25,1,6
BRDA:136,26,0,6
BRDA:136,26,1,3
BRDA:138,27,0,0
BRDA:138,27,1,6
BRF:61
BRH:34
end_of_record
TN:
SF:src/redaction/redaction.service.ts
FN:10,(anonymous_1)
FN:16,(anonymous_2)
FN:51,(anonymous_3)
FN:58,(anonymous_4)
FN:70,(anonymous_5)
FN:76,(anonymous_6)
FN:88,(anonymous_7)
FN:91,(anonymous_8)
FN:97,(anonymous_9)
FN:121,(anonymous_10)
FN:130,(anonymous_11)
FN:130,(anonymous_12)
FN:148,(anonymous_13)
FN:161,(anonymous_14)
FN:162,(anonymous_15)
FN:176,(anonymous_16)
FNF:16
FNH:6
FNDA:6,(anonymous_1)
FNDA:0,(anonymous_2)
FNDA:0,(anonymous_3)
FNDA:4,(anonymous_4)
FNDA:7,(anonymous_5)
FNDA:0,(anonymous_6)
FNDA:1,(anonymous_7)
FNDA:10,(anonymous_8)
FNDA:3,(anonymous_9)
FNDA:0,(anonymous_10)
FNDA:0,(anonymous_11)
FNDA:0,(anonymous_12)
FNDA:0,(anonymous_13)
FNDA:0,(anonymous_14)
FNDA:0,(anonymous_15)
FNDA:0,(anonymous_16)
DA:1,5
DA:3,5
DA:6,5
DA:7,5
DA:10,5
DA:11,6
DA:12,6
DA:13,6
DA:14,6
DA:17,0
DA:18,0
DA:19,0
DA:21,0
DA:24,0
DA:26,0
DA:27,0
DA:29,0
DA:30,0
DA:31,0
DA:32,0
DA:35,0
DA:36,0
DA:39,0
DA:40,0
DA:43,0
DA:46,0
DA:47,0
DA:52,0
DA:53,0
DA:55,0
DA:59,4
DA:60,2
DA:63,2
DA:64,1
DA:67,1
DA:71,7
DA:72,5
DA:73,5
DA:75,2
DA:76,0
DA:78,2
DA:79,2
DA:80,2
DA:81,5
DA:83,2
DA:85,0
DA:89,1
DA:91,1
DA:92,10
DA:93,6
DA:94,6
DA:96,4
DA:97,3
DA:99,3
DA:100,3
DA:101,3
DA:102,9
DA:103,3
DA:104,3
DA:105,3
DA:107,0
DA:110,6
DA:113,3
DA:115,0
DA:118,1
DA:122,0
DA:123,0
DA:124,0
DA:128,0
DA:129,0
DA:130,0
DA:133,0
DA:134,0
DA:137,0
DA:138,0
DA:139,0
DA:142,0
DA:146,0
DA:148,0
DA:149,0
DA:150,0
DA:151,0
DA:152,0
DA:157,0
DA:158,0
DA:159,0
DA:161,0
DA:162,0
DA:163,0
DA:167,0
DA:168,0
DA:169,0
DA:170,0
DA:173,0
DA:177,0
DA:178,0
DA:179,0
DA:180,0
DA:182,0
DA:188,0
DA:189,0
DA:190,0
DA:194,0
DA:195,0
DA:196,0
DA:197,0
DA:198,0
DA:199,0
DA:202,0
DA:204,0
LF:110
LH:40
BRDA:17,0,0,0
BRDA:17,0,1,0
BRDA:18,1,0,0
BRDA:18,1,1,0
BRDA:29,2,0,0
BRDA:29,2,1,0
BRDA:40,3,0,0
BRDA:40,3,1,0
BRDA:52,4,0,0
BRDA:52,4,1,0
BRDA:59,5,0,2
BRDA:59,5,1,2
BRDA:59,6,0,4
BRDA:59,6,1,4
BRDA:59,6,2,3
BRDA:63,7,0,1
BRDA:63,7,1,1
BRDA:63,8,0,2
BRDA:63,8,1,1
BRDA:71,9,0,5
BRDA:71,9,1,2
BRDA:75,10,0,0
BRDA:75,10,1,2
BRDA:78,11,0,2
BRDA:78,11,1,0
BRDA:78,12,0,2
BRDA:78,12,1,2
BRDA:92,13,0,6
BRDA:92,13,1,4
BRDA:96,14,0,1
BRDA:96,14,1,3
BRDA:99,15,0,3
BRDA:99,15,1,0
BRDA:99,16,0,3
BRDA:99,16,1,3
BRDA:102,17,0,3
BRDA:102,17,1,6
BRDA:103,18,0,3
BRDA:103,18,1,0
BRDA:123,19,0,0
BRDA:123,19,1,0
BRDA:129,20,0,0
BRDA:129,20,1,0
BRDA:133,21,0,0
BRDA:133,21,1,0
BRDA:138,22,0,0
BRDA:138,22,1,0
BRDA:151,23,0,0
BRDA:151,23,1,0
BRDA:178,24,0,0
BRDA:178,24,1,0
BRDA:189,25,0,0
BRDA:189,25,1,0
BRDA:196,26,0,0
BRDA:196,26,1,0
BRDA:196,27,0,0
BRDA:196,27,1,0
BRDA:198,28,0,0
BRDA:198,28,1,0
BRDA:198,29,0,0
BRDA:198,29,1,0
BRF:61
BRH:25
end_of_record
TN:
SF:src/redaction/scanner-generic.ts
FN:7,redactGeneric
FN:59,scanEmailAt
FN:137,scanPhoneAt
FN:211,isDigit
FN:215,isLetter
FN:219,isAlphaNum
FN:223,isAlphaUnderscore
FN:227,isAlphaNumUnderscore
FN:231,isEmailLocalChar
FN:235,isDomainLabelChar
FNF:10
FNH:10
FNDA:14,redactGeneric
FNDA:9,scanEmailAt
FNDA:63,scanPhoneAt
FNDA:1077,isDigit
FNDA:195,isLetter
FNDA:169,isAlphaNum
FNDA:26,isAlphaUnderscore
FNDA:13,isAlphaNumUnderscore
FNDA:60,isEmailLocalChar
FNDA:101,isDomainLabelChar
DA:4,5
DA:5,5
DA:7,5
DA:8,14
DA:9,0
DA:12,14
DA:13,14
DA:14,14
DA:16,14
DA:17,504
DA:19,504
DA:20,9
DA:21,9
DA:22,8
DA:23,8
DA:25,8
DA:26,8
DA:27,8
DA:28,8
DA:32,496
DA:33,63
DA:34,63
DA:35,3
DA:36,3
DA:38,3
DA:39,3
DA:40,3
DA:41,3
DA:45,493
DA:48,14
DA:49,5
DA:52,9
DA:53,4
DA:56,9
DA:60,9
DA:61,9
DA:62,0
DA:66,9
DA:67,9
DA:68,51
DA:70,9
DA:71,9
DA:73,9
DA:74,0
DA:78,9
DA:79,0
DA:82,9
DA:83,42
DA:84,0
DA:89,9
DA:90,9
DA:91,9
DA:92,9
DA:94,9
DA:95,101
DA:96,101
DA:97,84
DA:98,84
DA:99,84
DA:101,17
DA:102,11
DA:103,0
DA:105,11
DA:106,11
DA:107,11
DA:108,11
DA:109,11
DA:111,6
DA:114,9
DA:115,9
DA:116,0
DA:118,9
DA:119,0
DA:122,9
DA:123,1
DA:127,8
DA:128,0
DA:130,8
DA:131,0
DA:134,8
DA:143,63
DA:144,63
DA:145,63
DA:146,63
DA:147,63
DA:148,63
DA:149,63
DA:151,63
DA:152,9
DA:153,9
DA:154,9
DA:155,0
DA:159,63
DA:160,551
DA:161,551
DA:162,359
DA:163,359
DA:164,192
DA:165,123
DA:166,123
DA:167,69
DA:168,4
DA:169,4
DA:170,4
DA:171,65
DA:172,10
DA:173,6
DA:175,4
DA:176,4
DA:177,55
DA:178,0
DA:179,0
DA:181,0
DA:183,55
DA:187,57
DA:188,57
DA:189,0
DA:191,57
DA:192,43
DA:195,14
DA:196,0
DA:198,14
DA:199,11
DA:202,3
DA:203,0
DA:204,0
DA:208,3
DA:212,1077
DA:216,195
DA:220,169
DA:224,26
DA:228,13
DA:232,60
DA:236,101
LF:134
LH:116
BRDA:8,0,0,0
BRDA:8,0,1,14
BRDA:19,1,0,9
BRDA:19,1,1,495
BRDA:21,2,0,8
BRDA:21,2,1,1
BRDA:22,3,0,8
BRDA:22,3,1,0
BRDA:32,4,0,63
BRDA:32,4,1,433
BRDA:32,5,0,496
BRDA:32,5,1,487
BRDA:34,6,0,3
BRDA:34,6,1,60
BRDA:35,7,0,3
BRDA:35,7,1,0
BRDA:48,8,0,5
BRDA:48,8,1,9
BRDA:52,9,0,4
BRDA:52,9,1,5
BRDA:61,10,0,0
BRDA:61,10,1,9
BRDA:61,11,0,9
BRDA:61,11,1,9
BRDA:67,12,0,60
BRDA:67,12,1,60
BRDA:73,13,0,0
BRDA:73,13,1,9
BRDA:78,14,0,0
BRDA:78,14,1,9
BRDA:78,15,0,9
BRDA:78,15,1,9
BRDA:83,16,0,0
BRDA:83,16,1,42
BRDA:83,17,0,42
BRDA:83,17,1,3
BRDA:96,18,0,84
BRDA:96,18,1,17
BRDA:101,19,0,11
BRDA:101,19,1,6
BRDA:102,20,0,0
BRDA:102,20,1,11
BRDA:102,21,0,11
BRDA:102,21,1,11
BRDA:115,22,0,0
BRDA:115,22,1,9
BRDA:115,23,0,9
BRDA:115,23,1,9
BRDA:118,24,0,0
BRDA:118,24,1,9
BRDA:122,25,0,1
BRDA:122,25,1,8
BRDA:122,26,0,9
BRDA:122,26,1,9
BRDA:122,26,2,8
BRDA:127,27,0,0
BRDA:127,27,1,8
BRDA:127,28,0,8
BRDA:127,28,1,8
BRDA:130,29,0,0
BRDA:130,29,1,8
BRDA:130,30,0,8
BRDA:130,30,1,5
BRDA:151,31,0,9
BRDA:151,31,1,54
BRDA:154,32,0,0
BRDA:154,32,1,9
BRDA:161,33,0,359
BRDA:161,33,1,192
BRDA:164,34,0,123
BRDA:164,34,1,69
BRDA:164,35,0,192
BRDA:164,35,1,124
BRDA:164,35,2,79
BRDA:167,36,0,4
BRDA:167,36,1,65
BRDA:171,37,0,10
BRDA:171,37,1,55
BRDA:172,38,0,6
BRDA:172,38,1,4
BRDA:177,39,0,0
BRDA:177,39,1,55
BRDA:177,40,0,55
BRDA:177,40,1,55
BRDA:178,41,0,0
BRDA:178,41,1,0
BRDA:188,42,0,0
BRDA:188,42,1,57
BRDA:191,43,0,43
BRDA:191,43,1,14
BRDA:191,44,0,57
BRDA:191,44,1,14
BRDA:195,45,0,0
BRDA:195,45,1,14
BRDA:195,46,0,14
BRDA:195,46,1,14
BRDA:198,47,0,11
BRDA:198,47,1,3
BRDA:198,48,0,14
BRDA:198,48,1,12
BRDA:202,49,0,0
BRDA:202,49,1,3
BRDA:202,50,0,3
BRDA:202,50,1,0
BRDA:202,50,2,0
BRDA:203,51,0,0
BRDA:203,51,1,0
BRDA:203,52,0,0
BRDA:203,52,1,0
BRDA:203,52,2,0
BRDA:212,53,0,1077
BRDA:212,53,1,812
BRDA:216,54,0,195
BRDA:216,54,1,139
BRDA:216,54,2,56
BRDA:216,54,3,2
BRDA:220,55,0,169
BRDA:220,55,1,39
BRDA:224,56,0,26
BRDA:224,56,1,15
BRDA:228,57,0,13
BRDA:228,57,1,13
BRDA:232,58,0,60
BRDA:232,58,1,57
BRDA:232,58,2,57
BRDA:232,58,3,55
BRDA:232,58,4,55
BRDA:236,59,0,101
BRDA:236,59,1,17
BRF:129
BRH:103
end_of_record
