<?xml version="1.0" encoding="UTF-8"?>
<coverage generated="1763325868137" clover="3.2.0">
  <project timestamp="1763325868137" name="All files">
    <metrics statements="847" coveredstatements="586" conditionals="559" coveredconditionals="368" methods="97" coveredmethods="62" elements="1503" coveredelements="1016" complexity="0" loc="847" ncloc="847" packages="4" files="8" classes="8"/>
    <package name="src">
      <metrics statements="70" coveredstatements="70" conditionals="44" coveredconditionals="44" methods="5" coveredmethods="5"/>
      <file name="app.controller.ts" path="/home/runner/work/gs-mcp-proxy-pii-redactor/gs-mcp-proxy-pii-redactor/src/app.controller.ts">
        <metrics statements="70" coveredstatements="70" conditionals="44" coveredconditionals="44" methods="5" coveredmethods="5"/>
        <line num="3" count="1" type="stmt"/>
        <line num="14" count="1" type="stmt"/>
        <line num="15" count="1" type="stmt"/>
        <line num="18" count="1" type="stmt"/>
        <line num="19" count="29" type="stmt"/>
        <line num="22" count="29" type="stmt"/>
        <line num="23" count="29" type="stmt"/>
        <line num="27" count="1" type="stmt"/>
        <line num="28" count="1" type="stmt"/>
        <line num="32" count="1" type="stmt"/>
        <line num="37" count="10" type="stmt"/>
        <line num="38" count="10" type="stmt"/>
        <line num="40" count="10" type="cond" truecount="2" falsecount="0"/>
        <line num="41" count="1" type="stmt"/>
        <line num="45" count="9" type="cond" truecount="2" falsecount="0"/>
        <line num="49" count="5" type="stmt"/>
        <line num="50" count="5" type="cond" truecount="2" falsecount="0"/>
        <line num="51" count="1" type="stmt"/>
        <line num="54" count="4" type="stmt"/>
        <line num="55" count="4" type="cond" truecount="2" falsecount="0"/>
        <line num="56" count="1" type="stmt"/>
        <line num="60" count="7" type="stmt"/>
        <line num="61" count="7" type="stmt"/>
        <line num="63" count="2" type="stmt"/>
        <line num="71" count="2" type="cond" truecount="2" falsecount="0"/>
        <line num="72" count="1" type="stmt"/>
        <line num="78" count="1" type="stmt"/>
        <line num="83" count="7" type="stmt"/>
        <line num="84" count="7" type="stmt"/>
        <line num="86" count="7" type="cond" truecount="2" falsecount="0"/>
        <line num="87" count="1" type="stmt"/>
        <line num="88" count="1" type="stmt"/>
        <line num="92" count="6" type="cond" truecount="2" falsecount="0"/>
        <line num="96" count="3" type="stmt"/>
        <line num="97" count="3" type="cond" truecount="2" falsecount="0"/>
        <line num="98" count="1" type="stmt"/>
        <line num="99" count="1" type="stmt"/>
        <line num="102" count="2" type="stmt"/>
        <line num="103" count="2" type="cond" truecount="2" falsecount="0"/>
        <line num="104" count="1" type="stmt"/>
        <line num="105" count="1" type="stmt"/>
        <line num="109" count="4" type="stmt"/>
        <line num="110" count="4" type="stmt"/>
        <line num="112" count="2" type="stmt"/>
        <line num="120" count="2" type="cond" truecount="2" falsecount="0"/>
        <line num="121" count="1" type="stmt"/>
        <line num="127" count="1" type="stmt"/>
        <line num="132" count="11" type="stmt"/>
        <line num="133" count="11" type="stmt"/>
        <line num="135" count="11" type="cond" truecount="2" falsecount="0"/>
        <line num="136" count="1" type="stmt"/>
        <line num="140" count="10" type="cond" truecount="2" falsecount="0"/>
        <line num="144" count="3" type="stmt"/>
        <line num="145" count="3" type="cond" truecount="2" falsecount="0"/>
        <line num="146" count="1" type="stmt"/>
        <line num="149" count="2" type="stmt"/>
        <line num="150" count="2" type="cond" truecount="2" falsecount="0"/>
        <line num="151" count="1" type="stmt"/>
        <line num="156" count="8" type="cond" truecount="2" falsecount="0"/>
        <line num="157" count="8" type="cond" truecount="2" falsecount="0"/>
        <line num="159" count="4" type="cond" truecount="2" falsecount="0"/>
        <line num="160" count="2" type="stmt"/>
        <line num="163" count="2" type="cond" truecount="2" falsecount="0"/>
        <line num="164" count="1" type="stmt"/>
        <line num="166" count="1" type="stmt"/>
        <line num="169" count="4" type="stmt"/>
        <line num="170" count="4" type="stmt"/>
        <line num="176" count="2" type="stmt"/>
        <line num="184" count="2" type="cond" truecount="2" falsecount="0"/>
        <line num="185" count="1" type="stmt"/>
      </file>
    </package>
    <package name="src.config">
      <metrics statements="66" coveredstatements="53" conditionals="55" coveredconditionals="45" methods="9" coveredmethods="6"/>
      <file name="config.service.ts" path="/home/runner/work/gs-mcp-proxy-pii-redactor/gs-mcp-proxy-pii-redactor/src/config/config.service.ts">
        <metrics statements="66" coveredstatements="53" conditionals="55" coveredconditionals="45" methods="9" coveredmethods="6"/>
        <line num="1" count="3" type="stmt"/>
        <line num="2" count="3" type="stmt"/>
        <line num="3" count="3" type="stmt"/>
        <line num="5" count="3" type="stmt"/>
        <line num="7" count="3" type="stmt"/>
        <line num="12" count="3" type="stmt"/>
        <line num="13" count="22" type="stmt"/>
        <line num="14" count="22" type="stmt"/>
        <line num="15" count="22" type="stmt"/>
        <line num="21" count="21" type="cond" truecount="4" falsecount="0"/>
        <line num="22" count="3" type="stmt"/>
        <line num="23" count="3" type="cond" truecount="2" falsecount="0"/>
        <line num="26" count="3" type="stmt"/>
        <line num="27" count="3" type="stmt"/>
        <line num="30" count="18" type="cond" truecount="2" falsecount="0"/>
        <line num="33" count="18" type="stmt"/>
        <line num="34" count="18" type="stmt"/>
        <line num="35" count="18" type="stmt"/>
        <line num="42" count="21" type="cond" truecount="2" falsecount="0"/>
        <line num="43" count="1" type="stmt"/>
        <line num="46" count="20" type="cond" truecount="2" falsecount="0"/>
        <line num="47" count="1" type="stmt"/>
        <line num="51" count="20" type="cond" truecount="2" falsecount="0"/>
        <line num="52" count="19" type="stmt"/>
        <line num="55" count="12" type="cond" truecount="2" falsecount="0"/>
        <line num="56" count="4" type="stmt"/>
        <line num="62" count="19" type="cond" truecount="2" falsecount="0"/>
        <line num="63" count="18" type="stmt"/>
        <line num="64" count="11" type="cond" truecount="2" falsecount="0"/>
        <line num="65" count="1" type="stmt"/>
        <line num="67" count="11" type="stmt"/>
        <line num="72" count="19" type="cond" truecount="2" falsecount="0"/>
        <line num="73" count="1" type="stmt"/>
        <line num="76" count="19" type="stmt"/>
        <line num="82" count="19" type="stmt"/>
        <line num="86" count="2" type="cond" truecount="2" falsecount="0"/>
        <line num="87" count="1" type="stmt"/>
        <line num="89" count="1" type="stmt"/>
        <line num="93" count="0" type="stmt"/>
        <line num="94" count="0" type="cond" truecount="0" falsecount="4"/>
        <line num="95" count="0" type="stmt"/>
        <line num="100" count="0" type="stmt"/>
        <line num="102" count="0" type="stmt"/>
        <line num="107" count="0" type="stmt"/>
        <line num="111" count="0" type="cond" truecount="0" falsecount="2"/>
        <line num="113" count="0" type="stmt"/>
        <line num="116" count="0" type="stmt"/>
        <line num="117" count="0" type="cond" truecount="0" falsecount="4"/>
        <line num="120" count="0" type="stmt"/>
        <line num="123" count="0" type="stmt"/>
        <line num="124" count="0" type="stmt"/>
        <line num="128" count="4" type="stmt"/>
        <line num="130" count="4" type="stmt"/>
        <line num="131" count="5" type="cond" truecount="2" falsecount="0"/>
        <line num="132" count="4" type="stmt"/>
        <line num="133" count="5" type="stmt"/>
        <line num="134" count="5" type="cond" truecount="2" falsecount="0"/>
        <line num="135" count="1" type="stmt"/>
        <line num="143" count="4" type="stmt"/>
        <line num="145" count="3" type="stmt"/>
        <line num="151" count="11" type="cond" truecount="4" falsecount="0"/>
        <line num="152" count="3" type="stmt"/>
        <line num="154" count="11" type="cond" truecount="2" falsecount="0"/>
        <line num="158" count="1" type="stmt"/>
        <line num="160" count="11" type="cond" truecount="4" falsecount="0"/>
        <line num="161" count="3" type="stmt"/>
      </file>
    </package>
    <package name="src.mcp">
      <metrics statements="355" coveredstatements="149" conditionals="197" coveredconditionals="66" methods="44" coveredmethods="14"/>
      <file name="mcp-client-wrapper.ts" path="/home/runner/work/gs-mcp-proxy-pii-redactor/gs-mcp-proxy-pii-redactor/src/mcp/mcp-client-wrapper.ts">
        <metrics statements="242" coveredstatements="44" conditionals="140" coveredconditionals="19" methods="30" coveredmethods="3"/>
        <line num="1" count="3" type="stmt"/>
        <line num="2" count="3" type="stmt"/>
        <line num="3" count="3" type="stmt"/>
        <line num="4" count="3" type="stmt"/>
        <line num="5" count="3" type="stmt"/>
        <line num="7" count="3" type="stmt"/>
        <line num="15" count="3" type="stmt"/>
        <line num="18" count="3" type="stmt"/>
        <line num="19" count="22" type="stmt"/>
        <line num="20" count="22" type="stmt"/>
        <line num="21" count="22" type="stmt"/>
        <line num="28" count="22" type="stmt"/>
        <line num="29" count="22" type="stmt"/>
        <line num="30" count="22" type="stmt"/>
        <line num="31" count="22" type="stmt"/>
        <line num="32" count="22" type="stmt"/>
        <line num="33" count="22" type="stmt"/>
        <line num="34" count="22" type="stmt"/>
        <line num="35" count="22" type="stmt"/>
        <line num="41" count="22" type="stmt"/>
        <line num="44" count="22" type="stmt"/>
        <line num="45" count="22" type="stmt"/>
        <line num="46" count="22" type="stmt"/>
        <line num="51" count="0" type="cond" truecount="0" falsecount="2"/>
        <line num="53" count="0" type="stmt"/>
        <line num="58" count="0" type="cond" truecount="0" falsecount="2"/>
        <line num="59" count="0" type="stmt"/>
        <line num="60" count="0" type="stmt"/>
        <line num="61" count="0" type="cond" truecount="0" falsecount="2"/>
        <line num="62" count="0" type="stmt"/>
        <line num="66" count="0" type="stmt"/>
        <line num="69" count="0" type="stmt"/>
        <line num="75" count="0" type="cond" truecount="0" falsecount="4"/>
        <line num="77" count="0" type="stmt"/>
        <line num="78" count="0" type="stmt"/>
        <line num="80" count="0" type="stmt"/>
        <line num="81" count="0" type="stmt"/>
        <line num="83" count="0" type="stmt"/>
        <line num="84" count="0" type="stmt"/>
        <line num="86" count="0" type="stmt"/>
        <line num="90" count="0" type="stmt"/>
        <line num="105" count="0" type="stmt"/>
        <line num="106" count="0" type="stmt"/>
        <line num="108" count="0" type="cond" truecount="0" falsecount="2"/>
        <line num="109" count="0" type="stmt"/>
        <line num="114" count="3" type="cond" truecount="2" falsecount="0"/>
        <line num="115" count="1" type="stmt"/>
        <line num="117" count="2" type="cond" truecount="2" falsecount="0"/>
        <line num="118" count="1" type="stmt"/>
        <line num="120" count="1" type="stmt"/>
        <line num="124" count="0" type="cond" truecount="0" falsecount="2"/>
        <line num="125" count="0" type="stmt"/>
        <line num="128" count="0" type="stmt"/>
        <line num="131" count="0" type="cond" truecount="0" falsecount="2"/>
        <line num="132" count="0" type="cond" truecount="0" falsecount="2"/>
        <line num="134" count="0" type="stmt"/>
        <line num="135" count="0" type="stmt"/>
        <line num="138" count="0" type="stmt"/>
        <line num="144" count="0" type="stmt"/>
        <line num="145" count="0" type="stmt"/>
        <line num="146" count="0" type="stmt"/>
        <line num="150" count="0" type="cond" truecount="0" falsecount="2"/>
        <line num="151" count="0" type="stmt"/>
        <line num="154" count="0" type="stmt"/>
        <line num="160" count="0" type="stmt"/>
        <line num="162" count="0" type="stmt"/>
        <line num="163" count="0" type="stmt"/>
        <line num="164" count="0" type="stmt"/>
        <line num="168" count="0" type="cond" truecount="0" falsecount="2"/>
        <line num="169" count="0" type="stmt"/>
        <line num="172" count="0" type="stmt"/>
        <line num="174" count="0" type="stmt"/>
        <line num="179" count="0" type="cond" truecount="0" falsecount="2"/>
        <line num="180" count="0" type="stmt"/>
        <line num="182" count="0" type="stmt"/>
        <line num="183" count="0" type="cond" truecount="0" falsecount="2"/>
        <line num="185" count="0" type="stmt"/>
        <line num="196" count="0" type="cond" truecount="0" falsecount="2"/>
        <line num="201" count="0" type="stmt"/>
        <line num="203" count="0" type="stmt"/>
        <line num="204" count="0" type="stmt"/>
        <line num="205" count="0" type="stmt"/>
        <line num="210" count="0" type="stmt"/>
        <line num="212" count="0" type="stmt"/>
        <line num="213" count="0" type="stmt"/>
        <line num="214" count="0" type="cond" truecount="0" falsecount="2"/>
        <line num="215" count="0" type="stmt"/>
        <line num="218" count="0" type="stmt"/>
        <line num="224" count="0" type="cond" truecount="0" falsecount="2"/>
        <line num="225" count="0" type="stmt"/>
        <line num="229" count="0" type="cond" truecount="0" falsecount="2"/>
        <line num="230" count="0" type="stmt"/>
        <line num="233" count="0" type="stmt"/>
        <line num="236" count="0" type="cond" truecount="0" falsecount="4"/>
        <line num="237" count="0" type="stmt"/>
        <line num="240" count="0" type="cond" truecount="0" falsecount="2"/>
        <line num="241" count="0" type="stmt"/>
        <line num="242" count="0" type="cond" truecount="0" falsecount="2"/>
        <line num="245" count="0" type="stmt"/>
        <line num="246" count="0" type="stmt"/>
        <line num="249" count="0" type="stmt"/>
        <line num="253" count="0" type="stmt"/>
        <line num="257" count="0" type="cond" truecount="0" falsecount="2"/>
        <line num="258" count="0" type="stmt"/>
        <line num="262" count="0" type="cond" truecount="0" falsecount="2"/>
        <line num="263" count="0" type="stmt"/>
        <line num="266" count="0" type="stmt"/>
        <line num="269" count="0" type="stmt"/>
        <line num="270" count="0" type="cond" truecount="0" falsecount="4"/>
        <line num="271" count="0" type="stmt"/>
        <line num="273" count="0" type="cond" truecount="0" falsecount="2"/>
        <line num="274" count="0" type="stmt"/>
        <line num="275" count="0" type="cond" truecount="0" falsecount="2"/>
        <line num="276" count="0" type="stmt"/>
        <line num="277" count="0" type="stmt"/>
        <line num="280" count="0" type="cond" truecount="0" falsecount="2"/>
        <line num="281" count="0" type="stmt"/>
        <line num="282" count="0" type="stmt"/>
        <line num="284" count="0" type="stmt"/>
        <line num="289" count="0" type="cond" truecount="0" falsecount="2"/>
        <line num="290" count="0" type="stmt"/>
        <line num="294" count="0" type="cond" truecount="0" falsecount="2"/>
        <line num="295" count="0" type="stmt"/>
        <line num="298" count="0" type="stmt"/>
        <line num="301" count="0" type="stmt"/>
        <line num="302" count="0" type="cond" truecount="0" falsecount="4"/>
        <line num="303" count="0" type="stmt"/>
        <line num="305" count="0" type="cond" truecount="0" falsecount="2"/>
        <line num="306" count="0" type="stmt"/>
        <line num="307" count="0" type="cond" truecount="0" falsecount="2"/>
        <line num="308" count="0" type="stmt"/>
        <line num="309" count="0" type="stmt"/>
        <line num="312" count="0" type="cond" truecount="0" falsecount="2"/>
        <line num="313" count="0" type="stmt"/>
        <line num="316" count="0" type="stmt"/>
        <line num="318" count="0" type="stmt"/>
        <line num="327" count="0" type="cond" truecount="0" falsecount="2"/>
        <line num="328" count="0" type="stmt"/>
        <line num="331" count="0" type="stmt"/>
        <line num="337" count="0" type="cond" truecount="0" falsecount="2"/>
        <line num="338" count="0" type="stmt"/>
        <line num="339" count="0" type="cond" truecount="0" falsecount="2"/>
        <line num="340" count="0" type="cond" truecount="0" falsecount="2"/>
        <line num="344" count="0" type="stmt"/>
        <line num="345" count="0" type="stmt"/>
        <line num="350" count="0" type="cond" truecount="0" falsecount="2"/>
        <line num="351" count="0" type="stmt"/>
        <line num="359" count="0" type="stmt"/>
        <line num="363" count="0" type="stmt"/>
        <line num="367" count="0" type="stmt"/>
        <line num="368" count="0" type="stmt"/>
        <line num="369" count="0" type="stmt"/>
        <line num="372" count="0" type="stmt"/>
        <line num="373" count="0" type="stmt"/>
        <line num="382" count="0" type="stmt"/>
        <line num="386" count="0" type="stmt"/>
        <line num="388" count="0" type="cond" truecount="0" falsecount="2"/>
        <line num="389" count="0" type="stmt"/>
        <line num="399" count="0" type="cond" truecount="0" falsecount="2"/>
        <line num="400" count="0" type="stmt"/>
        <line num="403" count="0" type="stmt"/>
        <line num="409" count="0" type="cond" truecount="0" falsecount="2"/>
        <line num="410" count="0" type="stmt"/>
        <line num="411" count="0" type="cond" truecount="0" falsecount="2"/>
        <line num="412" count="0" type="cond" truecount="0" falsecount="2"/>
        <line num="416" count="0" type="stmt"/>
        <line num="417" count="0" type="stmt"/>
        <line num="422" count="0" type="cond" truecount="0" falsecount="2"/>
        <line num="423" count="0" type="stmt"/>
        <line num="431" count="0" type="stmt"/>
        <line num="435" count="0" type="stmt"/>
        <line num="442" count="0" type="cond" truecount="0" falsecount="2"/>
        <line num="443" count="0" type="stmt"/>
        <line num="446" count="0" type="stmt"/>
        <line num="451" count="0" type="cond" truecount="0" falsecount="2"/>
        <line num="452" count="0" type="stmt"/>
        <line num="453" count="0" type="cond" truecount="0" falsecount="2"/>
        <line num="454" count="0" type="cond" truecount="0" falsecount="2"/>
        <line num="458" count="0" type="stmt"/>
        <line num="459" count="0" type="stmt"/>
        <line num="464" count="0" type="cond" truecount="0" falsecount="2"/>
        <line num="465" count="0" type="stmt"/>
        <line num="473" count="0" type="stmt"/>
        <line num="477" count="0" type="stmt"/>
        <line num="481" count="13" type="stmt"/>
        <line num="482" count="13" type="cond" truecount="5" falsecount="0"/>
        <line num="483" count="2" type="stmt"/>
        <line num="486" count="11" type="stmt"/>
        <line num="487" count="11" type="cond" truecount="2" falsecount="0"/>
        <line num="489" count="11" type="cond" truecount="3" falsecount="0"/>
        <line num="491" count="2" type="cond" truecount="2" falsecount="0"/>
        <line num="492" count="1" type="stmt"/>
        <line num="501" count="1" type="stmt"/>
        <line num="503" count="1" type="stmt"/>
        <line num="505" count="8" type="cond" truecount="2" falsecount="0"/>
        <line num="506" count="6" type="stmt"/>
        <line num="515" count="6" type="stmt"/>
        <line num="517" count="2" type="stmt"/>
        <line num="519" count="1" type="stmt"/>
        <line num="522" count="1" type="stmt"/>
        <line num="527" count="0" type="cond" truecount="0" falsecount="2"/>
        <line num="528" count="0" type="stmt"/>
        <line num="539" count="0" type="stmt"/>
        <line num="543" count="0" type="stmt"/>
        <line num="558" count="0" type="stmt"/>
        <line num="559" count="0" type="stmt"/>
        <line num="560" count="0" type="stmt"/>
        <line num="563" count="0" type="stmt"/>
        <line num="564" count="0" type="stmt"/>
        <line num="565" count="0" type="stmt"/>
        <line num="566" count="0" type="stmt"/>
        <line num="567" count="0" type="cond" truecount="0" falsecount="2"/>
        <line num="568" count="0" type="stmt"/>
        <line num="570" count="0" type="cond" truecount="0" falsecount="2"/>
        <line num="571" count="0" type="stmt"/>
        <line num="579" count="0" type="stmt"/>
        <line num="580" count="0" type="stmt"/>
        <line num="581" count="0" type="stmt"/>
        <line num="584" count="0" type="stmt"/>
        <line num="585" count="0" type="stmt"/>
        <line num="586" count="0" type="stmt"/>
        <line num="587" count="0" type="stmt"/>
        <line num="588" count="0" type="cond" truecount="0" falsecount="2"/>
        <line num="589" count="0" type="stmt"/>
        <line num="591" count="0" type="cond" truecount="0" falsecount="2"/>
        <line num="592" count="0" type="stmt"/>
        <line num="600" count="0" type="stmt"/>
        <line num="601" count="0" type="stmt"/>
        <line num="602" count="0" type="stmt"/>
        <line num="605" count="0" type="stmt"/>
        <line num="606" count="0" type="stmt"/>
        <line num="612" count="0" type="stmt"/>
        <line num="616" count="0" type="cond" truecount="0" falsecount="2"/>
        <line num="617" count="0" type="stmt"/>
        <line num="618" count="0" type="stmt"/>
        <line num="622" count="0" type="cond" truecount="0" falsecount="2"/>
        <line num="623" count="0" type="stmt"/>
        <line num="624" count="0" type="stmt"/>
        <line num="626" count="0" type="stmt"/>
        <line num="629" count="0" type="cond" truecount="0" falsecount="2"/>
        <line num="630" count="0" type="stmt"/>
        <line num="631" count="0" type="stmt"/>
      </file>
      <file name="mcp-server.service.ts" path="/home/runner/work/gs-mcp-proxy-pii-redactor/gs-mcp-proxy-pii-redactor/src/mcp/mcp-server.service.ts">
        <metrics statements="113" coveredstatements="105" conditionals="57" coveredconditionals="47" methods="14" coveredmethods="11"/>
        <line num="1" count="2" type="stmt"/>
        <line num="5" count="2" type="stmt"/>
        <line num="6" count="2" type="stmt"/>
        <line num="8" count="2" type="stmt"/>
        <line num="10" count="2" type="stmt"/>
        <line num="11" count="2" type="stmt"/>
        <line num="12" count="2" type="stmt"/>
        <line num="24" count="2" type="stmt"/>
        <line num="25" count="29" type="stmt"/>
        <line num="26" count="29" type="stmt"/>
        <line num="29" count="29" type="stmt"/>
        <line num="30" count="29" type="stmt"/>
        <line num="34" count="29" type="stmt"/>
        <line num="37" count="29" type="cond" truecount="2" falsecount="0"/>
        <line num="38" count="29" type="stmt"/>
        <line num="39" count="29" type="stmt"/>
        <line num="40" count="29" type="cond" truecount="1" falsecount="1"/>
        <line num="41" count="29" type="stmt"/>
        <line num="42" count="29" type="cond" truecount="1" falsecount="1"/>
        <line num="44" count="0" type="cond" truecount="0" falsecount="2"/>
        <line num="45" count="0" type="stmt"/>
        <line num="48" count="0" type="stmt"/>
        <line num="53" count="29" type="stmt"/>
        <line num="54" count="57" type="stmt"/>
        <line num="55" count="57" type="stmt"/>
        <line num="57" count="57" type="stmt"/>
        <line num="58" count="57" type="stmt"/>
        <line num="64" count="57" type="stmt"/>
        <line num="66" count="55" type="stmt"/>
        <line num="68" count="55" type="stmt"/>
        <line num="76" count="55" type="stmt"/>
        <line num="78" count="2" type="stmt"/>
        <line num="85" count="2" type="cond" truecount="2" falsecount="0"/>
        <line num="86" count="1" type="stmt"/>
        <line num="93" count="3" type="stmt"/>
        <line num="94" count="6" type="stmt"/>
        <line num="95" count="6" type="stmt"/>
        <line num="97" count="6" type="stmt"/>
        <line num="98" count="3" type="stmt"/>
        <line num="100" count="5" type="stmt"/>
        <line num="102" count="4" type="stmt"/>
        <line num="103" count="4" type="stmt"/>
        <line num="104" count="20" type="stmt"/>
        <line num="105" count="20" type="cond" truecount="1" falsecount="1"/>
        <line num="106" count="0" type="stmt"/>
        <line num="107" count="0" type="stmt"/>
        <line num="112" count="2" type="stmt"/>
        <line num="120" count="3" type="stmt"/>
        <line num="124" count="36" type="stmt"/>
        <line num="128" count="1" type="stmt"/>
        <line num="136" count="4" type="stmt"/>
        <line num="137" count="4" type="cond" truecount="2" falsecount="0"/>
        <line num="138" count="1" type="stmt"/>
        <line num="139" count="1" type="stmt"/>
        <line num="144" count="3" type="cond" truecount="2" falsecount="0"/>
        <line num="145" count="3" type="cond" truecount="1" falsecount="1"/>
        <line num="148" count="3" type="cond" truecount="2" falsecount="0"/>
        <line num="149" count="3" type="stmt"/>
        <line num="150" count="3" type="stmt"/>
        <line num="152" count="3" type="stmt"/>
        <line num="154" count="3" type="stmt"/>
        <line num="157" count="3" type="stmt"/>
        <line num="158" count="3" type="stmt"/>
        <line num="161" count="3" type="stmt"/>
        <line num="162" count="1" type="stmt"/>
        <line num="163" count="1" type="stmt"/>
        <line num="165" count="3" type="stmt"/>
        <line num="166" count="3" type="stmt"/>
        <line num="167" count="3" type="stmt"/>
        <line num="175" count="9" type="stmt"/>
        <line num="176" count="9" type="cond" truecount="2" falsecount="0"/>
        <line num="177" count="1" type="stmt"/>
        <line num="178" count="1" type="stmt"/>
        <line num="183" count="8" type="cond" truecount="3" falsecount="0"/>
        <line num="186" count="8" type="cond" truecount="2" falsecount="0"/>
        <line num="188" count="8" type="stmt"/>
        <line num="189" count="8" type="cond" truecount="4" falsecount="0"/>
        <line num="190" count="3" type="stmt"/>
        <line num="191" count="3" type="stmt"/>
        <line num="195" count="5" type="stmt"/>
        <line num="196" count="0" type="stmt"/>
        <line num="199" count="1" type="stmt"/>
        <line num="202" count="1" type="stmt"/>
        <line num="207" count="5" type="stmt"/>
        <line num="210" count="5" type="stmt"/>
        <line num="211" count="3" type="stmt"/>
        <line num="213" count="2" type="stmt"/>
        <line num="219" count="2" type="cond" truecount="2" falsecount="0"/>
        <line num="220" count="1" type="stmt"/>
        <line num="230" count="5" type="stmt"/>
        <line num="231" count="5" type="cond" truecount="2" falsecount="0"/>
        <line num="232" count="1" type="stmt"/>
        <line num="233" count="1" type="stmt"/>
        <line num="237" count="4" type="cond" truecount="2" falsecount="0"/>
        <line num="239" count="4" type="stmt"/>
        <line num="248" count="4" type="cond" truecount="2" falsecount="0"/>
        <line num="249" count="3" type="stmt"/>
        <line num="250" count="3" type="cond" truecount="4" falsecount="0"/>
        <line num="251" count="2" type="stmt"/>
        <line num="262" count="2" type="cond" truecount="2" falsecount="0"/>
        <line num="264" count="2" type="cond" truecount="1" falsecount="1"/>
        <line num="265" count="2" type="cond" truecount="2" falsecount="0"/>
        <line num="266" count="2" type="stmt"/>
        <line num="267" count="2" type="cond" truecount="2" falsecount="2"/>
        <line num="268" count="0" type="stmt"/>
        <line num="269" count="2" type="cond" truecount="1" falsecount="1"/>
        <line num="270" count="0" type="stmt"/>
        <line num="272" count="2" type="stmt"/>
        <line num="274" count="2" type="stmt"/>
        <line num="276" count="1" type="stmt"/>
        <line num="285" count="1" type="stmt"/>
        <line num="290" count="2" type="stmt"/>
        <line num="291" count="2" type="stmt"/>
      </file>
    </package>
    <package name="src.redaction">
      <metrics statements="356" coveredstatements="314" conditionals="263" coveredconditionals="213" methods="39" coveredmethods="37"/>
      <file name="audit-logger.ts" path="/home/runner/work/gs-mcp-proxy-pii-redactor/gs-mcp-proxy-pii-redactor/src/redaction/audit-logger.ts">
        <metrics statements="38" coveredstatements="38" conditionals="12" coveredconditionals="12" methods="5" coveredmethods="5"/>
        <line num="1" count="4" type="stmt"/>
        <line num="2" count="4" type="stmt"/>
        <line num="4" count="4" type="stmt"/>
        <line num="6" count="4" type="stmt"/>
        <line num="10" count="4" type="stmt"/>
        <line num="11" count="19" type="stmt"/>
        <line num="16" count="19" type="stmt"/>
        <line num="17" count="19" type="stmt"/>
        <line num="20" count="19" type="stmt"/>
        <line num="21" count="19" type="stmt"/>
        <line num="23" count="1" type="stmt"/>
        <line num="24" count="1" type="stmt"/>
        <line num="34" count="16" type="cond" truecount="4" falsecount="0"/>
        <line num="35" count="3" type="stmt"/>
        <line num="38" count="13" type="stmt"/>
        <line num="39" count="13" type="stmt"/>
        <line num="42" count="13" type="stmt"/>
        <line num="46" count="13" type="stmt"/>
        <line num="49" count="13" type="stmt"/>
        <line num="53" count="13" type="stmt"/>
        <line num="55" count="13" type="stmt"/>
        <line num="59" count="26" type="stmt"/>
        <line num="60" count="26" type="stmt"/>
        <line num="61" count="26" type="stmt"/>
        <line num="63" count="26" type="stmt"/>
        <line num="65" count="4" type="stmt"/>
        <line num="70" count="48" type="cond" truecount="2" falsecount="0"/>
        <line num="71" count="19" type="stmt"/>
        <line num="72" count="19" type="stmt"/>
        <line num="74" count="15" type="stmt"/>
        <line num="78" count="29" type="cond" truecount="2" falsecount="0"/>
        <line num="79" count="3" type="stmt"/>
        <line num="82" count="27" type="cond" truecount="4" falsecount="0"/>
        <line num="83" count="24" type="stmt"/>
        <line num="84" count="24" type="stmt"/>
        <line num="85" count="19" type="stmt"/>
        <line num="87" count="24" type="stmt"/>
        <line num="90" count="3" type="stmt"/>
      </file>
      <file name="matcher.ts" path="/home/runner/work/gs-mcp-proxy-pii-redactor/gs-mcp-proxy-pii-redactor/src/redaction/matcher.ts">
        <metrics statements="74" coveredstatements="60" conditionals="61" coveredconditionals="40" methods="8" coveredmethods="8"/>
        <line num="12" count="4" type="stmt"/>
        <line num="18" count="46" type="stmt"/>
        <line num="19" count="46" type="stmt"/>
        <line num="20" count="1172" type="stmt"/>
        <line num="21" count="1172" type="cond" truecount="1" falsecount="1"/>
        <line num="22" count="1172" type="stmt"/>
        <line num="25" count="46" type="stmt"/>
        <line num="28" count="46" type="stmt"/>
        <line num="29" count="46" type="stmt"/>
        <line num="31" count="46" type="stmt"/>
        <line num="33" count="0" type="stmt"/>
        <line num="35" count="46" type="cond" truecount="1" falsecount="1"/>
        <line num="39" count="47" type="cond" truecount="2" falsecount="0"/>
        <line num="40" count="1" type="stmt"/>
        <line num="42" count="46" type="stmt"/>
        <line num="47" count="24" type="stmt"/>
        <line num="51" count="66" type="stmt"/>
        <line num="52" count="66" type="cond" truecount="2" falsecount="0"/>
        <line num="53" count="14" type="stmt"/>
        <line num="57" count="52" type="stmt"/>
        <line num="58" count="52" type="stmt"/>
        <line num="59" count="52" type="stmt"/>
        <line num="60" count="61" type="stmt"/>
        <line num="61" count="61" type="cond" truecount="4" falsecount="0"/>
        <line num="62" count="60" type="stmt"/>
        <line num="63" count="1" type="cond" truecount="1" falsecount="1"/>
        <line num="64" count="0" type="stmt"/>
        <line num="69" count="52" type="stmt"/>
        <line num="70" count="52" type="stmt"/>
        <line num="71" count="52" type="stmt"/>
        <line num="72" count="60" type="cond" truecount="2" falsecount="0"/>
        <line num="73" count="21" type="stmt"/>
        <line num="75" count="60" type="stmt"/>
        <line num="76" count="60" type="stmt"/>
        <line num="78" count="52" type="cond" truecount="2" falsecount="0"/>
        <line num="79" count="24" type="stmt"/>
        <line num="81" count="52" type="stmt"/>
        <line num="85" count="66" type="stmt"/>
        <line num="86" count="66" type="stmt"/>
        <line num="88" count="66" type="cond" truecount="1" falsecount="1"/>
        <line num="91" count="66" type="cond" truecount="1" falsecount="1"/>
        <line num="92" count="66" type="stmt"/>
        <line num="94" count="71" type="cond" truecount="1" falsecount="4"/>
        <line num="95" count="71" type="cond" truecount="2" falsecount="6"/>
        <line num="96" count="71" type="cond" truecount="4" falsecount="1"/>
        <line num="97" count="0" type="stmt"/>
        <line num="99" count="71" type="stmt"/>
        <line num="100" count="72" type="cond" truecount="3" falsecount="1"/>
        <line num="101" count="72" type="stmt"/>
        <line num="103" count="72" type="stmt"/>
        <line num="104" count="72" type="stmt"/>
        <line num="105" count="72" type="stmt"/>
        <line num="106" count="72" type="cond" truecount="5" falsecount="0"/>
        <line num="107" count="61" type="stmt"/>
        <line num="111" count="66" type="stmt"/>
        <line num="115" count="0" type="stmt"/>
        <line num="116" count="0" type="stmt"/>
        <line num="117" count="0" type="stmt"/>
        <line num="118" count="0" type="stmt"/>
        <line num="119" count="0" type="cond" truecount="0" falsecount="2"/>
        <line num="120" count="0" type="stmt"/>
        <line num="121" count="0" type="stmt"/>
        <line num="122" count="0" type="cond" truecount="0" falsecount="2"/>
        <line num="123" count="0" type="stmt"/>
        <line num="125" count="0" type="stmt"/>
        <line num="128" count="0" type="stmt"/>
        <line num="132" count="72" type="cond" truecount="2" falsecount="0"/>
        <line num="133" count="30" type="stmt"/>
        <line num="134" count="30" type="cond" truecount="2" falsecount="0"/>
        <line num="136" count="68" type="cond" truecount="2" falsecount="0"/>
        <line num="137" count="40" type="stmt"/>
        <line num="138" count="40" type="cond" truecount="2" falsecount="0"/>
        <line num="140" count="61" type="stmt"/>
        <line num="144" count="70" type="stmt"/>
      </file>
      <file name="redaction.service.ts" path="/home/runner/work/gs-mcp-proxy-pii-redactor/gs-mcp-proxy-pii-redactor/src/redaction/redaction.service.ts">
        <metrics statements="110" coveredstatements="101" conditionals="61" coveredconditionals="54" methods="16" coveredmethods="14"/>
        <line num="1" count="3" type="stmt"/>
        <line num="3" count="3" type="stmt"/>
        <line num="6" count="3" type="stmt"/>
        <line num="7" count="3" type="stmt"/>
        <line num="10" count="3" type="stmt"/>
        <line num="11" count="33" type="stmt"/>
        <line num="12" count="33" type="stmt"/>
        <line num="13" count="33" type="stmt"/>
        <line num="14" count="33" type="stmt"/>
        <line num="17" count="28" type="cond" truecount="2" falsecount="0"/>
        <line num="18" count="1" type="cond" truecount="1" falsecount="1"/>
        <line num="19" count="0" type="stmt"/>
        <line num="21" count="1" type="stmt"/>
        <line num="24" count="27" type="stmt"/>
        <line num="26" count="27" type="stmt"/>
        <line num="27" count="27" type="stmt"/>
        <line num="29" count="24" type="cond" truecount="1" falsecount="1"/>
        <line num="30" count="0" type="stmt"/>
        <line num="31" count="0" type="stmt"/>
        <line num="32" count="0" type="stmt"/>
        <line num="35" count="24" type="stmt"/>
        <line num="36" count="24" type="stmt"/>
        <line num="39" count="24" type="stmt"/>
        <line num="40" count="24" type="cond" truecount="1" falsecount="1"/>
        <line num="43" count="24" type="stmt"/>
        <line num="46" count="3" type="stmt"/>
        <line num="47" count="3" type="stmt"/>
        <line num="52" count="8" type="cond" truecount="2" falsecount="0"/>
        <line num="53" count="2" type="stmt"/>
        <line num="55" count="8" type="stmt"/>
        <line num="59" count="19" type="cond" truecount="5" falsecount="0"/>
        <line num="60" count="4" type="stmt"/>
        <line num="63" count="15" type="cond" truecount="4" falsecount="0"/>
        <line num="64" count="9" type="stmt"/>
        <line num="67" count="6" type="stmt"/>
        <line num="71" count="47" type="cond" truecount="2" falsecount="0"/>
        <line num="72" count="18" type="stmt"/>
        <line num="73" count="18" type="stmt"/>
        <line num="75" count="29" type="cond" truecount="2" falsecount="0"/>
        <line num="76" count="11" type="stmt"/>
        <line num="78" count="23" type="cond" truecount="4" falsecount="0"/>
        <line num="79" count="17" type="stmt"/>
        <line num="80" count="17" type="stmt"/>
        <line num="81" count="26" type="stmt"/>
        <line num="83" count="17" type="stmt"/>
        <line num="85" count="6" type="stmt"/>
        <line num="89" count="6" type="stmt"/>
        <line num="91" count="6" type="stmt"/>
        <line num="92" count="21" type="cond" truecount="2" falsecount="0"/>
        <line num="93" count="1" type="stmt"/>
        <line num="94" count="1" type="stmt"/>
        <line num="96" count="20" type="cond" truecount="2" falsecount="0"/>
        <line num="97" count="3" type="stmt"/>
        <line num="99" count="18" type="cond" truecount="4" falsecount="0"/>
        <line num="100" count="12" type="stmt"/>
        <line num="101" count="12" type="stmt"/>
        <line num="102" count="21" type="cond" truecount="2" falsecount="0"/>
        <line num="103" count="9" type="cond" truecount="2" falsecount="0"/>
        <line num="104" count="8" type="stmt"/>
        <line num="105" count="8" type="stmt"/>
        <line num="107" count="1" type="stmt"/>
        <line num="110" count="12" type="stmt"/>
        <line num="113" count="12" type="stmt"/>
        <line num="115" count="6" type="stmt"/>
        <line num="118" count="6" type="stmt"/>
        <line num="122" count="27" type="stmt"/>
        <line num="123" count="27" type="cond" truecount="2" falsecount="0"/>
        <line num="124" count="2" type="stmt"/>
        <line num="128" count="25" type="stmt"/>
        <line num="129" count="25" type="cond" truecount="1" falsecount="1"/>
        <line num="130" count="0" type="stmt"/>
        <line num="133" count="25" type="cond" truecount="1" falsecount="1"/>
        <line num="134" count="0" type="stmt"/>
        <line num="137" count="25" type="stmt"/>
        <line num="138" count="25" type="cond" truecount="2" falsecount="0"/>
        <line num="139" count="1" type="stmt"/>
        <line num="142" count="24" type="stmt"/>
        <line num="146" count="24" type="stmt"/>
        <line num="148" count="24" type="stmt"/>
        <line num="149" count="48" type="stmt"/>
        <line num="150" count="48" type="stmt"/>
        <line num="151" count="48" type="cond" truecount="1" falsecount="1"/>
        <line num="152" count="0" type="stmt"/>
        <line num="157" count="48" type="stmt"/>
        <line num="158" count="48" type="stmt"/>
        <line num="159" count="48" type="stmt"/>
        <line num="161" count="144" type="stmt"/>
        <line num="162" count="144" type="stmt"/>
        <line num="163" count="48" type="stmt"/>
        <line num="167" count="24" type="stmt"/>
        <line num="168" count="24" type="stmt"/>
        <line num="169" count="48" type="stmt"/>
        <line num="170" count="48" type="stmt"/>
        <line num="173" count="24" type="stmt"/>
        <line num="177" count="25" type="stmt"/>
        <line num="178" count="25" type="cond" truecount="2" falsecount="0"/>
        <line num="179" count="1" type="stmt"/>
        <line num="180" count="1" type="stmt"/>
        <line num="182" count="0" type="stmt"/>
        <line num="188" count="24" type="stmt"/>
        <line num="189" count="24" type="cond" truecount="2" falsecount="0"/>
        <line num="190" count="1" type="stmt"/>
        <line num="194" count="23" type="stmt"/>
        <line num="195" count="23" type="stmt"/>
        <line num="196" count="23" type="cond" truecount="3" falsecount="1"/>
        <line num="197" count="23" type="stmt"/>
        <line num="198" count="23" type="cond" truecount="4" falsecount="0"/>
        <line num="199" count="1" type="stmt"/>
        <line num="202" count="23" type="stmt"/>
        <line num="204" count="0" type="stmt"/>
      </file>
      <file name="scanner-generic.ts" path="/home/runner/work/gs-mcp-proxy-pii-redactor/gs-mcp-proxy-pii-redactor/src/redaction/scanner-generic.ts">
        <metrics statements="134" coveredstatements="115" conditionals="129" coveredconditionals="107" methods="10" coveredmethods="10"/>
        <line num="4" count="4" type="stmt"/>
        <line num="5" count="4" type="stmt"/>
        <line num="7" count="4" type="stmt"/>
        <line num="8" count="59" type="cond" truecount="2" falsecount="0"/>
        <line num="9" count="1" type="stmt"/>
        <line num="12" count="58" type="stmt"/>
        <line num="13" count="58" type="stmt"/>
        <line num="14" count="58" type="stmt"/>
        <line num="16" count="58" type="stmt"/>
        <line num="17" count="2654" type="stmt"/>
        <line num="19" count="2654" type="cond" truecount="2" falsecount="0"/>
        <line num="20" count="22" type="stmt"/>
        <line num="21" count="22" type="cond" truecount="2" falsecount="0"/>
        <line num="22" count="17" type="cond" truecount="2" falsecount="0"/>
        <line num="23" count="13" type="stmt"/>
        <line num="25" count="17" type="stmt"/>
        <line num="26" count="17" type="stmt"/>
        <line num="27" count="17" type="stmt"/>
        <line num="28" count="17" type="stmt"/>
        <line num="32" count="2637" type="cond" truecount="4" falsecount="0"/>
        <line num="33" count="52" type="stmt"/>
        <line num="34" count="52" type="cond" truecount="2" falsecount="0"/>
        <line num="35" count="11" type="cond" truecount="2" falsecount="0"/>
        <line num="36" count="10" type="stmt"/>
        <line num="38" count="11" type="stmt"/>
        <line num="39" count="11" type="stmt"/>
        <line num="40" count="11" type="stmt"/>
        <line num="41" count="11" type="stmt"/>
        <line num="45" count="2626" type="stmt"/>
        <line num="48" count="58" type="cond" truecount="2" falsecount="0"/>
        <line num="49" count="33" type="stmt"/>
        <line num="52" count="25" type="cond" truecount="2" falsecount="0"/>
        <line num="53" count="5" type="stmt"/>
        <line num="56" count="25" type="stmt"/>
        <line num="60" count="22" type="stmt"/>
        <line num="61" count="22" type="cond" truecount="3" falsecount="1"/>
        <line num="62" count="0" type="stmt"/>
        <line num="66" count="22" type="stmt"/>
        <line num="67" count="22" type="cond" truecount="2" falsecount="0"/>
        <line num="68" count="123" type="stmt"/>
        <line num="70" count="22" type="stmt"/>
        <line num="71" count="22" type="stmt"/>
        <line num="73" count="22" type="cond" truecount="2" falsecount="0"/>
        <line num="74" count="1" type="stmt"/>
        <line num="78" count="21" type="cond" truecount="4" falsecount="0"/>
        <line num="79" count="2" type="stmt"/>
        <line num="82" count="19" type="stmt"/>
        <line num="83" count="84" type="cond" truecount="4" falsecount="0"/>
        <line num="84" count="1" type="stmt"/>
        <line num="89" count="18" type="stmt"/>
        <line num="90" count="18" type="stmt"/>
        <line num="91" count="18" type="stmt"/>
        <line num="92" count="18" type="stmt"/>
        <line num="94" count="18" type="stmt"/>
        <line num="95" count="185" type="stmt"/>
        <line num="96" count="185" type="cond" truecount="2" falsecount="0"/>
        <line num="97" count="160" type="stmt"/>
        <line num="98" count="160" type="stmt"/>
        <line num="99" count="160" type="stmt"/>
        <line num="101" count="25" type="cond" truecount="2" falsecount="0"/>
        <line num="102" count="17" type="cond" truecount="3" falsecount="1"/>
        <line num="103" count="0" type="stmt"/>
        <line num="105" count="17" type="stmt"/>
        <line num="106" count="17" type="stmt"/>
        <line num="107" count="17" type="stmt"/>
        <line num="108" count="17" type="stmt"/>
        <line num="109" count="17" type="stmt"/>
        <line num="111" count="8" type="stmt"/>
        <line num="114" count="18" type="stmt"/>
        <line num="115" count="18" type="cond" truecount="3" falsecount="1"/>
        <line num="116" count="0" type="stmt"/>
        <line num="118" count="18" type="cond" truecount="2" falsecount="0"/>
        <line num="119" count="1" type="stmt"/>
        <line num="122" count="17" type="cond" truecount="4" falsecount="1"/>
        <line num="123" count="0" type="stmt"/>
        <line num="127" count="17" type="cond" truecount="3" falsecount="1"/>
        <line num="128" count="0" type="stmt"/>
        <line num="130" count="17" type="cond" truecount="3" falsecount="1"/>
        <line num="131" count="0" type="stmt"/>
        <line num="134" count="17" type="stmt"/>
        <line num="143" count="52" type="stmt"/>
        <line num="144" count="52" type="stmt"/>
        <line num="145" count="52" type="stmt"/>
        <line num="146" count="52" type="stmt"/>
        <line num="147" count="52" type="stmt"/>
        <line num="148" count="52" type="stmt"/>
        <line num="149" count="52" type="stmt"/>
        <line num="151" count="52" type="cond" truecount="2" falsecount="0"/>
        <line num="152" count="6" type="stmt"/>
        <line num="153" count="6" type="stmt"/>
        <line num="154" count="6" type="cond" truecount="1" falsecount="1"/>
        <line num="155" count="0" type="stmt"/>
        <line num="159" count="52" type="stmt"/>
        <line num="160" count="327" type="stmt"/>
        <line num="161" count="327" type="cond" truecount="2" falsecount="0"/>
        <line num="162" count="269" type="stmt"/>
        <line num="163" count="269" type="stmt"/>
        <line num="164" count="58" type="cond" truecount="5" falsecount="0"/>
        <line num="165" count="38" type="stmt"/>
        <line num="166" count="38" type="stmt"/>
        <line num="167" count="20" type="cond" truecount="1" falsecount="1"/>
        <line num="168" count="0" type="stmt"/>
        <line num="169" count="0" type="stmt"/>
        <line num="170" count="0" type="stmt"/>
        <line num="171" count="20" type="cond" truecount="2" falsecount="0"/>
        <line num="172" count="3" type="cond" truecount="1" falsecount="1"/>
        <line num="173" count="3" type="stmt"/>
        <line num="175" count="0" type="stmt"/>
        <line num="176" count="0" type="stmt"/>
        <line num="177" count="17" type="cond" truecount="3" falsecount="1"/>
        <line num="178" count="0" type="cond" truecount="0" falsecount="2"/>
        <line num="179" count="0" type="stmt"/>
        <line num="181" count="0" type="stmt"/>
        <line num="183" count="17" type="stmt"/>
        <line num="187" count="49" type="stmt"/>
        <line num="188" count="49" type="cond" truecount="1" falsecount="1"/>
        <line num="189" count="0" type="stmt"/>
        <line num="191" count="49" type="cond" truecount="4" falsecount="0"/>
        <line num="192" count="37" type="stmt"/>
        <line num="195" count="12" type="cond" truecount="4" falsecount="0"/>
        <line num="196" count="1" type="stmt"/>
        <line num="198" count="11" type="cond" truecount="2" falsecount="2"/>
        <line num="199" count="0" type="stmt"/>
        <line num="202" count="11" type="cond" truecount="4" falsecount="1"/>
        <line num="203" count="0" type="cond" truecount="0" falsecount="5"/>
        <line num="204" count="0" type="stmt"/>
        <line num="208" count="11" type="stmt"/>
        <line num="212" count="3025" type="cond" truecount="2" falsecount="0"/>
        <line num="216" count="347" type="cond" truecount="3" falsecount="1"/>
        <line num="220" count="336" type="cond" truecount="2" falsecount="0"/>
        <line num="224" count="11" type="cond" truecount="2" falsecount="0"/>
        <line num="228" count="21" type="cond" truecount="2" falsecount="0"/>
        <line num="232" count="138" type="cond" truecount="5" falsecount="0"/>
        <line num="236" count="185" type="cond" truecount="2" falsecount="0"/>
      </file>
    </package>
  </project>
</coverage>
