TN:
SF:src/app.controller.ts
FN:21,(anonymous_4)
FN:27,(anonymous_5)
FN:32,(anonymous_6)
FN:68,(anonymous_7)
FN:104,(anonymous_8)
FNF:5
FNH:3
FNDA:2,(anonymous_4)
FNDA:1,(anonymous_5)
FNDA:0,(anonymous_6)
FNDA:0,(anonymous_7)
FNDA:14,(anonymous_8)
DA:1,2
DA:14,2
DA:15,2
DA:18,2
DA:19,2
DA:22,2
DA:23,2
DA:27,2
DA:28,1
DA:32,2
DA:37,0
DA:38,0
DA:40,0
DA:41,0
DA:45,0
DA:46,0
DA:47,0
DA:48,0
DA:51,0
DA:52,0
DA:53,0
DA:57,0
DA:58,0
DA:60,0
DA:61,0
DA:62,0
DA:68,2
DA:73,0
DA:74,0
DA:76,0
DA:77,0
DA:81,0
DA:82,0
DA:83,0
DA:84,0
DA:87,0
DA:88,0
DA:89,0
DA:93,0
DA:94,0
DA:96,0
DA:97,0
DA:98,0
DA:104,2
DA:109,14
DA:110,14
DA:112,14
DA:113,1
DA:117,13
DA:118,0
DA:119,0
DA:120,0
DA:123,0
DA:124,0
DA:125,0
DA:130,13
DA:131,13
DA:133,0
DA:134,0
DA:137,0
DA:138,0
DA:140,0
DA:143,13
DA:144,13
DA:146,0
DA:147,0
DA:148,0
LF:67
LH:21
BRDA:40,0,0,0
BRDA:40,0,1,0
BRDA:45,1,0,0
BRDA:45,1,1,0
BRDA:45,2,0,0
BRDA:45,2,1,0
BRDA:47,3,0,0
BRDA:47,3,1,0
BRDA:52,4,0,0
BRDA:52,4,1,0
BRDA:61,5,0,0
BRDA:61,5,1,0
BRDA:76,6,0,0
BRDA:76,6,1,0
BRDA:81,7,0,0
BRDA:81,7,1,0
BRDA:81,8,0,0
BRDA:81,8,1,0
BRDA:83,9,0,0
BRDA:83,9,1,0
BRDA:88,10,0,0
BRDA:88,10,1,0
BRDA:97,11,0,0
BRDA:97,11,1,0
BRDA:112,12,0,1
BRDA:112,12,1,13
BRDA:117,13,0,0
BRDA:117,13,1,13
BRDA:117,14,0,13
BRDA:117,14,1,0
BRDA:119,15,0,0
BRDA:119,15,1,0
BRDA:124,16,0,0
BRDA:124,16,1,0
BRDA:130,17,0,13
BRDA:130,17,1,0
BRDA:131,18,0,0
BRDA:131,18,1,13
BRDA:133,19,0,0
BRDA:133,19,1,0
BRDA:137,20,0,0
BRDA:137,20,1,0
BRDA:147,21,0,0
BRDA:147,21,1,0
BRF:44
BRH:6
end_of_record
TN:
SF:src/config/config.service.ts
FN:8,(anonymous_11)
FN:12,(anonymous_12)
FN:76,(anonymous_13)
FN:83,(anonymous_14)
FN:88,(anonymous_15)
FN:102,(anonymous_16)
FNF:6
FNH:6
FNDA:2,(anonymous_11)
FNDA:2,(anonymous_12)
FNDA:16,(anonymous_13)
FNDA:3,(anonymous_14)
FNDA:2,(anonymous_15)
FNDA:3,(anonymous_16)
DA:1,2
DA:2,2
DA:3,2
DA:4,2
DA:8,2
DA:9,2
DA:10,2
DA:16,2
DA:17,0
DA:18,0
DA:21,0
DA:24,2
DA:27,2
DA:28,2
DA:29,2
DA:36,2
DA:37,0
DA:40,2
DA:41,0
DA:45,2
DA:46,2
DA:47,3
DA:48,3
DA:54,2
DA:55,2
DA:56,3
DA:57,0
DA:59,3
DA:64,2
DA:65,0
DA:68,2
DA:73,2
DA:77,16
DA:78,0
DA:80,16
DA:84,3
DA:86,3
DA:87,3
DA:88,2
DA:89,2
DA:90,2
DA:91,0
DA:95,2
DA:97,2
DA:103,3
DA:104,0
DA:106,3
DA:107,3
DA:109,3
DA:110,3
LF:50
LH:40
BRDA:12,0,0,0
BRDA:16,1,0,0
BRDA:16,1,1,2
BRDA:16,2,0,2
BRDA:16,2,1,2
BRDA:19,3,0,0
BRDA:19,3,1,0
BRDA:24,4,0,2
BRDA:24,4,1,0
BRDA:36,5,0,0
BRDA:36,5,1,2
BRDA:40,6,0,0
BRDA:40,6,1,2
BRDA:45,7,0,2
BRDA:45,7,1,0
BRDA:47,8,0,3
BRDA:47,8,1,0
BRDA:54,9,0,2
BRDA:54,9,1,0
BRDA:56,10,0,0
BRDA:56,10,1,3
BRDA:64,11,0,0
BRDA:64,11,1,2
BRDA:70,12,0,2
BRDA:70,12,1,0
BRDA:77,13,0,0
BRDA:77,13,1,16
BRDA:87,14,0,2
BRDA:87,14,1,1
BRDA:90,15,0,0
BRDA:90,15,1,2
BRDA:103,16,0,0
BRDA:103,16,1,3
BRDA:103,17,0,3
BRDA:103,17,1,3
BRDA:106,18,0,3
BRDA:106,18,1,0
BRDA:106,19,0,3
BRDA:106,19,1,3
BRDA:109,20,0,3
BRDA:109,20,1,0
BRDA:109,21,0,3
BRDA:109,21,1,3
BRF:43
BRH:25
end_of_record
TN:
SF:src/mcp/mcp-client-wrapper.ts
FN:30,(anonymous_9)
FN:39,(anonymous_10)
FN:103,(anonymous_11)
FN:113,(anonymous_12)
FN:139,(anonymous_13)
FN:157,(anonymous_14)
FN:191,(anonymous_15)
FN:194,(anonymous_16)
FN:205,(anonymous_17)
FN:215,(anonymous_18)
FN:221,(anonymous_19)
FN:239,(anonymous_20)
FN:257,(anonymous_21)
FN:301,(anonymous_22)
FN:345,(anonymous_23)
FN:387,(anonymous_24)
FN:419,(anonymous_25)
FN:432,(anonymous_26)
FN:453,(anonymous_27)
FN:457,(anonymous_28)
FN:459,(anonymous_29)
FN:473,(anonymous_30)
FN:477,(anonymous_31)
FN:479,(anonymous_32)
FN:492,(anonymous_33)
FN:496,(anonymous_34)
FN:506,(anonymous_35)
FNF:27
FNH:16
FNDA:3,(anonymous_9)
FNDA:3,(anonymous_10)
FNDA:0,(anonymous_11)
FNDA:0,(anonymous_12)
FNDA:0,(anonymous_13)
FNDA:3,(anonymous_14)
FNDA:3,(anonymous_15)
FNDA:0,(anonymous_16)
FNDA:3,(anonymous_17)
FNDA:120,(anonymous_18)
FNDA:3,(anonymous_19)
FNDA:3,(anonymous_20)
FNDA:1,(anonymous_21)
FNDA:0,(anonymous_22)
FNDA:0,(anonymous_23)
FNDA:120,(anonymous_24)
FNDA:3,(anonymous_25)
FNDA:3,(anonymous_26)
FNDA:3,(anonymous_27)
FNDA:1,(anonymous_28)
FNDA:2,(anonymous_29)
FNDA:0,(anonymous_30)
FNDA:0,(anonymous_31)
FNDA:0,(anonymous_32)
FNDA:0,(anonymous_33)
FNDA:0,(anonymous_34)
FNDA:3,(anonymous_35)
DA:1,2
DA:3,2
DA:10,2
DA:11,2
DA:12,2
DA:13,2
DA:14,2
DA:16,2
DA:17,3
DA:18,3
DA:19,3
DA:26,3
DA:27,3
DA:28,3
DA:33,3
DA:35,3
DA:36,3
DA:41,3
DA:43,3
DA:48,3
DA:49,0
DA:50,0
DA:51,0
DA:52,0
DA:56,0
DA:59,0
DA:65,3
DA:67,0
DA:68,0
DA:70,0
DA:71,0
DA:73,3
DA:74,3
DA:76,0
DA:80,3
DA:95,3
DA:96,3
DA:98,3
DA:99,3
DA:104,0
DA:105,0
DA:107,0
DA:108,0
DA:110,0
DA:114,0
DA:115,0
DA:118,0
DA:121,0
DA:122,0
DA:124,0
DA:125,0
DA:128,0
DA:134,0
DA:135,0
DA:136,0
DA:140,0
DA:141,0
DA:144,0
DA:150,0
DA:152,0
DA:153,0
DA:154,0
DA:158,3
DA:159,0
DA:162,3
DA:164,3
DA:169,3
DA:170,3
DA:172,3
DA:173,3
DA:179,3
DA:184,3
DA:186,3
DA:187,3
DA:188,3
DA:192,3
DA:194,3
DA:195,0
DA:196,0
DA:197,0
DA:200,0
DA:206,3
DA:207,0
DA:210,3
DA:211,3
DA:214,3
DA:215,120
DA:218,3
DA:222,3
DA:223,0
DA:226,3
DA:227,3
DA:228,3
DA:231,0
DA:232,0
DA:233,0
DA:235,0
DA:240,3
DA:241,0
DA:244,3
DA:245,3
DA:246,3
DA:249,0
DA:250,0
DA:251,0
DA:253,0
DA:262,1
DA:263,0
DA:266,1
DA:272,1
DA:273,0
DA:274,0
DA:275,0
DA:279,0
DA:280,0
DA:285,0
DA:286,0
DA:294,0
DA:298,1
DA:306,0
DA:307,0
DA:310,0
DA:316,0
DA:317,0
DA:318,0
DA:319,0
DA:323,0
DA:324,0
DA:329,0
DA:330,0
DA:338,0
DA:342,0
DA:349,0
DA:350,0
DA:353,0
DA:358,0
DA:359,0
DA:360,0
DA:361,0
DA:365,0
DA:366,0
DA:371,0
DA:372,0
DA:380,0
DA:384,0
DA:388,120
DA:389,120
DA:390,0
DA:393,120
DA:394,120
DA:396,120
DA:398,80
DA:399,76
DA:402,76
DA:404,4
DA:406,40
DA:407,2
DA:410,2
DA:412,38
DA:414,0
DA:415,0
DA:420,3
DA:421,0
DA:432,6
DA:436,3
DA:451,3
DA:453,3
DA:454,3
DA:457,3
DA:458,1
DA:459,2
DA:460,1
DA:461,0
DA:463,1
DA:471,3
DA:473,3
DA:474,0
DA:477,3
DA:478,0
DA:479,0
DA:480,0
DA:481,0
DA:483,0
DA:491,3
DA:492,3
DA:493,0
DA:496,3
DA:497,0
DA:503,3
DA:507,3
DA:508,3
DA:509,3
DA:512,3
DA:513,3
LF:194
LH:96
BRDA:41,0,0,3
BRDA:41,0,1,0
BRDA:48,1,0,0
BRDA:48,1,1,3
BRDA:51,2,0,0
BRDA:51,2,1,0
BRDA:65,3,0,0
BRDA:65,3,1,0
BRDA:65,3,2,3
BRDA:65,3,3,0
BRDA:98,4,0,3
BRDA:98,4,1,0
BRDA:104,5,0,0
BRDA:104,5,1,0
BRDA:107,6,0,0
BRDA:107,6,1,0
BRDA:114,7,0,0
BRDA:114,7,1,0
BRDA:121,8,0,0
BRDA:121,8,1,0
BRDA:122,9,0,0
BRDA:122,9,1,0
BRDA:130,10,0,0
BRDA:130,10,1,0
BRDA:140,11,0,0
BRDA:140,11,1,0
BRDA:158,12,0,0
BRDA:158,12,1,3
BRDA:169,13,0,3
BRDA:169,13,1,0
BRDA:172,14,0,3
BRDA:172,14,1,0
BRDA:179,15,0,0
BRDA:179,15,1,3
BRDA:196,16,0,0
BRDA:196,16,1,0
BRDA:206,17,0,0
BRDA:206,17,1,3
BRDA:211,18,0,3
BRDA:211,18,1,0
BRDA:222,19,0,0
BRDA:222,19,1,3
BRDA:228,20,0,3
BRDA:228,20,1,0
BRDA:231,21,0,0
BRDA:231,21,1,0
BRDA:240,22,0,0
BRDA:240,22,1,3
BRDA:246,23,0,3
BRDA:246,23,1,0
BRDA:249,24,0,0
BRDA:249,24,1,0
BRDA:262,25,0,0
BRDA:262,25,1,1
BRDA:272,26,0,0
BRDA:272,26,1,1
BRDA:274,27,0,0
BRDA:274,27,1,0
BRDA:275,28,0,0
BRDA:275,28,1,0
BRDA:285,29,0,0
BRDA:285,29,1,0
BRDA:306,30,0,0
BRDA:306,30,1,0
BRDA:316,31,0,0
BRDA:316,31,1,0
BRDA:318,32,0,0
BRDA:318,32,1,0
BRDA:319,33,0,0
BRDA:319,33,1,0
BRDA:329,34,0,0
BRDA:329,34,1,0
BRDA:349,35,0,0
BRDA:349,35,1,0
BRDA:358,36,0,0
BRDA:358,36,1,0
BRDA:360,37,0,0
BRDA:360,37,1,0
BRDA:361,38,0,0
BRDA:361,38,1,0
BRDA:371,39,0,0
BRDA:371,39,1,0
BRDA:389,40,0,0
BRDA:389,40,1,120
BRDA:389,41,0,120
BRDA:389,41,1,120
BRDA:389,41,2,120
BRDA:394,42,0,120
BRDA:394,42,1,0
BRDA:396,43,0,80
BRDA:396,43,1,40
BRDA:396,43,2,0
BRDA:398,44,0,76
BRDA:398,44,1,4
BRDA:406,45,0,2
BRDA:406,45,1,38
BRDA:419,46,0,3
BRDA:420,47,0,0
BRDA:420,47,1,3
BRDA:460,48,0,0
BRDA:460,48,1,1
BRDA:465,49,0,1
BRDA:465,49,1,0
BRDA:480,50,0,0
BRDA:480,50,1,0
BRDA:485,51,0,0
BRDA:485,51,1,0
BRDA:507,52,0,3
BRDA:507,52,1,0
BRDA:512,53,0,3
BRDA:512,53,1,0
BRF:111
BRH:33
end_of_record
TN:
SF:src/mcp/mcp-server.service.ts
FN:24,(anonymous_2)
FN:29,(anonymous_3)
FN:61,(anonymous_4)
FN:76,(anonymous_5)
FN:80,(anonymous_6)
FN:84,(anonymous_7)
FN:108,(anonymous_8)
FN:114,(anonymous_9)
FN:137,(anonymous_10)
FN:139,(anonymous_11)
FN:142,(anonymous_12)
FN:161,(anonymous_13)
FNF:12
FNH:7
FNDA:2,(anonymous_2)
FNDA:2,(anonymous_3)
FNDA:2,(anonymous_4)
FNDA:13,(anonymous_5)
FNDA:0,(anonymous_6)
FNDA:0,(anonymous_7)
FNDA:0,(anonymous_8)
FNDA:13,(anonymous_9)
FNDA:3,(anonymous_10)
FNDA:3,(anonymous_11)
FNDA:0,(anonymous_12)
FNDA:0,(anonymous_13)
DA:1,2
DA:2,2
DA:3,2
DA:4,2
DA:6,2
DA:7,2
DA:9,2
DA:20,2
DA:21,2
DA:22,2
DA:25,2
DA:26,2
DA:30,2
DA:33,2
DA:34,3
DA:35,3
DA:37,3
DA:38,3
DA:40,3
DA:42,3
DA:50,3
DA:52,0
DA:54,0
DA:55,0
DA:62,2
DA:63,3
DA:64,3
DA:66,3
DA:67,3
DA:69,3
DA:71,0
DA:77,13
DA:81,0
DA:89,0
DA:90,0
DA:91,0
DA:92,0
DA:95,0
DA:96,0
DA:97,0
DA:99,0
DA:100,0
DA:102,0
DA:103,0
DA:105,0
DA:108,0
DA:109,0
DA:110,0
DA:119,13
DA:120,13
DA:121,0
DA:122,0
DA:126,13
DA:127,13
DA:129,13
DA:130,13
DA:131,10
DA:132,10
DA:136,3
DA:137,3
DA:140,3
DA:143,0
DA:148,3
DA:151,3
DA:152,3
DA:154,0
DA:155,0
DA:156,0
DA:166,0
DA:167,0
DA:168,0
DA:169,0
DA:173,0
DA:175,0
DA:176,0
DA:177,0
DA:178,0
DA:179,0
DA:185,0
LF:79
LH:42
BRDA:47,0,0,3
BRDA:47,0,1,0
BRDA:54,1,0,0
BRDA:54,1,1,0
BRDA:90,2,0,0
BRDA:90,2,1,0
BRDA:120,3,0,0
BRDA:120,3,1,13
BRDA:126,4,0,13
BRDA:126,4,1,3
BRDA:126,4,2,3
BRDA:127,5,0,10
BRDA:127,5,1,3
BRDA:130,6,0,10
BRDA:130,6,1,3
BRDA:130,7,0,13
BRDA:130,7,1,10
BRDA:155,8,0,0
BRDA:155,8,1,0
BRDA:167,9,0,0
BRDA:167,9,1,0
BRDA:173,10,0,0
BRDA:173,10,1,0
BRDA:175,11,0,0
BRDA:175,11,1,0
BRDA:177,12,0,0
BRDA:177,12,1,0
BRDA:177,13,0,0
BRDA:177,13,1,0
BRF:29
BRH:11
end_of_record
TN:
SF:src/redaction/audit-logger.ts
FN:11,(anonymous_9)
FN:25,(anonymous_10)
FN:55,(anonymous_11)
FN:66,(anonymous_12)
FN:76,(anonymous_13)
FNF:5
FNH:0
FNDA:0,(anonymous_9)
FNDA:0,(anonymous_10)
FNDA:0,(anonymous_11)
FNDA:0,(anonymous_12)
FNDA:0,(anonymous_13)
DA:1,2
DA:2,2
DA:3,2
DA:4,2
DA:7,2
DA:8,0
DA:13,0
DA:14,0
DA:17,0
DA:18,0
DA:20,0
DA:21,0
DA:31,0
DA:32,0
DA:35,0
DA:36,0
DA:39,0
DA:43,0
DA:46,0
DA:50,0
DA:52,0
DA:56,0
DA:57,0
DA:58,0
DA:60,0
DA:62,0
DA:67,0
DA:68,0
DA:69,0
DA:71,0
DA:75,0
DA:76,0
DA:79,0
DA:80,0
DA:81,0
DA:82,0
DA:84,0
DA:87,0
LF:38
LH:5
BRDA:31,0,0,0
BRDA:31,0,1,0
BRDA:31,1,0,0
BRDA:31,1,1,0
BRDA:67,2,0,0
BRDA:67,2,1,0
BRDA:75,3,0,0
BRDA:75,3,1,0
BRDA:79,4,0,0
BRDA:79,4,1,0
BRDA:79,5,0,0
BRDA:79,5,1,0
BRF:12
BRH:0
end_of_record
TN:
SF:src/redaction/matcher.ts
FN:14,(anonymous_0)
FN:16,(anonymous_1)
FN:19,(anonymous_2)
FN:26,(anonymous_3)
FN:33,(anonymous_4)
FN:65,(anonymous_5)
FN:93,(anonymous_6)
FN:113,(anonymous_7)
FNF:8
FNH:8
FNDA:1,(anonymous_0)
FNDA:3,(anonymous_1)
FNDA:1,(anonymous_2)
FNDA:14,(anonymous_3)
FNDA:1,(anonymous_4)
FNDA:14,(anonymous_5)
FNDA:9,(anonymous_6)
FNDA:12,(anonymous_7)
DA:10,3
DA:15,1
DA:16,3
DA:20,1
DA:21,0
DA:23,1
DA:27,14
DA:28,14
DA:29,6
DA:33,8
DA:36,8
DA:37,8
DA:38,9
DA:39,9
DA:41,0
DA:42,0
DA:43,0
DA:49,8
DA:50,8
DA:51,8
DA:52,9
DA:53,6
DA:55,9
DA:56,9
DA:58,8
DA:59,5
DA:62,8
DA:66,14
DA:67,14
DA:69,14
DA:70,42
DA:71,42
DA:73,42
DA:74,51
DA:75,51
DA:76,42
DA:80,9
DA:81,9
DA:82,9
DA:83,9
DA:86,9
DA:90,14
DA:95,9
DA:96,6
DA:97,6
DA:98,0
DA:103,9
DA:104,6
DA:105,6
DA:106,0
DA:110,9
DA:114,12
LF:52
LH:46
BRDA:20,0,0,0
BRDA:20,0,1,1
BRDA:28,1,0,6
BRDA:28,1,1,8
BRDA:38,2,0,9
BRDA:38,2,1,0
BRDA:38,3,0,9
BRDA:38,3,1,1
BRDA:42,4,0,0
BRDA:42,4,1,0
BRDA:52,5,0,6
BRDA:52,5,1,3
BRDA:58,6,0,5
BRDA:58,6,1,3
BRDA:75,7,0,42
BRDA:75,7,1,9
BRDA:82,8,0,9
BRDA:82,8,1,0
BRDA:95,9,0,6
BRDA:95,9,1,3
BRDA:97,10,0,0
BRDA:97,10,1,6
BRDA:103,11,0,6
BRDA:103,11,1,3
BRDA:105,12,0,0
BRDA:105,12,1,6
BRF:26
BRH:19
end_of_record
TN:
SF:src/redaction/redaction.service.ts
FN:8,(anonymous_1)
FN:14,(anonymous_2)
FN:41,(anonymous_3)
FN:48,(anonymous_4)
FN:60,(anonymous_5)
FN:66,(anonymous_6)
FN:78,(anonymous_7)
FN:81,(anonymous_8)
FN:87,(anonymous_9)
FN:111,(anonymous_10)
FN:120,(anonymous_11)
FN:120,(anonymous_12)
FN:138,(anonymous_13)
FN:149,(anonymous_14)
FN:150,(anonymous_15)
FN:164,(anonymous_16)
FNF:16
FNH:6
FNDA:4,(anonymous_1)
FNDA:0,(anonymous_2)
FNDA:0,(anonymous_3)
FNDA:4,(anonymous_4)
FNDA:7,(anonymous_5)
FNDA:0,(anonymous_6)
FNDA:1,(anonymous_7)
FNDA:10,(anonymous_8)
FNDA:3,(anonymous_9)
FNDA:0,(anonymous_10)
FNDA:0,(anonymous_11)
FNDA:0,(anonymous_12)
FNDA:0,(anonymous_13)
FNDA:0,(anonymous_14)
FNDA:0,(anonymous_15)
FNDA:0,(anonymous_16)
DA:1,3
DA:2,3
DA:4,3
DA:5,3
DA:8,3
DA:9,4
DA:10,4
DA:11,4
DA:12,4
DA:15,0
DA:16,0
DA:17,0
DA:19,0
DA:22,0
DA:24,0
DA:25,0
DA:27,0
DA:28,0
DA:29,0
DA:30,0
DA:33,0
DA:34,0
DA:36,0
DA:37,0
DA:42,0
DA:43,0
DA:45,0
DA:49,4
DA:50,2
DA:53,2
DA:54,1
DA:57,1
DA:61,7
DA:62,5
DA:63,5
DA:65,2
DA:66,0
DA:68,2
DA:69,2
DA:70,2
DA:71,5
DA:73,2
DA:75,0
DA:79,1
DA:81,1
DA:82,10
DA:83,6
DA:84,6
DA:86,4
DA:87,3
DA:89,3
DA:90,3
DA:91,3
DA:92,9
DA:93,3
DA:94,3
DA:95,3
DA:97,0
DA:100,6
DA:103,3
DA:105,0
DA:108,1
DA:112,0
DA:113,0
DA:114,0
DA:118,0
DA:119,0
DA:120,0
DA:123,0
DA:124,0
DA:127,0
DA:128,0
DA:129,0
DA:132,0
DA:136,0
DA:138,0
DA:139,0
DA:140,0
DA:141,0
DA:142,0
DA:145,0
DA:146,0
DA:147,0
DA:149,0
DA:150,0
DA:151,0
DA:155,0
DA:156,0
DA:157,0
DA:158,0
DA:161,0
DA:165,0
DA:166,0
DA:167,0
DA:168,0
DA:170,0
DA:174,0
DA:175,0
DA:176,0
DA:180,0
DA:181,0
DA:182,0
DA:183,0
DA:184,0
DA:185,0
DA:188,0
DA:190,0
LF:107
LH:40
BRDA:15,0,0,0
BRDA:15,0,1,0
BRDA:16,1,0,0
BRDA:16,1,1,0
BRDA:27,2,0,0
BRDA:27,2,1,0
BRDA:42,3,0,0
BRDA:42,3,1,0
BRDA:49,4,0,2
BRDA:49,4,1,2
BRDA:49,5,0,4
BRDA:49,5,1,4
BRDA:49,5,2,3
BRDA:53,6,0,1
BRDA:53,6,1,1
BRDA:53,7,0,2
BRDA:53,7,1,1
BRDA:61,8,0,5
BRDA:61,8,1,2
BRDA:65,9,0,0
BRDA:65,9,1,2
BRDA:68,10,0,2
BRDA:68,10,1,0
BRDA:68,11,0,2
BRDA:68,11,1,2
BRDA:82,12,0,6
BRDA:82,12,1,4
BRDA:86,13,0,1
BRDA:86,13,1,3
BRDA:89,14,0,3
BRDA:89,14,1,0
BRDA:89,15,0,3
BRDA:89,15,1,3
BRDA:92,16,0,3
BRDA:92,16,1,6
BRDA:93,17,0,3
BRDA:93,17,1,0
BRDA:113,18,0,0
BRDA:113,18,1,0
BRDA:119,19,0,0
BRDA:119,19,1,0
BRDA:123,20,0,0
BRDA:123,20,1,0
BRDA:128,21,0,0
BRDA:128,21,1,0
BRDA:141,22,0,0
BRDA:141,22,1,0
BRDA:166,23,0,0
BRDA:166,23,1,0
BRDA:175,24,0,0
BRDA:175,24,1,0
BRDA:182,25,0,0
BRDA:182,25,1,0
BRDA:182,26,0,0
BRDA:182,26,1,0
BRDA:184,27,0,0
BRDA:184,27,1,0
BRDA:184,28,0,0
BRDA:184,28,1,0
BRF:59
BRH:25
end_of_record
TN:
SF:src/redaction/scanner-generic.ts
FN:7,redactGeneric
FN:59,scanEmailAt
FN:137,scanPhoneAt
FN:211,isDigit
FN:215,isLetter
FN:219,isAlphaNum
FN:223,isAlphaUnderscore
FN:227,isAlphaNumUnderscore
FN:231,isEmailLocalChar
FN:235,isDomainLabelChar
FNF:10
FNH:10
FNDA:14,redactGeneric
FNDA:9,scanEmailAt
FNDA:63,scanPhoneAt
FNDA:1077,isDigit
FNDA:195,isLetter
FNDA:169,isAlphaNum
FNDA:26,isAlphaUnderscore
FNDA:13,isAlphaNumUnderscore
FNDA:60,isEmailLocalChar
FNDA:101,isDomainLabelChar
DA:4,3
DA:5,3
DA:7,3
DA:8,14
DA:9,0
DA:12,14
DA:13,14
DA:14,14
DA:16,14
DA:17,504
DA:19,504
DA:20,9
DA:21,9
DA:22,8
DA:23,8
DA:25,8
DA:26,8
DA:27,8
DA:28,8
DA:32,496
DA:33,63
DA:34,63
DA:35,3
DA:36,3
DA:38,3
DA:39,3
DA:40,3
DA:41,3
DA:45,493
DA:48,14
DA:49,5
DA:52,9
DA:53,4
DA:56,9
DA:60,9
DA:61,9
DA:62,0
DA:66,9
DA:67,9
DA:68,51
DA:70,9
DA:71,9
DA:73,9
DA:74,0
DA:78,9
DA:79,0
DA:82,9
DA:83,42
DA:84,0
DA:89,9
DA:90,9
DA:91,9
DA:92,9
DA:94,9
DA:95,101
DA:96,101
DA:97,84
DA:98,84
DA:99,84
DA:101,17
DA:102,11
DA:103,0
DA:105,11
DA:106,11
DA:107,11
DA:108,11
DA:109,11
DA:111,6
DA:114,9
DA:115,9
DA:116,0
DA:118,9
DA:119,0
DA:122,9
DA:123,1
DA:127,8
DA:128,0
DA:130,8
DA:131,0
DA:134,8
DA:143,63
DA:144,63
DA:145,63
DA:146,63
DA:147,63
DA:148,63
DA:149,63
DA:151,63
DA:152,9
DA:153,9
DA:154,9
DA:155,0
DA:159,63
DA:160,551
DA:161,551
DA:162,359
DA:163,359
DA:164,192
DA:165,123
DA:166,123
DA:167,69
DA:168,4
DA:169,4
DA:170,4
DA:171,65
DA:172,10
DA:173,6
DA:175,4
DA:176,4
DA:177,55
DA:178,0
DA:179,0
DA:181,0
DA:183,55
DA:187,57
DA:188,57
DA:189,0
DA:191,57
DA:192,43
DA:195,14
DA:196,0
DA:198,14
DA:199,11
DA:202,3
DA:203,0
DA:204,0
DA:208,3
DA:212,1077
DA:216,195
DA:220,169
DA:224,26
DA:228,13
DA:232,60
DA:236,101
LF:134
LH:116
BRDA:8,0,0,0
BRDA:8,0,1,14
BRDA:19,1,0,9
BRDA:19,1,1,495
BRDA:21,2,0,8
BRDA:21,2,1,1
BRDA:22,3,0,8
BRDA:22,3,1,0
BRDA:32,4,0,63
BRDA:32,4,1,433
BRDA:32,5,0,496
BRDA:32,5,1,487
BRDA:34,6,0,3
BRDA:34,6,1,60
BRDA:35,7,0,3
BRDA:35,7,1,0
BRDA:48,8,0,5
BRDA:48,8,1,9
BRDA:52,9,0,4
BRDA:52,9,1,5
BRDA:61,10,0,0
BRDA:61,10,1,9
BRDA:61,11,0,9
BRDA:61,11,1,9
BRDA:67,12,0,60
BRDA:67,12,1,60
BRDA:73,13,0,0
BRDA:73,13,1,9
BRDA:78,14,0,0
BRDA:78,14,1,9
BRDA:78,15,0,9
BRDA:78,15,1,9
BRDA:83,16,0,0
BRDA:83,16,1,42
BRDA:83,17,0,42
BRDA:83,17,1,3
BRDA:96,18,0,84
BRDA:96,18,1,17
BRDA:101,19,0,11
BRDA:101,19,1,6
BRDA:102,20,0,0
BRDA:102,20,1,11
BRDA:102,21,0,11
BRDA:102,21,1,11
BRDA:115,22,0,0
BRDA:115,22,1,9
BRDA:115,23,0,9
BRDA:115,23,1,9
BRDA:118,24,0,0
BRDA:118,24,1,9
BRDA:122,25,0,1
BRDA:122,25,1,8
BRDA:122,26,0,9
BRDA:122,26,1,9
BRDA:122,26,2,8
BRDA:127,27,0,0
BRDA:127,27,1,8
BRDA:127,28,0,8
BRDA:127,28,1,8
BRDA:130,29,0,0
BRDA:130,29,1,8
BRDA:130,30,0,8
BRDA:130,30,1,5
BRDA:151,31,0,9
BRDA:151,31,1,54
BRDA:154,32,0,0
BRDA:154,32,1,9
BRDA:161,33,0,359
BRDA:161,33,1,192
BRDA:164,34,0,123
BRDA:164,34,1,69
BRDA:164,35,0,192
BRDA:164,35,1,124
BRDA:164,35,2,79
BRDA:167,36,0,4
BRDA:167,36,1,65
BRDA:171,37,0,10
BRDA:171,37,1,55
BRDA:172,38,0,6
BRDA:172,38,1,4
BRDA:177,39,0,0
BRDA:177,39,1,55
BRDA:177,40,0,55
BRDA:177,40,1,55
BRDA:178,41,0,0
BRDA:178,41,1,0
BRDA:188,42,0,0
BRDA:188,42,1,57
BRDA:191,43,0,43
BRDA:191,43,1,14
BRDA:191,44,0,57
BRDA:191,44,1,14
BRDA:195,45,0,0
BRDA:195,45,1,14
BRDA:195,46,0,14
BRDA:195,46,1,14
BRDA:198,47,0,11
BRDA:198,47,1,3
BRDA:198,48,0,14
BRDA:198,48,1,12
BRDA:202,49,0,0
BRDA:202,49,1,3
BRDA:202,50,0,3
BRDA:202,50,1,0
BRDA:202,50,2,0
BRDA:203,51,0,0
BRDA:203,51,1,0
BRDA:203,52,0,0
BRDA:203,52,1,0
BRDA:203,52,2,0
BRDA:212,53,0,1077
BRDA:212,53,1,812
BRDA:216,54,0,195
BRDA:216,54,1,139
BRDA:216,54,2,56
BRDA:216,54,3,2
BRDA:220,55,0,169
BRDA:220,55,1,39
BRDA:224,56,0,26
BRDA:224,56,1,15
BRDA:228,57,0,13
BRDA:228,57,1,13
BRDA:232,58,0,60
BRDA:232,58,1,57
BRDA:232,58,2,57
BRDA:232,58,3,55
BRDA:232,58,4,55
BRDA:236,59,0,101
BRDA:236,59,1,17
BRF:129
BRH:103
end_of_record
