{"/home/runner/work/gs-mcp-proxy-pii-redactor/gs-mcp-proxy-pii-redactor/src/app.controller.ts": {"path":"/home/runner/work/gs-mcp-proxy-pii-redactor/gs-mcp-proxy-pii-redactor/src/app.controller.ts","statementMap":{"0":{"start":{"line":1,"column":0},"end":{"line":1,"column":null}},"1":{"start":{"line":14,"column":0},"end":{"line":14,"column":56}},"2":{"start":{"line":15,"column":0},"end":{"line":15,"column":60}},"3":{"start":{"line":18,"column":26},"end":{"line":152,"column":null}},"4":{"start":{"line":22,"column":12},"end":{"line":22,"column":27}},"5":{"start":{"line":23,"column":12},"end":{"line":23,"column":30}},"6":{"start":{"line":19,"column":19},"end":{"line":19,"column":59}},"7":{"start":{"line":28,"column":4},"end":{"line":28,"column":28}},"8":{"start":{"line":37,"column":19},"end":{"line":37,"column":49}},"9":{"start":{"line":38,"column":25},"end":{"line":38,"column":54}},"10":{"start":{"line":40,"column":4},"end":{"line":42,"column":5}},"11":{"start":{"line":41,"column":6},"end":{"line":41,"column":65}},"12":{"start":{"line":45,"column":4},"end":{"line":55,"column":5}},"13":{"start":{"line":46,"column":25},"end":{"line":46,"column":50}},"14":{"start":{"line":47,"column":6},"end":{"line":49,"column":7}},"15":{"start":{"line":48,"column":8},"end":{"line":48,"column":63}},"16":{"start":{"line":51,"column":20},"end":{"line":51,"column":61}},"17":{"start":{"line":52,"column":6},"end":{"line":54,"column":7}},"18":{"start":{"line":53,"column":8},"end":{"line":53,"column":63}},"19":{"start":{"line":57,"column":4},"end":{"line":64,"column":5}},"20":{"start":{"line":58,"column":6},"end":{"line":58,"column":73}},"21":{"start":{"line":60,"column":6},"end":{"line":60,"column":74}},"22":{"start":{"line":61,"column":6},"end":{"line":63,"column":7}},"23":{"start":{"line":62,"column":8},"end":{"line":62,"column":65}},"24":{"start":{"line":73,"column":19},"end":{"line":73,"column":49}},"25":{"start":{"line":74,"column":25},"end":{"line":74,"column":54}},"26":{"start":{"line":76,"column":4},"end":{"line":78,"column":5}},"27":{"start":{"line":77,"column":6},"end":{"line":77,"column":65}},"28":{"start":{"line":81,"column":4},"end":{"line":91,"column":5}},"29":{"start":{"line":82,"column":25},"end":{"line":82,"column":50}},"30":{"start":{"line":83,"column":6},"end":{"line":85,"column":7}},"31":{"start":{"line":84,"column":8},"end":{"line":84,"column":63}},"32":{"start":{"line":87,"column":20},"end":{"line":87,"column":61}},"33":{"start":{"line":88,"column":6},"end":{"line":90,"column":7}},"34":{"start":{"line":89,"column":8},"end":{"line":89,"column":63}},"35":{"start":{"line":93,"column":4},"end":{"line":100,"column":5}},"36":{"start":{"line":94,"column":6},"end":{"line":94,"column":74}},"37":{"start":{"line":96,"column":6},"end":{"line":96,"column":83}},"38":{"start":{"line":97,"column":6},"end":{"line":99,"column":7}},"39":{"start":{"line":98,"column":8},"end":{"line":98,"column":65}},"40":{"start":{"line":109,"column":19},"end":{"line":109,"column":49}},"41":{"start":{"line":110,"column":25},"end":{"line":110,"column":54}},"42":{"start":{"line":112,"column":4},"end":{"line":114,"column":5}},"43":{"start":{"line":113,"column":6},"end":{"line":113,"column":65}},"44":{"start":{"line":117,"column":4},"end":{"line":127,"column":5}},"45":{"start":{"line":118,"column":25},"end":{"line":118,"column":50}},"46":{"start":{"line":119,"column":6},"end":{"line":121,"column":7}},"47":{"start":{"line":120,"column":8},"end":{"line":120,"column":63}},"48":{"start":{"line":123,"column":20},"end":{"line":123,"column":61}},"49":{"start":{"line":124,"column":6},"end":{"line":126,"column":7}},"50":{"start":{"line":125,"column":8},"end":{"line":125,"column":63}},"51":{"start":{"line":130,"column":23},"end":{"line":130,"column":52}},"52":{"start":{"line":131,"column":4},"end":{"line":141,"column":5}},"53":{"start":{"line":133,"column":6},"end":{"line":135,"column":7}},"54":{"start":{"line":134,"column":8},"end":{"line":134,"column":52}},"55":{"start":{"line":137,"column":6},"end":{"line":139,"column":7}},"56":{"start":{"line":138,"column":8},"end":{"line":138,"column":60}},"57":{"start":{"line":140,"column":6},"end":{"line":140,"column":67}},"58":{"start":{"line":143,"column":4},"end":{"line":150,"column":5}},"59":{"start":{"line":144,"column":6},"end":{"line":144,"column":84}},"60":{"start":{"line":146,"column":6},"end":{"line":146,"column":86}},"61":{"start":{"line":147,"column":6},"end":{"line":149,"column":7}},"62":{"start":{"line":148,"column":8},"end":{"line":148,"column":65}},"63":{"start":{"line":18,"column":13},"end":{"line":18,"column":26}},"64":{"start":{"line":27,"column":2},"end":{"line":29,"column":null}},"65":{"start":{"line":32,"column":8},"end":{"line":65,"column":null}},"66":{"start":{"line":68,"column":8},"end":{"line":101,"column":null}},"67":{"start":{"line":104,"column":8},"end":{"line":151,"column":null}},"68":{"start":{"line":18,"column":13},"end":{"line":152,"column":null}}},"fnMap":{"0":{"name":"(anonymous_4)","decl":{"start":{"line":21,"column":2},"end":{"line":21,"column":null}},"loc":{"start":{"line":23,"column":46},"end":{"line":24,"column":6}}},"1":{"name":"(anonymous_5)","decl":{"start":{"line":27,"column":2},"end":{"line":27,"column":13}},"loc":{"start":{"line":27,"column":13},"end":{"line":29,"column":3}}},"2":{"name":"(anonymous_6)","decl":{"start":{"line":32,"column":8},"end":{"line":32,"column":17}},"loc":{"start":{"line":35,"column":24},"end":{"line":65,"column":3}}},"3":{"name":"(anonymous_7)","decl":{"start":{"line":68,"column":8},"end":{"line":68,"column":25}},"loc":{"start":{"line":71,"column":24},"end":{"line":101,"column":3}}},"4":{"name":"(anonymous_8)","decl":{"start":{"line":104,"column":8},"end":{"line":104,"column":28}},"loc":{"start":{"line":107,"column":24},"end":{"line":151,"column":3}}}},"branchMap":{"0":{"loc":{"start":{"line":40,"column":4},"end":{"line":42,"column":5}},"type":"if","locations":[{"start":{"line":40,"column":4},"end":{"line":42,"column":5}},{"start":{},"end":{}}]},"1":{"loc":{"start":{"line":45,"column":4},"end":{"line":55,"column":5}},"type":"if","locations":[{"start":{"line":45,"column":4},"end":{"line":55,"column":5}},{"start":{},"end":{}}]},"2":{"loc":{"start":{"line":45,"column":8},"end":{"line":45,"column":86}},"type":"binary-expr","locations":[{"start":{"line":45,"column":8},"end":{"line":45,"column":40}},{"start":{"line":45,"column":44},"end":{"line":45,"column":86}}]},"3":{"loc":{"start":{"line":47,"column":6},"end":{"line":49,"column":7}},"type":"if","locations":[{"start":{"line":47,"column":6},"end":{"line":49,"column":7}},{"start":{},"end":{}}]},"4":{"loc":{"start":{"line":52,"column":6},"end":{"line":54,"column":7}},"type":"if","locations":[{"start":{"line":52,"column":6},"end":{"line":54,"column":7}},{"start":{},"end":{}}]},"5":{"loc":{"start":{"line":61,"column":6},"end":{"line":63,"column":7}},"type":"if","locations":[{"start":{"line":61,"column":6},"end":{"line":63,"column":7}},{"start":{},"end":{}}]},"6":{"loc":{"start":{"line":76,"column":4},"end":{"line":78,"column":5}},"type":"if","locations":[{"start":{"line":76,"column":4},"end":{"line":78,"column":5}},{"start":{},"end":{}}]},"7":{"loc":{"start":{"line":81,"column":4},"end":{"line":91,"column":5}},"type":"if","locations":[{"start":{"line":81,"column":4},"end":{"line":91,"column":5}},{"start":{},"end":{}}]},"8":{"loc":{"start":{"line":81,"column":8},"end":{"line":81,"column":86}},"type":"binary-expr","locations":[{"start":{"line":81,"column":8},"end":{"line":81,"column":40}},{"start":{"line":81,"column":44},"end":{"line":81,"column":86}}]},"9":{"loc":{"start":{"line":83,"column":6},"end":{"line":85,"column":7}},"type":"if","locations":[{"start":{"line":83,"column":6},"end":{"line":85,"column":7}},{"start":{},"end":{}}]},"10":{"loc":{"start":{"line":88,"column":6},"end":{"line":90,"column":7}},"type":"if","locations":[{"start":{"line":88,"column":6},"end":{"line":90,"column":7}},{"start":{},"end":{}}]},"11":{"loc":{"start":{"line":97,"column":6},"end":{"line":99,"column":7}},"type":"if","locations":[{"start":{"line":97,"column":6},"end":{"line":99,"column":7}},{"start":{},"end":{}}]},"12":{"loc":{"start":{"line":112,"column":4},"end":{"line":114,"column":5}},"type":"if","locations":[{"start":{"line":112,"column":4},"end":{"line":114,"column":5}},{"start":{},"end":{}}]},"13":{"loc":{"start":{"line":117,"column":4},"end":{"line":127,"column":5}},"type":"if","locations":[{"start":{"line":117,"column":4},"end":{"line":127,"column":5}},{"start":{},"end":{}}]},"14":{"loc":{"start":{"line":117,"column":8},"end":{"line":117,"column":86}},"type":"binary-expr","locations":[{"start":{"line":117,"column":8},"end":{"line":117,"column":40}},{"start":{"line":117,"column":44},"end":{"line":117,"column":86}}]},"15":{"loc":{"start":{"line":119,"column":6},"end":{"line":121,"column":7}},"type":"if","locations":[{"start":{"line":119,"column":6},"end":{"line":121,"column":7}},{"start":{},"end":{}}]},"16":{"loc":{"start":{"line":124,"column":6},"end":{"line":126,"column":7}},"type":"if","locations":[{"start":{"line":124,"column":6},"end":{"line":126,"column":7}},{"start":{},"end":{}}]},"17":{"loc":{"start":{"line":130,"column":23},"end":{"line":130,"column":52}},"type":"binary-expr","locations":[{"start":{"line":130,"column":23},"end":{"line":130,"column":43}},{"start":{"line":130,"column":47},"end":{"line":130,"column":52}}]},"18":{"loc":{"start":{"line":131,"column":4},"end":{"line":141,"column":5}},"type":"if","locations":[{"start":{"line":131,"column":4},"end":{"line":141,"column":5}},{"start":{},"end":{}}]},"19":{"loc":{"start":{"line":133,"column":6},"end":{"line":135,"column":7}},"type":"if","locations":[{"start":{"line":133,"column":6},"end":{"line":135,"column":7}},{"start":{},"end":{}}]},"20":{"loc":{"start":{"line":137,"column":6},"end":{"line":139,"column":7}},"type":"if","locations":[{"start":{"line":137,"column":6},"end":{"line":139,"column":7}},{"start":{},"end":{}}]},"21":{"loc":{"start":{"line":147,"column":6},"end":{"line":149,"column":7}},"type":"if","locations":[{"start":{"line":147,"column":6},"end":{"line":149,"column":7}},{"start":{},"end":{}}]}},"s":{"0":0,"1":0,"2":0,"3":0,"4":0,"5":0,"6":0,"7":0,"8":0,"9":0,"10":0,"11":0,"12":0,"13":0,"14":0,"15":0,"16":0,"17":0,"18":0,"19":0,"20":0,"21":0,"22":0,"23":0,"24":0,"25":0,"26":0,"27":0,"28":0,"29":0,"30":0,"31":0,"32":0,"33":0,"34":0,"35":0,"36":0,"37":0,"38":0,"39":0,"40":0,"41":0,"42":0,"43":0,"44":0,"45":0,"46":0,"47":0,"48":0,"49":0,"50":0,"51":0,"52":0,"53":0,"54":0,"55":0,"56":0,"57":0,"58":0,"59":0,"60":0,"61":0,"62":0,"63":0,"64":0,"65":0,"66":0,"67":0,"68":0},"f":{"0":0,"1":0,"2":0,"3":0,"4":0},"b":{"0":[0,0],"1":[0,0],"2":[0,0],"3":[0,0],"4":[0,0],"5":[0,0],"6":[0,0],"7":[0,0],"8":[0,0],"9":[0,0],"10":[0,0],"11":[0,0],"12":[0,0],"13":[0,0],"14":[0,0],"15":[0,0],"16":[0,0],"17":[0,0],"18":[0,0],"19":[0,0],"20":[0,0],"21":[0,0]}}
,"/home/runner/work/gs-mcp-proxy-pii-redactor/gs-mcp-proxy-pii-redactor/src/config/config.service.ts": {"path":"/home/runner/work/gs-mcp-proxy-pii-redactor/gs-mcp-proxy-pii-redactor/src/config/config.service.ts","statementMap":{"0":{"start":{"line":1,"column":0},"end":{"line":1,"column":52}},"1":{"start":{"line":2,"column":0},"end":{"line":2,"column":25}},"2":{"start":{"line":3,"column":0},"end":{"line":3,"column":29}},"3":{"start":{"line":4,"column":0},"end":{"line":4,"column":26}},"4":{"start":{"line":8,"column":26},"end":{"line":114,"column":null}},"5":{"start":{"line":9,"column":19},"end":{"line":9,"column":59}},"6":{"start":{"line":10,"column":10},"end":{"line":10,"column":39}},"7":{"start":{"line":16,"column":4},"end":{"line":30,"column":5}},"8":{"start":{"line":17,"column":6},"end":{"line":17,"column":64}},"9":{"start":{"line":18,"column":23},"end":{"line":20,"column":8}},"10":{"start":{"line":21,"column":6},"end":{"line":21,"column":33}},"11":{"start":{"line":24,"column":27},"end":{"line":26,"column":46}},"12":{"start":{"line":27,"column":6},"end":{"line":27,"column":67}},"13":{"start":{"line":28,"column":26},"end":{"line":28,"column":64}},"14":{"start":{"line":29,"column":6},"end":{"line":29,"column":43}},"15":{"start":{"line":36,"column":4},"end":{"line":38,"column":5}},"16":{"start":{"line":37,"column":6},"end":{"line":37,"column":46}},"17":{"start":{"line":40,"column":4},"end":{"line":42,"column":5}},"18":{"start":{"line":41,"column":6},"end":{"line":41,"column":39}},"19":{"start":{"line":45,"column":4},"end":{"line":51,"column":5}},"20":{"start":{"line":46,"column":6},"end":{"line":50,"column":7}},"21":{"start":{"line":47,"column":8},"end":{"line":49,"column":9}},"22":{"start":{"line":48,"column":10},"end":{"line":48,"column":60}},"23":{"start":{"line":54,"column":4},"end":{"line":61,"column":5}},"24":{"start":{"line":55,"column":6},"end":{"line":60,"column":7}},"25":{"start":{"line":56,"column":8},"end":{"line":58,"column":9}},"26":{"start":{"line":57,"column":10},"end":{"line":57,"column":36}},"27":{"start":{"line":59,"column":8},"end":{"line":59,"column":80}},"28":{"start":{"line":64,"column":4},"end":{"line":66,"column":5}},"29":{"start":{"line":65,"column":6},"end":{"line":65,"column":39}},"30":{"start":{"line":68,"column":4},"end":{"line":71,"column":6}},"31":{"start":{"line":73,"column":4},"end":{"line":73,"column":23}},"32":{"start":{"line":77,"column":4},"end":{"line":79,"column":5}},"33":{"start":{"line":78,"column":6},"end":{"line":78,"column":43}},"34":{"start":{"line":80,"column":4},"end":{"line":80,"column":23}},"35":{"start":{"line":84,"column":26},"end":{"line":84,"column":59}},"36":{"start":{"line":86,"column":4},"end":{"line":99,"column":5}},"37":{"start":{"line":87,"column":6},"end":{"line":98,"column":7}},"38":{"start":{"line":88,"column":25},"end":{"line":96,"column":10}},"39":{"start":{"line":89,"column":27},"end":{"line":89,"column":47}},"40":{"start":{"line":90,"column":10},"end":{"line":94,"column":11}},"41":{"start":{"line":91,"column":12},"end":{"line":93,"column":14}},"42":{"start":{"line":95,"column":10},"end":{"line":95,"column":26}},"43":{"start":{"line":97,"column":8},"end":{"line":97,"column":32}},"44":{"start":{"line":103,"column":4},"end":{"line":105,"column":5}},"45":{"start":{"line":104,"column":6},"end":{"line":104,"column":43}},"46":{"start":{"line":106,"column":4},"end":{"line":108,"column":5}},"47":{"start":{"line":107,"column":6},"end":{"line":107,"column":51}},"48":{"start":{"line":109,"column":4},"end":{"line":111,"column":5}},"49":{"start":{"line":110,"column":6},"end":{"line":110,"column":43}},"50":{"start":{"line":8,"column":13},"end":{"line":8,"column":26}},"51":{"start":{"line":8,"column":13},"end":{"line":114,"column":null}}},"fnMap":{"0":{"name":"(anonymous_11)","decl":{"start":{"line":8,"column":7},"end":{"line":8,"column":13}},"loc":{"start":{"line":8,"column":7},"end":{"line":114,"column":1}}},"1":{"name":"(anonymous_12)","decl":{"start":{"line":12,"column":2},"end":{"line":12,"column":7}},"loc":{"start":{"line":12,"column":49},"end":{"line":74,"column":3}}},"2":{"name":"(anonymous_13)","decl":{"start":{"line":76,"column":2},"end":{"line":76,"column":11}},"loc":{"start":{"line":76,"column":11},"end":{"line":81,"column":3}}},"3":{"name":"(anonymous_14)","decl":{"start":{"line":83,"column":10},"end":{"line":83,"column":32}},"loc":{"start":{"line":83,"column":64},"end":{"line":100,"column":3}}},"4":{"name":"(anonymous_15)","decl":{"start":{"line":88,"column":54},"end":{"line":88,"column":55}},"loc":{"start":{"line":88,"column":73},"end":{"line":96,"column":9}}},"5":{"name":"(anonymous_16)","decl":{"start":{"line":102,"column":10},"end":{"line":102,"column":24}},"loc":{"start":{"line":102,"column":60},"end":{"line":113,"column":3}}}},"branchMap":{"0":{"loc":{"start":{"line":12,"column":33},"end":{"line":12,"column":49}},"type":"default-arg","locations":[{"start":{"line":12,"column":44},"end":{"line":12,"column":49}}]},"1":{"loc":{"start":{"line":16,"column":4},"end":{"line":30,"column":5}},"type":"if","locations":[{"start":{"line":16,"column":4},"end":{"line":30,"column":5}},{"start":{"line":22,"column":11},"end":{"line":30,"column":5}}]},"2":{"loc":{"start":{"line":16,"column":8},"end":{"line":16,"column":77}},"type":"binary-expr","locations":[{"start":{"line":16,"column":8},"end":{"line":16,"column":40}},{"start":{"line":16,"column":44},"end":{"line":16,"column":77}}]},"3":{"loc":{"start":{"line":19,"column":20},"end":{"line":19,"column":102}},"type":"cond-expr","locations":[{"start":{"line":19,"column":31},"end":{"line":19,"column":90}},{"start":{"line":19,"column":93},"end":{"line":19,"column":102}}]},"4":{"loc":{"start":{"line":24,"column":27},"end":{"line":26,"column":46}},"type":"cond-expr","locations":[{"start":{"line":25,"column":10},"end":{"line":25,"column":20}},{"start":{"line":26,"column":10},"end":{"line":26,"column":46}}]},"5":{"loc":{"start":{"line":36,"column":4},"end":{"line":38,"column":5}},"type":"if","locations":[{"start":{"line":36,"column":4},"end":{"line":38,"column":5}},{"start":{},"end":{}}]},"6":{"loc":{"start":{"line":40,"column":4},"end":{"line":42,"column":5}},"type":"if","locations":[{"start":{"line":40,"column":4},"end":{"line":42,"column":5}},{"start":{},"end":{}}]},"7":{"loc":{"start":{"line":45,"column":4},"end":{"line":51,"column":5}},"type":"if","locations":[{"start":{"line":45,"column":4},"end":{"line":51,"column":5}},{"start":{},"end":{}}]},"8":{"loc":{"start":{"line":47,"column":8},"end":{"line":49,"column":9}},"type":"if","locations":[{"start":{"line":47,"column":8},"end":{"line":49,"column":9}},{"start":{},"end":{}}]},"9":{"loc":{"start":{"line":54,"column":4},"end":{"line":61,"column":5}},"type":"if","locations":[{"start":{"line":54,"column":4},"end":{"line":61,"column":5}},{"start":{},"end":{}}]},"10":{"loc":{"start":{"line":56,"column":8},"end":{"line":58,"column":9}},"type":"if","locations":[{"start":{"line":56,"column":8},"end":{"line":58,"column":9}},{"start":{},"end":{}}]},"11":{"loc":{"start":{"line":64,"column":4},"end":{"line":66,"column":5}},"type":"if","locations":[{"start":{"line":64,"column":4},"end":{"line":66,"column":5}},{"start":{},"end":{}}]},"12":{"loc":{"start":{"line":70,"column":18},"end":{"line":70,"column":45}},"type":"binary-expr","locations":[{"start":{"line":70,"column":18},"end":{"line":70,"column":39}},{"start":{"line":70,"column":43},"end":{"line":70,"column":45}}]},"13":{"loc":{"start":{"line":77,"column":4},"end":{"line":79,"column":5}},"type":"if","locations":[{"start":{"line":77,"column":4},"end":{"line":79,"column":5}},{"start":{},"end":{}}]},"14":{"loc":{"start":{"line":87,"column":6},"end":{"line":98,"column":7}},"type":"if","locations":[{"start":{"line":87,"column":6},"end":{"line":98,"column":7}},{"start":{},"end":{}}]},"15":{"loc":{"start":{"line":90,"column":10},"end":{"line":94,"column":11}},"type":"if","locations":[{"start":{"line":90,"column":10},"end":{"line":94,"column":11}},{"start":{},"end":{}}]},"16":{"loc":{"start":{"line":103,"column":4},"end":{"line":105,"column":5}},"type":"if","locations":[{"start":{"line":103,"column":4},"end":{"line":105,"column":5}},{"start":{},"end":{}}]},"17":{"loc":{"start":{"line":103,"column":8},"end":{"line":103,"column":59}},"type":"binary-expr","locations":[{"start":{"line":103,"column":8},"end":{"line":103,"column":38}},{"start":{"line":103,"column":42},"end":{"line":103,"column":59}}]},"18":{"loc":{"start":{"line":106,"column":4},"end":{"line":108,"column":5}},"type":"if","locations":[{"start":{"line":106,"column":4},"end":{"line":108,"column":5}},{"start":{},"end":{}}]},"19":{"loc":{"start":{"line":106,"column":8},"end":{"line":106,"column":81}},"type":"binary-expr","locations":[{"start":{"line":106,"column":8},"end":{"line":106,"column":42}},{"start":{"line":106,"column":46},"end":{"line":106,"column":81}}]},"20":{"loc":{"start":{"line":109,"column":4},"end":{"line":111,"column":5}},"type":"if","locations":[{"start":{"line":109,"column":4},"end":{"line":111,"column":5}},{"start":{},"end":{}}]},"21":{"loc":{"start":{"line":109,"column":8},"end":{"line":109,"column":73}},"type":"binary-expr","locations":[{"start":{"line":109,"column":8},"end":{"line":109,"column":38}},{"start":{"line":109,"column":42},"end":{"line":109,"column":73}}]}},"s":{"0":0,"1":0,"2":0,"3":0,"4":0,"5":0,"6":0,"7":0,"8":0,"9":0,"10":0,"11":0,"12":0,"13":0,"14":0,"15":0,"16":0,"17":0,"18":0,"19":0,"20":0,"21":0,"22":0,"23":0,"24":0,"25":0,"26":0,"27":0,"28":0,"29":0,"30":0,"31":0,"32":0,"33":0,"34":0,"35":0,"36":0,"37":0,"38":0,"39":0,"40":0,"41":0,"42":0,"43":0,"44":0,"45":0,"46":0,"47":0,"48":0,"49":0,"50":0,"51":0},"f":{"0":0,"1":0,"2":0,"3":0,"4":0,"5":0},"b":{"0":[0],"1":[0,0],"2":[0,0],"3":[0,0],"4":[0,0],"5":[0,0],"6":[0,0],"7":[0,0],"8":[0,0],"9":[0,0],"10":[0,0],"11":[0,0],"12":[0,0],"13":[0,0],"14":[0,0],"15":[0,0],"16":[0,0],"17":[0,0],"18":[0,0],"19":[0,0],"20":[0,0],"21":[0,0]}}
,"/home/runner/work/gs-mcp-proxy-pii-redactor/gs-mcp-proxy-pii-redactor/src/mcp/mcp-client-wrapper.ts": {"path":"/home/runner/work/gs-mcp-proxy-pii-redactor/gs-mcp-proxy-pii-redactor/src/mcp/mcp-client-wrapper.ts","statementMap":{"0":{"start":{"line":1,"column":0},"end":{"line":1,"column":40}},"1":{"start":{"line":3,"column":0},"end":{"line":3,"column":56}},"2":{"start":{"line":10,"column":0},"end":{"line":10,"column":67}},"3":{"start":{"line":11,"column":0},"end":{"line":11,"column":81}},"4":{"start":{"line":12,"column":0},"end":{"line":12,"column":77}},"5":{"start":{"line":13,"column":0},"end":{"line":13,"column":99}},"6":{"start":{"line":14,"column":0},"end":{"line":14,"column":67}},"7":{"start":{"line":33,"column":12},"end":{"line":33,"column":46}},"8":{"start":{"line":17,"column":19},"end":{"line":17,"column":62}},"9":{"start":{"line":18,"column":10},"end":{"line":18,"column":39}},"10":{"start":{"line":19,"column":10},"end":{"line":23,"column":18}},"11":{"start":{"line":26,"column":10},"end":{"line":26,"column":27}},"12":{"start":{"line":27,"column":10},"end":{"line":27,"column":34}},"13":{"start":{"line":28,"column":10},"end":{"line":28,"column":53}},"14":{"start":{"line":35,"column":4},"end":{"line":35,"column":21}},"15":{"start":{"line":36,"column":4},"end":{"line":36,"column":25}},"16":{"start":{"line":41,"column":6},"end":{"line":41,"column":60}},"17":{"start":{"line":43,"column":4},"end":{"line":45,"column":6}},"18":{"start":{"line":48,"column":4},"end":{"line":63,"column":5}},"19":{"start":{"line":49,"column":6},"end":{"line":62,"column":7}},"20":{"start":{"line":50,"column":8},"end":{"line":50,"column":49}},"21":{"start":{"line":51,"column":21},"end":{"line":51,"column":61}},"22":{"start":{"line":52,"column":8},"end":{"line":54,"column":10}},"23":{"start":{"line":56,"column":8},"end":{"line":58,"column":10}},"24":{"start":{"line":59,"column":8},"end":{"line":61,"column":10}},"25":{"start":{"line":65,"column":4},"end":{"line":77,"column":5}},"26":{"start":{"line":67,"column":8},"end":{"line":67,"column":37}},"27":{"start":{"line":68,"column":8},"end":{"line":68,"column":14}},"28":{"start":{"line":70,"column":8},"end":{"line":70,"column":35}},"29":{"start":{"line":71,"column":8},"end":{"line":71,"column":14}},"30":{"start":{"line":73,"column":8},"end":{"line":73,"column":46}},"31":{"start":{"line":74,"column":8},"end":{"line":74,"column":14}},"32":{"start":{"line":76,"column":8},"end":{"line":76,"column":68}},"33":{"start":{"line":80,"column":4},"end":{"line":93,"column":6}},"34":{"start":{"line":95,"column":4},"end":{"line":95,"column":47}},"35":{"start":{"line":96,"column":4},"end":{"line":96,"column":74}},"36":{"start":{"line":98,"column":4},"end":{"line":100,"column":5}},"37":{"start":{"line":99,"column":6},"end":{"line":99,"column":27}},"38":{"start":{"line":104,"column":4},"end":{"line":106,"column":5}},"39":{"start":{"line":105,"column":6},"end":{"line":105,"column":21}},"40":{"start":{"line":107,"column":4},"end":{"line":109,"column":5}},"41":{"start":{"line":108,"column":6},"end":{"line":108,"column":19}},"42":{"start":{"line":110,"column":4},"end":{"line":110,"column":51}},"43":{"start":{"line":114,"column":4},"end":{"line":116,"column":5}},"44":{"start":{"line":115,"column":6},"end":{"line":115,"column":65}},"45":{"start":{"line":118,"column":16},"end":{"line":118,"column":54}},"46":{"start":{"line":121,"column":4},"end":{"line":126,"column":5}},"47":{"start":{"line":122,"column":6},"end":{"line":122,"column":50}},"48":{"start":{"line":124,"column":6},"end":{"line":124,"column":37}},"49":{"start":{"line":125,"column":6},"end":{"line":125,"column":21}},"50":{"start":{"line":128,"column":27},"end":{"line":132,"column":6}},"51":{"start":{"line":134,"column":4},"end":{"line":134,"column":36}},"52":{"start":{"line":135,"column":4},"end":{"line":135,"column":26}},"53":{"start":{"line":136,"column":4},"end":{"line":136,"column":33}},"54":{"start":{"line":140,"column":4},"end":{"line":142,"column":5}},"55":{"start":{"line":141,"column":6},"end":{"line":141,"column":59}},"56":{"start":{"line":144,"column":16},"end":{"line":144,"column":40}},"57":{"start":{"line":150,"column":25},"end":{"line":150,"column":52}},"58":{"start":{"line":152,"column":4},"end":{"line":152,"column":34}},"59":{"start":{"line":153,"column":4},"end":{"line":153,"column":25}},"60":{"start":{"line":154,"column":4},"end":{"line":154,"column":32}},"61":{"start":{"line":158,"column":4},"end":{"line":160,"column":5}},"62":{"start":{"line":159,"column":6},"end":{"line":159,"column":71}},"63":{"start":{"line":162,"column":16},"end":{"line":162,"column":40}},"64":{"start":{"line":164,"column":25},"end":{"line":166,"column":6}},"65":{"start":{"line":169,"column":4},"end":{"line":176,"column":5}},"66":{"start":{"line":170,"column":6},"end":{"line":170,"column":63}},"67":{"start":{"line":172,"column":23},"end":{"line":172,"column":132}},"68":{"start":{"line":173,"column":6},"end":{"line":175,"column":8}},"69":{"start":{"line":179,"column":4},"end":{"line":182,"column":5}},"70":{"start":{"line":184,"column":32},"end":{"line":184,"column":79}},"71":{"start":{"line":186,"column":4},"end":{"line":186,"column":41}},"72":{"start":{"line":187,"column":4},"end":{"line":187,"column":25}},"73":{"start":{"line":188,"column":4},"end":{"line":188,"column":32}},"74":{"start":{"line":192,"column":21},"end":{"line":192,"column":26}},"75":{"start":{"line":194,"column":4},"end":{"line":202,"column":17}},"76":{"start":{"line":195,"column":6},"end":{"line":201,"column":7}},"77":{"start":{"line":196,"column":8},"end":{"line":198,"column":9}},"78":{"start":{"line":197,"column":10},"end":{"line":197,"column":35}},"79":{"start":{"line":200,"column":8},"end":{"line":200,"column":70}},"80":{"start":{"line":206,"column":4},"end":{"line":208,"column":5}},"81":{"start":{"line":207,"column":6},"end":{"line":207,"column":48}},"82":{"start":{"line":210,"column":21},"end":{"line":210,"column":52}},"83":{"start":{"line":211,"column":18},"end":{"line":211,"column":38}},"84":{"start":{"line":214,"column":26},"end":{"line":215,"column":null}},"85":{"start":{"line":215,"column":16},"end":{"line":215,"column":49}},"86":{"start":{"line":218,"column":4},"end":{"line":218,"column":25}},"87":{"start":{"line":222,"column":4},"end":{"line":224,"column":5}},"88":{"start":{"line":223,"column":6},"end":{"line":223,"column":48}},"89":{"start":{"line":226,"column":4},"end":{"line":236,"column":5}},"90":{"start":{"line":227,"column":23},"end":{"line":227,"column":56}},"91":{"start":{"line":228,"column":6},"end":{"line":228,"column":36}},"92":{"start":{"line":231,"column":6},"end":{"line":234,"column":7}},"93":{"start":{"line":232,"column":8},"end":{"line":232,"column":77}},"94":{"start":{"line":233,"column":8},"end":{"line":233,"column":18}},"95":{"start":{"line":235,"column":6},"end":{"line":235,"column":18}},"96":{"start":{"line":240,"column":4},"end":{"line":242,"column":5}},"97":{"start":{"line":241,"column":6},"end":{"line":241,"column":48}},"98":{"start":{"line":244,"column":4},"end":{"line":254,"column":5}},"99":{"start":{"line":245,"column":23},"end":{"line":245,"column":58}},"100":{"start":{"line":246,"column":6},"end":{"line":246,"column":38}},"101":{"start":{"line":249,"column":6},"end":{"line":252,"column":7}},"102":{"start":{"line":250,"column":8},"end":{"line":250,"column":79}},"103":{"start":{"line":251,"column":8},"end":{"line":251,"column":18}},"104":{"start":{"line":253,"column":6},"end":{"line":253,"column":18}},"105":{"start":{"line":262,"column":4},"end":{"line":264,"column":5}},"106":{"start":{"line":263,"column":6},"end":{"line":263,"column":48}},"107":{"start":{"line":266,"column":21},"end":{"line":269,"column":6}},"108":{"start":{"line":272,"column":4},"end":{"line":296,"column":5}},"109":{"start":{"line":273,"column":26},"end":{"line":273,"column":66}},"110":{"start":{"line":274,"column":6},"end":{"line":295,"column":7}},"111":{"start":{"line":275,"column":24},"end":{"line":277,"column":16}},"112":{"start":{"line":279,"column":31},"end":{"line":279,"column":67}},"113":{"start":{"line":280,"column":25},"end":{"line":282,"column":null}},"114":{"start":{"line":285,"column":8},"end":{"line":292,"column":9}},"115":{"start":{"line":286,"column":10},"end":{"line":291,"column":12}},"116":{"start":{"line":294,"column":8},"end":{"line":294,"column":24}},"117":{"start":{"line":298,"column":4},"end":{"line":298,"column":20}},"118":{"start":{"line":306,"column":4},"end":{"line":308,"column":5}},"119":{"start":{"line":307,"column":6},"end":{"line":307,"column":48}},"120":{"start":{"line":310,"column":21},"end":{"line":313,"column":6}},"121":{"start":{"line":316,"column":4},"end":{"line":340,"column":5}},"122":{"start":{"line":317,"column":26},"end":{"line":317,"column":66}},"123":{"start":{"line":318,"column":6},"end":{"line":339,"column":7}},"124":{"start":{"line":319,"column":24},"end":{"line":321,"column":16}},"125":{"start":{"line":323,"column":31},"end":{"line":323,"column":67}},"126":{"start":{"line":324,"column":25},"end":{"line":326,"column":null}},"127":{"start":{"line":329,"column":8},"end":{"line":336,"column":9}},"128":{"start":{"line":330,"column":10},"end":{"line":335,"column":12}},"129":{"start":{"line":338,"column":8},"end":{"line":338,"column":24}},"130":{"start":{"line":342,"column":4},"end":{"line":342,"column":20}},"131":{"start":{"line":349,"column":4},"end":{"line":351,"column":5}},"132":{"start":{"line":350,"column":6},"end":{"line":350,"column":48}},"133":{"start":{"line":353,"column":21},"end":{"line":355,"column":6}},"134":{"start":{"line":358,"column":4},"end":{"line":382,"column":5}},"135":{"start":{"line":359,"column":26},"end":{"line":359,"column":66}},"136":{"start":{"line":360,"column":6},"end":{"line":381,"column":7}},"137":{"start":{"line":361,"column":24},"end":{"line":363,"column":16}},"138":{"start":{"line":365,"column":31},"end":{"line":365,"column":67}},"139":{"start":{"line":366,"column":25},"end":{"line":368,"column":null}},"140":{"start":{"line":371,"column":8},"end":{"line":378,"column":9}},"141":{"start":{"line":372,"column":10},"end":{"line":377,"column":12}},"142":{"start":{"line":380,"column":8},"end":{"line":380,"column":24}},"143":{"start":{"line":384,"column":4},"end":{"line":384,"column":20}},"144":{"start":{"line":388,"column":23},"end":{"line":388,"column":54}},"145":{"start":{"line":389,"column":4},"end":{"line":391,"column":5}},"146":{"start":{"line":390,"column":6},"end":{"line":390,"column":19}},"147":{"start":{"line":393,"column":22},"end":{"line":393,"column":46}},"148":{"start":{"line":394,"column":17},"end":{"line":394,"column":77}},"149":{"start":{"line":396,"column":4},"end":{"line":416,"column":5}},"150":{"start":{"line":398,"column":8},"end":{"line":403,"column":9}},"151":{"start":{"line":399,"column":10},"end":{"line":401,"column":12}},"152":{"start":{"line":402,"column":10},"end":{"line":402,"column":22}},"153":{"start":{"line":404,"column":8},"end":{"line":404,"column":21}},"154":{"start":{"line":406,"column":8},"end":{"line":411,"column":9}},"155":{"start":{"line":407,"column":10},"end":{"line":409,"column":12}},"156":{"start":{"line":410,"column":10},"end":{"line":410,"column":22}},"157":{"start":{"line":412,"column":8},"end":{"line":412,"column":21}},"158":{"start":{"line":414,"column":8},"end":{"line":414,"column":77}},"159":{"start":{"line":415,"column":8},"end":{"line":415,"column":21}},"160":{"start":{"line":420,"column":4},"end":{"line":422,"column":5}},"161":{"start":{"line":421,"column":6},"end":{"line":421,"column":48}},"162":{"start":{"line":432,"column":8},"end":{"line":432,"column":58}},"163":{"start":{"line":436,"column":19},"end":{"line":447,"column":null}},"164":{"start":{"line":451,"column":18},"end":{"line":451,"column":40}},"165":{"start":{"line":453,"column":4},"end":{"line":455,"column":7}},"166":{"start":{"line":454,"column":6},"end":{"line":454,"column":30}},"167":{"start":{"line":457,"column":4},"end":{"line":468,"column":7}},"168":{"start":{"line":458,"column":28},"end":{"line":458,"column":47}},"169":{"start":{"line":459,"column":19},"end":{"line":459,"column":62}},"170":{"start":{"line":459,"column":37},"end":{"line":459,"column":61}},"171":{"start":{"line":460,"column":6},"end":{"line":462,"column":7}},"172":{"start":{"line":461,"column":8},"end":{"line":461,"column":59}},"173":{"start":{"line":463,"column":6},"end":{"line":467,"column":8}},"174":{"start":{"line":471,"column":20},"end":{"line":471,"column":44}},"175":{"start":{"line":473,"column":4},"end":{"line":475,"column":7}},"176":{"start":{"line":474,"column":6},"end":{"line":474,"column":32}},"177":{"start":{"line":477,"column":4},"end":{"line":488,"column":7}},"178":{"start":{"line":478,"column":28},"end":{"line":478,"column":47}},"179":{"start":{"line":479,"column":21},"end":{"line":479,"column":66}},"180":{"start":{"line":479,"column":41},"end":{"line":479,"column":65}},"181":{"start":{"line":480,"column":6},"end":{"line":482,"column":7}},"182":{"start":{"line":481,"column":8},"end":{"line":481,"column":61}},"183":{"start":{"line":483,"column":6},"end":{"line":487,"column":8}},"184":{"start":{"line":491,"column":22},"end":{"line":491,"column":48}},"185":{"start":{"line":492,"column":4},"end":{"line":494,"column":7}},"186":{"start":{"line":493,"column":6},"end":{"line":493,"column":27}},"187":{"start":{"line":496,"column":4},"end":{"line":501,"column":7}},"188":{"start":{"line":497,"column":6},"end":{"line":500,"column":8}},"189":{"start":{"line":503,"column":4},"end":{"line":503,"column":18}},"190":{"start":{"line":507,"column":4},"end":{"line":510,"column":5}},"191":{"start":{"line":508,"column":6},"end":{"line":508,"column":39}},"192":{"start":{"line":509,"column":6},"end":{"line":509,"column":31}},"193":{"start":{"line":512,"column":4},"end":{"line":514,"column":5}},"194":{"start":{"line":513,"column":6},"end":{"line":513,"column":35}},"195":{"start":{"line":16,"column":0},"end":{"line":16,"column":13}}},"fnMap":{"0":{"name":"(anonymous_9)","decl":{"start":{"line":30,"column":2},"end":{"line":30,"column":null}},"loc":{"start":{"line":33,"column":46},"end":{"line":37,"column":3}}},"1":{"name":"(anonymous_10)","decl":{"start":{"line":39,"column":2},"end":{"line":39,"column":7}},"loc":{"start":{"line":39,"column":18},"end":{"line":101,"column":3}}},"2":{"name":"(anonymous_11)","decl":{"start":{"line":103,"column":10},"end":{"line":103,"column":28}},"loc":{"start":{"line":103,"column":28},"end":{"line":111,"column":3}}},"3":{"name":"(anonymous_12)","decl":{"start":{"line":113,"column":10},"end":{"line":113,"column":15}},"loc":{"start":{"line":113,"column":31},"end":{"line":137,"column":3}}},"4":{"name":"(anonymous_13)","decl":{"start":{"line":139,"column":10},"end":{"line":139,"column":15}},"loc":{"start":{"line":139,"column":29},"end":{"line":155,"column":3}}},"5":{"name":"(anonymous_14)","decl":{"start":{"line":157,"column":10},"end":{"line":157,"column":15}},"loc":{"start":{"line":157,"column":40},"end":{"line":189,"column":3}}},"6":{"name":"(anonymous_15)","decl":{"start":{"line":191,"column":10},"end":{"line":191,"column":23}},"loc":{"start":{"line":191,"column":23},"end":{"line":203,"column":3}}},"7":{"name":"(anonymous_16)","decl":{"start":{"line":194,"column":36},"end":{"line":194,"column":41}},"loc":{"start":{"line":194,"column":47},"end":{"line":202,"column":5}}},"8":{"name":"(anonymous_17)","decl":{"start":{"line":205,"column":2},"end":{"line":205,"column":7}},"loc":{"start":{"line":205,"column":17},"end":{"line":219,"column":3}}},"9":{"name":"(anonymous_18)","decl":{"start":{"line":215,"column":6},"end":{"line":215,"column":7}},"loc":{"start":{"line":215,"column":16},"end":{"line":215,"column":49}}},"10":{"name":"(anonymous_19)","decl":{"start":{"line":221,"column":2},"end":{"line":221,"column":7}},"loc":{"start":{"line":221,"column":19},"end":{"line":237,"column":3}}},"11":{"name":"(anonymous_20)","decl":{"start":{"line":239,"column":2},"end":{"line":239,"column":7}},"loc":{"start":{"line":239,"column":21},"end":{"line":255,"column":3}}},"12":{"name":"(anonymous_21)","decl":{"start":{"line":257,"column":2},"end":{"line":257,"column":7}},"loc":{"start":{"line":260,"column":38},"end":{"line":299,"column":3}}},"13":{"name":"(anonymous_22)","decl":{"start":{"line":301,"column":2},"end":{"line":301,"column":7}},"loc":{"start":{"line":304,"column":38},"end":{"line":343,"column":3}}},"14":{"name":"(anonymous_23)","decl":{"start":{"line":345,"column":2},"end":{"line":345,"column":7}},"loc":{"start":{"line":347,"column":38},"end":{"line":385,"column":3}}},"15":{"name":"(anonymous_24)","decl":{"start":{"line":387,"column":2},"end":{"line":387,"column":18}},"loc":{"start":{"line":387,"column":35},"end":{"line":417,"column":3}}},"16":{"name":"(anonymous_25)","decl":{"start":{"line":419,"column":2},"end":{"line":419,"column":7}},"loc":{"start":{"line":419,"column":31},"end":{"line":504,"column":3}}},"17":{"name":"(anonymous_26)","decl":{"start":{"line":432,"column":8},"end":{"line":432,"column":21}},"loc":{"start":{"line":432,"column":8},"end":{"line":432,"column":58}}},"18":{"name":"(anonymous_27)","decl":{"start":{"line":453,"column":53},"end":{"line":453,"column":58}},"loc":{"start":{"line":453,"column":64},"end":{"line":455,"column":5}}},"19":{"name":"(anonymous_28)","decl":{"start":{"line":457,"column":52},"end":{"line":457,"column":57}},"loc":{"start":{"line":457,"column":70},"end":{"line":468,"column":5}}},"20":{"name":"(anonymous_29)","decl":{"start":{"line":459,"column":30},"end":{"line":459,"column":31}},"loc":{"start":{"line":459,"column":37},"end":{"line":459,"column":61}}},"21":{"name":"(anonymous_30)","decl":{"start":{"line":473,"column":55},"end":{"line":473,"column":60}},"loc":{"start":{"line":473,"column":66},"end":{"line":475,"column":5}}},"22":{"name":"(anonymous_31)","decl":{"start":{"line":477,"column":53},"end":{"line":477,"column":58}},"loc":{"start":{"line":477,"column":71},"end":{"line":488,"column":5}}},"23":{"name":"(anonymous_32)","decl":{"start":{"line":479,"column":34},"end":{"line":479,"column":35}},"loc":{"start":{"line":479,"column":41},"end":{"line":479,"column":65}}},"24":{"name":"(anonymous_33)","decl":{"start":{"line":492,"column":57},"end":{"line":492,"column":62}},"loc":{"start":{"line":492,"column":68},"end":{"line":494,"column":5}}},"25":{"name":"(anonymous_34)","decl":{"start":{"line":496,"column":56},"end":{"line":496,"column":61}},"loc":{"start":{"line":496,"column":74},"end":{"line":501,"column":5}}},"26":{"name":"(anonymous_35)","decl":{"start":{"line":506,"column":2},"end":{"line":506,"column":7}},"loc":{"start":{"line":506,"column":13},"end":{"line":515,"column":3}}}},"branchMap":{"0":{"loc":{"start":{"line":41,"column":6},"end":{"line":41,"column":60}},"type":"binary-expr","locations":[{"start":{"line":41,"column":6},"end":{"line":41,"column":31}},{"start":{"line":41,"column":35},"end":{"line":41,"column":60}}]},"1":{"loc":{"start":{"line":48,"column":4},"end":{"line":63,"column":5}},"type":"if","locations":[{"start":{"line":48,"column":4},"end":{"line":63,"column":5}},{"start":{},"end":{}}]},"2":{"loc":{"start":{"line":51,"column":21},"end":{"line":51,"column":61}},"type":"binary-expr","locations":[{"start":{"line":51,"column":21},"end":{"line":51,"column":55}},{"start":{"line":51,"column":59},"end":{"line":51,"column":61}}]},"3":{"loc":{"start":{"line":65,"column":4},"end":{"line":77,"column":5}},"type":"switch","locations":[{"start":{"line":66,"column":6},"end":{"line":68,"column":14}},{"start":{"line":69,"column":6},"end":{"line":71,"column":14}},{"start":{"line":72,"column":6},"end":{"line":74,"column":14}},{"start":{"line":75,"column":6},"end":{"line":76,"column":68}}]},"4":{"loc":{"start":{"line":98,"column":4},"end":{"line":100,"column":5}},"type":"if","locations":[{"start":{"line":98,"column":4},"end":{"line":100,"column":5}},{"start":{},"end":{}}]},"5":{"loc":{"start":{"line":104,"column":4},"end":{"line":106,"column":5}},"type":"if","locations":[{"start":{"line":104,"column":4},"end":{"line":106,"column":5}},{"start":{},"end":{}}]},"6":{"loc":{"start":{"line":107,"column":4},"end":{"line":109,"column":5}},"type":"if","locations":[{"start":{"line":107,"column":4},"end":{"line":109,"column":5}},{"start":{},"end":{}}]},"7":{"loc":{"start":{"line":114,"column":4},"end":{"line":116,"column":5}},"type":"if","locations":[{"start":{"line":114,"column":4},"end":{"line":116,"column":5}},{"start":{},"end":{}}]},"8":{"loc":{"start":{"line":121,"column":4},"end":{"line":126,"column":5}},"type":"if","locations":[{"start":{"line":121,"column":4},"end":{"line":126,"column":5}},{"start":{},"end":{}}]},"9":{"loc":{"start":{"line":122,"column":21},"end":{"line":122,"column":49}},"type":"binary-expr","locations":[{"start":{"line":122,"column":21},"end":{"line":122,"column":33}},{"start":{"line":122,"column":37},"end":{"line":122,"column":49}}]},"10":{"loc":{"start":{"line":130,"column":12},"end":{"line":130,"column":34}},"type":"binary-expr","locations":[{"start":{"line":130,"column":12},"end":{"line":130,"column":28}},{"start":{"line":130,"column":32},"end":{"line":130,"column":34}}]},"11":{"loc":{"start":{"line":140,"column":4},"end":{"line":142,"column":5}},"type":"if","locations":[{"start":{"line":140,"column":4},"end":{"line":142,"column":5}},{"start":{},"end":{}}]},"12":{"loc":{"start":{"line":158,"column":4},"end":{"line":160,"column":5}},"type":"if","locations":[{"start":{"line":158,"column":4},"end":{"line":160,"column":5}},{"start":{},"end":{}}]},"13":{"loc":{"start":{"line":169,"column":4},"end":{"line":176,"column":5}},"type":"if","locations":[{"start":{"line":169,"column":4},"end":{"line":176,"column":5}},{"start":{},"end":{}}]},"14":{"loc":{"start":{"line":172,"column":23},"end":{"line":172,"column":132}},"type":"binary-expr","locations":[{"start":{"line":172,"column":23},"end":{"line":172,"column":75}},{"start":{"line":172,"column":80},"end":{"line":172,"column":132}}]},"15":{"loc":{"start":{"line":179,"column":4},"end":{"line":182,"column":5}},"type":"if","locations":[{"start":{"line":179,"column":4},"end":{"line":182,"column":5}},{"start":{},"end":{}}]},"16":{"loc":{"start":{"line":196,"column":8},"end":{"line":198,"column":9}},"type":"if","locations":[{"start":{"line":196,"column":8},"end":{"line":198,"column":9}},{"start":{},"end":{}}]},"17":{"loc":{"start":{"line":206,"column":4},"end":{"line":208,"column":5}},"type":"if","locations":[{"start":{"line":206,"column":4},"end":{"line":208,"column":5}},{"start":{},"end":{}}]},"18":{"loc":{"start":{"line":211,"column":18},"end":{"line":211,"column":38}},"type":"binary-expr","locations":[{"start":{"line":211,"column":18},"end":{"line":211,"column":32}},{"start":{"line":211,"column":36},"end":{"line":211,"column":38}}]},"19":{"loc":{"start":{"line":222,"column":4},"end":{"line":224,"column":5}},"type":"if","locations":[{"start":{"line":222,"column":4},"end":{"line":224,"column":5}},{"start":{},"end":{}}]},"20":{"loc":{"start":{"line":228,"column":13},"end":{"line":228,"column":35}},"type":"binary-expr","locations":[{"start":{"line":228,"column":13},"end":{"line":228,"column":29}},{"start":{"line":228,"column":33},"end":{"line":228,"column":35}}]},"21":{"loc":{"start":{"line":231,"column":6},"end":{"line":234,"column":7}},"type":"if","locations":[{"start":{"line":231,"column":6},"end":{"line":234,"column":7}},{"start":{},"end":{}}]},"22":{"loc":{"start":{"line":240,"column":4},"end":{"line":242,"column":5}},"type":"if","locations":[{"start":{"line":240,"column":4},"end":{"line":242,"column":5}},{"start":{},"end":{}}]},"23":{"loc":{"start":{"line":246,"column":13},"end":{"line":246,"column":37}},"type":"binary-expr","locations":[{"start":{"line":246,"column":13},"end":{"line":246,"column":31}},{"start":{"line":246,"column":35},"end":{"line":246,"column":37}}]},"24":{"loc":{"start":{"line":249,"column":6},"end":{"line":252,"column":7}},"type":"if","locations":[{"start":{"line":249,"column":6},"end":{"line":252,"column":7}},{"start":{},"end":{}}]},"25":{"loc":{"start":{"line":262,"column":4},"end":{"line":264,"column":5}},"type":"if","locations":[{"start":{"line":262,"column":4},"end":{"line":264,"column":5}},{"start":{},"end":{}}]},"26":{"loc":{"start":{"line":272,"column":4},"end":{"line":296,"column":5}},"type":"if","locations":[{"start":{"line":272,"column":4},"end":{"line":296,"column":5}},{"start":{},"end":{}}]},"27":{"loc":{"start":{"line":274,"column":6},"end":{"line":295,"column":7}},"type":"if","locations":[{"start":{"line":274,"column":6},"end":{"line":295,"column":7}},{"start":{},"end":{}}]},"28":{"loc":{"start":{"line":275,"column":24},"end":{"line":277,"column":16}},"type":"cond-expr","locations":[{"start":{"line":276,"column":12},"end":{"line":276,"column":38}},{"start":{"line":277,"column":12},"end":{"line":277,"column":16}}]},"29":{"loc":{"start":{"line":285,"column":8},"end":{"line":292,"column":9}},"type":"if","locations":[{"start":{"line":285,"column":8},"end":{"line":292,"column":9}},{"start":{},"end":{}}]},"30":{"loc":{"start":{"line":306,"column":4},"end":{"line":308,"column":5}},"type":"if","locations":[{"start":{"line":306,"column":4},"end":{"line":308,"column":5}},{"start":{},"end":{}}]},"31":{"loc":{"start":{"line":316,"column":4},"end":{"line":340,"column":5}},"type":"if","locations":[{"start":{"line":316,"column":4},"end":{"line":340,"column":5}},{"start":{},"end":{}}]},"32":{"loc":{"start":{"line":318,"column":6},"end":{"line":339,"column":7}},"type":"if","locations":[{"start":{"line":318,"column":6},"end":{"line":339,"column":7}},{"start":{},"end":{}}]},"33":{"loc":{"start":{"line":319,"column":24},"end":{"line":321,"column":16}},"type":"cond-expr","locations":[{"start":{"line":320,"column":12},"end":{"line":320,"column":38}},{"start":{"line":321,"column":12},"end":{"line":321,"column":16}}]},"34":{"loc":{"start":{"line":329,"column":8},"end":{"line":336,"column":9}},"type":"if","locations":[{"start":{"line":329,"column":8},"end":{"line":336,"column":9}},{"start":{},"end":{}}]},"35":{"loc":{"start":{"line":349,"column":4},"end":{"line":351,"column":5}},"type":"if","locations":[{"start":{"line":349,"column":4},"end":{"line":351,"column":5}},{"start":{},"end":{}}]},"36":{"loc":{"start":{"line":358,"column":4},"end":{"line":382,"column":5}},"type":"if","locations":[{"start":{"line":358,"column":4},"end":{"line":382,"column":5}},{"start":{},"end":{}}]},"37":{"loc":{"start":{"line":360,"column":6},"end":{"line":381,"column":7}},"type":"if","locations":[{"start":{"line":360,"column":6},"end":{"line":381,"column":7}},{"start":{},"end":{}}]},"38":{"loc":{"start":{"line":361,"column":24},"end":{"line":363,"column":16}},"type":"cond-expr","locations":[{"start":{"line":362,"column":12},"end":{"line":362,"column":38}},{"start":{"line":363,"column":12},"end":{"line":363,"column":16}}]},"39":{"loc":{"start":{"line":371,"column":8},"end":{"line":378,"column":9}},"type":"if","locations":[{"start":{"line":371,"column":8},"end":{"line":378,"column":9}},{"start":{},"end":{}}]},"40":{"loc":{"start":{"line":389,"column":4},"end":{"line":391,"column":5}},"type":"if","locations":[{"start":{"line":389,"column":4},"end":{"line":391,"column":5}},{"start":{},"end":{}}]},"41":{"loc":{"start":{"line":389,"column":8},"end":{"line":389,"column":71}},"type":"binary-expr","locations":[{"start":{"line":389,"column":8},"end":{"line":389,"column":19}},{"start":{"line":389,"column":23},"end":{"line":389,"column":39}},{"start":{"line":389,"column":43},"end":{"line":389,"column":71}}]},"42":{"loc":{"start":{"line":394,"column":18},"end":{"line":394,"column":44}},"type":"binary-expr","locations":[{"start":{"line":394,"column":18},"end":{"line":394,"column":33}},{"start":{"line":394,"column":37},"end":{"line":394,"column":44}}]},"43":{"loc":{"start":{"line":396,"column":4},"end":{"line":416,"column":5}},"type":"switch","locations":[{"start":{"line":397,"column":6},"end":{"line":404,"column":21}},{"start":{"line":405,"column":6},"end":{"line":412,"column":21}},{"start":{"line":413,"column":6},"end":{"line":415,"column":21}}]},"44":{"loc":{"start":{"line":398,"column":8},"end":{"line":403,"column":9}},"type":"if","locations":[{"start":{"line":398,"column":8},"end":{"line":403,"column":9}},{"start":{},"end":{}}]},"45":{"loc":{"start":{"line":406,"column":8},"end":{"line":411,"column":9}},"type":"if","locations":[{"start":{"line":406,"column":8},"end":{"line":411,"column":9}},{"start":{},"end":{}}]},"46":{"loc":{"start":{"line":419,"column":18},"end":{"line":419,"column":31}},"type":"default-arg","locations":[{"start":{"line":419,"column":26},"end":{"line":419,"column":31}}]},"47":{"loc":{"start":{"line":420,"column":4},"end":{"line":422,"column":5}},"type":"if","locations":[{"start":{"line":420,"column":4},"end":{"line":422,"column":5}},{"start":{},"end":{}}]},"48":{"loc":{"start":{"line":460,"column":6},"end":{"line":462,"column":7}},"type":"if","locations":[{"start":{"line":460,"column":6},"end":{"line":462,"column":7}},{"start":{},"end":{}}]},"49":{"loc":{"start":{"line":465,"column":8},"end":{"line":465,"column":38}},"type":"binary-expr","locations":[{"start":{"line":465,"column":8},"end":{"line":465,"column":32}},{"start":{"line":465,"column":36},"end":{"line":465,"column":38}}]},"50":{"loc":{"start":{"line":480,"column":6},"end":{"line":482,"column":7}},"type":"if","locations":[{"start":{"line":480,"column":6},"end":{"line":482,"column":7}},{"start":{},"end":{}}]},"51":{"loc":{"start":{"line":485,"column":8},"end":{"line":485,"column":38}},"type":"binary-expr","locations":[{"start":{"line":485,"column":8},"end":{"line":485,"column":32}},{"start":{"line":485,"column":36},"end":{"line":485,"column":38}}]},"52":{"loc":{"start":{"line":507,"column":4},"end":{"line":510,"column":5}},"type":"if","locations":[{"start":{"line":507,"column":4},"end":{"line":510,"column":5}},{"start":{},"end":{}}]},"53":{"loc":{"start":{"line":512,"column":4},"end":{"line":514,"column":5}},"type":"if","locations":[{"start":{"line":512,"column":4},"end":{"line":514,"column":5}},{"start":{},"end":{}}]}},"s":{"0":0,"1":0,"2":0,"3":0,"4":0,"5":0,"6":0,"7":0,"8":0,"9":0,"10":0,"11":0,"12":0,"13":0,"14":0,"15":0,"16":0,"17":0,"18":0,"19":0,"20":0,"21":0,"22":0,"23":0,"24":0,"25":0,"26":0,"27":0,"28":0,"29":0,"30":0,"31":0,"32":0,"33":0,"34":0,"35":0,"36":0,"37":0,"38":0,"39":0,"40":0,"41":0,"42":0,"43":0,"44":0,"45":0,"46":0,"47":0,"48":0,"49":0,"50":0,"51":0,"52":0,"53":0,"54":0,"55":0,"56":0,"57":0,"58":0,"59":0,"60":0,"61":0,"62":0,"63":0,"64":0,"65":0,"66":0,"67":0,"68":0,"69":0,"70":0,"71":0,"72":0,"73":0,"74":0,"75":0,"76":0,"77":0,"78":0,"79":0,"80":0,"81":0,"82":0,"83":0,"84":0,"85":0,"86":0,"87":0,"88":0,"89":0,"90":0,"91":0,"92":0,"93":0,"94":0,"95":0,"96":0,"97":0,"98":0,"99":0,"100":0,"101":0,"102":0,"103":0,"104":0,"105":0,"106":0,"107":0,"108":0,"109":0,"110":0,"111":0,"112":0,"113":0,"114":0,"115":0,"116":0,"117":0,"118":0,"119":0,"120":0,"121":0,"122":0,"123":0,"124":0,"125":0,"126":0,"127":0,"128":0,"129":0,"130":0,"131":0,"132":0,"133":0,"134":0,"135":0,"136":0,"137":0,"138":0,"139":0,"140":0,"141":0,"142":0,"143":0,"144":0,"145":0,"146":0,"147":0,"148":0,"149":0,"150":0,"151":0,"152":0,"153":0,"154":0,"155":0,"156":0,"157":0,"158":0,"159":0,"160":0,"161":0,"162":0,"163":0,"164":0,"165":0,"166":0,"167":0,"168":0,"169":0,"170":0,"171":0,"172":0,"173":0,"174":0,"175":0,"176":0,"177":0,"178":0,"179":0,"180":0,"181":0,"182":0,"183":0,"184":0,"185":0,"186":0,"187":0,"188":0,"189":0,"190":0,"191":0,"192":0,"193":0,"194":0,"195":0},"f":{"0":0,"1":0,"2":0,"3":0,"4":0,"5":0,"6":0,"7":0,"8":0,"9":0,"10":0,"11":0,"12":0,"13":0,"14":0,"15":0,"16":0,"17":0,"18":0,"19":0,"20":0,"21":0,"22":0,"23":0,"24":0,"25":0,"26":0},"b":{"0":[0,0],"1":[0,0],"2":[0,0],"3":[0,0,0,0],"4":[0,0],"5":[0,0],"6":[0,0],"7":[0,0],"8":[0,0],"9":[0,0],"10":[0,0],"11":[0,0],"12":[0,0],"13":[0,0],"14":[0,0],"15":[0,0],"16":[0,0],"17":[0,0],"18":[0,0],"19":[0,0],"20":[0,0],"21":[0,0],"22":[0,0],"23":[0,0],"24":[0,0],"25":[0,0],"26":[0,0],"27":[0,0],"28":[0,0],"29":[0,0],"30":[0,0],"31":[0,0],"32":[0,0],"33":[0,0],"34":[0,0],"35":[0,0],"36":[0,0],"37":[0,0],"38":[0,0],"39":[0,0],"40":[0,0],"41":[0,0,0],"42":[0,0],"43":[0,0,0],"44":[0,0],"45":[0,0],"46":[0],"47":[0,0],"48":[0,0],"49":[0,0],"50":[0,0],"51":[0,0],"52":[0,0],"53":[0,0]}}
,"/home/runner/work/gs-mcp-proxy-pii-redactor/gs-mcp-proxy-pii-redactor/src/mcp/mcp-server.service.ts": {"path":"/home/runner/work/gs-mcp-proxy-pii-redactor/gs-mcp-proxy-pii-redactor/src/mcp/mcp-server.service.ts","statementMap":{"0":{"start":{"line":1,"column":0},"end":{"line":1,"column":83}},"1":{"start":{"line":2,"column":0},"end":{"line":2,"column":57}},"2":{"start":{"line":3,"column":0},"end":{"line":3,"column":66}},"3":{"start":{"line":4,"column":0},"end":{"line":4,"column":56}},"4":{"start":{"line":6,"column":0},"end":{"line":6,"column":77}},"5":{"start":{"line":7,"column":0},"end":{"line":7,"column":99}},"6":{"start":{"line":9,"column":0},"end":{"line":9,"column":36}},"7":{"start":{"line":20,"column":29},"end":{"line":187,"column":null}},"8":{"start":{"line":25,"column":12},"end":{"line":25,"column":27}},"9":{"start":{"line":26,"column":12},"end":{"line":26,"column":30}},"10":{"start":{"line":21,"column":19},"end":{"line":21,"column":62}},"11":{"start":{"line":22,"column":10},"end":{"line":22,"column":62}},"12":{"start":{"line":30,"column":19},"end":{"line":30,"column":49}},"13":{"start":{"line":33,"column":4},"end":{"line":58,"column":5}},"14":{"start":{"line":34,"column":6},"end":{"line":57,"column":7}},"15":{"start":{"line":35,"column":8},"end":{"line":35,"column":60}},"16":{"start":{"line":37,"column":30},"end":{"line":37,"column":93}},"17":{"start":{"line":38,"column":8},"end":{"line":38,"column":41}},"18":{"start":{"line":40,"column":23},"end":{"line":40,"column":54}},"19":{"start":{"line":42,"column":8},"end":{"line":48,"column":11}},"20":{"start":{"line":50,"column":8},"end":{"line":50,"column":69}},"21":{"start":{"line":52,"column":8},"end":{"line":52,"column":77}},"22":{"start":{"line":54,"column":8},"end":{"line":56,"column":9}},"23":{"start":{"line":55,"column":10},"end":{"line":55,"column":22}},"24":{"start":{"line":62,"column":4},"end":{"line":73,"column":5}},"25":{"start":{"line":63,"column":6},"end":{"line":72,"column":7}},"26":{"start":{"line":64,"column":8},"end":{"line":64,"column":54}},"27":{"start":{"line":66,"column":8},"end":{"line":68,"column":9}},"28":{"start":{"line":67,"column":10},"end":{"line":67,"column":34}},"29":{"start":{"line":69,"column":8},"end":{"line":69,"column":45}},"30":{"start":{"line":71,"column":8},"end":{"line":71,"column":71}},"31":{"start":{"line":77,"column":4},"end":{"line":77,"column":34}},"32":{"start":{"line":81,"column":4},"end":{"line":81,"column":24}},"33":{"start":{"line":89,"column":21},"end":{"line":89,"column":41}},"34":{"start":{"line":90,"column":4},"end":{"line":93,"column":5}},"35":{"start":{"line":91,"column":6},"end":{"line":91,"column":62}},"36":{"start":{"line":92,"column":6},"end":{"line":92,"column":13}},"37":{"start":{"line":95,"column":19},"end":{"line":95,"column":49}},"38":{"start":{"line":96,"column":20},"end":{"line":96,"column":43}},"39":{"start":{"line":97,"column":21},"end":{"line":97,"column":49}},"40":{"start":{"line":99,"column":22},"end":{"line":99,"column":59}},"41":{"start":{"line":100,"column":4},"end":{"line":100,"column":28}},"42":{"start":{"line":102,"column":22},"end":{"line":102,"column":41}},"43":{"start":{"line":103,"column":4},"end":{"line":103,"column":50}},"44":{"start":{"line":105,"column":4},"end":{"line":105,"column":45}},"45":{"start":{"line":108,"column":4},"end":{"line":111,"column":7}},"46":{"start":{"line":109,"column":6},"end":{"line":109,"column":44}},"47":{"start":{"line":110,"column":6},"end":{"line":110,"column":24}},"48":{"start":{"line":119,"column":21},"end":{"line":119,"column":41}},"49":{"start":{"line":120,"column":4},"end":{"line":123,"column":5}},"50":{"start":{"line":121,"column":6},"end":{"line":121,"column":62}},"51":{"start":{"line":122,"column":6},"end":{"line":122,"column":13}},"52":{"start":{"line":126,"column":29},"end":{"line":126,"column":163}},"53":{"start":{"line":127,"column":21},"end":{"line":127,"column":91}},"54":{"start":{"line":129,"column":4},"end":{"line":158,"column":5}},"55":{"start":{"line":130,"column":6},"end":{"line":133,"column":7}},"56":{"start":{"line":131,"column":8},"end":{"line":131,"column":64}},"57":{"start":{"line":132,"column":8},"end":{"line":132,"column":15}},"58":{"start":{"line":136,"column":24},"end":{"line":145,"column":8}},"59":{"start":{"line":137,"column":34},"end":{"line":137,"column":46}},"60":{"start":{"line":140,"column":10},"end":{"line":140,"column":50}},"61":{"start":{"line":143,"column":10},"end":{"line":143,"column":42}},"62":{"start":{"line":148,"column":6},"end":{"line":148,"column":47}},"63":{"start":{"line":151,"column":6},"end":{"line":151,"column":63}},"64":{"start":{"line":152,"column":6},"end":{"line":152,"column":13}},"65":{"start":{"line":154,"column":6},"end":{"line":154,"column":82}},"66":{"start":{"line":155,"column":6},"end":{"line":157,"column":7}},"67":{"start":{"line":156,"column":8},"end":{"line":156,"column":65}},"68":{"start":{"line":166,"column":21},"end":{"line":166,"column":41}},"69":{"start":{"line":167,"column":4},"end":{"line":170,"column":5}},"70":{"start":{"line":168,"column":6},"end":{"line":168,"column":62}},"71":{"start":{"line":169,"column":6},"end":{"line":169,"column":13}},"72":{"start":{"line":173,"column":22},"end":{"line":173,"column":94}},"73":{"start":{"line":175,"column":4},"end":{"line":181,"column":5}},"74":{"start":{"line":176,"column":24},"end":{"line":176,"column":58}},"75":{"start":{"line":177,"column":6},"end":{"line":180,"column":7}},"76":{"start":{"line":178,"column":8},"end":{"line":178,"column":76}},"77":{"start":{"line":179,"column":8},"end":{"line":179,"column":15}},"78":{"start":{"line":185,"column":4},"end":{"line":185,"column":59}},"79":{"start":{"line":20,"column":13},"end":{"line":20,"column":29}},"80":{"start":{"line":20,"column":13},"end":{"line":187,"column":null}}},"fnMap":{"0":{"name":"(anonymous_2)","decl":{"start":{"line":24,"column":2},"end":{"line":24,"column":null}},"loc":{"start":{"line":26,"column":46},"end":{"line":27,"column":6}}},"1":{"name":"(anonymous_3)","decl":{"start":{"line":29,"column":2},"end":{"line":29,"column":7}},"loc":{"start":{"line":29,"column":20},"end":{"line":59,"column":3}}},"2":{"name":"(anonymous_4)","decl":{"start":{"line":61,"column":2},"end":{"line":61,"column":7}},"loc":{"start":{"line":61,"column":23},"end":{"line":74,"column":3}}},"3":{"name":"(anonymous_5)","decl":{"start":{"line":76,"column":2},"end":{"line":76,"column":11}},"loc":{"start":{"line":76,"column":24},"end":{"line":78,"column":3}}},"4":{"name":"(anonymous_6)","decl":{"start":{"line":80,"column":2},"end":{"line":80,"column":15}},"loc":{"start":{"line":80,"column":15},"end":{"line":82,"column":3}}},"5":{"name":"(anonymous_7)","decl":{"start":{"line":84,"column":2},"end":{"line":84,"column":7}},"loc":{"start":{"line":87,"column":17},"end":{"line":112,"column":3}}},"6":{"name":"(anonymous_8)","decl":{"start":{"line":108,"column":20},"end":{"line":108,"column":23}},"loc":{"start":{"line":108,"column":25},"end":{"line":111,"column":5}}},"7":{"name":"(anonymous_9)","decl":{"start":{"line":114,"column":2},"end":{"line":114,"column":7}},"loc":{"start":{"line":117,"column":17},"end":{"line":159,"column":3}}},"8":{"name":"(anonymous_10)","decl":{"start":{"line":137,"column":28},"end":{"line":137,"column":31}},"loc":{"start":{"line":137,"column":34},"end":{"line":137,"column":46}}},"9":{"name":"(anonymous_11)","decl":{"start":{"line":139,"column":30},"end":{"line":139,"column":35}},"loc":{"start":{"line":139,"column":52},"end":{"line":141,"column":9}}},"10":{"name":"(anonymous_12)","decl":{"start":{"line":142,"column":25},"end":{"line":142,"column":30}},"loc":{"start":{"line":142,"column":47},"end":{"line":144,"column":9}}},"11":{"name":"(anonymous_13)","decl":{"start":{"line":161,"column":2},"end":{"line":161,"column":7}},"loc":{"start":{"line":164,"column":17},"end":{"line":186,"column":3}}}},"branchMap":{"0":{"loc":{"start":{"line":47,"column":22},"end":{"line":47,"column":51}},"type":"binary-expr","locations":[{"start":{"line":47,"column":22},"end":{"line":47,"column":42}},{"start":{"line":47,"column":46},"end":{"line":47,"column":51}}]},"1":{"loc":{"start":{"line":54,"column":8},"end":{"line":56,"column":9}},"type":"if","locations":[{"start":{"line":54,"column":8},"end":{"line":56,"column":9}},{"start":{},"end":{}}]},"2":{"loc":{"start":{"line":90,"column":4},"end":{"line":93,"column":5}},"type":"if","locations":[{"start":{"line":90,"column":4},"end":{"line":93,"column":5}},{"start":{},"end":{}}]},"3":{"loc":{"start":{"line":120,"column":4},"end":{"line":123,"column":5}},"type":"if","locations":[{"start":{"line":120,"column":4},"end":{"line":123,"column":5}},{"start":{},"end":{}}]},"4":{"loc":{"start":{"line":126,"column":29},"end":{"line":126,"column":163}},"type":"binary-expr","locations":[{"start":{"line":126,"column":29},"end":{"line":126,"column":69}},{"start":{"line":126,"column":74},"end":{"line":126,"column":128}},{"start":{"line":126,"column":133},"end":{"line":126,"column":163}}]},"5":{"loc":{"start":{"line":127,"column":21},"end":{"line":127,"column":91}},"type":"cond-expr","locations":[{"start":{"line":127,"column":39},"end":{"line":127,"column":79}},{"start":{"line":127,"column":82},"end":{"line":127,"column":91}}]},"6":{"loc":{"start":{"line":130,"column":6},"end":{"line":133,"column":7}},"type":"if","locations":[{"start":{"line":130,"column":6},"end":{"line":133,"column":7}},{"start":{},"end":{}}]},"7":{"loc":{"start":{"line":130,"column":10},"end":{"line":130,"column":71}},"type":"binary-expr","locations":[{"start":{"line":130,"column":10},"end":{"line":130,"column":18}},{"start":{"line":130,"column":22},"end":{"line":130,"column":71}}]},"8":{"loc":{"start":{"line":155,"column":6},"end":{"line":157,"column":7}},"type":"if","locations":[{"start":{"line":155,"column":6},"end":{"line":157,"column":7}},{"start":{},"end":{}}]},"9":{"loc":{"start":{"line":167,"column":4},"end":{"line":170,"column":5}},"type":"if","locations":[{"start":{"line":167,"column":4},"end":{"line":170,"column":5}},{"start":{},"end":{}}]},"10":{"loc":{"start":{"line":173,"column":22},"end":{"line":173,"column":94}},"type":"binary-expr","locations":[{"start":{"line":173,"column":22},"end":{"line":173,"column":61}},{"start":{"line":173,"column":65},"end":{"line":173,"column":94}}]},"11":{"loc":{"start":{"line":175,"column":4},"end":{"line":181,"column":5}},"type":"if","locations":[{"start":{"line":175,"column":4},"end":{"line":181,"column":5}},{"start":{},"end":{}}]},"12":{"loc":{"start":{"line":177,"column":6},"end":{"line":180,"column":7}},"type":"if","locations":[{"start":{"line":177,"column":6},"end":{"line":180,"column":7}},{"start":{},"end":{}}]},"13":{"loc":{"start":{"line":177,"column":10},"end":{"line":177,"column":55}},"type":"binary-expr","locations":[{"start":{"line":177,"column":10},"end":{"line":177,"column":19}},{"start":{"line":177,"column":23},"end":{"line":177,"column":55}}]}},"s":{"0":0,"1":0,"2":0,"3":0,"4":0,"5":0,"6":0,"7":0,"8":0,"9":0,"10":0,"11":0,"12":0,"13":0,"14":0,"15":0,"16":0,"17":0,"18":0,"19":0,"20":0,"21":0,"22":0,"23":0,"24":0,"25":0,"26":0,"27":0,"28":0,"29":0,"30":0,"31":0,"32":0,"33":0,"34":0,"35":0,"36":0,"37":0,"38":0,"39":0,"40":0,"41":0,"42":0,"43":0,"44":0,"45":0,"46":0,"47":0,"48":0,"49":0,"50":0,"51":0,"52":0,"53":0,"54":0,"55":0,"56":0,"57":0,"58":0,"59":0,"60":0,"61":0,"62":0,"63":0,"64":0,"65":0,"66":0,"67":0,"68":0,"69":0,"70":0,"71":0,"72":0,"73":0,"74":0,"75":0,"76":0,"77":0,"78":0,"79":0,"80":0},"f":{"0":0,"1":0,"2":0,"3":0,"4":0,"5":0,"6":0,"7":0,"8":0,"9":0,"10":0,"11":0},"b":{"0":[0,0],"1":[0,0],"2":[0,0],"3":[0,0],"4":[0,0,0],"5":[0,0],"6":[0,0],"7":[0,0],"8":[0,0],"9":[0,0],"10":[0,0],"11":[0,0],"12":[0,0],"13":[0,0]}}
,"/home/runner/work/gs-mcp-proxy-pii-redactor/gs-mcp-proxy-pii-redactor/src/redaction/audit-logger.ts": {"path":"/home/runner/work/gs-mcp-proxy-pii-redactor/gs-mcp-proxy-pii-redactor/src/redaction/audit-logger.ts","statementMap":{"0":{"start":{"line":1,"column":0},"end":{"line":1,"column":40}},"1":{"start":{"line":2,"column":0},"end":{"line":2,"column":25}},"2":{"start":{"line":3,"column":0},"end":{"line":3,"column":29}},"3":{"start":{"line":4,"column":0},"end":{"line":4,"column":36}},"4":{"start":{"line":8,"column":19},"end":{"line":8,"column":57}},"5":{"start":{"line":13,"column":20},"end":{"line":13,"column":33}},"6":{"start":{"line":14,"column":4},"end":{"line":14,"column":69}},"7":{"start":{"line":17,"column":4},"end":{"line":22,"column":5}},"8":{"start":{"line":18,"column":6},"end":{"line":18,"column":67}},"9":{"start":{"line":20,"column":6},"end":{"line":20,"column":70}},"10":{"start":{"line":21,"column":6},"end":{"line":21,"column":18}},"11":{"start":{"line":31,"column":4},"end":{"line":33,"column":5}},"12":{"start":{"line":32,"column":6},"end":{"line":32,"column":16}},"13":{"start":{"line":35,"column":17},"end":{"line":35,"column":25}},"14":{"start":{"line":36,"column":22},"end":{"line":36,"column":68}},"15":{"start":{"line":39,"column":20},"end":{"line":41,"column":null}},"16":{"start":{"line":43,"column":4},"end":{"line":43,"column":41}},"17":{"start":{"line":46,"column":21},"end":{"line":48,"column":null}},"18":{"start":{"line":50,"column":4},"end":{"line":50,"column":43}},"19":{"start":{"line":52,"column":4},"end":{"line":52,"column":16}},"20":{"start":{"line":56,"column":4},"end":{"line":63,"column":5}},"21":{"start":{"line":57,"column":27},"end":{"line":57,"column":63}},"22":{"start":{"line":58,"column":23},"end":{"line":58,"column":60}},"23":{"start":{"line":60,"column":6},"end":{"line":60,"column":60}},"24":{"start":{"line":62,"column":6},"end":{"line":62,"column":76}},"25":{"start":{"line":67,"column":4},"end":{"line":73,"column":5}},"26":{"start":{"line":68,"column":6},"end":{"line":72,"column":7}},"27":{"start":{"line":69,"column":8},"end":{"line":69,"column":32}},"28":{"start":{"line":71,"column":8},"end":{"line":71,"column":20}},"29":{"start":{"line":75,"column":4},"end":{"line":77,"column":5}},"30":{"start":{"line":76,"column":6},"end":{"line":76,"column":70}},"31":{"start":{"line":76,"column":32},"end":{"line":76,"column":68}},"32":{"start":{"line":79,"column":4},"end":{"line":85,"column":5}},"33":{"start":{"line":80,"column":42},"end":{"line":80,"column":44}},"34":{"start":{"line":81,"column":6},"end":{"line":83,"column":7}},"35":{"start":{"line":82,"column":8},"end":{"line":82,"column":60}},"36":{"start":{"line":84,"column":6},"end":{"line":84,"column":20}},"37":{"start":{"line":87,"column":4},"end":{"line":87,"column":16}},"38":{"start":{"line":7,"column":0},"end":{"line":7,"column":13}}},"fnMap":{"0":{"name":"(anonymous_9)","decl":{"start":{"line":11,"column":2},"end":{"line":11,"column":14}},"loc":{"start":{"line":11,"column":32},"end":{"line":23,"column":3}}},"1":{"name":"(anonymous_10)","decl":{"start":{"line":25,"column":2},"end":{"line":25,"column":14}},"loc":{"start":{"line":29,"column":17},"end":{"line":53,"column":3}}},"2":{"name":"(anonymous_11)","decl":{"start":{"line":55,"column":10},"end":{"line":55,"column":23}},"loc":{"start":{"line":55,"column":51},"end":{"line":64,"column":3}}},"3":{"name":"(anonymous_12)","decl":{"start":{"line":66,"column":10},"end":{"line":66,"column":35}},"loc":{"start":{"line":66,"column":45},"end":{"line":88,"column":3}}},"4":{"name":"(anonymous_13)","decl":{"start":{"line":76,"column":22},"end":{"line":76,"column":23}},"loc":{"start":{"line":76,"column":32},"end":{"line":76,"column":68}}}},"branchMap":{"0":{"loc":{"start":{"line":31,"column":4},"end":{"line":33,"column":5}},"type":"if","locations":[{"start":{"line":31,"column":4},"end":{"line":33,"column":5}},{"start":{},"end":{}}]},"1":{"loc":{"start":{"line":31,"column":8},"end":{"line":31,"column":39}},"type":"binary-expr","locations":[{"start":{"line":31,"column":8},"end":{"line":31,"column":15}},{"start":{"line":31,"column":19},"end":{"line":31,"column":39}}]},"2":{"loc":{"start":{"line":67,"column":4},"end":{"line":73,"column":5}},"type":"if","locations":[{"start":{"line":67,"column":4},"end":{"line":73,"column":5}},{"start":{},"end":{}}]},"3":{"loc":{"start":{"line":75,"column":4},"end":{"line":77,"column":5}},"type":"if","locations":[{"start":{"line":75,"column":4},"end":{"line":77,"column":5}},{"start":{},"end":{}}]},"4":{"loc":{"start":{"line":79,"column":4},"end":{"line":85,"column":5}},"type":"if","locations":[{"start":{"line":79,"column":4},"end":{"line":85,"column":5}},{"start":{},"end":{}}]},"5":{"loc":{"start":{"line":79,"column":8},"end":{"line":79,"column":40}},"type":"binary-expr","locations":[{"start":{"line":79,"column":8},"end":{"line":79,"column":12}},{"start":{"line":79,"column":16},"end":{"line":79,"column":40}}]}},"s":{"0":0,"1":0,"2":0,"3":0,"4":0,"5":0,"6":0,"7":0,"8":0,"9":0,"10":0,"11":0,"12":0,"13":0,"14":0,"15":0,"16":0,"17":0,"18":0,"19":0,"20":0,"21":0,"22":0,"23":0,"24":0,"25":0,"26":0,"27":0,"28":0,"29":0,"30":0,"31":0,"32":0,"33":0,"34":0,"35":0,"36":0,"37":0,"38":0},"f":{"0":0,"1":0,"2":0,"3":0,"4":0},"b":{"0":[0,0],"1":[0,0],"2":[0,0],"3":[0,0],"4":[0,0],"5":[0,0]}}
,"/home/runner/work/gs-mcp-proxy-pii-redactor/gs-mcp-proxy-pii-redactor/src/redaction/matcher.ts": {"path":"/home/runner/work/gs-mcp-proxy-pii-redactor/gs-mcp-proxy-pii-redactor/src/redaction/matcher.ts","statementMap":{"0":{"start":{"line":15,"column":4},"end":{"line":15,"column":31}},"1":{"start":{"line":16,"column":4},"end":{"line":16,"column":64}},"2":{"start":{"line":16,"column":47},"end":{"line":16,"column":62}},"3":{"start":{"line":20,"column":4},"end":{"line":22,"column":5}},"4":{"start":{"line":21,"column":6},"end":{"line":21,"column":54}},"5":{"start":{"line":23,"column":4},"end":{"line":23,"column":35}},"6":{"start":{"line":27,"column":20},"end":{"line":27,"column":45}},"7":{"start":{"line":28,"column":4},"end":{"line":30,"column":5}},"8":{"start":{"line":29,"column":6},"end":{"line":29,"column":18}},"9":{"start":{"line":33,"column":26},"end":{"line":33,"column":67}},"10":{"start":{"line":33,"column":49},"end":{"line":33,"column":66}},"11":{"start":{"line":36,"column":28},"end":{"line":36,"column":30}},"12":{"start":{"line":37,"column":4},"end":{"line":46,"column":5}},"13":{"start":{"line":38,"column":6},"end":{"line":45,"column":7}},"14":{"start":{"line":39,"column":8},"end":{"line":39,"column":27}},"15":{"start":{"line":41,"column":21},"end":{"line":41,"column":46}},"16":{"start":{"line":42,"column":8},"end":{"line":44,"column":9}},"17":{"start":{"line":43,"column":10},"end":{"line":43,"column":31}},"18":{"start":{"line":49,"column":17},"end":{"line":49,"column":19}},"19":{"start":{"line":50,"column":15},"end":{"line":50,"column":16}},"20":{"start":{"line":51,"column":4},"end":{"line":57,"column":5}},"21":{"start":{"line":52,"column":6},"end":{"line":54,"column":7}},"22":{"start":{"line":53,"column":8},"end":{"line":53,"column":52}},"23":{"start":{"line":55,"column":6},"end":{"line":55,"column":29}},"24":{"start":{"line":56,"column":6},"end":{"line":56,"column":23}},"25":{"start":{"line":58,"column":4},"end":{"line":60,"column":5}},"26":{"start":{"line":59,"column":6},"end":{"line":59,"column":37}},"27":{"start":{"line":62,"column":4},"end":{"line":62,"column":18}},"28":{"start":{"line":66,"column":29},"end":{"line":66,"column":31}},"29":{"start":{"line":67,"column":22},"end":{"line":67,"column":40}},"30":{"start":{"line":69,"column":4},"end":{"line":88,"column":5}},"31":{"start":{"line":69,"column":17},"end":{"line":69,"column":18}},"32":{"start":{"line":70,"column":22},"end":{"line":70,"column":43}},"33":{"start":{"line":71,"column":24},"end":{"line":71,"column":25}},"34":{"start":{"line":73,"column":6},"end":{"line":87,"column":7}},"35":{"start":{"line":74,"column":22},"end":{"line":74,"column":61}},"36":{"start":{"line":75,"column":8},"end":{"line":77,"column":9}},"37":{"start":{"line":76,"column":10},"end":{"line":76,"column":16}},"38":{"start":{"line":80,"column":22},"end":{"line":80,"column":27}},"39":{"start":{"line":81,"column":20},"end":{"line":81,"column":42}},"40":{"start":{"line":82,"column":8},"end":{"line":84,"column":9}},"41":{"start":{"line":83,"column":10},"end":{"line":83,"column":39}},"42":{"start":{"line":86,"column":8},"end":{"line":86,"column":32}},"43":{"start":{"line":90,"column":4},"end":{"line":90,"column":19}},"44":{"start":{"line":95,"column":4},"end":{"line":100,"column":5}},"45":{"start":{"line":96,"column":25},"end":{"line":96,"column":40}},"46":{"start":{"line":97,"column":6},"end":{"line":99,"column":7}},"47":{"start":{"line":98,"column":8},"end":{"line":98,"column":21}},"48":{"start":{"line":103,"column":4},"end":{"line":108,"column":5}},"49":{"start":{"line":104,"column":24},"end":{"line":104,"column":33}},"50":{"start":{"line":105,"column":6},"end":{"line":107,"column":7}},"51":{"start":{"line":106,"column":8},"end":{"line":106,"column":21}},"52":{"start":{"line":110,"column":4},"end":{"line":110,"column":16}},"53":{"start":{"line":114,"column":4},"end":{"line":114,"column":37}},"54":{"start":{"line":10,"column":0},"end":{"line":10,"column":13}}},"fnMap":{"0":{"name":"(anonymous_0)","decl":{"start":{"line":14,"column":2},"end":{"line":14,"column":22}},"loc":{"start":{"line":14,"column":42},"end":{"line":17,"column":3}}},"1":{"name":"(anonymous_1)","decl":{"start":{"line":16,"column":40},"end":{"line":16,"column":41}},"loc":{"start":{"line":16,"column":47},"end":{"line":16,"column":62}}},"2":{"name":"(anonymous_2)","decl":{"start":{"line":19,"column":2},"end":{"line":19,"column":8}},"loc":{"start":{"line":19,"column":41},"end":{"line":24,"column":3}}},"3":{"name":"(anonymous_3)","decl":{"start":{"line":26,"column":2},"end":{"line":26,"column":8}},"loc":{"start":{"line":26,"column":21},"end":{"line":63,"column":3}}},"4":{"name":"(anonymous_4)","decl":{"start":{"line":33,"column":39},"end":{"line":33,"column":40}},"loc":{"start":{"line":33,"column":49},"end":{"line":33,"column":66}}},"5":{"name":"(anonymous_5)","decl":{"start":{"line":65,"column":10},"end":{"line":65,"column":24}},"loc":{"start":{"line":65,"column":37},"end":{"line":91,"column":3}}},"6":{"name":"(anonymous_6)","decl":{"start":{"line":93,"column":10},"end":{"line":93,"column":21}},"loc":{"start":{"line":93,"column":62},"end":{"line":111,"column":3}}},"7":{"name":"(anonymous_7)","decl":{"start":{"line":113,"column":10},"end":{"line":113,"column":20}},"loc":{"start":{"line":113,"column":33},"end":{"line":115,"column":3}}}},"branchMap":{"0":{"loc":{"start":{"line":20,"column":4},"end":{"line":22,"column":5}},"type":"if","locations":[{"start":{"line":20,"column":4},"end":{"line":22,"column":5}},{"start":{},"end":{}}]},"1":{"loc":{"start":{"line":28,"column":4},"end":{"line":30,"column":5}},"type":"if","locations":[{"start":{"line":28,"column":4},"end":{"line":30,"column":5}},{"start":{},"end":{}}]},"2":{"loc":{"start":{"line":38,"column":6},"end":{"line":45,"column":7}},"type":"if","locations":[{"start":{"line":38,"column":6},"end":{"line":45,"column":7}},{"start":{"line":40,"column":13},"end":{"line":45,"column":7}}]},"3":{"loc":{"start":{"line":38,"column":10},"end":{"line":38,"column":76}},"type":"binary-expr","locations":[{"start":{"line":38,"column":10},"end":{"line":38,"column":29}},{"start":{"line":38,"column":33},"end":{"line":38,"column":76}}]},"4":{"loc":{"start":{"line":42,"column":8},"end":{"line":44,"column":9}},"type":"if","locations":[{"start":{"line":42,"column":8},"end":{"line":44,"column":9}},{"start":{},"end":{}}]},"5":{"loc":{"start":{"line":52,"column":6},"end":{"line":54,"column":7}},"type":"if","locations":[{"start":{"line":52,"column":6},"end":{"line":54,"column":7}},{"start":{},"end":{}}]},"6":{"loc":{"start":{"line":58,"column":4},"end":{"line":60,"column":5}},"type":"if","locations":[{"start":{"line":58,"column":4},"end":{"line":60,"column":5}},{"start":{},"end":{}}]},"7":{"loc":{"start":{"line":75,"column":8},"end":{"line":77,"column":9}},"type":"if","locations":[{"start":{"line":75,"column":8},"end":{"line":77,"column":9}},{"start":{},"end":{}}]},"8":{"loc":{"start":{"line":82,"column":8},"end":{"line":84,"column":9}},"type":"if","locations":[{"start":{"line":82,"column":8},"end":{"line":84,"column":9}},{"start":{},"end":{}}]},"9":{"loc":{"start":{"line":95,"column":4},"end":{"line":100,"column":5}},"type":"if","locations":[{"start":{"line":95,"column":4},"end":{"line":100,"column":5}},{"start":{},"end":{}}]},"10":{"loc":{"start":{"line":97,"column":6},"end":{"line":99,"column":7}},"type":"if","locations":[{"start":{"line":97,"column":6},"end":{"line":99,"column":7}},{"start":{},"end":{}}]},"11":{"loc":{"start":{"line":103,"column":4},"end":{"line":108,"column":5}},"type":"if","locations":[{"start":{"line":103,"column":4},"end":{"line":108,"column":5}},{"start":{},"end":{}}]},"12":{"loc":{"start":{"line":105,"column":6},"end":{"line":107,"column":7}},"type":"if","locations":[{"start":{"line":105,"column":6},"end":{"line":107,"column":7}},{"start":{},"end":{}}]}},"s":{"0":0,"1":0,"2":0,"3":0,"4":0,"5":0,"6":0,"7":0,"8":0,"9":0,"10":0,"11":0,"12":0,"13":0,"14":0,"15":0,"16":0,"17":0,"18":0,"19":0,"20":0,"21":0,"22":0,"23":0,"24":0,"25":0,"26":0,"27":0,"28":0,"29":0,"30":0,"31":0,"32":0,"33":0,"34":0,"35":0,"36":0,"37":0,"38":0,"39":0,"40":0,"41":0,"42":0,"43":0,"44":0,"45":0,"46":0,"47":0,"48":0,"49":0,"50":0,"51":0,"52":0,"53":0,"54":0},"f":{"0":0,"1":0,"2":0,"3":0,"4":0,"5":0,"6":0,"7":0},"b":{"0":[0,0],"1":[0,0],"2":[0,0],"3":[0,0],"4":[0,0],"5":[0,0],"6":[0,0],"7":[0,0],"8":[0,0],"9":[0,0],"10":[0,0],"11":[0,0],"12":[0,0]}}
[...]
olumn":11},"end":{"line":184,"column":5}},"99":{"start":{"line":165,"column":6},"end":{"line":165,"column":27}},"100":{"start":{"line":166,"column":6},"end":{"line":166,"column":10}},"101":{"start":{"line":167,"column":11},"end":{"line":184,"column":5}},"102":{"start":{"line":168,"column":6},"end":{"line":168,"column":19}},"103":{"start":{"line":169,"column":6},"end":{"line":169,"column":27}},"104":{"start":{"line":170,"column":6},"end":{"line":170,"column":10}},"105":{"start":{"line":171,"column":11},"end":{"line":184,"column":5}},"106":{"start":{"line":172,"column":6},"end":{"line":174,"column":7}},"107":{"start":{"line":173,"column":8},"end":{"line":173,"column":50}},"108":{"start":{"line":175,"column":6},"end":{"line":175,"column":19}},"109":{"start":{"line":176,"column":6},"end":{"line":176,"column":10}},"110":{"start":{"line":177,"column":11},"end":{"line":184,"column":5}},"111":{"start":{"line":178,"column":6},"end":{"line":180,"column":7}},"112":{"start":{"line":179,"column":8},"end":{"line":179,"column":14}},"113":{"start":{"line":181,"column":6},"end":{"line":181,"column":12}},"114":{"start":{"line":183,"column":6},"end":{"line":183,"column":12}},"115":{"start":{"line":187,"column":14},"end":{"line":187,"column":15}},"116":{"start":{"line":188,"column":2},"end":{"line":190,"column":3}},"117":{"start":{"line":189,"column":4},"end":{"line":189,"column":46}},"118":{"start":{"line":191,"column":2},"end":{"line":193,"column":3}},"119":{"start":{"line":192,"column":4},"end":{"line":192,"column":46}},"120":{"start":{"line":195,"column":2},"end":{"line":197,"column":3}},"121":{"start":{"line":196,"column":4},"end":{"line":196,"column":46}},"122":{"start":{"line":198,"column":2},"end":{"line":200,"column":3}},"123":{"start":{"line":199,"column":4},"end":{"line":199,"column":46}},"124":{"start":{"line":202,"column":2},"end":{"line":206,"column":3}},"125":{"start":{"line":203,"column":4},"end":{"line":205,"column":5}},"126":{"start":{"line":204,"column":6},"end":{"line":204,"column":48}},"127":{"start":{"line":208,"column":2},"end":{"line":208,"column":37}},"128":{"start":{"line":212,"column":2},"end":{"line":212,"column":30}},"129":{"start":{"line":216,"column":2},"end":{"line":216,"column":58}},"130":{"start":{"line":220,"column":2},"end":{"line":220,"column":35}},"131":{"start":{"line":224,"column":2},"end":{"line":224,"column":34}},"132":{"start":{"line":228,"column":2},"end":{"line":228,"column":36}},"133":{"start":{"line":232,"column":2},"end":{"line":232,"column":75}},"134":{"start":{"line":236,"column":2},"end":{"line":236,"column":36}}},"fnMap":{"0":{"name":"redactGeneric","decl":{"start":{"line":7,"column":16},"end":{"line":7,"column":29}},"loc":{"start":{"line":7,"column":39},"end":{"line":57,"column":1}}},"1":{"name":"scanEmailAt","decl":{"start":{"line":59,"column":9},"end":{"line":59,"column":20}},"loc":{"start":{"line":59,"column":43},"end":{"line":135,"column":1}}},"2":{"name":"scanPhoneAt","decl":{"start":{"line":137,"column":9},"end":{"line":137,"column":20}},"loc":{"start":{"line":141,"column":19},"end":{"line":209,"column":1}}},"3":{"name":"isDigit","decl":{"start":{"line":211,"column":9},"end":{"line":211,"column":16}},"loc":{"start":{"line":211,"column":26},"end":{"line":213,"column":1}}},"4":{"name":"isLetter","decl":{"start":{"line":215,"column":9},"end":{"line":215,"column":17}},"loc":{"start":{"line":215,"column":27},"end":{"line":217,"column":1}}},"5":{"name":"isAlphaNum","decl":{"start":{"line":219,"column":9},"end":{"line":219,"column":19}},"loc":{"start":{"line":219,"column":29},"end":{"line":221,"column":1}}},"6":{"name":"isAlphaUnderscore","decl":{"start":{"line":223,"column":9},"end":{"line":223,"column":26}},"loc":{"start":{"line":223,"column":36},"end":{"line":225,"column":1}}},"7":{"name":"isAlphaNumUnderscore","decl":{"start":{"line":227,"column":9},"end":{"line":227,"column":29}},"loc":{"start":{"line":227,"column":39},"end":{"line":229,"column":1}}},"8":{"name":"isEmailLocalChar","decl":{"start":{"line":231,"column":9},"end":{"line":231,"column":25}},"loc":{"start":{"line":231,"column":35},"end":{"line":233,"column":1}}},"9":{"name":"isDomainLabelChar","decl":{"start":{"line":235,"column":9},"end":{"line":235,"column":26}},"loc":{"start":{"line":235,"column":36},"end":{"line":237,"column":1}}}},"branchMap":{"0":{"loc":{"start":{"line":8,"column":2},"end":{"line":10,"column":3}},"type":"if","locations":[{"start":{"line":8,"column":2},"end":{"line":10,"column":3}},{"start":{},"end":{}}]},"1":{"loc":{"start":{"line":19,"column":4},"end":{"line":30,"column":5}},"type":"if","locations":[{"start":{"line":19,"column":4},"end":{"line":30,"column":5}},{"start":{},"end":{}}]},"2":{"loc":{"start":{"line":21,"column":6},"end":{"line":29,"column":7}},"type":"if","locations":[{"start":{"line":21,"column":6},"end":{"line":29,"column":7}},{"start":{},"end":{}}]},"3":{"loc":{"start":{"line":22,"column":8},"end":{"line":24,"column":9}},"type":"if","locations":[{"start":{"line":22,"column":8},"end":{"line":24,"column":9}},{"start":{},"end":{}}]},"4":{"loc":{"start":{"line":32,"column":4},"end":{"line":43,"column":5}},"type":"if","locations":[{"start":{"line":32,"column":4},"end":{"line":43,"column":5}},{"start":{},"end":{}}]},"5":{"loc":{"start":{"line":32,"column":8},"end":{"line":32,"column":31}},"type":"binary-expr","locations":[{"start":{"line":32,"column":8},"end":{"line":32,"column":17}},{"start":{"line":32,"column":21},"end":{"line":32,"column":31}}]},"6":{"loc":{"start":{"line":34,"column":6},"end":{"line":42,"column":7}},"type":"if","locations":[{"start":{"line":34,"column":6},"end":{"line":42,"column":7}},{"start":{},"end":{}}]},"7":{"loc":{"start":{"line":35,"column":8},"end":{"line":37,"column":9}},"type":"if","locations":[{"start":{"line":35,"column":8},"end":{"line":37,"column":9}},{"start":{},"end":{}}]},"8":{"loc":{"start":{"line":48,"column":2},"end":{"line":50,"column":3}},"type":"if","locations":[{"start":{"line":48,"column":2},"end":{"line":50,"column":3}},{"start":{},"end":{}}]},"9":{"loc":{"start":{"line":52,"column":2},"end":{"line":54,"column":3}},"type":"if","locations":[{"start":{"line":52,"column":2},"end":{"line":54,"column":3}},{"start":{},"end":{}}]},"10":{"loc":{"start":{"line":61,"column":2},"end":{"line":63,"column":3}},"type":"if","locations":[{"start":{"line":61,"column":2},"end":{"line":63,"column":3}},{"start":{},"end":{}}]},"11":{"loc":{"start":{"line":61,"column":6},"end":{"line":61,"column":30}},"type":"binary-expr","locations":[{"start":{"line":61,"column":6},"end":{"line":61,"column":14}},{"start":{"line":61,"column":18},"end":{"line":61,"column":30}}]},"12":{"loc":{"start":{"line":67,"column":9},"end":{"line":67,"column":41}},"type":"binary-expr","locations":[{"start":{"line":67,"column":9},"end":{"line":67,"column":15}},{"start":{"line":67,"column":19},"end":{"line":67,"column":41}}]},"13":{"loc":{"start":{"line":73,"column":2},"end":{"line":75,"column":3}},"type":"if","locations":[{"start":{"line":73,"column":2},"end":{"line":75,"column":3}},{"start":{},"end":{}}]},"14":{"loc":{"start":{"line":78,"column":2},"end":{"line":80,"column":3}},"type":"if","locations":[{"start":{"line":78,"column":2},"end":{"line":80,"column":3}},{"start":{},"end":{}}]},"15":{"loc":{"start":{"line":78,"column":6},"end":{"line":78,"column":54}},"type":"binary-expr","locations":[{"start":{"line":78,"column":6},"end":{"line":78,"column":27}},{"start":{"line":78,"column":31},"end":{"line":78,"column":54}}]},"16":{"loc":{"start":{"line":83,"column":4},"end":{"line":85,"column":5}},"type":"if","locations":[{"start":{"line":83,"column":4},"end":{"line":85,"column":5}},{"start":{},"end":{}}]},"17":{"loc":{"start":{"line":83,"column":8},"end":{"line":83,"column":40}},"type":"binary-expr","locations":[{"start":{"line":83,"column":8},"end":{"line":83,"column":20}},{"start":{"line":83,"column":24},"end":{"line":83,"column":40}}]},"18":{"loc":{"start":{"line":96,"column":4},"end":{"line":100,"column":5}},"type":"if","locations":[{"start":{"line":96,"column":4},"end":{"line":100,"column":5}},{"start":{},"end":{}}]},"19":{"loc":{"start":{"line":101,"column":4},"end":{"line":110,"column":5}},"type":"if","locations":[{"start":{"line":101,"column":4},"end":{"line":110,"column":5}},{"start":{},"end":{}}]},"20":{"loc":{"start":{"line":102,"column":6},"end":{"line":104,"column":7}},"type":"if","locations":[{"start":{"line":102,"column":6},"end":{"line":104,"column":7}},{"start":{},"end":{}}]},"21":{"loc":{"start":{"line":102,"column":10},"end":{"line":102,"column":44}},"type":"binary-expr","locations":[{"start":{"line":102,"column":10},"end":{"line":102,"column":24}},{"start":{"line":102,"column":28},"end":{"line":102,"column":44}}]},"22":{"loc":{"start":{"line":115,"column":2},"end":{"line":117,"column":3}},"type":"if","locations":[{"start":{"line":115,"column":2},"end":{"line":117,"column":3}},{"start":{},"end":{}}]},"23":{"loc":{"start":{"line":115,"column":6},"end":{"line":115,"column":48}},"type":"binary-expr","locations":[{"start":{"line":115,"column":6},"end":{"line":115,"column":20}},{"start":{"line":115,"column":24},"end":{"line":115,"column":48}}]},"24":{"loc":{"start":{"line":118,"column":2},"end":{"line":120,"column":3}},"type":"if","locations":[{"start":{"line":118,"column":2},"end":{"line":120,"column":3}},{"start":{},"end":{}}]},"25":{"loc":{"start":{"line":122,"column":2},"end":{"line":124,"column":3}},"type":"if","locations":[{"start":{"line":122,"column":2},"end":{"line":124,"column":3}},{"start":{},"end":{}}]},"26":{"loc":{"start":{"line":122,"column":6},"end":{"line":122,"column":80}},"type":"binary-expr","locations":[{"start":{"line":122,"column":6},"end":{"line":122,"column":17}},{"start":{"line":122,"column":21},"end":{"line":122,"column":48}},{"start":{"line":122,"column":52},"end":{"line":122,"column":80}}]},"27":{"loc":{"start":{"line":127,"column":2},"end":{"line":129,"column":3}},"type":"if","locations":[{"start":{"line":127,"column":2},"end":{"line":129,"column":3}},{"start":{},"end":{}}]},"28":{"loc":{"start":{"line":127,"column":6},"end":{"line":127,"column":63}},"type":"binary-expr","locations":[{"start":{"line":127,"column":6},"end":{"line":127,"column":20}},{"start":{"line":127,"column":24},"end":{"line":127,"column":63}}]},"29":{"loc":{"start":{"line":130,"column":2},"end":{"line":132,"column":3}},"type":"if","locations":[{"start":{"line":130,"column":2},"end":{"line":132,"column":3}},{"start":{},"end":{}}]},"30":{"loc":{"start":{"line":130,"column":6},"end":{"line":130,"column":57}},"type":"binary-expr","locations":[{"start":{"line":130,"column":6},"end":{"line":130,"column":19}},{"start":{"line":130,"column":23},"end":{"line":130,"column":57}}]},"31":{"loc":{"start":{"line":151,"column":2},"end":{"line":157,"column":3}},"type":"if","locations":[{"start":{"line":151,"column":2},"end":{"line":157,"column":3}},{"start":{},"end":{}}]},"32":{"loc":{"start":{"line":154,"column":4},"end":{"line":156,"column":5}},"type":"if","locations":[{"start":{"line":154,"column":4},"end":{"line":156,"column":5}},{"start":{},"end":{}}]},"33":{"loc":{"start":{"line":161,"column":4},"end":{"line":184,"column":5}},"type":"if","locations":[{"start":{"line":161,"column":4},"end":{"line":184,"column":5}},{"start":{"line":164,"column":11},"end":{"line":184,"column":5}}]},"34":{"loc":{"start":{"line":164,"column":11},"end":{"line":184,"column":5}},"type":"if","locations":[{"start":{"line":164,"column":11},"end":{"line":184,"column":5}},{"start":{"line":167,"column":11},"end":{"line":184,"column":5}}]},"35":{"loc":{"start":{"line":164,"column":15},"end":{"line":164,"column":53}},"type":"binary-expr","locations":[{"start":{"line":164,"column":15},"end":{"line":164,"column":25}},{"start":{"line":164,"column":29},"end":{"line":164,"column":39}},{"start":{"line":164,"column":43},"end":{"line":164,"column":53}}]},"36":{"loc":{"start":{"line":167,"column":11},"end":{"line":184,"column":5}},"type":"if","locations":[{"start":{"line":167,"column":11},"end":{"line":184,"column":5}},{"start":{"line":171,"column":11},"end":{"line":184,"column":5}}]},"37":{"loc":{"start":{"line":171,"column":11},"end":{"line":184,"column":5}},"type":"if","locations":[{"start":{"line":171,"column":11},"end":{"line":184,"column":5}},{"start":{"line":177,"column":11},"end":{"line":184,"column":5}}]},"38":{"loc":{"start":{"line":172,"column":6},"end":{"line":174,"column":7}},"type":"if","locations":[{"start":{"line":172,"column":6},"end":{"line":174,"column":7}},{"start":{},"end":{}}]},"39":{"loc":{"start":{"line":177,"column":11},"end":{"line":184,"column":5}},"type":"if","locations":[{"start":{"line":177,"column":11},"end":{"line":184,"column":5}},{"start":{"line":182,"column":11},"end":{"line":184,"column":5}}]},"40":{"loc":{"start":{"line":177,"column":15},"end":{"line":177,"column":39}},"type":"binary-expr","locations":[{"start":{"line":177,"column":15},"end":{"line":177,"column":25}},{"start":{"line":177,"column":29},"end":{"line":177,"column":39}}]},"41":{"loc":{"start":{"line":178,"column":6},"end":{"line":180,"column":7}},"type":"if","locations":[{"start":{"line":178,"column":6},"end":{"line":180,"column":7}},{"start":{},"end":{}}]},"42":{"loc":{"start":{"line":188,"column":2},"end":{"line":190,"column":3}},"type":"if","locations":[{"start":{"line":188,"column":2},"end":{"line":190,"column":3}},{"start":{},"end":{}}]},"43":{"loc":{"start":{"line":191,"column":2},"end":{"line":193,"column":3}},"type":"if","locations":[{"start":{"line":191,"column":2},"end":{"line":193,"column":3}},{"start":{},"end":{}}]},"44":{"loc":{"start":{"line":191,"column":6},"end":{"line":191,"column":54}},"type":"binary-expr","locations":[{"start":{"line":191,"column":6},"end":{"line":191,"column":28}},{"start":{"line":191,"column":32},"end":{"line":191,"column":54}}]},"45":{"loc":{"start":{"line":195,"column":2},"end":{"line":197,"column":3}},"type":"if","locations":[{"start":{"line":195,"column":2},"end":{"line":197,"column":3}},{"start":{},"end":{}}]},"46":{"loc":{"start":{"line":195,"column":6},"end":{"line":195,"column":50}},"type":"binary-expr","locations":[{"start":{"line":195,"column":6},"end":{"line":195,"column":15}},{"start":{"line":195,"column":19},"end":{"line":195,"column":50}}]},"47":{"loc":{"start":{"line":198,"column":2},"end":{"line":200,"column":3}},"type":"if","locations":[{"start":{"line":198,"column":2},"end":{"line":200,"column":3}},{"start":{},"end":{}}]},"48":{"loc":{"start":{"line":198,"column":6},"end":{"line":198,"column":42}},"type":"binary-expr","locations":[{"start":{"line":198,"column":6},"end":{"line":198,"column":13}},{"start":{"line":198,"column":17},"end":{"line":198,"column":42}}]},"49":{"loc":{"start":{"line":202,"column":2},"end":{"line":206,"column":3}},"type":"if","locations":[{"start":{"line":202,"column":2},"end":{"line":206,"column":3}},{"start":{},"end":{}}]},"50":{"loc":{"start":{"line":202,"column":6},"end":{"line":202,"column":53}},"type":"binary-expr","locations":[{"start":{"line":202,"column":6},"end":{"line":202,"column":20}},{"start":{"line":202,"column":24},"end":{"line":202,"column":33}},{"start":{"line":202,"column":37},"end":{"line":202,"column":53}}]},"51":{"loc":{"start":{"line":203,"column":4},"end":{"line":205,"column":5}},"type":"if","locations":[{"start":{"line":203,"column":4},"end":{"line":205,"column":5}},{"start":{},"end":{}}]},"52":{"loc":{"start":{"line":203,"column":10},"end":{"line":203,"column":67}},"type":"binary-expr","locations":[{"start":{"line":203,"column":10},"end":{"line":203,"column":23}},{"start":{"line":203,"column":27},"end":{"line":203,"column":43}},{"start":{"line":203,"column":47},"end":{"line":203,"column":67}}]},"53":{"loc":{"start":{"line":212,"column":9},"end":{"line":212,"column":29}},"type":"binary-expr","locations":[{"start":{"line":212,"column":9},"end":{"line":212,"column":17}},{"start":{"line":212,"column":21},"end":{"line":212,"column":29}}]},"54":{"loc":{"start":{"line":216,"column":9},"end":{"line":216,"column":57}},"type":"binary-expr","locations":[{"start":{"line":216,"column":10},"end":{"line":216,"column":18}},{"start":{"line":216,"column":22},"end":{"line":216,"column":30}},{"start":{"line":216,"column":36},"end":{"line":216,"column":44}},{"start":{"line":216,"column":48},"end":{"line":216,"column":56}}]},"55":{"loc":{"start":{"line":220,"column":9},"end":{"line":220,"column":34}},"type":"binary-expr","locations":[{"start":{"line":220,"column":9},"end":{"line":220,"column":20}},{"start":{"line":220,"column":24},"end":{"line":220,"column":34}}]},"56":{"loc":{"start":{"line":224,"column":9},"end":{"line":224,"column":33}},"type":"binary-expr","locations":[{"start":{"line":224,"column":9},"end":{"line":224,"column":20}},{"start":{"line":224,"column":24},"end":{"line":224,"column":33}}]},"57":{"loc":{"start":{"line":228,"column":9},"end":{"line":228,"column":35}},"type":"binary-expr","locations":[{"start":{"line":228,"column":9},"end":{"line":228,"column":22}},{"start":{"line":228,"column":26},"end":{"line":228,"column":35}}]},"58":{"loc":{"start":{"line":232,"column":9},"end":{"line":232,"column":74}},"type":"binary-expr","locations":[{"start":{"line":232,"column":9},"end":{"line":232,"column":18}},{"start":{"line":232,"column":22},"end":{"line":232,"column":31}},{"start":{"line":232,"column":35},"end":{"line":232,"column":44}},{"start":{"line":232,"column":48},"end":{"line":232,"column":57}},{"start":{"line":232,"column":61},"end":{"line":232,"column":74}}]},"59":{"loc":{"start":{"line":236,"column":9},"end":{"line":236,"column":35}},"type":"binary-expr","locations":[{"start":{"line":236,"column":9},"end":{"line":236,"column":22}},{"start":{"line":236,"column":26},"end":{"line":236,"column":35}}]}},"s":{"0":0,"1":0,"2":0,"3":0,"4":0,"5":0,"6":0,"7":0,"8":0,"9":0,"10":0,"11":0,"12":0,"13":0,"14":0,"15":0,"16":0,"17":0,"18":0,"19":0,"20":0,"21":0,"22":0,"23":0,"24":0,"25":0,"26":0,"27":0,"28":0,"29":0,"30":0,"31":0,"32":0,"33":0,"34":0,"35":0,"36":0,"37":0,"38":0,"39":0,"40":0,"41":0,"42":0,"43":0,"44":0,"45":0,"46":0,"47":0,"48":0,"49":0,"50":0,"51":0,"52":0,"53":0,"54":0,"55":0,"56":0,"57":0,"58":0,"59":0,"60":0,"61":0,"62":0,"63":0,"64":0,"65":0,"66":0,"67":0,"68":0,"69":0,"70":0,"71":0,"72":0,"73":0,"74":0,"75":0,"76":0,"77":0,"78":0,"79":0,"80":0,"81":0,"82":0,"83":0,"84":0,"85":0,"86":0,"87":0,"88":0,"89":0,"90":0,"91":0,"92":0,"93":0,"94":0,"95":0,"96":0,"97":0,"98":0,"99":0,"100":0,"101":0,"102":0,"103":0,"104":0,"105":0,"106":0,"107":0,"108":0,"109":0,"110":0,"111":0,"112":0,"113":0,"114":0,"115":0,"116":0,"117":0,"118":0,"119":0,"120":0,"121":0,"122":0,"123":0,"124":0,"125":0,"126":0,"127":0,"128":0,"129":0,"130":0,"131":0,"132":0,"133":0,"134":0},"f":{"0":0,"1":0,"2":0,"3":0,"4":0,"5":0,"6":0,"7":0,"8":0,"9":0},"b":{"0":[0,0],"1":[0,0],"2":[0,0],"3":[0,0],"4":[0,0],"5":[0,0],"6":[0,0],"7":[0,0],"8":[0,0],"9":[0,0],"10":[0,0],"11":[0,0],"12":[0,0],"13":[0,0],"14":[0,0],"15":[0,0],"16":[0,0],"17":[0,0],"18":[0,0],"19":[0,0],"20":[0,0],"21":[0,0],"22":[0,0],"23":[0,0],"24":[0,0],"25":[0,0],"26":[0,0,0],"27":[0,0],"28":[0,0],"29":[0,0],"30":[0,0],"31":[0,0],"32":[0,0],"33":[0,0],"34":[0,0],"35":[0,0,0],"36":[0,0],"37":[0,0],"38":[0,0],"39":[0,0],"40":[0,0],"41":[0,0],"42":[0,0],"43":[0,0],"44":[0,0],"45":[0,0],"46":[0,0],"47":[0,0],"48":[0,0],"49":[0,0],"50":[0,0,0],"51":[0,0],"52":[0,0,0],"53":[0,0],"54":[0,0,0,0],"55":[0,0],"56":[0,0],"57":[0,0],"58":[0,0,0,0,0],"59":[0,0]}}
,"/home/runner/work/gs-mcp-proxy-pii-redactor/gs-mcp-proxy-pii-redactor/src/utils/math.ts": {"path":"/home/runner/work/gs-mcp-proxy-pii-redactor/gs-mcp-proxy-pii-redactor/src/utils/math.ts","statementMap":{"0":{"start":{"line":1,"column":0},"end":{"line":1,"column":16}},"1":{"start":{"line":2,"column":2},"end":{"line":2,"column":15}}},"fnMap":{"0":{"name":"addTwoNumbers","decl":{"start":{"line":1,"column":16},"end":{"line":1,"column":29}},"loc":{"start":{"line":1,"column":50},"end":{"line":3,"column":1}}}},"branchMap":{},"s":{"0":1,"1":1},"f":{"0":1},"b":{}}
}
