{"total": {"lines":{"total":721,"covered":314,"skipped":0,"pct":43.55},"statements":{"total":739,"covered":324,"skipped":0,"pct":43.84},"functions":{"total":89,"covered":38,"skipped":0,"pct":42.69},"branches":{"total":453,"covered":228,"skipped":0,"pct":50.33},"branchesTrue":{"total":0,"covered":0,"skipped":0,"pct":100}}
,"/home/runner/work/gs-mcp-proxy-pii-redactor/gs-mcp-proxy-pii-redactor/src/app.controller.ts": {"lines":{"total":67,"covered":0,"skipped":0,"pct":0},"functions":{"total":5,"covered":0,"skipped":0,"pct":0},"statements":{"total":69,"covered":0,"skipped":0,"pct":0},"branches":{"total":44,"covered":0,"skipped":0,"pct":0}}
,"/home/runner/work/gs-mcp-proxy-pii-redactor/gs-mcp-proxy-pii-redactor/src/config/config.service.ts": {"lines":{"total":50,"covered":50,"skipped":0,"pct":100},"functions":{"total":6,"covered":6,"skipped":0,"pct":100},"statements":{"total":52,"covered":52,"skipped":0,"pct":100},"branches":{"total":43,"covered":43,"skipped":0,"pct":100}}
,"/home/runner/work/gs-mcp-proxy-pii-redactor/gs-mcp-proxy-pii-redactor/src/mcp/mcp-client-wrapper.ts": {"lines":{"total":194,"covered":0,"skipped":0,"pct":0},"functions":{"total":27,"covered":0,"skipped":0,"pct":0},"statements":{"total":196,"covered":0,"skipped":0,"pct":0},"branches":{"total":111,"covered":0,"skipped":0,"pct":0}}
,"/home/runner/work/gs-mcp-proxy-pii-redactor/gs-mcp-proxy-pii-redactor/src/mcp/mcp-server.service.ts": {"lines":{"total":79,"covered":0,"skipped":0,"pct":0},"functions":{"total":12,"covered":0,"skipped":0,"pct":0},"statements":{"total":81,"covered":0,"skipped":0,"pct":0},"branches":{"total":29,"covered":0,"skipped":0,"pct":0}}
,"/home/runner/work/gs-mcp-proxy-pii-redactor/gs-mcp-proxy-pii-redactor/src/redaction/audit-logger.ts": {"lines":{"total":38,"covered":0,"skipped":0,"pct":0},"functions":{"total":5,"covered":0,"skipped":0,"pct":0},"statements":{"total":39,"covered":0,"skipped":0,"pct":0},"branches":{"total":12,"covered":0,"skipped":0,"pct":0}}
,"/home/runner/work/gs-mcp-proxy-pii-redactor/gs-mcp-proxy-pii-redactor/src/redaction/matcher.ts": {"lines":{"total":52,"covered":51,"skipped":0,"pct":98.07},"functions":{"total":8,"covered":8,"skipped":0,"pct":100},"statements":{"total":55,"covered":54,"skipped":0,"pct":98.18},"branches":{"total":26,"covered":25,"skipped":0,"pct":96.15}}
,"/home/runner/work/gs-mcp-proxy-pii-redactor/gs-mcp-proxy-pii-redactor/src/redaction/redaction.service.ts": {"lines":{"total":107,"covered":98,"skipped":0,"pct":91.58},"functions":{"total":16,"covered":14,"skipped":0,"pct":87.5},"statements":{"total":112,"covered":102,"skipped":0,"pct":91.07},"branches":{"total":59,"covered":53,"skipped":0,"pct":89.83}}
,"/home/runner/work/gs-mcp-proxy-pii-redactor/gs-mcp-proxy-pii-redactor/src/redaction/scanner-generic.ts": {"lines":{"total":134,"covered":115,"skipped":0,"pct":85.82},"functions":{"total":10,"covered":10,"skipped":0,"pct":100},"statements":{"total":135,"covered":116,"skipped":0,"pct":85.92},"branches":{"total":129,"covered":107,"skipped":0,"pct":82.94}}
}
