{"total": {"lines":{"total":783,"covered":484,"skipped":0,"pct":61.81},"statements":{"total":803,"covered":496,"skipped":0,"pct":61.76},"functions":{"total":89,"covered":61,"skipped":0,"pct":68.53},"branches":{"total":512,"covered":271,"skipped":0,"pct":52.92},"branchesTrue":{"total":0,"covered":0,"skipped":0,"pct":100}}
,"/home/runner/work/gs-mcp-proxy-pii-redactor/gs-mcp-proxy-pii-redactor/src/app.controller.ts": {"lines":{"total":70,"covered":36,"skipped":0,"pct":51.42},"functions":{"total":5,"covered":5,"skipped":0,"pct":100},"statements":{"total":72,"covered":38,"skipped":0,"pct":52.77},"branches":{"total":44,"covered":16,"skipped":0,"pct":36.36}}
,"/home/runner/work/gs-mcp-proxy-pii-redactor/gs-mcp-proxy-pii-redactor/src/config/config.service.ts": {"lines":{"total":52,"covered":41,"skipped":0,"pct":78.84},"functions":{"total":6,"covered":6,"skipped":0,"pct":100},"statements":{"total":54,"covered":43,"skipped":0,"pct":79.62},"branches":{"total":43,"covered":25,"skipped":0,"pct":58.13}}
,"/home/runner/work/gs-mcp-proxy-pii-redactor/gs-mcp-proxy-pii-redactor/src/mcp/mcp-client-wrapper.ts": {"lines":{"total":202,"covered":103,"skipped":0,"pct":50.99},"functions":{"total":27,"covered":16,"skipped":0,"pct":59.25},"statements":{"total":204,"covered":104,"skipped":0,"pct":50.98},"branches":{"total":113,"covered":34,"skipped":0,"pct":30.08}}
,"/home/runner/work/gs-mcp-proxy-pii-redactor/gs-mcp-proxy-pii-redactor/src/mcp/mcp-server.service.ts": {"lines":{"total":103,"covered":85,"skipped":0,"pct":82.52},"functions":{"total":12,"covered":10,"skipped":0,"pct":83.33},"statements":{"total":105,"covered":87,"skipped":0,"pct":82.85},"branches":{"total":49,"covered":34,"skipped":0,"pct":69.38}}
,"/home/runner/work/gs-mcp-proxy-pii-redactor/gs-mcp-proxy-pii-redactor/src/redaction/audit-logger.ts": {"lines":{"total":38,"covered":5,"skipped":0,"pct":13.15},"functions":{"total":5,"covered":0,"skipped":0,"pct":0},"statements":{"total":39,"covered":5,"skipped":0,"pct":12.82},"branches":{"total":12,"covered":0,"skipped":0,"pct":0}}
,"/home/runner/work/gs-mcp-proxy-pii-redactor/gs-mcp-proxy-pii-redactor/src/redaction/matcher.ts": {"lines":{"total":74,"covered":58,"skipped":0,"pct":78.37},"functions":{"total":8,"covered":8,"skipped":0,"pct":100},"statements":{"total":79,"covered":59,"skipped":0,"pct":74.68},"branches":{"total":61,"covered":34,"skipped":0,"pct":55.73}}
,"/home/runner/work/gs-mcp-proxy-pii-redactor/gs-mcp-proxy-pii-redactor/src/redaction/redaction.service.ts": {"lines":{"total":110,"covered":40,"skipped":0,"pct":36.36},"functions":{"total":16,"covered":6,"skipped":0,"pct":37.5},"statements":{"total":115,"covered":43,"skipped":0,"pct":37.39},"branches":{"total":61,"covered":25,"skipped":0,"pct":40.98}}
,"/home/runner/work/gs-mcp-proxy-pii-redactor/gs-mcp-proxy-pii-redactor/src/redaction/scanner-generic.ts": {"lines":{"total":134,"covered":116,"skipped":0,"pct":86.56},"functions":{"total":10,"covered":10,"skipped":0,"pct":100},"statements":{"total":135,"covered":117,"skipped":0,"pct":86.66},"branches":{"total":129,"covered":103,"skipped":0,"pct":79.84}}
}
