TN:
SF:src/app.controller.ts
FN:21,(anonymous_4)
FN:27,(anonymous_5)
FN:32,(anonymous_6)
FN:78,(anonymous_7)
FN:127,(anonymous_8)
FNF:5
FNH:5
FNDA:4,(anonymous_4)
FNDA:2,(anonymous_5)
FNDA:12,(anonymous_6)
FNDA:34,(anonymous_7)
FNDA:19,(anonymous_8)
DA:3,4
DA:14,4
DA:15,4
DA:18,4
DA:19,4
DA:22,4
DA:23,4
DA:27,4
DA:28,2
DA:32,4
DA:37,12
DA:38,12
DA:40,12
DA:41,1
DA:45,11
DA:49,0
DA:50,0
DA:51,0
DA:54,0
DA:55,0
DA:56,0
DA:60,11
DA:61,11
DA:63,0
DA:71,0
DA:72,0
DA:78,4
DA:83,34
DA:84,34
DA:86,34
DA:87,0
DA:88,0
DA:92,34
DA:96,0
DA:97,0
DA:98,0
DA:99,0
DA:102,0
DA:103,0
DA:104,0
DA:105,0
DA:109,34
DA:110,34
DA:112,0
DA:120,0
DA:121,0
DA:127,4
DA:132,19
DA:133,19
DA:135,19
DA:136,1
DA:140,18
DA:144,0
DA:145,0
DA:146,0
DA:149,0
DA:150,0
DA:151,0
DA:156,18
DA:157,18
DA:159,18
DA:160,4
DA:163,14
DA:164,14
DA:166,0
DA:169,0
DA:170,0
DA:176,0
DA:184,0
DA:185,0
LF:70
LH:36
BRDA:40,0,0,1
BRDA:40,0,1,11
BRDA:45,1,0,0
BRDA:45,1,1,11
BRDA:46,2,0,11
BRDA:46,2,1,0
BRDA:50,3,0,0
BRDA:50,3,1,0
BRDA:55,4,0,0
BRDA:55,4,1,0
BRDA:71,5,0,0
BRDA:71,5,1,0
BRDA:86,6,0,0
BRDA:86,6,1,34
BRDA:92,7,0,0
BRDA:92,7,1,34
BRDA:93,8,0,34
BRDA:93,8,1,0
BRDA:97,9,0,0
BRDA:97,9,1,0
BRDA:103,10,0,0
BRDA:103,10,1,0
BRDA:120,11,0,0
BRDA:120,11,1,0
BRDA:135,12,0,1
BRDA:135,12,1,18
BRDA:140,13,0,0
BRDA:140,13,1,18
BRDA:141,14,0,18
BRDA:141,14,1,0
BRDA:145,15,0,0
BRDA:145,15,1,0
BRDA:150,16,0,0
BRDA:150,16,1,0
BRDA:156,17,0,18
BRDA:156,17,1,0
BRDA:157,18,0,18
BRDA:157,18,1,0
BRDA:159,19,0,4
BRDA:159,19,1,14
BRDA:163,20,0,14
BRDA:163,20,1,0
BRDA:184,21,0,0
BRDA:184,21,1,0
BRF:44
BRH:16
end_of_record
TN:
SF:src/config/config.service.ts
FN:12,(anonymous_11)
FN:16,(anonymous_12)
FN:83,(anonymous_13)
FN:90,(anonymous_14)
FN:95,(anonymous_15)
FN:113,(anonymous_16)
FNF:6
FNH:6
FNDA:4,(anonymous_11)
FNDA:4,(anonymous_12)
FNDA:69,(anonymous_13)
FNDA:6,(anonymous_14)
FNDA:4,(anonymous_15)
FNDA:6,(anonymous_16)
DA:1,4
DA:2,4
DA:3,4
DA:5,4
DA:7,4
DA:12,4
DA:13,4
DA:14,4
DA:20,4
DA:21,0
DA:22,0
DA:25,0
DA:26,0
DA:29,4
DA:32,4
DA:33,4
DA:34,4
DA:41,4
DA:42,0
DA:45,4
DA:46,0
DA:50,4
DA:51,4
DA:54,6
DA:55,6
DA:61,4
DA:62,4
DA:63,6
DA:64,0
DA:66,6
DA:71,4
DA:72,0
DA:75,4
DA:80,4
DA:84,69
DA:85,0
DA:87,69
DA:91,6
DA:93,6
DA:94,6
DA:95,4
DA:96,4
DA:97,4
DA:98,0
DA:106,4
DA:108,4
DA:114,6
DA:115,0
DA:117,6
DA:121,6
DA:123,6
DA:124,6
LF:52
LH:41
BRDA:16,0,0,0
BRDA:20,1,0,0
BRDA:20,1,1,4
BRDA:20,2,0,4
BRDA:20,2,1,4
BRDA:22,3,0,0
BRDA:22,3,1,0
BRDA:29,4,0,4
BRDA:29,4,1,0
BRDA:41,5,0,0
BRDA:41,5,1,4
BRDA:45,6,0,0
BRDA:45,6,1,4
BRDA:50,7,0,4
BRDA:50,7,1,0
BRDA:54,8,0,6
BRDA:54,8,1,0
BRDA:61,9,0,4
BRDA:61,9,1,0
BRDA:63,10,0,0
BRDA:63,10,1,6
BRDA:71,11,0,0
BRDA:71,11,1,4
BRDA:77,12,0,4
BRDA:77,12,1,0
BRDA:84,13,0,0
BRDA:84,13,1,69
BRDA:94,14,0,4
BRDA:94,14,1,2
BRDA:97,15,0,0
BRDA:97,15,1,4
BRDA:114,16,0,0
BRDA:114,16,1,6
BRDA:114,17,0,6
BRDA:114,17,1,6
BRDA:117,18,0,6
BRDA:117,18,1,0
BRDA:118,19,0,6
BRDA:118,19,1,6
BRDA:123,20,0,6
BRDA:123,20,1,0
BRDA:123,21,0,6
BRDA:123,21,1,6
BRF:43
BRH:25
end_of_record
TN:
SF:src/mcp/mcp-client-wrapper.ts
FN:32,(anonymous_9)
FN:41,(anonymous_10)
FN:105,(anonymous_11)
FN:115,(anonymous_12)
FN:141,(anonymous_13)
FN:159,(anonymous_14)
FN:200,(anonymous_15)
FN:204,(anonymous_16)
FN:215,(anonymous_17)
FN:225,(anonymous_18)
FN:231,(anonymous_19)
FN:249,(anonymous_20)
FN:269,(anonymous_21)
FN:313,(anonymous_22)
FN:357,(anonymous_23)
FN:399,(anonymous_24)
FN:445,(anonymous_25)
FN:458,(anonymous_26)
FN:479,(anonymous_27)
FN:483,(anonymous_28)
FN:485,(anonymous_29)
FN:500,(anonymous_30)
FN:504,(anonymous_31)
FN:506,(anonymous_32)
FN:520,(anonymous_33)
FN:524,(anonymous_34)
FN:534,(anonymous_35)
FNF:27
FNH:16
FNDA:6,(anonymous_9)
FNDA:6,(anonymous_10)
FNDA:0,(anonymous_11)
FNDA:0,(anonymous_12)
FNDA:0,(anonymous_13)
FNDA:6,(anonymous_14)
FNDA:6,(anonymous_15)
FNDA:0,(anonymous_16)
FNDA:6,(anonymous_17)
FNDA:240,(anonymous_18)
FNDA:6,(anonymous_19)
FNDA:6,(anonymous_20)
FNDA:2,(anonymous_21)
FNDA:0,(anonymous_22)
FNDA:0,(anonymous_23)
FNDA:240,(anonymous_24)
FNDA:6,(anonymous_25)
FNDA:6,(anonymous_26)
FNDA:11,(anonymous_27)
FNDA:2,(anonymous_28)
FNDA:4,(anonymous_29)
FNDA:0,(anonymous_30)
FNDA:0,(anonymous_31)
FNDA:0,(anonymous_32)
FNDA:0,(anonymous_33)
FNDA:0,(anonymous_34)
FNDA:6,(anonymous_35)
DA:1,4
DA:2,4
DA:3,4
DA:4,4
DA:5,4
DA:7,4
DA:15,4
DA:18,4
DA:19,6
DA:20,6
DA:21,6
DA:28,6
DA:29,6
DA:30,6
DA:35,6
DA:37,6
DA:38,6
DA:43,6
DA:45,6
DA:50,6
DA:51,0
DA:52,0
DA:53,0
DA:54,0
DA:58,0
DA:61,0
DA:67,6
DA:69,0
DA:70,0
DA:72,0
DA:73,0
DA:75,6
DA:76,6
DA:78,0
DA:82,6
DA:97,6
DA:98,6
DA:100,6
DA:101,6
DA:106,0
DA:107,0
DA:109,0
DA:110,0
DA:112,0
DA:116,0
DA:117,0
DA:120,0
DA:123,0
DA:124,0
DA:126,0
DA:127,0
DA:130,0
DA:136,0
DA:137,0
DA:138,0
DA:142,0
DA:143,0
DA:146,0
DA:152,0
DA:154,0
DA:155,0
DA:156,0
DA:160,6
DA:161,0
DA:164,6
DA:166,6
DA:171,6
DA:172,6
DA:174,6
DA:175,6
DA:177,6
DA:188,6
DA:193,6
DA:195,6
DA:196,6
DA:197,6
DA:202,6
DA:204,6
DA:205,0
DA:206,0
DA:207,0
DA:210,0
DA:216,6
DA:217,0
DA:220,6
DA:221,6
DA:224,6
DA:225,240
DA:228,6
DA:232,6
DA:233,0
DA:236,6
DA:237,6
DA:238,6
DA:241,0
DA:242,0
DA:243,0
DA:245,0
DA:250,6
DA:251,0
DA:254,6
DA:255,6
DA:256,6
DA:259,0
DA:260,0
DA:263,0
DA:265,0
DA:274,2
DA:275,0
DA:278,2
DA:284,2
DA:285,0
DA:286,0
DA:287,0
DA:291,0
DA:292,0
DA:297,0
DA:298,0
DA:306,0
DA:310,2
DA:318,0
DA:319,0
DA:322,0
DA:328,0
DA:329,0
DA:330,0
DA:331,0
DA:335,0
DA:336,0
DA:341,0
DA:342,0
DA:350,0
DA:354,0
DA:361,0
DA:362,0
DA:365,0
DA:370,0
DA:371,0
DA:372,0
DA:373,0
DA:377,0
DA:378,0
DA:383,0
DA:384,0
DA:392,0
DA:396,0
DA:400,240
DA:401,240
DA:402,0
DA:405,240
DA:406,240
DA:408,240
DA:410,160
DA:411,152
DA:420,152
DA:422,8
DA:424,80
DA:425,4
DA:434,4
DA:436,76
DA:438,0
DA:441,0
DA:446,6
DA:447,0
DA:458,12
DA:462,6
DA:477,6
DA:479,6
DA:480,11
DA:483,6
DA:484,2
DA:485,4
DA:486,2
DA:487,0
DA:489,2
DA:490,2
DA:498,6
DA:500,6
DA:501,0
DA:504,6
DA:505,0
DA:506,0
DA:507,0
DA:508,0
DA:510,0
DA:511,0
DA:519,6
DA:520,6
DA:521,0
DA:524,6
DA:525,0
DA:531,6
DA:535,6
DA:536,6
DA:537,6
DA:541,6
DA:542,6
DA:543,6
DA:545,6
DA:548,6
DA:549,6
DA:550,6
LF:202
LH:103
BRDA:43,0,0,6
BRDA:43,0,1,0
BRDA:50,1,0,0
BRDA:50,1,1,6
BRDA:53,2,0,0
BRDA:53,2,1,0
BRDA:67,3,0,0
BRDA:67,3,1,0
BRDA:67,3,2,6
BRDA:67,3,3,0
BRDA:100,4,0,6
BRDA:100,4,1,0
BRDA:106,5,0,0
BRDA:106,5,1,0
BRDA:109,6,0,0
BRDA:109,6,1,0
BRDA:116,7,0,0
BRDA:116,7,1,0
BRDA:123,8,0,0
BRDA:123,8,1,0
BRDA:124,9,0,0
BRDA:124,9,1,0
BRDA:132,10,0,0
BRDA:132,10,1,0
BRDA:142,11,0,0
BRDA:142,11,1,0
BRDA:160,12,0,0
BRDA:160,12,1,6
BRDA:171,13,0,6
BRDA:171,13,1,0
BRDA:175,14,0,6
BRDA:175,14,1,0
BRDA:188,15,0,0
BRDA:188,15,1,6
BRDA:206,16,0,0
BRDA:206,16,1,0
BRDA:216,17,0,0
BRDA:216,17,1,6
BRDA:221,18,0,6
BRDA:221,18,1,0
BRDA:232,19,0,0
BRDA:232,19,1,6
BRDA:238,20,0,6
BRDA:238,20,1,0
BRDA:241,21,0,0
BRDA:241,21,1,0
BRDA:250,22,0,0
BRDA:250,22,1,6
BRDA:256,23,0,6
BRDA:256,23,1,0
BRDA:259,24,0,0
BRDA:259,24,1,0
BRDA:274,25,0,0
BRDA:274,25,1,2
BRDA:284,26,0,0
BRDA:284,26,1,2
BRDA:286,27,0,0
BRDA:286,27,1,0
BRDA:287,28,0,0
BRDA:287,28,1,0
BRDA:297,29,0,0
BRDA:297,29,1,0
BRDA:318,30,0,0
BRDA:318,30,1,0
BRDA:328,31,0,0
BRDA:328,31,1,0
BRDA:330,32,0,0
BRDA:330,32,1,0
BRDA:331,33,0,0
BRDA:331,33,1,0
BRDA:341,34,0,0
BRDA:341,34,1,0
BRDA:361,35,0,0
BRDA:361,35,1,0
BRDA:370,36,0,0
BRDA:370,36,1,0
BRDA:372,37,0,0
BRDA:372,37,1,0
BRDA:373,38,0,0
BRDA:373,38,1,0
BRDA:383,39,0,0
BRDA:383,39,1,0
BRDA:401,40,0,0
BRDA:401,40,1,240
BRDA:401,41,0,240
BRDA:401,41,1,240
BRDA:401,41,2,240
BRDA:406,42,0,240
BRDA:406,42,1,0
BRDA:408,43,0,160
BRDA:408,43,1,80
BRDA:408,43,2,0
BRDA:410,44,0,152
BRDA:410,44,1,8
BRDA:424,45,0,4
BRDA:424,45,1,76
BRDA:445,46,0,6
BRDA:446,47,0,0
BRDA:446,47,1,6
BRDA:486,48,0,0
BRDA:486,48,1,2
BRDA:489,49,0,2
BRDA:489,49,1,0
BRDA:507,50,0,0
BRDA:507,50,1,0
BRDA:510,51,0,0
BRDA:510,51,1,0
BRDA:535,52,0,6
BRDA:535,52,1,0
BRDA:541,53,0,6
BRDA:541,53,1,0
BRDA:548,54,0,6
BRDA:548,54,1,0
BRF:113
BRH:34
end_of_record
TN:
SF:src/mcp/mcp-server.service.ts
FN:28,(anonymous_2)
FN:33,(anonymous_3)
FN:70,(anonymous_4)
FN:101,(anonymous_5)
FN:105,(anonymous_6)
FN:109,(anonymous_7)
FN:139,(anonymous_8)
FN:148,(anonymous_9)
FN:174,(anonymous_10)
FN:176,(anonymous_11)
FN:179,(anonymous_12)
FN:203,(anonymous_13)
FNF:12
FNH:10
FNDA:4,(anonymous_2)
FNDA:4,(anonymous_3)
FNDA:4,(anonymous_4)
FNDA:64,(anonymous_5)
FNDA:0,(anonymous_6)
FNDA:11,(anonymous_7)
FNDA:27,(anonymous_8)
FNDA:14,(anonymous_9)
FNDA:4,(anonymous_10)
FNDA:4,(anonymous_11)
FNDA:0,(anonymous_12)
FNDA:34,(anonymous_13)
DA:1,4
DA:5,4
DA:6,4
DA:8,4
DA:10,4
DA:11,4
DA:12,4
DA:24,4
DA:25,4
DA:26,4
DA:29,4
DA:30,4
DA:34,4
DA:37,4
DA:38,6
DA:39,6
DA:41,6
DA:42,6
DA:44,6
DA:46,6
DA:54,6
DA:56,0
DA:63,0
DA:64,0
DA:71,4
DA:72,6
DA:73,6
DA:75,6
DA:76,9
DA:78,6
DA:80,6
DA:81,6
DA:82,30
DA:83,30
DA:84,6
DA:85,6
DA:90,0
DA:98,4
DA:102,64
DA:106,0
DA:114,11
DA:115,11
DA:116,0
DA:117,0
DA:122,11
DA:123,11
DA:126,11
DA:127,11
DA:128,11
DA:130,11
DA:132,11
DA:135,11
DA:136,11
DA:139,11
DA:140,27
DA:141,27
DA:143,11
DA:144,11
DA:145,11
DA:153,14
DA:154,14
DA:155,0
DA:156,0
DA:161,14
DA:164,14
DA:166,14
DA:167,14
DA:168,10
DA:169,10
DA:173,4
DA:174,4
DA:177,4
DA:180,0
DA:185,4
DA:188,4
DA:189,4
DA:191,0
DA:197,0
DA:198,0
DA:208,34
DA:209,34
DA:210,0
DA:211,0
DA:215,34
DA:217,34
DA:226,34
DA:227,30
DA:228,30
DA:229,20
DA:240,20
DA:242,20
DA:243,20
DA:244,20
DA:245,20
DA:246,20
DA:247,0
DA:248,0
DA:250,0
DA:252,20
DA:254,10
DA:263,4
DA:268,14
DA:269,14
LF:103
LH:85
BRDA:51,0,0,6
BRDA:51,0,1,0
BRDA:63,1,0,0
BRDA:63,1,1,0
BRDA:83,2,0,6
BRDA:83,2,1,24
BRDA:115,3,0,0
BRDA:115,3,1,11
BRDA:122,4,0,11
BRDA:122,4,1,0
BRDA:123,5,0,11
BRDA:123,5,1,0
BRDA:126,6,0,11
BRDA:126,6,1,0
BRDA:154,7,0,0
BRDA:154,7,1,14
BRDA:161,8,0,14
BRDA:161,8,1,4
BRDA:161,8,2,4
BRDA:164,9,0,10
BRDA:164,9,1,4
BRDA:167,10,0,10
BRDA:167,10,1,4
BRDA:167,11,0,14
BRDA:167,11,1,10
BRDA:197,12,0,0
BRDA:197,12,1,0
BRDA:209,13,0,0
BRDA:209,13,1,34
BRDA:215,14,0,34
BRDA:215,14,1,24
BRDA:226,15,0,30
BRDA:226,15,1,4
BRDA:228,16,0,20
BRDA:228,16,1,10
BRDA:228,17,0,30
BRDA:228,17,1,30
BRDA:240,18,0,20
BRDA:240,18,1,0
BRDA:242,19,0,20
BRDA:242,19,1,20
BRDA:243,20,0,20
BRDA:243,20,1,20
BRDA:245,21,0,20
BRDA:245,21,1,0
BRDA:245,22,0,20
BRDA:245,22,1,20
BRDA:247,23,0,0
BRDA:247,23,1,0
BRF:49
BRH:34
end_of_record
TN:
SF:src/redaction/audit-logger.ts
FN:14,(anonymous_9)
FN:28,(anonymous_10)
FN:58,(anonymous_11)
FN:69,(anonymous_12)
FN:79,(anonymous_13)
FNF:5
FNH:0
FNDA:0,(anonymous_9)
FNDA:0,(anonymous_10)
FNDA:0,(anonymous_11)
FNDA:0,(anonymous_12)
FNDA:0,(anonymous_13)
DA:1,4
DA:2,4
DA:4,4
DA:6,4
DA:10,4
DA:11,0
DA:16,0
DA:17,0
DA:20,0
DA:21,0
DA:23,0
DA:24,0
DA:34,0
DA:35,0
DA:38,0
DA:39,0
DA:42,0
DA:46,0
DA:49,0
DA:53,0
DA:55,0
DA:59,0
DA:60,0
DA:61,0
DA:63,0
DA:65,0
DA:70,0
DA:71,0
DA:72,0
DA:74,0
DA:78,0
DA:79,0
DA:82,0
DA:83,0
DA:84,0
DA:85,0
DA:87,0
DA:90,0
LF:38
LH:5
BRDA:34,0,0,0
BRDA:34,0,1,0
BRDA:34,1,0,0
BRDA:34,1,1,0
BRDA:70,2,0,0
BRDA:70,2,1,0
BRDA:78,3,0,0
BRDA:78,3,1,0
BRDA:82,4,0,0
BRDA:82,4,1,0
BRDA:82,5,0,0
BRDA:82,5,1,0
BRF:12
BRH:0
end_of_record
TN:
SF:src/redaction/matcher.ts
FN:16,(anonymous_0)
FN:38,(anonymous_1)
FN:46,(anonymous_2)
FN:50,(anonymous_3)
FN:57,(anonymous_4)
FN:84,(anonymous_5)
FN:131,(anonymous_6)
FN:143,(anonymous_7)
FNF:8
FNH:8
FNDA:2,(anonymous_0)
FNDA:2,(anonymous_1)
FNDA:1,(anonymous_2)
FNDA:14,(anonymous_3)
FNDA:1,(anonymous_4)
FNDA:14,(anonymous_5)
FNDA:9,(anonymous_6)
FNDA:12,(anonymous_7)
DA:12,5
DA:18,2
DA:19,2
DA:20,5
DA:21,5
DA:22,5
DA:25,2
DA:28,2
DA:29,2
DA:31,2
DA:33,0
DA:35,2
DA:39,2
DA:40,0
DA:42,2
DA:47,1
DA:51,14
DA:52,14
DA:53,6
DA:57,8
DA:58,8
DA:59,8
DA:60,9
DA:61,9
DA:62,9
DA:63,0
DA:64,0
DA:69,8
DA:70,8
DA:71,8
DA:72,9
DA:73,6
DA:75,9
DA:76,9
DA:78,8
DA:79,5
DA:81,8
DA:85,14
DA:86,14
DA:88,14
DA:91,14
DA:92,14
DA:94,9
DA:95,9
DA:96,9
DA:97,0
DA:99,9
DA:100,9
DA:101,9
DA:103,9
DA:104,9
DA:105,9
DA:106,9
DA:107,9
DA:111,14
DA:115,0
DA:116,0
DA:117,0
DA:118,0
DA:119,0
DA:120,0
DA:121,0
DA:122,0
DA:123,0
DA:125,0
DA:128,0
DA:132,9
DA:133,6
DA:134,6
DA:136,9
DA:137,6
DA:138,6
DA:140,9
DA:144,12
LF:74
LH:58
BRDA:21,0,0,5
BRDA:21,0,1,0
BRDA:35,1,0,2
BRDA:35,1,1,0
BRDA:39,2,0,0
BRDA:39,2,1,2
BRDA:52,3,0,6
BRDA:52,3,1,8
BRDA:61,4,0,9
BRDA:61,4,1,0
BRDA:61,5,0,9
BRDA:61,5,1,1
BRDA:63,6,0,0
BRDA:63,6,1,0
BRDA:72,7,0,6
BRDA:72,7,1,3
BRDA:78,8,0,5
BRDA:78,8,1,3
BRDA:88,9,0,14
BRDA:88,9,1,0
BRDA:91,10,0,14
BRDA:91,10,1,0
BRDA:94,11,0,9
BRDA:94,11,1,0
BRDA:94,12,0,0
BRDA:94,12,1,0
BRDA:94,12,2,0
BRDA:95,13,0,9
BRDA:95,13,1,0
BRDA:95,14,0,9
BRDA:95,14,1,0
BRDA:95,15,0,0
BRDA:95,15,1,0
BRDA:95,15,2,0
BRDA:95,15,3,0
BRDA:96,16,0,0
BRDA:96,16,1,9
BRDA:96,17,0,9
BRDA:96,17,1,9
BRDA:96,17,2,9
BRDA:100,18,0,0
BRDA:100,18,1,9
BRDA:100,19,0,9
BRDA:100,19,1,9
BRDA:106,20,0,9
BRDA:106,20,1,0
BRDA:106,21,0,9
BRDA:106,21,1,9
BRDA:106,21,2,9
BRDA:119,22,0,0
BRDA:119,22,1,0
BRDA:122,23,0,0
BRDA:122,23,1,0
BRDA:132,24,0,6
BRDA:132,24,1,3
BRDA:134,25,0,0
BRDA:134,25,1,6
BRDA:136,26,0,6
BRDA:136,26,1,3
BRDA:138,27,0,0
BRDA:138,27,1,6
BRF:61
BRH:34
end_of_record
TN:
SF:src/redaction/redaction.service.ts
FN:10,(anonymous_1)
FN:16,(anonymous_2)
FN:51,(anonymous_3)
FN:58,(anonymous_4)
FN:70,(anonymous_5)
FN:76,(anonymous_6)
FN:88,(anonymous_7)
FN:91,(anonymous_8)
FN:97,(anonymous_9)
FN:121,(anonymous_10)
FN:130,(anonymous_11)
FN:130,(anonymous_12)
FN:148,(anonymous_13)
FN:161,(anonymous_14)
FN:162,(anonymous_15)
FN:176,(anonymous_16)
FNF:16
FNH:6
FNDA:6,(anonymous_1)
FNDA:0,(anonymous_2)
FNDA:0,(anonymous_3)
FNDA:4,(anonymous_4)
FNDA:7,(anonymous_5)
FNDA:0,(anonymous_6)
FNDA:1,(anonymous_7)
FNDA:10,(anonymous_8)
FNDA:3,(anonymous_9)
FNDA:0,(anonymous_10)
FNDA:0,(anonymous_11)
FNDA:0,(anonymous_12)
FNDA:0,(anonymous_13)
FNDA:0,(anonymous_14)
FNDA:0,(anonymous_15)
FNDA:0,(anonymous_16)
DA:1,5
DA:3,5
DA:6,5
DA:7,5
DA:10,5
DA:11,6
DA:12,6
DA:13,6
DA:14,6
DA:17,0
DA:18,0
DA:19,0
DA:21,0
DA:24,0
DA:26,0
DA:27,0
DA:29,0
DA:30,0
DA:31,0
DA:32,0
DA:35,0
DA:36,0
DA:39,0
DA:40,0
DA:43,0
DA:46,0
DA:47,0
DA:52,0
DA:53,0
DA:55,0
DA:59,4
DA:60,2
DA:63,2
DA:64,1
DA:67,1
DA:71,7
DA:72,5
DA:73,5
DA:75,2
DA:76,0
DA:78,2
DA:79,2
DA:80,2
DA:81,5
DA:83,2
DA:85,0
DA:89,1
DA:91,1
DA:92,10
DA:93,6
DA:94,6
DA:96,4
DA:97,3
DA:99,3
DA:100,3
DA:101,3
DA:102,9
DA:103,3
DA:104,3
DA:105,3
DA:107,0
DA:110,6
DA:113,3
DA:115,0
DA:118,1
DA:122,0
DA:123,0
DA:124,0
DA:128,0
DA:129,0
DA:130,0
DA:133,0
DA:134,0
DA:137,0
DA:138,0
DA:139,0
DA:142,0
DA:146,0
DA:148,0
DA:149,0
DA:150,0
DA:151,0
DA:152,0
DA:157,0
DA:158,0
DA:159,0
DA:161,0
DA:162,0
DA:163,0
DA:167,0
DA:168,0
DA:169,0
DA:170,0
DA:173,0
DA:177,0
DA:178,0
DA:179,0
DA:180,0
DA:182,0
DA:188,0
DA:189,0
DA:190,0
DA:194,0
DA:195,0
DA:196,0
DA:197,0
DA:198,0
DA:199,0
DA:202,0
DA:204,0
LF:110
LH:40
BRDA:17,0,0,0
BRDA:17,0,1,0
BRDA:18,1,0,0
BRDA:18,1,1,0
BRDA:29,2,0,0
BRDA:29,2,1,0
BRDA:40,3,0,0
BRDA:40,3,1,0
BRDA:52,4,0,0
BRDA:52,4,1,0
BRDA:59,5,0,2
BRDA:59,5,1,2
BRDA:59,6,0,4
BRDA:59,6,1,4
BRDA:59,6,2,3
BRDA:63,7,0,1
BRDA:63,7,1,1
BRDA:63,8,0,2
BRDA:63,8,1,1
BRDA:71,9,0,5
BRDA:71,9,1,2
BRDA:75,10,0,0
BRDA:75,10,1,2
BRDA:78,11,0,2
BRDA:78,11,1,0
BRDA:78,12,0,2
BRDA:78,12,1,2
BRDA:92,13,0,6
BRDA:92,13,1,4
BRDA:96,14,0,1
BRDA:96,14,1,3
BRDA:99,15,0,3
BRDA:99,15,1,0
BRDA:99,16,0,3
BRDA:99,16,1,3
BRDA:102,17,0,3
BRDA:102,17,1,6
BRDA:103,18,0,3
BRDA:103,18,1,0
BRDA:123,19,0,0
BRDA:123,19,1,0
BRDA:129,20,0,0
BRDA:129,20,1,0
BRDA:133,21,0,0
BRDA:133,21,1,0
BRDA:138,22,0,0
BRDA:138,22,1,0
BRDA:151,23,0,0
BRDA:151,23,1,0
BRDA:178,24,0,0
BRDA:178,24,1,0
BRDA:189,25,0,0
BRDA:189,25,1,0
BRDA:196,26,0,0
BRDA:196,26,1,0
BRDA:196,27,0,0
BRDA:196,27,1,0
BRDA:198,28,0,0
BRDA:198,28,1,0
BRDA:198,29,0,0
BRDA:198,29,1,0
BRF:61
BRH:25
end_of_record
TN:
SF:src/redaction/scanner-generic.ts
FN:7,redactGeneric
FN:59,scanEmailAt
FN:137,scanPhoneAt
FN:211,isDigit
FN:215,isLetter
FN:219,isAlphaNum
FN:223,isAlphaUnderscore
FN:227,isAlphaNumUnderscore
FN:231,isEmailLocalChar
FN:235,isDomainLabelChar
FNF:10
FNH:10
FNDA:14,redactGeneric
FNDA:9,scanEmailAt
FNDA:63,scanPhoneAt
FNDA:1077,isDigit
FNDA:195,isLetter
FNDA:169,isAlphaNum
FNDA:26,isAlphaUnderscore
FNDA:13,isAlphaNumUnderscore
FNDA:60,isEmailLocalChar
FNDA:101,isDomainLabelChar
DA:4,5
DA:5,5
DA:7,5
DA:8,14
DA:9,0
DA:12,14
DA:13,14
DA:14,14
DA:16,14
DA:17,504
DA:19,504
DA:20,9
DA:21,9
DA:22,8
DA:23,8
DA:25,8
DA:26,8
DA:27,8
DA:28,8
DA:32,496
DA:33,63
DA:34,63
DA:35,3
DA:36,3
DA:38,3
DA:39,3
DA:40,3
DA:41,3
DA:45,493
DA:48,14
DA:49,5
DA:52,9
DA:53,4
DA:56,9
DA:60,9
DA:61,9
DA:62,0
DA:66,9
DA:67,9
DA:68,51
DA:70,9
DA:71,9
DA:73,9
DA:74,0
DA:78,9
DA:79,0
DA:82,9
DA:83,42
DA:84,0
DA:89,9
DA:90,9
DA:91,9
DA:92,9
DA:94,9
DA:95,101
DA:96,101
DA:97,84
DA:98,84
DA:99,84
DA:101,17
DA:102,11
DA:103,0
DA:105,11
DA:106,11
DA:107,11
DA:108,11
DA:109,11
DA:111,6
DA:114,9
DA:115,9
DA:116,0
DA:118,9
DA:119,0
DA:122,9
DA:123,1
DA:127,8
DA:128,0
DA:130,8
DA:131,0
DA:134,8
DA:143,63
DA:144,63
DA:145,63
DA:146,63
DA:147,63
DA:148,63
DA:149,63
DA:151,63
DA:152,9
DA:153,9
DA:154,9
DA:155,0
DA:159,63
DA:160,551
DA:161,551
DA:162,359
DA:163,359
DA:164,192
DA:165,123
DA:166,123
DA:167,69
DA:168,4
DA:169,4
DA:170,4
DA:171,65
DA:172,10
DA:173,6
DA:175,4
DA:176,4
DA:177,55
DA:178,0
DA:179,0
DA:181,0
DA:183,55
DA:187,57
DA:188,57
DA:189,0
DA:191,57
DA:192,43
DA:195,14
DA:196,0
DA:198,14
DA:199,11
DA:202,3
DA:203,0
DA:204,0
DA:208,3
DA:212,1077
DA:216,195
DA:220,169
DA:224,26
DA:228,13
DA:232,60
DA:236,101
LF:134
LH:116
BRDA:8,0,0,0
BRDA:8,0,1,14
BRDA:19,1,0,9
BRDA:19,1,1,495
BRDA:21,2,0,8
BRDA:21,2,1,1
BRDA:22,3,0,8
BRDA:22,3,1,0
BRDA:32,4,0,63
BRDA:32,4,1,433
BRDA:32,5,0,496
BRDA:32,5,1,487
BRDA:34,6,0,3
BRDA:34,6,1,60
BRDA:35,7,0,3
BRDA:35,7,1,0
BRDA:48,8,0,5
BRDA:48,8,1,9
BRDA:52,9,0,4
BRDA:52,9,1,5
BRDA:61,10,0,0
BRDA:61,10,1,9
BRDA:61,11,0,9
BRDA:61,11,1,9
BRDA:67,12,0,60
BRDA:67,12,1,60
BRDA:73,13,0,0
BRDA:73,13,1,9
BRDA:78,14,0,0
BRDA:78,14,1,9
BRDA:78,15,0,9
BRDA:78,15,1,9
BRDA:83,16,0,0
BRDA:83,16,1,42
BRDA:83,17,0,42
BRDA:83,17,1,3
BRDA:96,18,0,84
BRDA:96,18,1,17
BRDA:101,19,0,11
BRDA:101,19,1,6
BRDA:102,20,0,0
BRDA:102,20,1,11
BRDA:102,21,0,11
BRDA:102,21,1,11
BRDA:115,22,0,0
BRDA:115,22,1,9
BRDA:115,23,0,9
BRDA:115,23,1,9
BRDA:118,24,0,0
BRDA:118,24,1,9
BRDA:122,25,0,1
BRDA:122,25,1,8
BRDA:122,26,0,9
BRDA:122,26,1,9
BRDA:122,26,2,8
BRDA:127,27,0,0
BRDA:127,27,1,8
BRDA:127,28,0,8
BRDA:127,28,1,8
BRDA:130,29,0,0
BRDA:130,29,1,8
BRDA:130,30,0,8
BRDA:130,30,1,5
BRDA:151,31,0,9
BRDA:151,31,1,54
BRDA:154,32,0,0
BRDA:154,32,1,9
BRDA:161,33,0,359
BRDA:161,33,1,192
BRDA:164,34,0,123
BRDA:164,34,1,69
BRDA:164,35,0,192
BRDA:164,35,1,124
BRDA:164,35,2,79
BRDA:167,36,0,4
BRDA:167,36,1,65
BRDA:171,37,0,10
BRDA:171,37,1,55
BRDA:172,38,0,6
BRDA:172,38,1,4
BRDA:177,39,0,0
BRDA:177,39,1,55
BRDA:177,40,0,55
BRDA:177,40,1,55
BRDA:178,41,0,0
BRDA:178,41,1,0
BRDA:188,42,0,0
BRDA:188,42,1,57
BRDA:191,43,0,43
BRDA:191,43,1,14
BRDA:191,44,0,57
BRDA:191,44,1,14
BRDA:195,45,0,0
BRDA:195,45,1,14
BRDA:195,46,0,14
BRDA:195,46,1,14
BRDA:198,47,0,11
BRDA:198,47,1,3
BRDA:198,48,0,14
BRDA:198,48,1,12
BRDA:202,49,0,0
BRDA:202,49,1,3
BRDA:202,50,0,3
BRDA:202,50,1,0
BRDA:202,50,2,0
BRDA:203,51,0,0
BRDA:203,51,1,0
BRDA:203,52,0,0
BRDA:203,52,1,0
BRDA:203,52,2,0
BRDA:212,53,0,1077
BRDA:212,53,1,812
BRDA:216,54,0,195
BRDA:216,54,1,139
BRDA:216,54,2,56
BRDA:216,54,3,2
BRDA:220,55,0,169
BRDA:220,55,1,39
BRDA:224,56,0,26
BRDA:224,56,1,15
BRDA:228,57,0,13
BRDA:228,57,1,13
BRDA:232,58,0,60
BRDA:232,58,1,57
BRDA:232,58,2,57
BRDA:232,58,3,55
BRDA:232,58,4,55
BRDA:236,59,0,101
BRDA:236,59,1,17
BRF:129
BRH:103
end_of_record
