TN:
SF:src/app.controller.ts
FN:21,(anonymous_4)
FN:27,(anonymous_5)
FN:32,(anonymous_6)
FN:78,(anonymous_7)
FN:127,(anonymous_8)
FNF:5
FNH:5
FNDA:33,(anonymous_4)
FNDA:3,(anonymous_5)
FNDA:22,(anonymous_6)
FNDA:41,(anonymous_7)
FNDA:30,(anonymous_8)
DA:3,5
DA:14,5
DA:15,5
DA:18,5
DA:19,33
DA:22,33
DA:23,33
DA:27,5
DA:28,3
DA:32,5
DA:37,22
DA:38,22
DA:40,22
DA:41,2
DA:45,20
DA:49,5
DA:50,5
DA:51,1
DA:54,4
DA:55,4
DA:56,1
DA:60,18
DA:61,18
DA:63,2
DA:71,2
DA:72,1
DA:78,5
DA:83,41
DA:84,41
DA:86,41
DA:87,1
DA:88,1
DA:92,40
DA:96,3
DA:97,3
DA:98,1
DA:99,1
DA:102,2
DA:103,2
DA:104,1
DA:105,1
DA:109,38
DA:110,38
DA:112,2
DA:120,2
DA:121,1
DA:127,5
DA:132,30
DA:133,30
DA:135,30
DA:136,2
DA:140,28
DA:144,3
DA:145,3
DA:146,1
DA:149,2
DA:150,2
DA:151,1
DA:156,26
DA:157,26
DA:159,22
DA:160,6
DA:163,16
DA:164,15
DA:166,1
DA:169,4
DA:170,4
DA:176,2
DA:184,2
DA:185,1
LF:70
LH:70
BRDA:40,0,0,2
BRDA:40,0,1,20
BRDA:45,1,0,5
BRDA:45,1,1,15
BRDA:46,2,0,20
BRDA:46,2,1,6
BRDA:50,3,0,1
BRDA:50,3,1,4
BRDA:55,4,0,1
BRDA:55,4,1,3
BRDA:71,5,0,1
BRDA:71,5,1,1
BRDA:86,6,0,1
BRDA:86,6,1,40
BRDA:92,7,0,3
BRDA:92,7,1,37
BRDA:93,8,0,40
BRDA:93,8,1,3
BRDA:97,9,0,1
BRDA:97,9,1,2
BRDA:103,10,0,1
BRDA:103,10,1,1
BRDA:120,11,0,1
BRDA:120,11,1,1
BRDA:135,12,0,2
BRDA:135,12,1,28
BRDA:140,13,0,3
BRDA:140,13,1,25
BRDA:141,14,0,28
BRDA:141,14,1,3
BRDA:145,15,0,1
BRDA:145,15,1,2
BRDA:150,16,0,1
BRDA:150,16,1,1
BRDA:156,17,0,26
BRDA:156,17,1,1
BRDA:157,18,0,22
BRDA:157,18,1,4
BRDA:159,19,0,6
BRDA:159,19,1,16
BRDA:163,20,0,15
BRDA:163,20,1,1
BRDA:184,21,0,1
BRDA:184,21,1,1
BRF:44
BRH:44
end_of_record
TN:
SF:src/config/config.service.ts
FN:12,(anonymous_11)
FN:16,(anonymous_12)
FN:83,(anonymous_13)
FN:90,(anonymous_14)
FN:95,(anonymous_15)
FN:113,(anonymous_16)
FNF:6
FNH:6
FNDA:26,(anonymous_11)
FNDA:25,(anonymous_12)
FNDA:71,(anonymous_13)
FNDA:10,(anonymous_14)
FNDA:9,(anonymous_15)
FNDA:17,(anonymous_16)
DA:1,7
DA:2,7
DA:3,7
DA:5,7
DA:7,7
DA:12,7
DA:13,26
DA:14,26
DA:20,25
DA:21,3
DA:22,3
DA:25,3
DA:26,3
DA:29,22
DA:32,22
DA:33,22
DA:34,22
DA:41,25
DA:42,1
DA:45,24
DA:46,1
DA:50,24
DA:51,23
DA:54,18
DA:55,10
DA:61,23
DA:62,22
DA:63,17
DA:64,1
DA:66,17
DA:71,23
DA:72,1
DA:75,23
DA:80,23
DA:84,71
DA:85,1
DA:87,70
DA:91,10
DA:93,10
DA:94,11
DA:95,8
DA:96,9
DA:97,9
DA:98,1
DA:106,8
DA:108,7
DA:114,17
DA:115,3
DA:117,17
DA:121,7
DA:123,17
DA:124,9
LF:52
LH:52
BRDA:16,0,0,20
BRDA:20,1,0,3
BRDA:20,1,1,22
BRDA:20,2,0,25
BRDA:20,2,1,24
BRDA:22,3,0,1
BRDA:22,3,1,2
BRDA:29,4,0,5
BRDA:29,4,1,17
BRDA:41,5,0,1
BRDA:41,5,1,24
BRDA:45,6,0,1
BRDA:45,6,1,23
BRDA:50,7,0,23
BRDA:50,7,1,1
BRDA:54,8,0,10
BRDA:54,8,1,8
BRDA:61,9,0,22
BRDA:61,9,1,1
BRDA:63,10,0,1
BRDA:63,10,1,16
BRDA:71,11,0,1
BRDA:71,11,1,22
BRDA:77,12,0,23
BRDA:77,12,1,1
BRDA:84,13,0,1
BRDA:84,13,1,70
BRDA:94,14,0,8
BRDA:94,14,1,3
BRDA:97,15,0,1
BRDA:97,15,1,8
BRDA:114,16,0,3
BRDA:114,16,1,14
BRDA:114,17,0,17
BRDA:114,17,1,16
BRDA:117,18,0,7
BRDA:117,18,1,10
BRDA:118,19,0,17
BRDA:118,19,1,16
BRDA:123,20,0,9
BRDA:123,20,1,8
BRDA:123,21,0,17
BRDA:123,21,1,16
BRF:43
BRH:43
end_of_record
TN:
SF:src/mcp/mcp-client-wrapper.ts
FN:37,(anonymous_9)
FN:46,(anonymous_10)
FN:110,(anonymous_11)
FN:120,(anonymous_12)
FN:146,(anonymous_13)
FN:164,(anonymous_14)
FN:205,(anonymous_15)
FN:209,(anonymous_16)
FN:220,(anonymous_17)
FN:235,(anonymous_18)
FN:245,(anonymous_19)
FN:269,(anonymous_20)
FN:295,(anonymous_21)
FN:339,(anonymous_22)
FN:344,(anonymous_23)
FN:345,(anonymous_24)
FN:367,(anonymous_25)
FN:411,(anonymous_26)
FN:453,(anonymous_27)
FN:499,(anonymous_28)
FN:512,(anonymous_29)
FN:531,(anonymous_30)
FN:536,(anonymous_31)
FN:539,(anonymous_32)
FN:552,(anonymous_33)
FN:557,(anonymous_34)
FN:560,(anonymous_35)
FN:573,(anonymous_36)
FN:578,(anonymous_37)
FN:588,(anonymous_38)
FNF:30
FNH:17
FNDA:28,(anonymous_9)
FNDA:6,(anonymous_10)
FNDA:3,(anonymous_11)
FNDA:0,(anonymous_12)
FNDA:0,(anonymous_13)
FNDA:6,(anonymous_14)
FNDA:6,(anonymous_15)
FNDA:0,(anonymous_16)
FNDA:13,(anonymous_17)
FNDA:240,(anonymous_18)
FNDA:0,(anonymous_19)
FNDA:0,(anonymous_20)
FNDA:2,(anonymous_21)
FNDA:6,(anonymous_22)
FNDA:6,(anonymous_23)
FNDA:0,(anonymous_24)
FNDA:0,(anonymous_25)
FNDA:0,(anonymous_26)
FNDA:253,(anonymous_27)
FNDA:6,(anonymous_28)
FNDA:6,(anonymous_29)
FNDA:11,(anonymous_30)
FNDA:2,(anonymous_31)
FNDA:4,(anonymous_32)
FNDA:0,(anonymous_33)
FNDA:0,(anonymous_34)
FNDA:0,(anonymous_35)
FNDA:0,(anonymous_36)
FNDA:0,(anonymous_37)
FNDA:6,(anonymous_38)
DA:1,7
DA:2,7
DA:3,7
DA:4,7
DA:5,7
DA:7,7
DA:15,7
DA:18,7
DA:19,28
DA:20,28
DA:21,28
DA:28,28
DA:29,28
DA:30,28
DA:31,28
DA:32,28
DA:33,28
DA:34,28
DA:35,28
DA:40,28
DA:42,28
DA:43,28
DA:48,6
DA:50,6
DA:55,6
DA:56,0
DA:57,0
DA:58,0
DA:59,0
DA:63,0
DA:66,0
DA:72,6
DA:74,0
DA:75,0
DA:77,0
DA:78,0
DA:80,6
DA:81,6
DA:83,0
DA:87,6
DA:102,6
DA:103,6
DA:105,6
DA:106,6
DA:111,3
DA:112,1
DA:114,2
DA:115,1
DA:117,1
DA:121,0
DA:122,0
DA:125,0
DA:128,0
DA:129,0
DA:131,0
DA:132,0
DA:135,0
DA:141,0
DA:142,0
DA:143,0
DA:147,0
DA:148,0
DA:151,0
DA:157,0
DA:159,0
DA:160,0
DA:161,0
DA:165,6
DA:166,0
DA:169,6
DA:171,6
DA:176,6
DA:177,6
DA:179,6
DA:180,6
DA:182,6
DA:193,6
DA:198,6
DA:200,6
DA:201,6
DA:202,6
DA:207,6
DA:209,6
DA:210,0
DA:211,0
DA:212,0
DA:215,0
DA:221,13
DA:222,0
DA:225,13
DA:226,7
DA:229,6
DA:230,6
DA:231,6
DA:234,6
DA:235,240
DA:238,6
DA:242,6
DA:246,0
DA:247,0
DA:250,0
DA:251,0
DA:252,0
DA:254,0
DA:255,0
DA:256,0
DA:257,0
DA:258,0
DA:261,0
DA:262,0
DA:263,0
DA:265,0
DA:270,0
DA:271,0
DA:274,0
DA:275,0
DA:276,0
DA:278,0
DA:279,0
DA:280,0
DA:281,0
DA:282,0
DA:285,0
DA:286,0
DA:289,0
DA:291,0
DA:300,2
DA:301,0
DA:304,2
DA:310,2
DA:311,0
DA:312,0
DA:313,0
DA:317,0
DA:318,0
DA:323,0
DA:324,0
DA:332,0
DA:336,2
DA:340,6
DA:341,6
DA:342,6
DA:345,6
DA:346,0
DA:355,0
DA:359,6
DA:361,6
DA:362,6
DA:372,0
DA:373,0
DA:376,0
DA:382,0
DA:383,0
DA:384,0
DA:385,0
DA:389,0
DA:390,0
DA:395,0
DA:396,0
DA:404,0
DA:408,0
DA:415,0
DA:416,0
DA:419,0
DA:424,0
DA:425,0
DA:426,0
DA:427,0
DA:431,0
DA:432,0
DA:437,0
DA:438,0
DA:446,0
DA:450,0
DA:454,253
DA:455,253
DA:456,2
DA:459,251
DA:460,251
DA:462,251
DA:464,162
DA:465,153
DA:474,153
DA:476,9
DA:478,88
DA:479,10
DA:488,10
DA:490,78
DA:492,1
DA:495,1
DA:500,6
DA:501,0
DA:512,12
DA:516,6
DA:531,6
DA:532,11
DA:533,11
DA:536,6
DA:537,2
DA:538,2
DA:539,4
DA:540,2
DA:541,0
DA:543,2
DA:544,2
DA:552,6
DA:553,0
DA:554,0
DA:557,6
DA:558,0
DA:559,0
DA:560,0
DA:561,0
DA:562,0
DA:564,0
DA:565,0
DA:573,6
DA:574,0
DA:575,0
DA:578,6
DA:579,0
DA:585,6
DA:589,6
DA:590,6
DA:591,6
DA:595,6
DA:596,6
DA:597,6
DA:599,6
DA:602,6
DA:603,6
DA:604,6
LF:232
LH:118
BRDA:48,0,0,6
BRDA:48,0,1,0
BRDA:55,1,0,0
BRDA:55,1,1,6
BRDA:58,2,0,0
BRDA:58,2,1,0
BRDA:72,3,0,0
BRDA:72,3,1,0
BRDA:72,3,2,6
BRDA:72,3,3,0
BRDA:105,4,0,6
BRDA:105,4,1,0
BRDA:111,5,0,1
BRDA:111,5,1,2
BRDA:114,6,0,1
BRDA:114,6,1,1
BRDA:121,7,0,0
BRDA:121,7,1,0
BRDA:128,8,0,0
BRDA:128,8,1,0
BRDA:129,9,0,0
BRDA:129,9,1,0
BRDA:137,10,0,0
BRDA:137,10,1,0
BRDA:147,11,0,0
BRDA:147,11,1,0
BRDA:165,12,0,0
BRDA:165,12,1,6
BRDA:176,13,0,6
BRDA:176,13,1,0
BRDA:180,14,0,6
BRDA:180,14,1,0
BRDA:193,15,0,0
BRDA:193,15,1,6
BRDA:211,16,0,0
BRDA:211,16,1,0
BRDA:221,17,0,0
BRDA:221,17,1,13
BRDA:225,18,0,7
BRDA:225,18,1,6
BRDA:225,19,0,13
BRDA:225,19,1,7
BRDA:229,20,0,6
BRDA:229,20,1,6
BRDA:231,21,0,6
BRDA:231,21,1,0
BRDA:246,22,0,0
BRDA:246,22,1,0
BRDA:251,23,0,0
BRDA:251,23,1,0
BRDA:251,24,0,0
BRDA:251,24,1,0
BRDA:254,25,0,0
BRDA:254,25,1,0
BRDA:256,26,0,0
BRDA:256,26,1,0
BRDA:261,27,0,0
BRDA:261,27,1,0
BRDA:270,28,0,0
BRDA:270,28,1,0
BRDA:275,29,0,0
BRDA:275,29,1,0
BRDA:275,30,0,0
BRDA:275,30,1,0
BRDA:278,31,0,0
BRDA:278,31,1,0
BRDA:280,32,0,0
BRDA:280,32,1,0
BRDA:285,33,0,0
BRDA:285,33,1,0
BRDA:300,34,0,0
BRDA:300,34,1,2
BRDA:310,35,0,0
BRDA:310,35,1,2
BRDA:312,36,0,0
BRDA:312,36,1,0
BRDA:313,37,0,0
BRDA:313,37,1,0
BRDA:323,38,0,0
BRDA:323,38,1,0
BRDA:361,39,0,6
BRDA:361,39,1,0
BRDA:372,40,0,0
BRDA:372,40,1,0
BRDA:382,41,0,0
BRDA:382,41,1,0
BRDA:384,42,0,0
BRDA:384,42,1,0
BRDA:385,43,0,0
BRDA:385,43,1,0
BRDA:395,44,0,0
BRDA:395,44,1,0
BRDA:415,45,0,0
BRDA:415,45,1,0
BRDA:424,46,0,0
BRDA:424,46,1,0
BRDA:426,47,0,0
BRDA:426,47,1,0
BRDA:427,48,0,0
BRDA:427,48,1,0
BRDA:437,49,0,0
BRDA:437,49,1,0
BRDA:455,50,0,2
BRDA:455,50,1,251
BRDA:455,51,0,253
BRDA:455,51,1,252
BRDA:455,51,2,252
BRDA:460,52,0,251
BRDA:460,52,1,1
BRDA:462,53,0,162
BRDA:462,53,1,88
BRDA:462,53,2,1
BRDA:464,54,0,153
BRDA:464,54,1,9
BRDA:478,55,0,10
BRDA:478,55,1,78
BRDA:499,56,0,6
BRDA:500,57,0,0
BRDA:500,57,1,6
BRDA:540,58,0,0
BRDA:540,58,1,2
BRDA:543,59,0,2
BRDA:543,59,1,0
BRDA:561,60,0,0
BRDA:561,60,1,0
BRDA:564,61,0,0
BRDA:564,61,1,0
BRDA:589,62,0,6
BRDA:589,62,1,0
BRDA:595,63,0,6
BRDA:595,63,1,0
BRDA:602,64,0,6
BRDA:602,64,1,0
BRF:133
BRH:44
end_of_record
TN:
SF:src/mcp/mcp-server.service.ts
FN:28,(anonymous_2)
FN:33,(anonymous_3)
FN:43,(anonymous_4)
FN:45,(anonymous_5)
FN:86,(anonymous_6)
FN:117,(anonymous_7)
FN:121,(anonymous_8)
FN:125,(anonymous_9)
FN:155,(anonymous_10)
FN:164,(anonymous_11)
FN:190,(anonymous_12)
FN:192,(anonymous_13)
FN:195,(anonymous_14)
FN:219,(anonymous_15)
FNF:14
FNH:13
FNDA:33,(anonymous_2)
FNDA:33,(anonymous_3)
FNDA:2,(anonymous_4)
FNDA:0,(anonymous_5)
FNDA:7,(anonymous_6)
FNDA:100,(anonymous_7)
FNDA:1,(anonymous_8)
FNDA:15,(anonymous_9)
FNDA:28,(anonymous_10)
FNDA:23,(anonymous_11)
FNDA:4,(anonymous_12)
FNDA:5,(anonymous_13)
FNDA:1,(anonymous_14)
FNDA:39,(anonymous_15)
DA:1,6
DA:5,6
DA:6,6
DA:8,6
DA:10,6
DA:11,6
DA:12,6
DA:24,6
DA:25,33
DA:26,33
DA:29,33
DA:30,33
DA:34,33
DA:37,33
DA:38,33
DA:39,33
DA:40,33
DA:41,33
DA:42,33
DA:44,2
DA:45,0
DA:48,2
DA:53,33
DA:54,63
DA:55,63
DA:57,63
DA:58,63
DA:60,61
DA:62,61
DA:70,61
DA:72,2
DA:79,2
DA:80,1
DA:87,7
DA:88,12
DA:89,12
DA:91,12
DA:92,12
DA:94,11
DA:96,10
DA:97,10
DA:98,50
DA:99,50
DA:100,6
DA:101,6
DA:106,2
DA:114,7
DA:118,100
DA:122,1
DA:130,15
DA:131,15
DA:132,1
DA:133,1
DA:138,14
DA:139,14
DA:142,14
DA:143,14
DA:144,14
DA:146,14
DA:148,14
DA:151,14
DA:152,14
DA:155,14
DA:156,28
DA:157,28
DA:159,14
DA:160,14
DA:161,14
DA:169,23
DA:170,23
DA:171,1
DA:172,1
DA:177,22
DA:180,22
DA:182,22
DA:183,22
DA:184,13
DA:185,13
DA:189,9
DA:190,4
DA:193,5
DA:196,1
DA:201,9
DA:204,9
DA:205,7
DA:207,2
DA:213,2
DA:214,1
DA:224,39
DA:225,39
DA:226,1
DA:227,1
DA:231,38
DA:233,38
DA:242,38
DA:243,33
DA:244,33
DA:245,22
DA:256,22
DA:258,22
DA:259,22
DA:260,22
DA:261,22
DA:262,20
DA:263,2
DA:264,0
DA:266,2
DA:268,22
DA:270,11
DA:279,5
DA:284,16
DA:285,16
LF:112
LH:110
BRDA:37,0,0,33
BRDA:37,0,1,1
BRDA:40,1,0,0
BRDA:40,1,1,33
BRDA:42,2,0,2
BRDA:42,2,1,31
BRDA:44,3,0,0
BRDA:44,3,1,2
BRDA:67,4,0,61
BRDA:67,4,1,2
BRDA:79,5,0,1
BRDA:79,5,1,1
BRDA:99,6,0,6
BRDA:99,6,1,44
BRDA:131,7,0,1
BRDA:131,7,1,14
BRDA:138,8,0,14
BRDA:138,8,1,3
BRDA:139,9,0,11
BRDA:139,9,1,3
BRDA:142,10,0,14
BRDA:142,10,1,3
BRDA:170,11,0,1
BRDA:170,11,1,22
BRDA:177,12,0,22
BRDA:177,12,1,10
BRDA:177,12,2,10
BRDA:180,13,0,13
BRDA:180,13,1,9
BRDA:183,14,0,13
BRDA:183,14,1,9
BRDA:183,15,0,22
BRDA:183,15,1,13
BRDA:213,16,0,1
BRDA:213,16,1,1
BRDA:225,17,0,1
BRDA:225,17,1,38
BRDA:231,18,0,38
BRDA:231,18,1,26
BRDA:242,19,0,33
BRDA:242,19,1,5
BRDA:244,20,0,22
BRDA:244,20,1,11
BRDA:244,21,0,33
BRDA:244,21,1,33
BRDA:256,22,0,22
BRDA:256,22,1,2
BRDA:258,23,0,22
BRDA:258,23,1,20
BRDA:259,24,0,22
BRDA:259,24,1,22
BRDA:261,25,0,20
BRDA:261,25,1,2
BRDA:261,26,0,22
BRDA:261,26,1,20
BRDA:263,27,0,0
BRDA:263,27,1,2
BRF:57
BRH:54
end_of_record
TN:
SF:src/redaction/audit-logger.ts
FN:14,(anonymous_9)
FN:28,(anonymous_10)
FN:58,(anonymous_11)
FN:69,(anonymous_12)
FN:79,(anonymous_13)
FNF:5
FNH:5
FNDA:19,(anonymous_9)
FNDA:16,(anonymous_10)
FNDA:26,(anonymous_11)
FNDA:48,(anonymous_12)
FNDA:3,(anonymous_13)
DA:1,8
DA:2,8
DA:4,8
DA:6,8
DA:10,8
DA:11,19
DA:16,19
DA:17,19
DA:20,19
DA:21,19
DA:23,1
DA:24,1
DA:34,16
DA:35,3
DA:38,13
DA:39,13
DA:42,13
DA:46,13
DA:49,13
DA:53,13
DA:55,13
DA:59,26
DA:60,26
DA:61,26
DA:63,26
DA:65,4
DA:70,48
DA:71,19
DA:72,19
DA:74,15
DA:78,29
DA:79,3
DA:82,27
DA:83,24
DA:84,24
DA:85,19
DA:87,24
DA:90,3
LF:38
LH:38
BRDA:34,0,0,3
BRDA:34,0,1,13
BRDA:34,1,0,16
BRDA:34,1,1,14
BRDA:70,2,0,19
BRDA:70,2,1,29
BRDA:78,3,0,2
BRDA:78,3,1,27
BRDA:82,4,0,24
BRDA:82,4,1,3
BRDA:82,5,0,27
BRDA:82,5,1,26
BRF:12
BRH:12
end_of_record
TN:
SF:src/redaction/matcher.ts
FN:16,(anonymous_0)
FN:38,(anonymous_1)
FN:46,(anonymous_2)
FN:50,(anonymous_3)
FN:57,(anonymous_4)
FN:84,(anonymous_5)
FN:131,(anonymous_6)
FN:143,(anonymous_7)
FNF:8
FNH:8
FNDA:48,(anonymous_0)
FNDA:49,(anonymous_1)
FNDA:25,(anonymous_2)
FNDA:80,(anonymous_3)
FNDA:10,(anonymous_4)
FNDA:80,(anonymous_5)
FNDA:81,(anonymous_6)
FNDA:82,(anonymous_7)
DA:12,9
DA:18,48
DA:19,48
DA:20,1177
DA:21,1177
DA:22,1177
DA:25,48
DA:28,48
DA:29,48
DA:31,48
DA:33,0
DA:35,48
DA:39,49
DA:40,1
DA:42,48
DA:47,25
DA:51,80
DA:52,80
DA:53,20
DA:57,60
DA:58,60
DA:59,60
DA:60,70
DA:61,70
DA:62,69
DA:63,1
DA:64,0
DA:69,60
DA:70,60
DA:71,60
DA:72,69
DA:73,27
DA:75,69
DA:76,69
DA:78,60
DA:79,29
DA:81,60
DA:85,80
DA:86,80
DA:88,80
DA:91,80
DA:92,80
DA:94,80
DA:95,80
DA:96,80
DA:97,0
DA:99,80
DA:100,81
DA:101,81
DA:103,81
DA:104,81
DA:105,81
DA:106,81
DA:107,70
DA:111,80
DA:115,0
DA:116,0
DA:117,0
DA:118,0
DA:119,0
DA:120,0
DA:121,0
DA:122,0
DA:123,0
DA:125,0
DA:128,0
DA:132,81
DA:133,36
DA:134,36
DA:136,77
DA:137,46
DA:138,46
DA:140,70
DA:144,82
LF:74
LH:60
BRDA:21,0,0,1177
BRDA:21,0,1,0
BRDA:35,1,0,48
BRDA:35,1,1,0
BRDA:39,2,0,1
BRDA:39,2,1,48
BRDA:52,3,0,20
BRDA:52,3,1,60
BRDA:61,4,0,69
BRDA:61,4,1,1
BRDA:61,5,0,70
BRDA:61,5,1,10
BRDA:63,6,0,0
BRDA:63,6,1,1
BRDA:72,7,0,27
BRDA:72,7,1,42
BRDA:78,8,0,29
BRDA:78,8,1,31
BRDA:88,9,0,80
BRDA:88,9,1,0
BRDA:91,10,0,80
BRDA:91,10,1,0
BRDA:94,11,0,80
BRDA:94,11,1,0
BRDA:94,12,0,0
BRDA:94,12,1,0
BRDA:94,12,2,0
BRDA:95,13,0,80
BRDA:95,13,1,0
BRDA:95,14,0,80
BRDA:95,14,1,0
BRDA:95,15,0,0
BRDA:95,15,1,0
BRDA:95,15,2,0
BRDA:95,15,3,0
BRDA:96,16,0,0
BRDA:96,16,1,80
BRDA:96,17,0,80
BRDA:96,17,1,80
BRDA:96,17,2,80
BRDA:100,18,0,0
BRDA:100,18,1,81
BRDA:100,19,0,81
BRDA:100,19,1,81
BRDA:106,20,0,70
BRDA:106,20,1,11
BRDA:106,21,0,81
BRDA:106,21,1,81
BRDA:106,21,2,81
BRDA:119,22,0,0
BRDA:119,22,1,0
BRDA:122,23,0,0
BRDA:122,23,1,0
BRDA:132,24,0,36
BRDA:132,24,1,45
BRDA:134,25,0,4
BRDA:134,25,1,32
BRDA:136,26,0,46
BRDA:136,26,1,31
BRDA:138,27,0,7
BRDA:138,27,1,39
BRF:61
BRH:40
end_of_record
TN:
SF:src/redaction/redaction.service.ts
FN:10,(anonymous_1)
FN:16,(anonymous_2)
FN:51,(anonymous_3)
FN:58,(anonymous_4)
FN:70,(anonymous_5)
FN:76,(anonymous_6)
FN:88,(anonymous_7)
FN:91,(anonymous_8)
FN:97,(anonymous_9)
FN:121,(anonymous_10)
FN:130,(anonymous_11)
FN:130,(anonymous_12)
FN:148,(anonymous_13)
FN:161,(anonymous_14)
FN:162,(anonymous_15)
FN:176,(anonymous_16)
FNF:16
FNH:14
FNDA:39,(anonymous_1)
FNDA:28,(anonymous_2)
FNDA:8,(anonymous_3)
FNDA:23,(anonymous_4)
FNDA:54,(anonymous_5)
FNDA:11,(anonymous_6)
FNDA:7,(anonymous_7)
FNDA:31,(anonymous_8)
FNDA:6,(anonymous_9)
FNDA:27,(anonymous_10)
FNDA:0,(anonymous_11)
FNDA:0,(anonymous_12)
FNDA:48,(anonymous_13)
FNDA:144,(anonymous_14)
FNDA:144,(anonymous_15)
FNDA:25,(anonymous_16)
DA:1,8
DA:3,8
DA:6,8
DA:7,8
DA:10,8
DA:11,39
DA:12,39
DA:13,39
DA:14,39
DA:17,28
DA:18,1
DA:19,0
DA:21,1
DA:24,27
DA:26,27
DA:27,27
DA:29,24
DA:30,0
DA:31,0
DA:32,0
DA:35,24
DA:36,24
DA:39,24
DA:40,24
DA:43,24
DA:46,3
DA:47,3
DA:52,8
DA:53,2
DA:55,8
DA:59,23
DA:60,6
DA:63,17
DA:64,10
DA:67,7
DA:71,54
DA:72,23
DA:73,23
DA:75,31
DA:76,11
DA:78,25
DA:79,19
DA:80,19
DA:81,31
DA:83,19
DA:85,6
DA:89,7
DA:91,7
DA:92,31
DA:93,7
DA:94,7
DA:96,24
DA:97,6
DA:99,21
DA:100,15
DA:101,15
DA:102,30
DA:103,12
DA:104,11
DA:105,11
DA:107,1
DA:110,18
DA:113,15
DA:115,6
DA:118,7
DA:122,27
DA:123,27
DA:124,2
DA:128,25
DA:129,25
DA:130,0
DA:133,25
DA:134,0
DA:137,25
DA:138,25
DA:139,1
DA:142,24
DA:146,24
DA:148,24
DA:149,48
DA:150,48
DA:151,48
DA:152,0
DA:157,48
DA:158,48
DA:159,48
DA:161,144
DA:162,144
DA:163,48
DA:167,24
DA:168,24
DA:169,48
DA:170,48
DA:173,24
DA:177,25
DA:178,25
DA:179,1
DA:180,1
DA:182,0
DA:188,24
DA:189,24
DA:190,1
DA:194,23
DA:195,23
DA:196,23
DA:197,23
DA:198,23
DA:199,1
DA:202,23
DA:204,0
LF:110
LH:101
BRDA:17,0,0,1
BRDA:17,0,1,27
BRDA:18,1,0,0
BRDA:18,1,1,1
BRDA:29,2,0,0
BRDA:29,2,1,24
BRDA:40,3,0,24
BRDA:40,3,1,0
BRDA:52,4,0,2
BRDA:52,4,1,6
BRDA:59,5,0,6
BRDA:59,5,1,17
BRDA:59,6,0,23
BRDA:59,6,1,21
BRDA:59,6,2,19
BRDA:63,7,0,10
BRDA:63,7,1,7
BRDA:63,8,0,17
BRDA:63,8,1,8
BRDA:71,9,0,23
BRDA:71,9,1,31
BRDA:75,10,0,6
BRDA:75,10,1,25
BRDA:78,11,0,19
BRDA:78,11,1,6
BRDA:78,12,0,25
BRDA:78,12,1,23
BRDA:92,13,0,7
BRDA:92,13,1,24
BRDA:96,14,0,3
BRDA:96,14,1,21
BRDA:99,15,0,15
BRDA:99,15,1,6
BRDA:99,16,0,21
BRDA:99,16,1,21
BRDA:102,17,0,12
BRDA:102,17,1,18
BRDA:103,18,0,11
BRDA:103,18,1,1
BRDA:123,19,0,2
BRDA:123,19,1,25
BRDA:129,20,0,0
BRDA:129,20,1,25
BRDA:133,21,0,0
BRDA:133,21,1,25
BRDA:138,22,0,1
BRDA:138,22,1,24
BRDA:151,23,0,0
BRDA:151,23,1,48
BRDA:178,24,0,1
BRDA:178,24,1,24
BRDA:189,25,0,1
BRDA:189,25,1,23
BRDA:196,26,0,23
BRDA:196,26,1,0
BRDA:196,27,0,23
BRDA:196,27,1,23
BRDA:198,28,0,1
BRDA:198,28,1,22
BRDA:198,29,0,23
BRDA:198,29,1,1
BRF:61
BRH:54
end_of_record
TN:
SF:src/redaction/scanner-generic.ts
FN:7,redactGeneric
FN:59,scanEmailAt
FN:137,scanPhoneAt
FN:211,isDigit
FN:215,isLetter
FN:219,isAlphaNum
FN:223,isAlphaUnderscore
FN:227,isAlphaNumUnderscore
FN:231,isEmailLocalChar
FN:235,isDomainLabelChar
FNF:10
FNH:10
FNDA:73,redactGeneric
FNDA:31,scanEmailAt
FNDA:115,scanPhoneAt
FNDA:4102,isDigit
FNDA:542,isLetter
FNDA:505,isAlphaNum
FNDA:37,isAlphaUnderscore
FNDA:34,isAlphaNumUnderscore
FNDA:198,isEmailLocalChar
FNDA:286,isDomainLabelChar
DA:4,9
DA:5,9
DA:7,9
DA:8,73
DA:9,1
DA:12,72
DA:13,72
DA:14,72
DA:16,72
DA:17,3158
DA:19,3158
DA:20,31
DA:21,31
DA:22,25
DA:23,21
DA:25,25
DA:26,25
DA:27,25
DA:28,25
DA:32,3133
DA:33,115
DA:34,115
DA:35,14
DA:36,13
DA:38,14
DA:39,14
DA:40,14
DA:41,14
DA:45,3119
DA:48,72
DA:49,38
DA:52,34
DA:53,9
DA:56,34
DA:60,31
DA:61,31
DA:62,0
DA:66,31
DA:67,31
DA:68,174
DA:70,31
DA:71,31
DA:73,31
DA:74,1
DA:78,30
DA:79,2
DA:82,28
DA:83,126
DA:84,1
DA:89,27
DA:90,27
DA:91,27
DA:92,27
DA:94,27
DA:95,286
DA:96,286
DA:97,244
DA:98,244
DA:99,244
DA:101,42
DA:102,28
DA:103,0
DA:105,28
DA:106,28
DA:107,28
DA:108,28
DA:109,28
DA:111,14
DA:114,27
DA:115,27
DA:116,0
DA:118,27
DA:119,1
DA:122,26
DA:123,1
DA:127,25
DA:128,0
DA:130,25
DA:131,0
DA:134,25
DA:143,115
DA:144,115
DA:145,115
DA:146,115
DA:147,115
DA:148,115
DA:149,115
DA:151,115
DA:152,15
DA:153,15
DA:154,15
DA:155,0
DA:159,115
DA:160,878
DA:161,878
DA:162,628
DA:163,628
DA:164,250
DA:165,161
DA:166,161
DA:167,89
DA:168,4
DA:169,4
DA:170,4
DA:171,85
DA:172,13
DA:173,9
DA:175,4
DA:176,4
DA:177,72
DA:178,0
DA:179,0
DA:181,0
DA:183,72
DA:187,106
DA:188,106
DA:189,0
DA:191,106
DA:192,80
DA:195,26
DA:196,1
DA:198,25
DA:199,11
DA:202,14
DA:203,0
DA:204,0
DA:208,14
DA:212,4102
DA:216,542
DA:220,505
DA:224,37
DA:228,34
DA:232,198
DA:236,286
LF:134
LH:122
BRDA:8,0,0,1
BRDA:8,0,1,72
BRDA:19,1,0,31
BRDA:19,1,1,3127
BRDA:21,2,0,25
BRDA:21,2,1,6
BRDA:22,3,0,21
BRDA:22,3,1,4
BRDA:32,4,0,115
BRDA:32,4,1,3018
BRDA:32,5,0,3133
BRDA:32,5,1,3118
BRDA:34,6,0,14
BRDA:34,6,1,101
BRDA:35,7,0,13
BRDA:35,7,1,1
BRDA:48,8,0,38
BRDA:48,8,1,34
BRDA:52,9,0,9
BRDA:52,9,1,25
BRDA:61,10,0,0
BRDA:61,10,1,31
BRDA:61,11,0,31
BRDA:61,11,1,31
BRDA:67,12,0,205
BRDA:67,12,1,198
BRDA:73,13,0,1
BRDA:73,13,1,30
BRDA:78,14,0,2
BRDA:78,14,1,28
BRDA:78,15,0,30
BRDA:78,15,1,29
BRDA:83,16,0,1
BRDA:83,16,1,125
BRDA:83,17,0,126
BRDA:83,17,1,7
BRDA:96,18,0,244
BRDA:96,18,1,42
BRDA:101,19,0,28
BRDA:101,19,1,14
BRDA:102,20,0,0
BRDA:102,20,1,28
BRDA:102,21,0,28
BRDA:102,21,1,28
BRDA:115,22,0,0
BRDA:115,22,1,27
BRDA:115,23,0,27
BRDA:115,23,1,27
BRDA:118,24,0,1
BRDA:118,24,1,26
BRDA:122,25,0,1
BRDA:122,25,1,25
BRDA:122,26,0,26
BRDA:122,26,1,26
BRDA:122,26,2,25
BRDA:127,27,0,0
BRDA:127,27,1,25
BRDA:127,28,0,25
BRDA:127,28,1,21
BRDA:130,29,0,0
BRDA:130,29,1,25
BRDA:130,30,0,25
BRDA:130,30,1,13
BRDA:151,31,0,15
BRDA:151,31,1,100
BRDA:154,32,0,0
BRDA:154,32,1,15
BRDA:161,33,0,628
BRDA:161,33,1,250
BRDA:164,34,0,161
BRDA:164,34,1,89
BRDA:164,35,0,250
BRDA:164,35,1,161
BRDA:164,35,2,101
BRDA:167,36,0,4
BRDA:167,36,1,85
BRDA:171,37,0,13
BRDA:171,37,1,72
BRDA:172,38,0,9
BRDA:172,38,1,4
BRDA:177,39,0,0
BRDA:177,39,1,72
BRDA:177,40,0,72
BRDA:177,40,1,72
BRDA:178,41,0,0
BRDA:178,41,1,0
BRDA:188,42,0,0
BRDA:188,42,1,106
BRDA:191,43,0,80
BRDA:191,43,1,26
BRDA:191,44,0,106
BRDA:191,44,1,26
BRDA:195,45,0,1
BRDA:195,45,1,25
BRDA:195,46,0,26
BRDA:195,46,1,25
BRDA:198,47,0,11
BRDA:198,47,1,14
BRDA:198,48,0,25
BRDA:198,48,1,12
BRDA:202,49,0,0
BRDA:202,49,1,14
BRDA:202,50,0,14
BRDA:202,50,1,2
BRDA:202,50,2,1
BRDA:203,51,0,0
BRDA:203,51,1,0
BRDA:203,52,0,0
BRDA:203,52,1,0
BRDA:203,52,2,0
BRDA:212,53,0,4102
BRDA:212,53,1,3650
BRDA:216,54,0,542
BRDA:216,54,1,409
BRDA:216,54,2,133
BRDA:216,54,3,2
BRDA:220,55,0,505
BRDA:220,55,1,106
BRDA:224,56,0,37
BRDA:224,56,1,25
BRDA:228,57,0,34
BRDA:228,57,1,34
BRDA:232,58,0,198
BRDA:232,58,1,189
BRDA:232,58,2,189
BRDA:232,58,3,186
BRDA:232,58,4,185
BRDA:236,59,0,286
BRDA:236,59,1,42
BRF:129
BRH:113
end_of_record
