{
  "numFailedTestSuites": 0,
  "numFailedTests": 0,
  "numPassedTestSuites": 1,
  "numPassedTests": 6,
  "numPendingTestSuites": 5,
  "numPendingTests": 15,
  "numRuntimeErrorTestSuites": 0,
  "numTodoTests": 0,
  "numTotalTestSuites": 6,
  "numTotalTests": 21,
  "openHandles": [],
  "snapshot": {
    "added": 0,
    "didUpdate": false,
    "failure": false,
    "filesAdded": 0,
    "filesRemoved": 0,
    "filesRemovedList": [],
    "filesUnmatched": 0,
    "filesUpdated": 0,
    "matched": 3,
    "total": 3,
    "unchecked": 0,
    "uncheckedKeysByFile": [],
    "unmatched": 0,
    "updated": 0
  },
  "startTime": 1764550841616,
  "success": false,
  "testResults": [
    {
      "leaks": false,
      "numFailingTests": 0,
      "numPassingTests": 0,
      "numPendingTests": 7,
      "numTodoTests": 0,
      "openHandles": [],
      "perfStats": {
        "end": 1764550848616,
        "loadTestEnvironmentEnd": 1764550841854,
        "loadTestEnvironmentStart": 1764550841823,
        "runtime": 6761,
        "setupAfterEnvEnd": 1764550841956,
        "setupAfterEnvStart": 1764550841956,
        "setupFilesEnd": 1764550841855,
        "setupFilesStart": 1764550841855,
        "slow": true,
        "start": 1764550841855
      },
      "skipped": true,
      "snapshot": {
        "added": 0,
        "fileDeleted": false,
        "matched": 0,
        "unchecked": 0,
        "uncheckedKeys": [],
        "unmatched": 0,
        "updated": 0
      },
      "testFilePath": "/home/runner/work/gs-mcp-proxy-pii-redactor/gs-mcp-proxy-pii-redactor/e2e/mcp.sse.e2e-spec.ts",
      "testResults": [
        {
          "ancestorTitles": [
            "MCP Proxy SSE Transport (e2e)"
          ],
          "duration": null,
          "failing": false,
          "failureDetails": [],
          "failureMessages": [],
          "fullName": "MCP Proxy SSE Transport (e2e) health check returns ok",
          "invocations": 1,
          "location": null,
          "numPassingAsserts": 0,
          "retryReasons": [],
          "startAt": 1764550848614,
          "status": "pending",
          "title": "health check returns ok"
        },
        {
          "ancestorTitles": [
            "MCP Proxy SSE Transport (e2e)"
          ],
          "duration": null,
          "failing": false,
          "failureDetails": [],
          "failureMessages": [],
          "fullName": "MCP Proxy SSE Transport (e2e) github client blocks specified tools via SSE",
          "invocations": 1,
          "location": null,
          "numPassingAsserts": 0,
          "retryReasons": [],
          "startAt": 1764550848614,
          "status": "pending",
          "title": "github client blocks specified tools via SSE"
        },
        {
          "ancestorTitles": [
            "MCP Proxy SSE Transport (e2e)"
          ],
          "duration": null,
          "failing": false,
          "failureDetails": [],
          "failureMessages": [],
          "fullName": "MCP Proxy SSE Transport (e2e) github-allow client only exposes allow-listed tools via SSE",
          "invocations": 1,
          "location": null,
          "numPassingAsserts": 0,
          "retryReasons": [],
          "startAt": 1764550848615,
          "status": "pending",
          "title": "github-allow client only exposes allow-listed tools via SSE"
        },
        {
          "ancestorTitles": [
            "MCP Proxy SSE Transport (e2e)"
          ],
          "duration": null,
          "failing": false,
          "failureDetails": [],
          "failureMessages": [],
          "fullName": "MCP Proxy SSE Transport (e2e) unknown client returns 404 on SSE endpoint",
          "invocations": 1,
          "location": null,
          "numPassingAsserts": 0,
          "retryReasons": [],
          "startAt": 1764550848615,
          "status": "pending",
          "title": "unknown client returns 404 on SSE endpoint"
        },
        {
          "ancestorTitles": [
            "MCP Proxy SSE Transport (e2e)"
          ],
          "duration": null,
          "failing": false,
          "failureDetails": [],
          "failureMessages": [],
          "fullName": "MCP Proxy SSE Transport (e2e) SSE transport handles authentication correctly",
          "invocations": 1,
          "location": null,
          "numPassingAsserts": 0,
          "retryReasons": [],
          "startAt": 1764550848615,
          "status": "pending",
          "title": "SSE transport handles authentication correctly"
        },
        {
          "ancestorTitles": [
            "MCP Proxy SSE Transport (e2e)"
          ],
          "duration": null,
          "failing": false,
          "failureDetails": [],
          "failureMessages": [],
          "fullName": "MCP Proxy SSE Transport (e2e) reconnects cleanly and can list tools again",
          "invocations": 1,
          "location": null,
          "numPassingAsserts": 0,
          "retryReasons": [],
          "startAt": 1764550848615,
          "status": "pending",
          "title": "reconnects cleanly and can list tools again"
        },
        {
          "ancestorTitles": [
            "MCP Proxy SSE Transport (e2e)"
          ],
          "duration": null,
          "failing": false,
          "failureDetails": [],
          "failureMessages": [],
          "fullName": "MCP Proxy SSE Transport (e2e) supports two concurrent SSE clients without interference",
          "invocations": 1,
          "location": null,
          "numPassingAsserts": 0,
          "retryReasons": [],
          "startAt": 1764550848615,
          "status": "pending",
          "title": "supports two concurrent SSE clients without interference"
        }
      ],
      "displayName": {
        "color": "white",
        "name": "e2e"
      },
      "failureMessage": null
    },
    {
      "leaks": false,
      "numFailingTests": 0,
      "numPassingTests": 0,
      "numPendingTests": 1,
      "numTodoTests": 0,
      "openHandles": [],
      "perfStats": {
        "end": 1764550848921,
        "loadTestEnvironmentEnd": 1764550848688,
        "loadTestEnvironmentStart": 1764550848683,
        "runtime": 233,
        "setupAfterEnvEnd": 1764550848712,
        "setupAfterEnvStart": 1764550848712,
        "setupFilesEnd": 1764550848688,
        "setupFilesStart": 1764550848688,
        "slow": false,
        "start": 1764550848688
      },
      "skipped": true,
      "snapshot": {
        "added": 0,
        "fileDeleted": false,
        "matched": 0,
        "unchecked": 0,
        "uncheckedKeys": [],
        "unmatched": 0,
        "updated": 0
      },
      "testFilePath": "/home/runner/work/gs-mcp-proxy-pii-redactor/gs-mcp-proxy-pii-redactor/e2e/mcp.search-repositories.sse.e2e-spec.ts",
      "testResults": [
        {
          "ancestorTitles": [
            "MCP Proxy search_repositories via SSE (e2e)"
          ],
          "duration": null,
          "failing": false,
          "failureDetails": [],
          "failureMessages": [],
          "fullName": "MCP Proxy search_repositories via SSE (e2e) exposes search_repositories on github-allow via SSE and executes it",
          "invocations": 1,
          "location": null,
          "numPassingAsserts": 0,
          "retryReasons": [],
          "startAt": 1764550848920,
          "status": "pending",
          "title": "exposes search_repositories on github-allow via SSE and executes it"
        }
      ],
      "displayName": {
        "color": "white",
        "name": "e2e"
      },
      "failureMessage": null
    },
    {
      "leaks": false,
      "numFailingTests": 0,
      "numPassingTests": 0,
      "numPendingTests": 1,
      "numTodoTests": 0,
      "openHandles": [],
      "perfStats": {
        "end": 1764550849214,
        "loadTestEnvironmentEnd": 1764550848990,
        "loadTestEnvironmentStart": 1764550848987,
        "runtime": 224,
        "setupAfterEnvEnd": 1764550849007,
        "setupAfterEnvStart": 1764550849007,
        "setupFilesEnd": 1764550848990,
        "setupFilesStart": 1764550848990,
        "slow": false,
        "start": 1764550848990
      },
      "skipped": true,
      "snapshot": {
        "added": 0,
        "fileDeleted": false,
        "matched": 0,
        "unchecked": 0,
        "uncheckedKeys": [],
        "unmatched": 0,
        "updated": 0
      },
      "testFilePath": "/home/runner/work/gs-mcp-proxy-pii-redactor/gs-mcp-proxy-pii-redactor/e2e/mcp.search-repositories.e2e-spec.ts",
      "testResults": [
        {
          "ancestorTitles": [
            "MCP Proxy search_repositories (e2e)"
          ],
          "duration": null,
          "failing": false,
          "failureDetails": [],
          "failureMessages": [],
          "fullName": "MCP Proxy search_repositories (e2e) exposes search_repositories on github-allow and executes it",
          "invocations": 1,
          "location": null,
          "numPassingAsserts": 0,
          "retryReasons": [],
          "startAt": 1764550849213,
          "status": "pending",
          "title": "exposes search_repositories on github-allow and executes it"
        }
      ],
      "displayName": {
        "color": "white",
        "name": "e2e"
      },
      "failureMessage": null
    },
    {
      "leaks": false,
      "numFailingTests": 0,
      "numPassingTests": 0,
      "numPendingTests": 5,
      "numTodoTests": 0,
      "openHandles": [],
      "perfStats": {
        "end": 1764550849502,
        "loadTestEnvironmentEnd": 1764550849284,
        "loadTestEnvironmentStart": 1764550849280,
        "runtime": 218,
        "setupAfterEnvEnd": 1764550849309,
        "setupAfterEnvStart": 1764550849309,
        "setupFilesEnd": 1764550849284,
        "setupFilesStart": 1764550849284,
        "slow": false,
        "start": 1764550849284
      },
      "skipped": true,
      "snapshot": {
        "added": 0,
        "fileDeleted": false,
        "matched": 0,
        "unchecked": 0,
        "uncheckedKeys": [],
        "unmatched": 0,
        "updated": 0
      },
      "testFilePath": "/home/runner/work/gs-mcp-proxy-pii-redactor/gs-mcp-proxy-pii-redactor/e2e/mcp.e2e-spec.ts",
      "testResults": [
        {
          "ancestorTitles": [
            "MCP Proxy (e2e)"
          ],
          "duration": null,
          "failing": false,
          "failureDetails": [],
          "failureMessages": [],
          "fullName": "MCP Proxy (e2e) health check returns ok",
          "invocations": 1,
          "location": null,
          "numPassingAsserts": 0,
          "retryReasons": [],
          "startAt": 1764550849500,
          "status": "pending",
          "title": "health check returns ok"
        },
        {
          "ancestorTitles": [
            "MCP Proxy (e2e)"
          ],
          "duration": null,
          "failing": false,
          "failureDetails": [],
          "failureMessages": [],
          "fullName": "MCP Proxy (e2e) github client blocks specified tools",
          "invocations": 1,
          "location": null,
          "numPassingAsserts": 0,
          "retryReasons": [],
          "startAt": 1764550849500,
          "status": "pending",
          "title": "github client blocks specified tools"
        },
        {
          "ancestorTitles": [
            "MCP Proxy (e2e)"
          ],
          "duration": null,
          "failing": false,
          "failureDetails": [],
          "failureMessages": [],
          "fullName": "MCP Proxy (e2e) github-allow client only exposes allow-listed tools",
          "invocations": 1,
          "location": null,
          "numPassingAsserts": 0,
          "retryReasons": [],
          "startAt": 1764550849500,
          "status": "pending",
          "title": "github-allow client only exposes allow-listed tools"
        },
        {
          "ancestorTitles": [
            "MCP Proxy (e2e)"
          ],
          "duration": null,
          "failing": false,
          "failureDetails": [],
          "failureMessages": [],
          "fullName": "MCP Proxy (e2e) unknown client returns 404",
          "invocations": 1,
          "location": null,
          "numPassingAsserts": 0,
          "retryReasons": [],
          "startAt": 1764550849501,
          "status": "pending",
          "title": "unknown client returns 404"
        },
        {
          "ancestorTitles": [
            "MCP Proxy (e2e)"
          ],
          "duration": null,
          "failing": false,
          "failureDetails": [],
          "failureMessages": [],
          "fullName": "MCP Proxy (e2e) reuses streamable-http session across sequential calls",
          "invocations": 1,
          "location": null,
          "numPassingAsserts": 0,
          "retryReasons": [],
          "startAt": 1764550849501,
          "status": "pending",
          "title": "reuses streamable-http session across sequential calls"
        }
      ],
      "displayName": {
        "color": "white",
        "name": "e2e"
      },
      "failureMessage": null
    },
    {
      "leaks": false,
      "numFailingTests": 0,
      "numPassingTests": 6,
      "numPendingTests": 0,
      "numTodoTests": 0,
      "openHandles": [],
      "perfStats": {
        "end": 1764550849722,
        "loadTestEnvironmentEnd": 1764550849562,
        "loadTestEnvironmentStart": 1764550849557,
        "runtime": 160,
        "setupAfterEnvEnd": 1764550849586,
        "setupAfterEnvStart": 1764550849586,
        "setupFilesEnd": 1764550849562,
        "setupFilesStart": 1764550849562,
        "slow": false,
        "start": 1764550849562
      },
      "skipped": false,
      "snapshot": {
        "added": 0,
        "fileDeleted": false,
        "matched": 3,
        "unchecked": 0,
        "uncheckedKeys": [],
        "unmatched": 0,
        "updated": 0
      },
      "testFilePath": "/home/runner/work/gs-mcp-proxy-pii-redactor/gs-mcp-proxy-pii-redactor/e2e/redaction.e2e-spec.ts",
      "testResults": [
        {
          "ancestorTitles": [
            "PII Redaction (e2e-like service tests)"
          ],
          "duration": 3,
          "failing": false,
          "failureDetails": [],
          "failureMessages": [],
          "fullName": "PII Redaction (e2e-like service tests) uses Aho–Corasick automaton when available",
          "invocations": 1,
          "location": null,
          "numPassingAsserts": 2,
          "retryReasons": [],
          "startAt": 1764550849707,
          "status": "passed",
          "title": "uses Aho–Corasick automaton when available"
        },
        {
          "ancestorTitles": [
            "PII Redaction (e2e-like service tests)"
          ],
          "duration": 5,
          "failing": false,
          "failureDetails": [],
          "failureMessages": [],
          "fullName": "PII Redaction (e2e-like service tests) redacts emails and phone numbers generically in plain strings",
          "invocations": 1,
          "location": null,
          "numPassingAsserts": 1,
          "retryReasons": [],
          "startAt": 1764550849710,
          "status": "passed",
          "title": "redacts emails and phone numbers generically in plain strings"
        },
        {
          "ancestorTitles": [
            "PII Redaction (e2e-like service tests)"
          ],
          "duration": 3,
          "failing": false,
          "failureDetails": [],
          "failureMessages": [],
          "fullName": "PII Redaction (e2e-like service tests) redacts by configured keys (and recursively traversed strings) using keys [description, text, href]",
          "invocations": 1,
          "location": null,
          "numPassingAsserts": 1,
          "retryReasons": [],
          "startAt": 1764550849715,
          "status": "passed",
          "title": "redacts by configured keys (and recursively traversed strings) using keys [description, text, href]"
        },
        {
          "ancestorTitles": [
            "PII Redaction (e2e-like service tests)"
          ],
          "duration": 1,
          "failing": false,
          "failureDetails": [],
          "failureMessages": [],
          "fullName": "PII Redaction (e2e-like service tests) when no keys are configured, redacts all strings",
          "invocations": 1,
          "location": null,
          "numPassingAsserts": 1,
          "retryReasons": [],
          "startAt": 1764550849718,
          "status": "passed",
          "title": "when no keys are configured, redacts all strings"
        },
        {
          "ancestorTitles": [
            "PII Redaction (e2e-like service tests)"
          ],
          "duration": 1,
          "failing": false,
          "failureDetails": [],
          "failureMessages": [],
          "fullName": "PII Redaction (e2e-like service tests) returns original data when redaction disabled",
          "invocations": 1,
          "location": null,
          "numPassingAsserts": 1,
          "retryReasons": [],
          "startAt": 1764550849720,
          "status": "passed",
          "title": "returns original data when redaction disabled"
        },
        {
          "ancestorTitles": [
            "PII Redaction (e2e-like service tests)"
          ],
          "duration": 1,
          "failing": false,
          "failureDetails": [],
          "failureMessages": [],
          "fullName": "PII Redaction (e2e-like service tests) returns original data when matcher not initialized",
          "invocations": 1,
          "location": null,
          "numPassingAsserts": 1,
          "retryReasons": [],
          "startAt": 1764550849721,
          "status": "passed",
          "title": "returns original data when matcher not initialized"
        }
      ],
      "displayName": {
        "color": "white",
        "name": "e2e"
      },
      "failureMessage": null
    },
    {
      "leaks": false,
      "numFailingTests": 0,
      "numPassingTests": 0,
      "numPendingTests": 1,
      "numTodoTests": 0,
      "openHandles": [],
      "perfStats": {
        "end": 1764550849824,
        "loadTestEnvironmentEnd": 1764550849764,
        "loadTestEnvironmentStart": 1764550849757,
        "runtime": 60,
        "setupAfterEnvEnd": 1764550849782,
        "setupAfterEnvStart": 1764550849782,
        "setupFilesEnd": 1764550849764,
        "setupFilesStart": 1764550849764,
        "slow": false,
        "start": 1764550849764
      },
      "skipped": true,
      "snapshot": {
        "added": 0,
        "fileDeleted": false,
        "matched": 0,
        "unchecked": 0,
        "uncheckedKeys": [],
        "unmatched": 0,
        "updated": 0
      },
      "testFilePath": "/home/runner/work/gs-mcp-proxy-pii-redactor/gs-mcp-proxy-pii-redactor/e2e/mcp.stdio.e2e-spec.ts",
      "testResults": [
        {
          "ancestorTitles": [
            "MCP Proxy Stdio Mode (e2e)"
          ],
          "duration": null,
          "failing": false,
          "failureDetails": [],
          "failureMessages": [],
          "fullName": "MCP Proxy Stdio Mode (e2e) should expose only allow-listed tools via stdio",
          "invocations": 1,
          "location": null,
          "numPassingAsserts": 0,
          "retryReasons": [],
          "startAt": 1764550849823,
          "status": "pending",
          "title": "should expose only allow-listed tools via stdio"
        }
      ],
      "displayName": {
        "color": "white",
        "name": "e2e"
      },
      "failureMessage": null
    }
  ],
  "wasInterrupted": false
}