{
  "numFailedTestSuites": 0,
  "numFailedTests": 0,
  "numPassedTestSuites": 6,
  "numPassedTests": 20,
  "numPendingTestSuites": 0,
  "numPendingTests": 1,
  "numRuntimeErrorTestSuites": 0,
  "numTodoTests": 0,
  "numTotalTestSuites": 6,
  "numTotalTests": 21,
  "openHandles": [],
  "snapshot": {
    "added": 0,
    "didUpdate": false,
    "failure": false,
    "filesAdded": 0,
    "filesRemoved": 0,
    "filesRemovedList": [],
    "filesUnmatched": 0,
    "filesUpdated": 0,
    "matched": 5,
    "total": 5,
    "unchecked": 0,
    "uncheckedKeysByFile": [],
    "unmatched": 0,
    "updated": 0
  },
  "startTime": 1762513756410,
  "success": false,
  "testResults": [
    {
      "leaks": false,
      "numFailingTests": 0,
      "numPassingTests": 6,
      "numPendingTests": 1,
      "numTodoTests": 0,
      "openHandles": [],
      "perfStats": {
        "end": 1762513783346,
        "loadTestEnvironmentEnd": 1762513756649,
        "loadTestEnvironmentStart": 1762513756617,
        "runtime": 26696,
        "setupAfterEnvEnd": 1762513756743,
        "setupAfterEnvStart": 1762513756743,
        "setupFilesEnd": 1762513756650,
        "setupFilesStart": 1762513756650,
        "slow": true,
        "start": 1762513756650
      },
      "skipped": false,
      "snapshot": {
        "added": 0,
        "fileDeleted": false,
        "matched": 0,
        "unchecked": 0,
        "uncheckedKeys": [],
        "unmatched": 0,
        "updated": 0
      },
      "testFilePath": "/home/runner/work/gs-mcp-proxy-pii-redactor/gs-mcp-proxy-pii-redactor/e2e/mcp.sse.e2e-spec.ts",
      "testResults": [
        {
          "ancestorTitles": [
            "MCP Proxy SSE Transport (e2e)"
          ],
          "duration": 43,
          "failing": false,
          "failureDetails": [],
          "failureMessages": [],
          "fullName": "MCP Proxy SSE Transport (e2e) health check returns ok",
          "invocations": 1,
          "location": null,
          "numPassingAsserts": 0,
          "retryReasons": [],
          "startAt": 1762513762578,
          "status": "passed",
          "title": "health check returns ok"
        },
        {
          "ancestorTitles": [
            "MCP Proxy SSE Transport (e2e)"
          ],
          "duration": 250,
          "failing": false,
          "failureDetails": [],
          "failureMessages": [],
          "fullName": "MCP Proxy SSE Transport (e2e) github client blocks specified tools via SSE",
          "invocations": 1,
          "location": null,
          "numPassingAsserts": 3,
          "retryReasons": [],
          "startAt": 1762513762622,
          "status": "passed",
          "title": "github client blocks specified tools via SSE"
        },
        {
          "ancestorTitles": [
            "MCP Proxy SSE Transport (e2e)"
          ],
          "duration": 154,
          "failing": false,
          "failureDetails": [],
          "failureMessages": [],
          "fullName": "MCP Proxy SSE Transport (e2e) github-allow client only exposes allow-listed tools via SSE",
          "invocations": 1,
          "location": null,
          "numPassingAsserts": 1,
          "retryReasons": [],
          "startAt": 1762513762873,
          "status": "passed",
          "title": "github-allow client only exposes allow-listed tools via SSE"
        },
        {
          "ancestorTitles": [
            "MCP Proxy SSE Transport (e2e)"
          ],
          "duration": 11,
          "failing": false,
          "failureDetails": [],
          "failureMessages": [],
          "fullName": "MCP Proxy SSE Transport (e2e) unknown client returns 404 on SSE endpoint",
          "invocations": 1,
          "location": null,
          "numPassingAsserts": 0,
          "retryReasons": [],
          "startAt": 1762513763027,
          "status": "passed",
          "title": "unknown client returns 404 on SSE endpoint"
        },
        {
          "ancestorTitles": [
            "MCP Proxy SSE Transport (e2e)"
          ],
          "duration": 25,
          "failing": false,
          "failureDetails": [],
          "failureMessages": [],
          "fullName": "MCP Proxy SSE Transport (e2e) SSE transport handles authentication correctly",
          "invocations": 1,
          "location": null,
          "numPassingAsserts": 1,
          "retryReasons": [],
          "startAt": 1762513763038,
          "status": "passed",
          "title": "SSE transport handles authentication correctly"
        },
        {
          "ancestorTitles": [
            "MCP Proxy SSE Transport (e2e)"
          ],
          "duration": 271,
          "failing": false,
          "failureDetails": [],
          "failureMessages": [],
          "fullName": "MCP Proxy SSE Transport (e2e) reconnects cleanly and can list tools again",
          "invocations": 2,
          "location": null,
          "numPassingAsserts": 2,
          "retryReasons": [],
          "startAt": 1762513783066,
          "status": "passed",
          "title": "reconnects cleanly and can list tools again"
        },
        {
          "ancestorTitles": [
            "MCP Proxy SSE Transport (e2e)"
          ],
          "duration": null,
          "failing": false,
          "failureDetails": [],
          "failureMessages": [],
          "fullName": "MCP Proxy SSE Transport (e2e) supports two concurrent SSE clients without interference",
          "invocations": 1,
          "location": null,
          "numPassingAsserts": 0,
          "retryReasons": [],
          "startAt": 1762513783066,
          "status": "pending",
          "title": "supports two concurrent SSE clients without interference"
        }
      ],
      "displayName": {
        "color": "white",
        "name": "e2e"
      },
      "failureMessage": null
    },
    {
      "leaks": false,
      "numFailingTests": 0,
      "numPassingTests": 1,
      "numPendingTests": 0,
      "numTodoTests": 0,
      "openHandles": [],
      "perfStats": {
        "end": 1762513784813,
        "loadTestEnvironmentEnd": 1762513783409,
        "loadTestEnvironmentStart": 1762513783404,
        "runtime": 1404,
        "setupAfterEnvEnd": 1762513783431,
        "setupAfterEnvStart": 1762513783431,
        "setupFilesEnd": 1762513783409,
        "setupFilesStart": 1762513783409,
        "slow": false,
        "start": 1762513783409
      },
      "skipped": false,
      "snapshot": {
        "added": 0,
        "fileDeleted": false,
        "matched": 1,
        "unchecked": 0,
        "uncheckedKeys": [],
        "unmatched": 0,
        "updated": 0
      },
      "testFilePath": "/home/runner/work/gs-mcp-proxy-pii-redactor/gs-mcp-proxy-pii-redactor/e2e/mcp.search-repositories.sse.e2e-spec.ts",
      "testResults": [
        {
          "ancestorTitles": [
            "MCP Proxy search_repositories via SSE (e2e)"
          ],
          "duration": 586,
          "failing": false,
          "failureDetails": [],
          "failureMessages": [],
          "fullName": "MCP Proxy search_repositories via SSE (e2e) exposes search_repositories on github-allow via SSE and executes it",
          "invocations": 1,
          "location": null,
          "numPassingAsserts": 9,
          "retryReasons": [],
          "startAt": 1762513784218,
          "status": "passed",
          "title": "exposes search_repositories on github-allow via SSE and executes it"
        }
      ],
      "displayName": {
        "color": "white",
        "name": "e2e"
      },
      "failureMessage": null
    },
    {
      "leaks": false,
      "numFailingTests": 0,
      "numPassingTests": 1,
      "numPendingTests": 0,
      "numTodoTests": 0,
      "openHandles": [],
      "perfStats": {
        "end": 1762513785949,
        "loadTestEnvironmentEnd": 1762513784866,
        "loadTestEnvironmentStart": 1762513784861,
        "runtime": 1083,
        "setupAfterEnvEnd": 1762513784883,
        "setupAfterEnvStart": 1762513784883,
        "setupFilesEnd": 1762513784866,
        "setupFilesStart": 1762513784866,
        "slow": false,
        "start": 1762513784866
      },
      "skipped": false,
      "snapshot": {
        "added": 0,
        "fileDeleted": false,
        "matched": 1,
        "unchecked": 0,
        "uncheckedKeys": [],
        "unmatched": 0,
        "updated": 0
      },
      "testFilePath": "/home/runner/work/gs-mcp-proxy-pii-redactor/gs-mcp-proxy-pii-redactor/e2e/mcp.search-repositories.e2e-spec.ts",
      "testResults": [
        {
          "ancestorTitles": [
            "MCP Proxy search_repositories (e2e)"
          ],
          "duration": 634,
          "failing": false,
          "failureDetails": [],
          "failureMessages": [],
          "fullName": "MCP Proxy search_repositories (e2e) exposes search_repositories on github-allow and executes it",
          "invocations": 1,
          "location": null,
          "numPassingAsserts": 9,
          "retryReasons": [],
          "startAt": 1762513785306,
          "status": "passed",
          "title": "exposes search_repositories on github-allow and executes it"
        }
      ],
      "displayName": {
        "color": "white",
        "name": "e2e"
      },
      "failureMessage": null
    },
    {
      "leaks": false,
      "numFailingTests": 0,
      "numPassingTests": 5,
      "numPendingTests": 0,
      "numTodoTests": 0,
      "openHandles": [],
      "perfStats": {
        "end": 1762513787227,
        "loadTestEnvironmentEnd": 1762513786013,
        "loadTestEnvironmentStart": 1762513786010,
        "runtime": 1214,
        "setupAfterEnvEnd": 1762513786036,
        "setupAfterEnvStart": 1762513786036,
        "setupFilesEnd": 1762513786013,
        "setupFilesStart": 1762513786013,
        "slow": false,
        "start": 1762513786013
      },
      "skipped": false,
      "snapshot": {
        "added": 0,
        "fileDeleted": false,
        "matched": 0,
        "unchecked": 0,
        "uncheckedKeys": [],
        "unmatched": 0,
        "updated": 0
      },
      "testFilePath": "/home/runner/work/gs-mcp-proxy-pii-redactor/gs-mcp-proxy-pii-redactor/e2e/mcp.e2e-spec.ts",
      "testResults": [
        {
          "ancestorTitles": [
            "MCP Proxy (e2e)"
          ],
          "duration": 12,
          "failing": false,
          "failureDetails": [],
          "failureMessages": [],
          "fullName": "MCP Proxy (e2e) health check returns ok",
          "invocations": 1,
          "location": null,
          "numPassingAsserts": 0,
          "retryReasons": [],
          "startAt": 1762513786807,
          "status": "passed",
          "title": "health check returns ok"
        },
        {
          "ancestorTitles": [
            "MCP Proxy (e2e)"
          ],
          "duration": 217,
          "failing": false,
          "failureDetails": [],
          "failureMessages": [],
          "fullName": "MCP Proxy (e2e) github client blocks specified tools",
          "invocations": 1,
          "location": null,
          "numPassingAsserts": 3,
          "retryReasons": [],
          "startAt": 1762513786819,
          "status": "passed",
          "title": "github client blocks specified tools"
        },
        {
          "ancestorTitles": [
            "MCP Proxy (e2e)"
          ],
          "duration": 149,
          "failing": false,
          "failureDetails": [],
          "failureMessages": [],
          "fullName": "MCP Proxy (e2e) github-allow client only exposes allow-listed tools",
          "invocations": 1,
          "location": null,
          "numPassingAsserts": 1,
          "retryReasons": [],
          "startAt": 1762513787036,
          "status": "passed",
          "title": "github-allow client only exposes allow-listed tools"
        },
        {
          "ancestorTitles": [
            "MCP Proxy (e2e)"
          ],
          "duration": 10,
          "failing": false,
          "failureDetails": [],
          "failureMessages": [],
          "fullName": "MCP Proxy (e2e) unknown client returns 404",
          "invocations": 1,
          "location": null,
          "numPassingAsserts": 0,
          "retryReasons": [],
          "startAt": 1762513787185,
          "status": "passed",
          "title": "unknown client returns 404"
        },
        {
          "ancestorTitles": [
            "MCP Proxy (e2e)"
          ],
          "duration": 26,
          "failing": false,
          "failureDetails": [],
          "failureMessages": [],
          "fullName": "MCP Proxy (e2e) reuses streamable-http session across sequential calls",
          "invocations": 1,
          "location": null,
          "numPassingAsserts": 2,
          "retryReasons": [],
          "startAt": 1762513787195,
          "status": "passed",
          "title": "reuses streamable-http session across sequential calls"
        }
      ],
      "displayName": {
        "color": "white",
        "name": "e2e"
      },
      "failureMessage": null
    },
    {
      "leaks": false,
      "numFailingTests": 0,
      "numPassingTests": 6,
      "numPendingTests": 0,
      "numTodoTests": 0,
      "openHandles": [],
      "perfStats": {
        "end": 1762513787399,
        "loadTestEnvironmentEnd": 1762513787276,
        "loadTestEnvironmentStart": 1762513787273,
        "runtime": 123,
        "setupAfterEnvEnd": 1762513787298,
        "setupAfterEnvStart": 1762513787298,
        "setupFilesEnd": 1762513787276,
        "setupFilesStart": 1762513787276,
        "slow": false,
        "start": 1762513787276
      },
      "skipped": false,
      "snapshot": {
        "added": 0,
        "fileDeleted": false,
        "matched": 3,
        "unchecked": 0,
        "uncheckedKeys": [],
        "unmatched": 0,
        "updated": 0
      },
      "testFilePath": "/home/runner/work/gs-mcp-proxy-pii-redactor/gs-mcp-proxy-pii-redactor/e2e/redaction.e2e-spec.ts",
      "testResults": [
        {
          "ancestorTitles": [
            "PII Redaction (e2e-like service tests)"
          ],
          "duration": 1,
          "failing": false,
          "failureDetails": [],
          "failureMessages": [],
          "fullName": "PII Redaction (e2e-like service tests) uses Aho–Corasick automaton when available",
          "invocations": 1,
          "location": null,
          "numPassingAsserts": 2,
          "retryReasons": [],
          "startAt": 1762513787386,
          "status": "passed",
          "title": "uses Aho–Corasick automaton when available"
        },
        {
          "ancestorTitles": [
            "PII Redaction (e2e-like service tests)"
          ],
          "duration": 2,
          "failing": false,
          "failureDetails": [],
          "failureMessages": [],
          "fullName": "PII Redaction (e2e-like service tests) redacts emails and phone numbers generically in plain strings",
          "invocations": 1,
          "location": null,
          "numPassingAsserts": 1,
          "retryReasons": [],
          "startAt": 1762513787387,
          "status": "passed",
          "title": "redacts emails and phone numbers generically in plain strings"
        },
        {
          "ancestorTitles": [
            "PII Redaction (e2e-like service tests)"
          ],
          "duration": 2,
          "failing": false,
          "failureDetails": [],
          "failureMessages": [],
          "fullName": "PII Redaction (e2e-like service tests) redacts by configured keys (and recursively traversed strings) using keys [description, text, href]",
          "invocations": 1,
          "location": null,
          "numPassingAsserts": 1,
          "retryReasons": [],
          "startAt": 1762513787390,
          "status": "passed",
          "title": "redacts by configured keys (and recursively traversed strings) using keys [description, text, href]"
        },
        {
          "ancestorTitles": [
            "PII Redaction (e2e-like service tests)"
          ],
          "duration": 1,
          "failing": false,
          "failureDetails": [],
          "failureMessages": [],
          "fullName": "PII Redaction (e2e-like service tests) when no keys are configured, redacts all strings",
          "invocations": 1,
          "location": null,
          "numPassingAsserts": 1,
          "retryReasons": [],
          "startAt": 1762513787392,
          "status": "passed",
          "title": "when no keys are configured, redacts all strings"
        },
        {
          "ancestorTitles": [
            "PII Redaction (e2e-like service tests)"
          ],
          "duration": 1,
          "failing": false,
          "failureDetails": [],
          "failureMessages": [],
          "fullName": "PII Redaction (e2e-like service tests) returns original data when redaction disabled",
          "invocations": 1,
          "location": null,
          "numPassingAsserts": 1,
          "retryReasons": [],
          "startAt": 1762513787393,
          "status": "passed",
          "title": "returns original data when redaction disabled"
        },
        {
          "ancestorTitles": [
            "PII Redaction (e2e-like service tests)"
          ],
          "duration": 1,
          "failing": false,
          "failureDetails": [],
          "failureMessages": [],
          "fullName": "PII Redaction (e2e-like service tests) returns original data when matcher not initialized",
          "invocations": 1,
          "location": null,
          "numPassingAsserts": 1,
          "retryReasons": [],
          "startAt": 1762513787394,
          "status": "passed",
          "title": "returns original data when matcher not initialized"
        }
      ],
      "displayName": {
        "color": "white",
        "name": "e2e"
      },
      "failureMessage": null
    },
    {
      "leaks": false,
      "numFailingTests": 0,
      "numPassingTests": 1,
      "numPendingTests": 0,
      "numTodoTests": 0,
      "openHandles": [],
      "perfStats": {
        "end": 1762513795263,
        "loadTestEnvironmentEnd": 1762513787426,
        "loadTestEnvironmentStart": 1762513787423,
        "runtime": 7837,
        "setupAfterEnvEnd": 1762513787444,
        "setupAfterEnvStart": 1762513787444,
        "setupFilesEnd": 1762513787426,
        "setupFilesStart": 1762513787426,
        "slow": true,
        "start": 1762513787426
      },
      "skipped": false,
      "snapshot": {
        "added": 0,
        "fileDeleted": false,
        "matched": 0,
        "unchecked": 0,
        "uncheckedKeys": [],
        "unmatched": 0,
        "updated": 0
      },
      "testFilePath": "/home/runner/work/gs-mcp-proxy-pii-redactor/gs-mcp-proxy-pii-redactor/e2e/mcp.stdio.e2e-spec.ts",
      "testResults": [
        {
          "ancestorTitles": [
            "MCP Proxy Stdio Mode (e2e)"
          ],
          "duration": 7779,
          "failing": false,
          "failureDetails": [],
          "failureMessages": [],
          "fullName": "MCP Proxy Stdio Mode (e2e) should expose only allow-listed tools via stdio",
          "invocations": 1,
          "location": null,
          "numPassingAsserts": 3,
          "retryReasons": [],
          "startAt": 1762513787483,
          "status": "passed",
          "title": "should expose only allow-listed tools via stdio"
        }
      ],
      "displayName": {
        "color": "white",
        "name": "e2e"
      },
      "failureMessage": null
    }
  ],
  "wasInterrupted": false
}