{
  "numFailedTestSuites": 0,
  "numFailedTests": 0,
  "numPassedTestSuites": 8,
  "numPassedTests": 193,
  "numPendingTestSuites": 0,
  "numPendingTests": 0,
  "numRuntimeErrorTestSuites": 0,
  "numTodoTests": 0,
  "numTotalTestSuites": 8,
  "numTotalTests": 193,
  "openHandles": [],
  "snapshot": {
    "added": 0,
    "didUpdate": false,
    "failure": false,
    "filesAdded": 0,
    "filesRemoved": 0,
    "filesRemovedList": [],
    "filesUnmatched": 0,
    "filesUpdated": 0,
    "matched": 0,
    "total": 0,
    "unchecked": 0,
    "uncheckedKeysByFile": [],
    "unmatched": 0,
    "updated": 0
  },
  "startTime": 1762422669009,
  "success": false,
  "testResults": [
    {
      "leaks": false,
      "numFailingTests": 0,
      "numPassingTests": 22,
      "numPendingTests": 0,
      "numTodoTests": 0,
      "openHandles": [],
      "perfStats": {
        "end": 1762422677418,
        "loadTestEnvironmentEnd": 1762422669602,
        "loadTestEnvironmentStart": 1762422669285,
        "runtime": 7816,
        "setupAfterEnvEnd": 1762422669884,
        "setupAfterEnvStart": 1762422669884,
        "setupFilesEnd": 1762422669602,
        "setupFilesStart": 1762422669602,
        "slow": true,
        "start": 1762422669602
      },
      "skipped": false,
      "snapshot": {
        "added": 0,
        "fileDeleted": false,
        "matched": 0,
        "unchecked": 0,
        "uncheckedKeys": [],
        "unmatched": 0,
        "updated": 0
      },
      "testFilePath": "/home/runner/work/gs-mcp-proxy-pii-redactor/gs-mcp-proxy-pii-redactor/src/config/config.service.spec.ts",
      "testResults": [
        {
          "ancestorTitles": [
            "ConfigService",
            "load from file"
          ],
          "duration": 41,
          "failing": false,
          "failureDetails": [],
          "failureMessages": [],
          "fullName": "ConfigService load from file should load config from file with absolute path",
          "invocations": 1,
          "location": null,
          "numPassingAsserts": 2,
          "retryReasons": [],
          "startAt": 1762422677254,
          "status": "passed",
          "title": "should load config from file with absolute path"
        },
        {
          "ancestorTitles": [
            "ConfigService",
            "load from file"
          ],
          "duration": 4,
          "failing": false,
          "failureDetails": [],
          "failureMessages": [],
          "fullName": "ConfigService load from file should load config from file with relative path",
          "invocations": 1,
          "location": null,
          "numPassingAsserts": 2,
          "retryReasons": [],
          "startAt": 1762422677296,
          "status": "passed",
          "title": "should load config from file with relative path"
        },
        {
          "ancestorTitles": [
            "ConfigService",
            "load from file"
          ],
          "duration": 4,
          "failing": false,
          "failureDetails": [],
          "failureMessages": [],
          "fullName": "ConfigService load from file should set default type to sse if not provided",
          "invocations": 1,
          "location": null,
          "numPassingAsserts": 1,
          "retryReasons": [],
          "startAt": 1762422677300,
          "status": "passed",
          "title": "should set default type to sse if not provided"
        },
        {
          "ancestorTitles": [
            "ConfigService",
            "load from file"
          ],
          "duration": 24,
          "failing": false,
          "failureDetails": [],
          "failureMessages": [],
          "fullName": "ConfigService load from file should throw error if mcpProxy is missing",
          "invocations": 1,
          "location": null,
          "numPassingAsserts": 1,
          "retryReasons": [],
          "startAt": 1762422677305,
          "status": "passed",
          "title": "should throw error if mcpProxy is missing"
        },
        {
          "ancestorTitles": [
            "ConfigService",
            "load from URL"
          ],
          "duration": 7,
          "failing": false,
          "failureDetails": [],
          "failureMessages": [],
          "fullName": "ConfigService load from URL should load config from HTTP URL",
          "invocations": 1,
          "location": null,
          "numPassingAsserts": 2,
          "retryReasons": [],
          "startAt": 1762422677329,
          "status": "passed",
          "title": "should load config from HTTP URL"
        },
        {
          "ancestorTitles": [
            "ConfigService",
            "load from URL"
          ],
          "duration": 3,
          "failing": false,
          "failureDetails": [],
          "failureMessages": [],
          "fullName": "ConfigService load from URL should load config from HTTPS URL",
          "invocations": 1,
          "location": null,
          "numPassingAsserts": 2,
          "retryReasons": [],
          "startAt": 1762422677337,
          "status": "passed",
          "title": "should load config from HTTPS URL"
        },
        {
          "ancestorTitles": [
            "ConfigService",
            "load from URL"
          ],
          "duration": 4,
          "failing": false,
          "failureDetails": [],
          "failureMessages": [],
          "fullName": "ConfigService load from URL should handle insecure flag for HTTPS",
          "invocations": 1,
          "location": null,
          "numPassingAsserts": 4,
          "retryReasons": [],
          "startAt": 1762422677341,
          "status": "passed",
          "title": "should handle insecure flag for HTTPS"
        },
        {
          "ancestorTitles": [
            "ConfigService",
            "environment variable expansion"
          ],
          "duration": 7,
          "failing": false,
          "failureDetails": [],
          "failureMessages": [],
          "fullName": "ConfigService environment variable expansion should expand environment variables in headers",
          "invocations": 1,
          "location": null,
          "numPassingAsserts": 2,
          "retryReasons": [],
          "startAt": 1762422677346,
          "status": "passed",
          "title": "should expand environment variables in headers"
        },
        {
          "ancestorTitles": [
            "ConfigService",
            "environment variable expansion"
          ],
          "duration": 8,
          "failing": false,
          "failureDetails": [],
          "failureMessages": [],
          "fullName": "ConfigService environment variable expansion should throw error if referenced environment variable is not set",
          "invocations": 1,
          "location": null,
          "numPassingAsserts": 1,
          "retryReasons": [],
          "startAt": 1762422677353,
          "status": "passed",
          "title": "should throw error if referenced environment variable is not set"
        },
        {
          "ancestorTitles": [
            "ConfigService",
            "environment variable expansion"
          ],
          "duration": 6,
          "failing": false,
          "failureDetails": [],
          "failureMessages": [],
          "fullName": "ConfigService environment variable expansion should handle multiple environment variables in same header",
          "invocations": 1,
          "location": null,
          "numPassingAsserts": 1,
          "retryReasons": [],
          "startAt": 1762422677361,
          "status": "passed",
          "title": "should handle multiple environment variables in same header"
        },
        {
          "ancestorTitles": [
            "ConfigService",
            "environment variable expansion"
          ],
          "duration": 6,
          "failing": false,
          "failureDetails": [],
          "failureMessages": [],
          "fullName": "ConfigService environment variable expansion should not expand if no environment variables referenced",
          "invocations": 1,
          "location": null,
          "numPassingAsserts": 1,
          "retryReasons": [],
          "startAt": 1762422677373,
          "status": "passed",
          "title": "should not expand if no environment variables referenced"
        },
        {
          "ancestorTitles": [
            "ConfigService",
            "options inheritance"
          ],
          "duration": 7,
          "failing": false,
          "failureDetails": [],
          "failureMessages": [],
          "fullName": "ConfigService options inheritance should inherit authTokens from mcpProxy to mcpServers",
          "invocations": 1,
          "location": null,
          "numPassingAsserts": 1,
          "retryReasons": [],
          "startAt": 1762422677379,
          "status": "passed",
          "title": "should inherit authTokens from mcpProxy to mcpServers"
        },
        {
          "ancestorTitles": [
            "ConfigService",
            "options inheritance"
          ],
          "duration": 8,
          "failing": false,
          "failureDetails": [],
          "failureMessages": [],
          "fullName": "ConfigService options inheritance should inherit panicIfInvalid from mcpProxy to mcpServers",
          "invocations": 1,
          "location": null,
          "numPassingAsserts": 1,
          "retryReasons": [],
          "startAt": 1762422677386,
          "status": "passed",
          "title": "should inherit panicIfInvalid from mcpProxy to mcpServers"
        },
        {
          "ancestorTitles": [
            "ConfigService",
            "options inheritance"
          ],
          "duration": 2,
          "failing": false,
          "failureDetails": [],
          "failureMessages": [],
          "fullName": "ConfigService options inheritance should inherit logEnabled from mcpProxy to mcpServers",
          "invocations": 1,
          "location": null,
          "numPassingAsserts": 1,
          "retryReasons": [],
          "startAt": 1762422677394,
          "status": "passed",
          "title": "should inherit logEnabled from mcpProxy to mcpServers"
        },
        {
          "ancestorTitles": [
            "ConfigService",
            "options inheritance"
          ],
          "duration": 3,
          "failing": false,
          "failureDetails": [],
          "failureMessages": [],
          "fullName": "ConfigService options inheritance should not override existing options in mcpServers",
          "invocations": 1,
          "location": null,
          "numPassingAsserts": 3,
          "retryReasons": [],
          "startAt": 1762422677396,
          "status": "passed",
          "title": "should not override existing options in mcpServers"
        },
        {
          "ancestorTitles": [
            "ConfigService",
            "options inheritance"
          ],
          "duration": 1,
          "failing": false,
          "failureDetails": [],
          "failureMessages": [],
          "fullName": "ConfigService options inheritance should not inherit redaction options from mcpProxy to mcpServers",
          "invocations": 1,
          "location": null,
          "numPassingAsserts": 1,
          "retryReasons": [],
          "startAt": 1762422677400,
          "status": "passed",
          "title": "should not inherit redaction options from mcpProxy to mcpServers"
        },
        {
          "ancestorTitles": [
            "ConfigService",
            "options inheritance"
          ],
          "duration": 2,
          "failing": false,
          "failureDetails": [],
          "failureMessages": [],
          "fullName": "ConfigService options inheritance should handle multiple mcpServers with inheritance",
          "invocations": 1,
          "location": null,
          "numPassingAsserts": 4,
          "retryReasons": [],
          "startAt": 1762422677402,
          "status": "passed",
          "title": "should handle multiple mcpServers with inheritance"
        },
        {
          "ancestorTitles": [
            "ConfigService",
            "getConfig"
          ],
          "duration": 2,
          "failing": false,
          "failureDetails": [],
          "failureMessages": [],
          "fullName": "ConfigService getConfig should return loaded config",
          "invocations": 1,
          "location": null,
          "numPassingAsserts": 1,
          "retryReasons": [],
          "startAt": 1762422677404,
          "status": "passed",
          "title": "should return loaded config"
        },
        {
          "ancestorTitles": [
            "ConfigService",
            "getConfig"
          ],
          "duration": 3,
          "failing": false,
          "failureDetails": [],
          "failureMessages": [],
          "fullName": "ConfigService getConfig should throw error if config not loaded",
          "invocations": 1,
          "location": null,
          "numPassingAsserts": 1,
          "retryReasons": [],
          "startAt": 1762422677406,
          "status": "passed",
          "title": "should throw error if config not loaded"
        },
        {
          "ancestorTitles": [
            "ConfigService",
            "edge cases"
          ],
          "duration": 2,
          "failing": false,
          "failureDetails": [],
          "failureMessages": [],
          "fullName": "ConfigService edge cases should handle empty mcpServers object",
          "invocations": 1,
          "location": null,
          "numPassingAsserts": 1,
          "retryReasons": [],
          "startAt": 1762422677410,
          "status": "passed",
          "title": "should handle empty mcpServers object"
        },
        {
          "ancestorTitles": [
            "ConfigService",
            "edge cases"
          ],
          "duration": 2,
          "failing": false,
          "failureDetails": [],
          "failureMessages": [],
          "fullName": "ConfigService edge cases should initialize options if not provided in mcpProxy",
          "invocations": 1,
          "location": null,
          "numPassingAsserts": 1,
          "retryReasons": [],
          "startAt": 1762422677412,
          "status": "passed",
          "title": "should initialize options if not provided in mcpProxy"
        },
        {
          "ancestorTitles": [
            "ConfigService",
            "edge cases"
          ],
          "duration": 2,
          "failing": false,
          "failureDetails": [],
          "failureMessages": [],
          "fullName": "ConfigService edge cases should initialize options if not provided in mcpServer",
          "invocations": 1,
          "location": null,
          "numPassingAsserts": 1,
          "retryReasons": [],
          "startAt": 1762422677414,
          "status": "passed",
          "title": "should initialize options if not provided in mcpServer"
        }
      ],
      "displayName": {
        "color": "white",
        "name": "unit"
      },
      "failureMessage": null
    },
    {
      "leaks": false,
      "numFailingTests": 0,
      "numPassingTests": 27,
      "numPendingTests": 0,
      "numTodoTests": 0,
      "openHandles": [],
      "perfStats": {
        "end": 1762422678856,
        "loadTestEnvironmentEnd": 1762422677472,
        "loadTestEnvironmentStart": 1762422677462,
        "runtime": 1384,
        "setupAfterEnvEnd": 1762422677508,
        "setupAfterEnvStart": 1762422677508,
        "setupFilesEnd": 1762422677472,
        "setupFilesStart": 1762422677472,
        "slow": false,
        "start": 1762422677472
      },
      "skipped": false,
      "snapshot": {
        "added": 0,
        "fileDeleted": false,
        "matched": 0,
        "unchecked": 0,
        "uncheckedKeys": [],
        "unmatched": 0,
        "updated": 0
      },
      "testFilePath": "/home/runner/work/gs-mcp-proxy-pii-redactor/gs-mcp-proxy-pii-redactor/src/redaction/redaction.service.spec.ts",
      "testResults": [
        {
          "ancestorTitles": [
            "RedactionService",
            "initialize"
          ],
          "duration": 9,
          "failing": false,
          "failureDetails": [],
          "failureMessages": [],
          "fullName": "RedactionService initialize should initialize successfully with valid dictionary",
          "invocations": 1,
          "location": null,
          "numPassingAsserts": 2,
          "retryReasons": [],
          "startAt": 1762422678709,
          "status": "passed",
          "title": "should initialize successfully with valid dictionary"
        },
        {
          "ancestorTitles": [
            "RedactionService",
            "initialize"
          ],
          "duration": 4,
          "failing": false,
          "failureDetails": [],
          "failureMessages": [],
          "fullName": "RedactionService initialize should only initialize once",
          "invocations": 1,
          "location": null,
          "numPassingAsserts": 1,
          "retryReasons": [],
          "startAt": 1762422678719,
          "status": "passed",
          "title": "should only initialize once"
        },
        {
          "ancestorTitles": [
            "RedactionService",
            "initialize"
          ],
          "duration": 5,
          "failing": false,
          "failureDetails": [],
          "failureMessages": [],
          "fullName": "RedactionService initialize should throw error if MCP_PROXY_GCS_BUCKET is not set",
          "invocations": 1,
          "location": null,
          "numPassingAsserts": 2,
          "retryReasons": [],
          "startAt": 1762422678723,
          "status": "passed",
          "title": "should throw error if MCP_PROXY_GCS_BUCKET is not set"
        },
        {
          "ancestorTitles": [
            "RedactionService",
            "initialize"
          ],
          "duration": 10,
          "failing": false,
          "failureDetails": [],
          "failureMessages": [],
          "fullName": "RedactionService initialize should throw error if service account is not set",
          "invocations": 1,
          "location": null,
          "numPassingAsserts": 2,
          "retryReasons": [],
          "startAt": 1762422678728,
          "status": "passed",
          "title": "should throw error if service account is not set"
        },
        {
          "ancestorTitles": [
            "RedactionService",
            "getService"
          ],
          "duration": 9,
          "failing": false,
          "failureDetails": [],
          "failureMessages": [],
          "fullName": "RedactionService getService should auto-initialize if not initialized",
          "invocations": 1,
          "location": null,
          "numPassingAsserts": 2,
          "retryReasons": [],
          "startAt": 1762422678738,
          "status": "passed",
          "title": "should auto-initialize if not initialized"
        },
        {
          "ancestorTitles": [
            "RedactionService",
            "getService"
          ],
          "duration": 4,
          "failing": false,
          "failureDetails": [],
          "failureMessages": [],
          "fullName": "RedactionService getService should return error if initialization failed",
          "invocations": 1,
          "location": null,
          "numPassingAsserts": 2,
          "retryReasons": [],
          "startAt": 1762422678747,
          "status": "passed",
          "title": "should return error if initialization failed"
        },
        {
          "ancestorTitles": [
            "RedactionService",
            "redactResponse"
          ],
          "duration": 3,
          "failing": false,
          "failureDetails": [],
          "failureMessages": [],
          "fullName": "RedactionService redactResponse should return original data if config is null",
          "invocations": 1,
          "location": null,
          "numPassingAsserts": 1,
          "retryReasons": [],
          "startAt": 1762422678751,
          "status": "passed",
          "title": "should return original data if config is null"
        },
        {
          "ancestorTitles": [
            "RedactionService",
            "redactResponse"
          ],
          "duration": 2,
          "failing": false,
          "failureDetails": [],
          "failureMessages": [],
          "fullName": "RedactionService redactResponse should return original data if config is undefined",
          "invocations": 1,
          "location": null,
          "numPassingAsserts": 1,
          "retryReasons": [],
          "startAt": 1762422678754,
          "status": "passed",
          "title": "should return original data if config is undefined"
        },
        {
          "ancestorTitles": [
            "RedactionService",
            "redactResponse"
          ],
          "duration": 9,
          "failing": false,
          "failureDetails": [],
          "failureMessages": [],
          "fullName": "RedactionService redactResponse should return original data if redaction is disabled",
          "invocations": 1,
          "location": null,
          "numPassingAsserts": 1,
          "retryReasons": [],
          "startAt": 1762422678757,
          "status": "passed",
          "title": "should return original data if redaction is disabled"
        },
        {
          "ancestorTitles": [
            "RedactionService",
            "redactResponse"
          ],
          "duration": 6,
          "failing": false,
          "failureDetails": [],
          "failureMessages": [],
          "fullName": "RedactionService redactResponse should return original data if matcher is not initialized",
          "invocations": 1,
          "location": null,
          "numPassingAsserts": 1,
          "retryReasons": [],
          "startAt": 1762422678766,
          "status": "passed",
          "title": "should return original data if matcher is not initialized"
        },
        {
          "ancestorTitles": [
            "RedactionService",
            "redactResponse"
          ],
          "duration": 3,
          "failing": false,
          "failureDetails": [],
          "failureMessages": [],
          "fullName": "RedactionService redactResponse should redact all strings when no keys specified",
          "invocations": 1,
          "location": null,
          "numPassingAsserts": 2,
          "retryReasons": [],
          "startAt": 1762422678772,
          "status": "passed",
          "title": "should redact all strings when no keys specified"
        },
        {
          "ancestorTitles": [
            "RedactionService",
            "redactResponse"
          ],
          "duration": 3,
          "failing": false,
          "failureDetails": [],
          "failureMessages": [],
          "fullName": "RedactionService redactResponse should redact all strings when keys is empty array",
          "invocations": 1,
          "location": null,
          "numPassingAsserts": 2,
          "retryReasons": [],
          "startAt": 1762422678775,
          "status": "passed",
          "title": "should redact all strings when keys is empty array"
        },
        {
          "ancestorTitles": [
            "RedactionService",
            "redactResponse"
          ],
          "duration": 3,
          "failing": false,
          "failureDetails": [],
          "failureMessages": [],
          "fullName": "RedactionService redactResponse should redact only specified keys",
          "invocations": 1,
          "location": null,
          "numPassingAsserts": 3,
          "retryReasons": [],
          "startAt": 1762422678778,
          "status": "passed",
          "title": "should redact only specified keys"
        },
        {
          "ancestorTitles": [
            "RedactionService",
            "redactResponse"
          ],
          "duration": 3,
          "failing": false,
          "failureDetails": [],
          "failureMessages": [],
          "fullName": "RedactionService redactResponse should handle nested objects when redacting all strings",
          "invocations": 1,
          "location": null,
          "numPassingAsserts": 1,
          "retryReasons": [],
          "startAt": 1762422678781,
          "status": "passed",
          "title": "should handle nested objects when redacting all strings"
        },
        {
          "ancestorTitles": [
            "RedactionService",
            "redactResponse"
          ],
          "duration": 10,
          "failing": false,
          "failureDetails": [],
          "failureMessages": [],
          "fullName": "RedactionService redactResponse should handle nested objects when redacting by keys",
          "invocations": 1,
          "location": null,
          "numPassingAsserts": 2,
          "retryReasons": [],
          "startAt": 1762422678784,
          "status": "passed",
          "title": "should handle nested objects when redacting by keys"
        },
        {
          "ancestorTitles": [
            "RedactionService",
            "redactResponse"
          ],
          "duration": 3,
          "failing": false,
          "failureDetails": [],
          "failureMessages": [],
          "fullName": "RedactionService redactResponse should handle arrays when redacting all strings",
          "invocations": 1,
          "location": null,
          "numPassingAsserts": 2,
          "retryReasons": [],
          "startAt": 1762422678794,
          "status": "passed",
          "title": "should handle arrays when redacting all strings"
        },
        {
          "ancestorTitles": [
            "RedactionService",
            "redactResponse"
          ],
          "duration": 3,
          "failing": false,
          "failureDetails": [],
          "failureMessages": [],
          "fullName": "RedactionService redactResponse should handle arrays when redacting by keys",
          "invocations": 1,
          "location": null,
          "numPassingAsserts": 3,
          "retryReasons": [],
          "startAt": 1762422678797,
          "status": "passed",
          "title": "should handle arrays when redacting by keys"
        },
        {
          "ancestorTitles": [
            "RedactionService",
            "redactResponse"
          ],
          "duration": 6,
          "failing": false,
          "failureDetails": [],
          "failureMessages": [],
          "fullName": "RedactionService redactResponse should handle arrays of objects when redacting all strings",
          "invocations": 1,
          "location": null,
          "numPassingAsserts": 2,
          "retryReasons": [],
          "startAt": 1762422678800,
          "status": "passed",
          "title": "should handle arrays of objects when redacting all strings"
        },
        {
          "ancestorTitles": [
            "RedactionService",
            "redactResponse"
          ],
          "duration": 5,
          "failing": false,
          "failureDetails": [],
          "failureMessages": [],
          "fullName": "RedactionService redactResponse should handle arrays of objects when redacting by keys",
          "invocations": 1,
          "location": null,
          "numPassingAsserts": 2,
          "retryReasons": [],
          "startAt": 1762422678806,
          "status": "passed",
          "title": "should handle arrays of objects when redacting by keys"
        },
        {
          "ancestorTitles": [
            "RedactionService",
            "redactResponse"
          ],
          "duration": 6,
          "failing": false,
          "failureDetails": [],
          "failureMessages": [],
          "fullName": "RedactionService redactResponse should redact generic PII (emails, phones) before dictionary terms",
          "invocations": 1,
          "location": null,
          "numPassingAsserts": 1,
          "retryReasons": [],
          "startAt": 1762422678811,
          "status": "passed",
          "title": "should redact generic PII (emails, phones) before dictionary terms"
        },
        {
          "ancestorTitles": [
            "RedactionService",
            "redactResponse"
          ],
          "duration": 6,
          "failing": false,
          "failureDetails": [],
          "failureMessages": [],
          "fullName": "RedactionService redactResponse should handle non-string values correctly",
          "invocations": 1,
          "location": null,
          "numPassingAsserts": 5,
          "retryReasons": [],
          "startAt": 1762422678817,
          "status": "passed",
          "title": "should handle non-string values correctly"
        },
        {
          "ancestorTitles": [
            "RedactionService",
            "redactResponse"
          ],
          "duration": 5,
          "failing": false,
          "failureDetails": [],
          "failureMessages": [],
          "fullName": "RedactionService redactResponse should handle deeply nested structures",
          "invocations": 1,
          "location": null,
          "numPassingAsserts": 1,
          "retryReasons": [],
          "startAt": 1762422678823,
          "status": "passed",
          "title": "should handle deeply nested structures"
        },
        {
          "ancestorTitles": [
            "RedactionService",
            "redactResponse"
          ],
          "duration": 7,
          "failing": false,
          "failureDetails": [],
          "failureMessages": [],
          "fullName": "RedactionService redactResponse should handle mixed arrays and objects",
          "invocations": 1,
          "location": null,
          "numPassingAsserts": 3,
          "retryReasons": [],
          "startAt": 1762422678828,
          "status": "passed",
          "title": "should handle mixed arrays and objects"
        },
        {
          "ancestorTitles": [
            "RedactionService",
            "redactResponse"
          ],
          "duration": 6,
          "failing": false,
          "failureDetails": [],
          "failureMessages": [],
          "fullName": "RedactionService redactResponse should handle keys at different nesting levels",
          "invocations": 1,
          "location": null,
          "numPassingAsserts": 3,
          "retryReasons": [],
          "startAt": 1762422678835,
          "status": "passed",
          "title": "should handle keys at different nesting levels"
        },
        {
          "ancestorTitles": [
            "RedactionService",
            "redactResponse"
          ],
          "duration": 5,
          "failing": false,
          "failureDetails": [],
          "failureMessages": [],
          "fullName": "RedactionService redactResponse should redact nested values when key matches",
          "invocations": 1,
          "location": null,
          "numPassingAsserts": 2,
          "retryReasons": [],
          "startAt": 1762422678841,
          "status": "passed",
          "title": "should redact nested values when key matches"
        },
        {
          "ancestorTitles": [
            "RedactionService",
            "getServiceAccountJSON with base64"
          ],
          "duration": 6,
          "failing": false,
          "failureDetails": [],
          "failureMessages": [],
          "fullName": "RedactionService getServiceAccountJSON with base64 should decode base64 service account",
          "invocations": 1,
          "location": null,
          "numPassingAsserts": 1,
          "retryReasons": [],
          "startAt": 1762422678846,
          "status": "passed",
          "title": "should decode base64 service account"
        },
        {
          "ancestorTitles": [
            "RedactionService",
            "getServiceAccountJSON with base64"
          ],
          "duration": 3,
          "failing": false,
          "failureDetails": [],
          "failureMessages": [],
          "fullName": "RedactionService getServiceAccountJSON with base64 should handle private key with escaped newlines",
          "invocations": 1,
          "location": null,
          "numPassingAsserts": 1,
          "retryReasons": [],
          "startAt": 1762422678852,
          "status": "passed",
          "title": "should handle private key with escaped newlines"
        }
      ],
      "displayName": {
        "color": "white",
        "name": "unit"
      },
      "failureMessage": null
    },
    {
      "leaks": false,
      "numFailingTests": 0,
      "numPassingTests": 18,
      "numPendingTests": 0,
      "numTodoTests": 0,
      "openHandles": [],
      "perfStats": {
        "end": 1762422680007,
        "loadTestEnvironmentEnd": 1762422678938,
        "loadTestEnvironmentStart": 1762422678928,
        "runtime": 1069,
        "setupAfterEnvEnd": 1762422679001,
        "setupAfterEnvStart": 1762422679001,
        "setupFilesEnd": 1762422678938,
        "setupFilesStart": 1762422678938,
        "slow": false,
        "start": 1762422678938
      },
      "skipped": false,
      "snapshot": {
        "added": 0,
        "fileDeleted": false,
        "matched": 0,
        "unchecked": 0,
        "uncheckedKeys": [],
        "unmatched": 0,
        "updated": 0
      },
      "testFilePath": "/home/runner/work/gs-mcp-proxy-pii-redactor/gs-mcp-proxy-pii-redactor/src/redaction/audit-logger.spec.ts",
      "testResults": [
        {
          "ancestorTitles": [
            "AuditLogger",
            "constructor"
          ],
          "duration": 9,
          "failing": false,
          "failureDetails": [],
          "failureMessages": [],
          "fullName": "AuditLogger constructor should create audit directory on initialization",
          "invocations": 1,
          "location": null,
          "numPassingAsserts": 1,
          "retryReasons": [],
          "startAt": 1762422679918,
          "status": "passed",
          "title": "should create audit directory on initialization"
        },
        {
          "ancestorTitles": [
            "AuditLogger",
            "constructor"
          ],
          "duration": 40,
          "failing": false,
          "failureDetails": [],
          "failureMessages": [],
          "fullName": "AuditLogger constructor should throw error if directory creation fails",
          "invocations": 1,
          "location": null,
          "numPassingAsserts": 1,
          "retryReasons": [],
          "startAt": 1762422679927,
          "status": "passed",
          "title": "should throw error if directory creation fails"
        },
        {
          "ancestorTitles": [
            "AuditLogger",
            "logOperation"
          ],
          "duration": 1,
          "failing": false,
          "failureDetails": [],
          "failureMessages": [],
          "fullName": "AuditLogger logOperation should return empty string if config is null",
          "invocations": 1,
          "location": null,
          "numPassingAsserts": 2,
          "retryReasons": [],
          "startAt": 1762422679967,
          "status": "passed",
          "title": "should return empty string if config is null"
        },
        {
          "ancestorTitles": [
            "AuditLogger",
            "logOperation"
          ],
          "duration": 4,
          "failing": false,
          "failureDetails": [],
          "failureMessages": [],
          "fullName": "AuditLogger logOperation should return empty string if config is undefined",
          "invocations": 1,
          "location": null,
          "numPassingAsserts": 2,
          "retryReasons": [],
          "startAt": 1762422679969,
          "status": "passed",
          "title": "should return empty string if config is undefined"
        },
        {
          "ancestorTitles": [
            "AuditLogger",
            "logOperation"
          ],
          "duration": 1,
          "failing": false,
          "failureDetails": [],
          "failureMessages": [],
          "fullName": "AuditLogger logOperation should return empty string if verboseAudit is false",
          "invocations": 1,
          "location": null,
          "numPassingAsserts": 2,
          "retryReasons": [],
          "startAt": 1762422679973,
          "status": "passed",
          "title": "should return empty string if verboseAudit is false"
        },
        {
          "ancestorTitles": [
            "AuditLogger",
            "logOperation"
          ],
          "duration": 3,
          "failing": false,
          "failureDetails": [],
          "failureMessages": [],
          "fullName": "AuditLogger logOperation should write audit files when verboseAudit is enabled",
          "invocations": 1,
          "location": null,
          "numPassingAsserts": 2,
          "retryReasons": [],
          "startAt": 1762422679974,
          "status": "passed",
          "title": "should write audit files when verboseAudit is enabled"
        },
        {
          "ancestorTitles": [
            "AuditLogger",
            "logOperation"
          ],
          "duration": 4,
          "failing": false,
          "failureDetails": [],
          "failureMessages": [],
          "fullName": "AuditLogger logOperation should generate correct file names for pre and post files",
          "invocations": 1,
          "location": null,
          "numPassingAsserts": 5,
          "retryReasons": [],
          "startAt": 1762422679978,
          "status": "passed",
          "title": "should generate correct file names for pre and post files"
        },
        {
          "ancestorTitles": [
            "AuditLogger",
            "logOperation"
          ],
          "duration": 1,
          "failing": false,
          "failureDetails": [],
          "failureMessages": [],
          "fullName": "AuditLogger logOperation should write JSON data with proper formatting",
          "invocations": 1,
          "location": null,
          "numPassingAsserts": 4,
          "retryReasons": [],
          "startAt": 1762422679982,
          "status": "passed",
          "title": "should write JSON data with proper formatting"
        },
        {
          "ancestorTitles": [
            "AuditLogger",
            "logOperation"
          ],
          "duration": 1,
          "failing": false,
          "failureDetails": [],
          "failureMessages": [],
          "fullName": "AuditLogger logOperation should handle different operation types",
          "invocations": 1,
          "location": null,
          "numPassingAsserts": 1,
          "retryReasons": [],
          "startAt": 1762422679983,
          "status": "passed",
          "title": "should handle different operation types"
        },
        {
          "ancestorTitles": [
            "AuditLogger",
            "logOperation"
          ],
          "duration": 7,
          "failing": false,
          "failureDetails": [],
          "failureMessages": [],
          "fullName": "AuditLogger logOperation should handle resource_call operation type",
          "invocations": 1,
          "location": null,
          "numPassingAsserts": 1,
          "retryReasons": [],
          "startAt": 1762422679984,
          "status": "passed",
          "title": "should handle resource_call operation type"
        },
        {
          "ancestorTitles": [
            "AuditLogger",
            "logOperation"
          ],
          "duration": 1,
          "failing": false,
          "failureDetails": [],
          "failureMessages": [],
          "fullName": "AuditLogger logOperation should write files with correct mode",
          "invocations": 1,
          "location": null,
          "numPassingAsserts": 2,
          "retryReasons": [],
          "startAt": 1762422679991,
          "status": "passed",
          "title": "should write files with correct mode"
        },
        {
          "ancestorTitles": [
            "AuditLogger",
            "enhanceDataForReadability"
          ],
          "duration": 0,
          "failing": false,
          "failureDetails": [],
          "failureMessages": [],
          "fullName": "AuditLogger enhanceDataForReadability should parse JSON strings",
          "invocations": 1,
          "location": null,
          "numPassingAsserts": 1,
          "retryReasons": [],
          "startAt": 1762422679992,
          "status": "passed",
          "title": "should parse JSON strings"
        },
        {
          "ancestorTitles": [
            "AuditLogger",
            "enhanceDataForReadability"
          ],
          "duration": 6,
          "failing": false,
          "failureDetails": [],
          "failureMessages": [],
          "fullName": "AuditLogger enhanceDataForReadability should leave non-JSON strings as-is",
          "invocations": 1,
          "location": null,
          "numPassingAsserts": 1,
          "retryReasons": [],
          "startAt": 1762422679993,
          "status": "passed",
          "title": "should leave non-JSON strings as-is"
        },
        {
          "ancestorTitles": [
            "AuditLogger",
            "enhanceDataForReadability"
          ],
          "duration": 1,
          "failing": false,
          "failureDetails": [],
          "failureMessages": [],
          "fullName": "AuditLogger enhanceDataForReadability should recursively enhance arrays",
          "invocations": 1,
          "location": null,
          "numPassingAsserts": 1,
          "retryReasons": [],
          "startAt": 1762422679999,
          "status": "passed",
          "title": "should recursively enhance arrays"
        },
        {
          "ancestorTitles": [
            "AuditLogger",
            "enhanceDataForReadability"
          ],
          "duration": 1,
          "failing": false,
          "failureDetails": [],
          "failureMessages": [],
          "fullName": "AuditLogger enhanceDataForReadability should recursively enhance objects",
          "invocations": 1,
          "location": null,
          "numPassingAsserts": 3,
          "retryReasons": [],
          "startAt": 1762422680000,
          "status": "passed",
          "title": "should recursively enhance objects"
        },
        {
          "ancestorTitles": [
            "AuditLogger",
            "enhanceDataForReadability"
          ],
          "duration": 0,
          "failing": false,
          "failureDetails": [],
          "failureMessages": [],
          "fullName": "AuditLogger enhanceDataForReadability should handle primitive values",
          "invocations": 1,
          "location": null,
          "numPassingAsserts": 3,
          "retryReasons": [],
          "startAt": 1762422680001,
          "status": "passed",
          "title": "should handle primitive values"
        },
        {
          "ancestorTitles": [
            "AuditLogger",
            "error handling"
          ],
          "duration": 3,
          "failing": false,
          "failureDetails": [],
          "failureMessages": [],
          "fullName": "AuditLogger error handling should log error but not throw when writeFileSync fails",
          "invocations": 1,
          "location": null,
          "numPassingAsserts": 1,
          "retryReasons": [],
          "startAt": 1762422680002,
          "status": "passed",
          "title": "should log error but not throw when writeFileSync fails"
        },
        {
          "ancestorTitles": [
            "AuditLogger",
            "error handling"
          ],
          "duration": 1,
          "failing": false,
          "failureDetails": [],
          "failureMessages": [],
          "fullName": "AuditLogger error handling should handle write errors gracefully for both files",
          "invocations": 1,
          "location": null,
          "numPassingAsserts": 2,
          "retryReasons": [],
          "startAt": 1762422680005,
          "status": "passed",
          "title": "should handle write errors gracefully for both files"
        }
      ],
      "displayName": {
        "color": "white",
        "name": "unit"
      },
      "failureMessage": null
    },
    {
      "leaks": false,
      "numFailingTests": 0,
      "numPassingTests": 29,
      "numPendingTests": 0,
      "numTodoTests": 0,
      "openHandles": [],
      "perfStats": {
        "end": 1762422681098,
        "loadTestEnvironmentEnd": 1762422669611,
        "loadTestEnvironmentStart": 1762422669291,
        "runtime": 11487,
        "setupAfterEnvEnd": 1762422669913,
        "setupAfterEnvStart": 1762422669913,
        "setupFilesEnd": 1762422669611,
        "setupFilesStart": 1762422669611,
        "slow": true,
        "start": 1762422669611
      },
      "skipped": false,
      "snapshot": {
        "added": 0,
        "fileDeleted": false,
        "matched": 0,
        "unchecked": 0,
        "uncheckedKeys": [],
        "unmatched": 0,
        "updated": 0
      },
      "testFilePath": "/home/runner/work/gs-mcp-proxy-pii-redactor/gs-mcp-proxy-pii-redactor/src/app.controller.spec.ts",
      "testResults": [
        {
          "ancestorTitles": [
            "AppController",
            "healthCheck"
          ],
          "duration": 31,
          "failing": false,
          "failureDetails": [],
          "failureMessages": [],
          "fullName": "AppController healthCheck should return ok status",
          "invocations": 1,
          "location": null,
          "numPassingAsserts": 1,
          "retryReasons": [],
          "startAt": 1762422680951,
          "status": "passed",
          "title": "should return ok status"
        },
        {
          "ancestorTitles": [
            "AppController",
            "handleSSE"
          ],
          "duration": 6,
          "failing": false,
          "failureDetails": [],
          "failureMessages": [],
          "fullName": "AppController handleSSE should handle SSE request successfully",
          "invocations": 1,
          "location": null,
          "numPassingAsserts": 2,
          "retryReasons": [],
          "startAt": 1762422680983,
          "status": "passed",
          "title": "should handle SSE request successfully"
        },
        {
          "ancestorTitles": [
            "AppController",
            "handleSSE"
          ],
          "duration": 5,
          "failing": false,
          "failureDetails": [],
          "failureMessages": [],
          "fullName": "AppController handleSSE should return 404 if client not found",
          "invocations": 1,
          "location": null,
          "numPassingAsserts": 3,
          "retryReasons": [],
          "startAt": 1762422680989,
          "status": "passed",
          "title": "should return 404 if client not found"
        },
        {
          "ancestorTitles": [
            "AppController",
            "handleSSE"
          ],
          "duration": 6,
          "failing": false,
          "failureDetails": [],
          "failureMessages": [],
          "fullName": "AppController handleSSE should return 401 if no auth header when authTokens configured",
          "invocations": 1,
          "location": null,
          "numPassingAsserts": 3,
          "retryReasons": [],
          "startAt": 1762422680995,
          "status": "passed",
          "title": "should return 401 if no auth header when authTokens configured"
        },
        {
          "ancestorTitles": [
            "AppController",
            "handleSSE"
          ],
          "duration": 4,
          "failing": false,
          "failureDetails": [],
          "failureMessages": [],
          "fullName": "AppController handleSSE should return 401 if invalid token",
          "invocations": 1,
          "location": null,
          "numPassingAsserts": 3,
          "retryReasons": [],
          "startAt": 1762422681001,
          "status": "passed",
          "title": "should return 401 if invalid token"
        },
        {
          "ancestorTitles": [
            "AppController",
            "handleSSE"
          ],
          "duration": 6,
          "failing": false,
          "failureDetails": [],
          "failureMessages": [],
          "fullName": "AppController handleSSE should allow valid token",
          "invocations": 1,
          "location": null,
          "numPassingAsserts": 1,
          "retryReasons": [],
          "startAt": 1762422681006,
          "status": "passed",
          "title": "should allow valid token"
        },
        {
          "ancestorTitles": [
            "AppController",
            "handleSSE"
          ],
          "duration": 7,
          "failing": false,
          "failureDetails": [],
          "failureMessages": [],
          "fullName": "AppController handleSSE should handle token with Bearer prefix correctly",
          "invocations": 1,
          "location": null,
          "numPassingAsserts": 1,
          "retryReasons": [],
          "startAt": 1762422681013,
          "status": "passed",
          "title": "should handle token with Bearer prefix correctly"
        },
        {
          "ancestorTitles": [
            "AppController",
            "handleSSE"
          ],
          "duration": 9,
          "failing": false,
          "failureDetails": [],
          "failureMessages": [],
          "fullName": "AppController handleSSE should handle token without Bearer prefix",
          "invocations": 1,
          "location": null,
          "numPassingAsserts": 1,
          "retryReasons": [],
          "startAt": 1762422681020,
          "status": "passed",
          "title": "should handle token without Bearer prefix"
        },
        {
          "ancestorTitles": [
            "AppController",
            "handleSSE"
          ],
          "duration": 15,
          "failing": false,
          "failureDetails": [],
          "failureMessages": [],
          "fullName": "AppController handleSSE should handle error and return 500 if headers not sent",
          "invocations": 1,
          "location": null,
          "numPassingAsserts": 2,
          "retryReasons": [],
          "startAt": 1762422681029,
          "status": "passed",
          "title": "should handle error and return 500 if headers not sent"
        },
        {
          "ancestorTitles": [
            "AppController",
            "handleSSE"
          ],
          "duration": 3,
          "failing": false,
          "failureDetails": [],
          "failureMessages": [],
          "fullName": "AppController handleSSE should not send error response if headers already sent",
          "invocations": 1,
          "location": null,
          "numPassingAsserts": 2,
          "retryReasons": [],
          "startAt": 1762422681044,
          "status": "passed",
          "title": "should not send error response if headers already sent"
        },
        {
          "ancestorTitles": [
            "AppController",
            "handleSSE"
          ],
          "duration": 2,
          "failing": false,
          "failureDetails": [],
          "failureMessages": [],
          "fullName": "AppController handleSSE should handle empty authTokens array",
          "invocations": 1,
          "location": null,
          "numPassingAsserts": 1,
          "retryReasons": [],
          "startAt": 1762422681047,
          "status": "passed",
          "title": "should handle empty authTokens array"
        },
        {
          "ancestorTitles": [
            "AppController",
            "handlePostMessage"
          ],
          "duration": 3,
          "failing": false,
          "failureDetails": [],
          "failureMessages": [],
          "fullName": "AppController handlePostMessage should handle POST message successfully",
          "invocations": 1,
          "location": null,
          "numPassingAsserts": 2,
          "retryReasons": [],
          "startAt": 1762422681049,
          "status": "passed",
          "title": "should handle POST message successfully"
        },
        {
          "ancestorTitles": [
            "AppController",
            "handlePostMessage"
          ],
          "duration": 2,
          "failing": false,
          "failureDetails": [],
          "failureMessages": [],
          "fullName": "AppController handlePostMessage should return 404 if client not found",
          "invocations": 1,
          "location": null,
          "numPassingAsserts": 3,
          "retryReasons": [],
          "startAt": 1762422681052,
          "status": "passed",
          "title": "should return 404 if client not found"
        },
        {
          "ancestorTitles": [
            "AppController",
            "handlePostMessage"
          ],
          "duration": 3,
          "failing": false,
          "failureDetails": [],
          "failureMessages": [],
          "fullName": "AppController handlePostMessage should return 401 if no auth header when authTokens configured",
          "invocations": 1,
          "location": null,
          "numPassingAsserts": 3,
          "retryReasons": [],
          "startAt": 1762422681054,
          "status": "passed",
          "title": "should return 401 if no auth header when authTokens configured"
        },
        {
          "ancestorTitles": [
            "AppController",
            "handlePostMessage"
          ],
          "duration": 2,
          "failing": false,
          "failureDetails": [],
          "failureMessages": [],
          "fullName": "AppController handlePostMessage should return 401 if invalid token",
          "invocations": 1,
          "location": null,
          "numPassingAsserts": 3,
          "retryReasons": [],
          "startAt": 1762422681057,
          "status": "passed",
          "title": "should return 401 if invalid token"
        },
        {
          "ancestorTitles": [
            "AppController",
            "handlePostMessage"
          ],
          "duration": 1,
          "failing": false,
          "failureDetails": [],
          "failureMessages": [],
          "fullName": "AppController handlePostMessage should allow valid token",
          "invocations": 1,
          "location": null,
          "numPassingAsserts": 1,
          "retryReasons": [],
          "startAt": 1762422681059,
          "status": "passed",
          "title": "should allow valid token"
        },
        {
          "ancestorTitles": [
            "AppController",
            "handlePostMessage"
          ],
          "duration": 3,
          "failing": false,
          "failureDetails": [],
          "failureMessages": [],
          "fullName": "AppController handlePostMessage should handle error and return 500 if headers not sent",
          "invocations": 1,
          "location": null,
          "numPassingAsserts": 2,
          "retryReasons": [],
          "startAt": 1762422681060,
          "status": "passed",
          "title": "should handle error and return 500 if headers not sent"
        },
        {
          "ancestorTitles": [
            "AppController",
            "handlePostMessage"
          ],
          "duration": 2,
          "failing": false,
          "failureDetails": [],
          "failureMessages": [],
          "fullName": "AppController handlePostMessage should not send error response if headers already sent",
          "invocations": 1,
          "location": null,
          "numPassingAsserts": 2,
          "retryReasons": [],
          "startAt": 1762422681063,
          "status": "passed",
          "title": "should not send error response if headers already sent"
        },
        {
          "ancestorTitles": [
            "AppController",
            "handleStreamableHTTP"
          ],
          "duration": 3,
          "failing": false,
          "failureDetails": [],
          "failureMessages": [],
          "fullName": "AppController handleStreamableHTTP should return 404 if client not found",
          "invocations": 1,
          "location": null,
          "numPassingAsserts": 2,
          "retryReasons": [],
          "startAt": 1762422681066,
          "status": "passed",
          "title": "should return 404 if client not found"
        },
        {
          "ancestorTitles": [
            "AppController",
            "handleStreamableHTTP"
          ],
          "duration": 2,
          "failing": false,
          "failureDetails": [],
          "failureMessages": [],
          "fullName": "AppController handleStreamableHTTP should return 401 if no auth header when authTokens configured",
          "invocations": 1,
          "location": null,
          "numPassingAsserts": 2,
          "retryReasons": [],
          "startAt": 1762422681069,
          "status": "passed",
          "title": "should return 401 if no auth header when authTokens configured"
        },
        {
          "ancestorTitles": [
            "AppController",
            "handleStreamableHTTP"
          ],
          "duration": 2,
          "failing": false,
          "failureDetails": [],
          "failureMessages": [],
          "fullName": "AppController handleStreamableHTTP should return 401 if invalid token",
          "invocations": 1,
          "location": null,
          "numPassingAsserts": 2,
          "retryReasons": [],
          "startAt": 1762422681071,
          "status": "passed",
          "title": "should return 401 if invalid token"
        },
        {
          "ancestorTitles": [
            "AppController",
            "handleStreamableHTTP"
          ],
          "duration": 2,
          "failing": false,
          "failureDetails": [],
          "failureMessages": [],
          "fullName": "AppController handleStreamableHTTP should redirect to SSE endpoint when server type is SSE and method is GET",
          "invocations": 1,
          "location": null,
          "numPassingAsserts": 2,
          "retryReasons": [],
          "startAt": 1762422681073,
          "status": "passed",
          "title": "should redirect to SSE endpoint when server type is SSE and method is GET"
        },
        {
          "ancestorTitles": [
            "AppController",
            "handleStreamableHTTP"
          ],
          "duration": 2,
          "failing": false,
          "failureDetails": [],
          "failureMessages": [],
          "fullName": "AppController handleStreamableHTTP should redirect to POST message endpoint when server type is SSE and method is POST",
          "invocations": 1,
          "location": null,
          "numPassingAsserts": 2,
          "retryReasons": [],
          "startAt": 1762422681075,
          "status": "passed",
          "title": "should redirect to POST message endpoint when server type is SSE and method is POST"
        },
        {
          "ancestorTitles": [
            "AppController",
            "handleStreamableHTTP"
          ],
          "duration": 3,
          "failing": false,
          "failureDetails": [],
          "failureMessages": [],
          "fullName": "AppController handleStreamableHTTP should return 404 for unsupported method when server type is SSE",
          "invocations": 1,
          "location": null,
          "numPassingAsserts": 2,
          "retryReasons": [],
          "startAt": 1762422681077,
          "status": "passed",
          "title": "should return 404 for unsupported method when server type is SSE"
        },
        {
          "ancestorTitles": [
            "AppController",
            "handleStreamableHTTP"
          ],
          "duration": 8,
          "failing": false,
          "failureDetails": [],
          "failureMessages": [],
          "fullName": "AppController handleStreamableHTTP should handle streamable-http request when server type is streamable-http",
          "invocations": 1,
          "location": null,
          "numPassingAsserts": 1,
          "retryReasons": [],
          "startAt": 1762422681080,
          "status": "passed",
          "title": "should handle streamable-http request when server type is streamable-http"
        },
        {
          "ancestorTitles": [
            "AppController",
            "handleStreamableHTTP"
          ],
          "duration": 2,
          "failing": false,
          "failureDetails": [],
          "failureMessages": [],
          "fullName": "AppController handleStreamableHTTP should use default server type sse when not specified",
          "invocations": 1,
          "location": null,
          "numPassingAsserts": 1,
          "retryReasons": [],
          "startAt": 1762422681088,
          "status": "passed",
          "title": "should use default server type sse when not specified"
        },
        {
          "ancestorTitles": [
            "AppController",
            "handleStreamableHTTP"
          ],
          "duration": 2,
          "failing": false,
          "failureDetails": [],
          "failureMessages": [],
          "fullName": "AppController handleStreamableHTTP should handle error and return 500 if headers not sent",
          "invocations": 1,
          "location": null,
          "numPassingAsserts": 2,
          "retryReasons": [],
          "startAt": 1762422681090,
          "status": "passed",
          "title": "should handle error and return 500 if headers not sent"
        },
        {
          "ancestorTitles": [
            "AppController",
            "handleStreamableHTTP"
          ],
          "duration": 3,
          "failing": false,
          "failureDetails": [],
          "failureMessages": [],
          "fullName": "AppController handleStreamableHTTP should not send error response if headers already sent",
          "invocations": 1,
          "location": null,
          "numPassingAsserts": 2,
          "retryReasons": [],
          "startAt": 1762422681092,
          "status": "passed",
          "title": "should not send error response if headers already sent"
        },
        {
          "ancestorTitles": [
            "AppController",
            "handleStreamableHTTP"
          ],
          "duration": 2,
          "failing": false,
          "failureDetails": [],
          "failureMessages": [],
          "fullName": "AppController handleStreamableHTTP should allow valid token for streamable-http",
          "invocations": 1,
          "location": null,
          "numPassingAsserts": 1,
          "retryReasons": [],
          "startAt": 1762422681095,
          "status": "passed",
          "title": "should allow valid token for streamable-http"
        }
      ],
      "displayName": {
        "color": "white",
        "name": "unit"
      },
      "failureMessage": null
    },
    {
      "leaks": false,
      "numFailingTests": 0,
      "numPassingTests": 29,
      "numPendingTests": 0,
      "numTodoTests": 0,
      "openHandles": [],
      "perfStats": {
        "end": 1762422681172,
        "loadTestEnvironmentEnd": 1762422669505,
        "loadTestEnvironmentStart": 1762422669285,
        "runtime": 11666,
        "setupAfterEnvEnd": 1762422669724,
        "setupAfterEnvStart": 1762422669724,
        "setupFilesEnd": 1762422669506,
        "setupFilesStart": 1762422669506,
        "slow": true,
        "start": 1762422669506
      },
      "skipped": false,
      "snapshot": {
        "added": 0,
        "fileDeleted": false,
        "matched": 0,
        "unchecked": 0,
        "uncheckedKeys": [],
        "unmatched": 0,
        "updated": 0
      },
      "testFilePath": "/home/runner/work/gs-mcp-proxy-pii-redactor/gs-mcp-proxy-pii-redactor/src/mcp/mcp-server.service.spec.ts",
      "testResults": [
        {
          "ancestorTitles": [
            "MCPServerService",
            "onModuleInit"
          ],
          "duration": 23,
          "failing": false,
          "failureDetails": [],
          "failureMessages": [],
          "fullName": "MCPServerService onModuleInit should initialize all MCP clients",
          "invocations": 1,
          "location": null,
          "numPassingAsserts": 3,
          "retryReasons": [],
          "startAt": 1762422680939,
          "status": "passed",
          "title": "should initialize all MCP clients"
        },
        {
          "ancestorTitles": [
            "MCPServerService",
            "onModuleInit"
          ],
          "duration": 8,
          "failing": false,
          "failureDetails": [],
          "failureMessages": [],
          "fullName": "MCPServerService onModuleInit should handle initialization errors gracefully when panicIfInvalid is false",
          "invocations": 1,
          "location": null,
          "numPassingAsserts": 1,
          "retryReasons": [],
          "startAt": 1762422680962,
          "status": "passed",
          "title": "should handle initialization errors gracefully when panicIfInvalid is false"
        },
        {
          "ancestorTitles": [
            "MCPServerService",
            "onModuleInit"
          ],
          "duration": 50,
          "failing": false,
          "failureDetails": [],
          "failureMessages": [],
          "fullName": "MCPServerService onModuleInit should throw error when panicIfInvalid is true",
          "invocations": 1,
          "location": null,
          "numPassingAsserts": 1,
          "retryReasons": [],
          "startAt": 1762422680970,
          "status": "passed",
          "title": "should throw error when panicIfInvalid is true"
        },
        {
          "ancestorTitles": [
            "MCPServerService",
            "onModuleInit"
          ],
          "duration": 5,
          "failing": false,
          "failureDetails": [],
          "failureMessages": [],
          "fullName": "MCPServerService onModuleInit should set server type from config",
          "invocations": 1,
          "location": null,
          "numPassingAsserts": 1,
          "retryReasons": [],
          "startAt": 1762422681020,
          "status": "passed",
          "title": "should set server type from config"
        },
        {
          "ancestorTitles": [
            "MCPServerService",
            "onModuleInit"
          ],
          "duration": 10,
          "failing": false,
          "failureDetails": [],
          "failureMessages": [],
          "fullName": "MCPServerService onModuleInit should default to sse when server type not specified",
          "invocations": 1,
          "location": null,
          "numPassingAsserts": 1,
          "retryReasons": [],
          "startAt": 1762422681026,
          "status": "passed",
          "title": "should default to sse when server type not specified"
        },
        {
          "ancestorTitles": [
            "MCPServerService",
            "onModuleDestroy"
          ],
          "duration": 9,
          "failing": false,
          "failureDetails": [],
          "failureMessages": [],
          "fullName": "MCPServerService onModuleDestroy should close all transports and client wrappers",
          "invocations": 1,
          "location": null,
          "numPassingAsserts": 3,
          "retryReasons": [],
          "startAt": 1762422681043,
          "status": "passed",
          "title": "should close all transports and client wrappers"
        },
        {
          "ancestorTitles": [
            "MCPServerService",
            "onModuleDestroy"
          ],
          "duration": 7,
          "failing": false,
          "failureDetails": [],
          "failureMessages": [],
          "fullName": "MCPServerService onModuleDestroy should handle shutdown errors gracefully",
          "invocations": 1,
          "location": null,
          "numPassingAsserts": 1,
          "retryReasons": [],
          "startAt": 1762422681053,
          "status": "passed",
          "title": "should handle shutdown errors gracefully"
        },
        {
          "ancestorTitles": [
            "MCPServerService",
            "onModuleDestroy"
          ],
          "duration": 5,
          "failing": false,
          "failureDetails": [],
          "failureMessages": [],
          "fullName": "MCPServerService onModuleDestroy should handle transport close errors",
          "invocations": 1,
          "location": null,
          "numPassingAsserts": 1,
          "retryReasons": [],
          "startAt": 1762422681060,
          "status": "passed",
          "title": "should handle transport close errors"
        },
        {
          "ancestorTitles": [
            "MCPServerService",
            "getServer"
          ],
          "duration": 13,
          "failing": false,
          "failureDetails": [],
          "failureMessages": [],
          "fullName": "MCPServerService getServer should return server instance if exists",
          "invocations": 1,
          "location": null,
          "numPassingAsserts": 2,
          "retryReasons": [],
          "startAt": 1762422681065,
          "status": "passed",
          "title": "should return server instance if exists"
        },
        {
          "ancestorTitles": [
            "MCPServerService",
            "getServer"
          ],
          "duration": 9,
          "failing": false,
          "failureDetails": [],
          "failureMessages": [],
          "fullName": "MCPServerService getServer should return undefined if server does not exist",
          "invocations": 1,
          "location": null,
          "numPassingAsserts": 1,
          "retryReasons": [],
          "startAt": 1762422681079,
          "status": "passed",
          "title": "should return undefined if server does not exist"
        },
        {
          "ancestorTitles": [
            "MCPServerService",
            "getAllServers"
          ],
          "duration": 5,
          "failing": false,
          "failureDetails": [],
          "failureMessages": [],
          "fullName": "MCPServerService getAllServers should return all servers",
          "invocations": 1,
          "location": null,
          "numPassingAsserts": 2,
          "retryReasons": [],
          "startAt": 1762422681088,
          "status": "passed",
          "title": "should return all servers"
        },
        {
          "ancestorTitles": [
            "MCPServerService",
            "handleSSERequest"
          ],
          "duration": 5,
          "failing": false,
          "failureDetails": [],
          "failureMessages": [],
          "fullName": "MCPServerService handleSSERequest should handle SSE request successfully",
          "invocations": 1,
          "location": null,
          "numPassingAsserts": 3,
          "retryReasons": [],
          "startAt": 1762422681093,
          "status": "passed",
          "title": "should handle SSE request successfully"
        },
        {
          "ancestorTitles": [
            "MCPServerService",
            "handleSSERequest"
          ],
          "duration": 4,
          "failing": false,
          "failureDetails": [],
          "failureMessages": [],
          "fullName": "MCPServerService handleSSERequest should return 404 if server not found",
          "invocations": 1,
          "location": null,
          "numPassingAsserts": 3,
          "retryReasons": [],
          "startAt": 1762422681098,
          "status": "passed",
          "title": "should return 404 if server not found"
        },
        {
          "ancestorTitles": [
            "MCPServerService",
            "handleSSERequest"
          ],
          "duration": 8,
          "failing": false,
          "failureDetails": [],
          "failureMessages": [],
          "fullName": "MCPServerService handleSSERequest should register transport with session ID",
          "invocations": 1,
          "location": null,
          "numPassingAsserts": 1,
          "retryReasons": [],
          "startAt": 1762422681102,
          "status": "passed",
          "title": "should register transport with session ID"
        },
        {
          "ancestorTitles": [
            "MCPServerService",
            "handleSSERequest"
          ],
          "duration": 3,
          "failing": false,
          "failureDetails": [],
          "failureMessages": [],
          "fullName": "MCPServerService handleSSERequest should cleanup transport on request close",
          "invocations": 1,
          "location": null,
          "numPassingAsserts": 3,
          "retryReasons": [],
          "startAt": 1762422681111,
          "status": "passed",
          "title": "should cleanup transport on request close"
        },
        {
          "ancestorTitles": [
            "MCPServerService",
            "handleStreamableHTTPRequest"
          ],
          "duration": 17,
          "failing": false,
          "failureDetails": [],
          "failureMessages": [],
          "fullName": "MCPServerService handleStreamableHTTPRequest should return 404 if server not found",
          "invocations": 1,
          "location": null,
          "numPassingAsserts": 2,
          "retryReasons": [],
          "startAt": 1762422681114,
          "status": "passed",
          "title": "should return 404 if server not found"
        },
        {
          "ancestorTitles": [
            "MCPServerService",
            "handleStreamableHTTPRequest"
          ],
          "duration": 2,
          "failing": false,
          "failureDetails": [],
          "failureMessages": [],
          "fullName": "MCPServerService handleStreamableHTTPRequest should reuse existing transport when session ID provided",
          "invocations": 1,
          "location": null,
          "numPassingAsserts": 2,
          "retryReasons": [],
          "startAt": 1762422681131,
          "status": "passed",
          "title": "should reuse existing transport when session ID provided"
        },
        {
          "ancestorTitles": [
            "MCPServerService",
            "handleStreamableHTTPRequest"
          ],
          "duration": 2,
          "failing": false,
          "failureDetails": [],
          "failureMessages": [],
          "fullName": "MCPServerService handleStreamableHTTPRequest should create new transport when no session ID",
          "invocations": 1,
          "location": null,
          "numPassingAsserts": 3,
          "retryReasons": [],
          "startAt": 1762422681133,
          "status": "passed",
          "title": "should create new transport when no session ID"
        },
        {
          "ancestorTitles": [
            "MCPServerService",
            "handleStreamableHTTPRequest"
          ],
          "duration": 3,
          "failing": false,
          "failureDetails": [],
          "failureMessages": [],
          "fullName": "MCPServerService handleStreamableHTTPRequest should handle session ID from query parameter",
          "invocations": 1,
          "location": null,
          "numPassingAsserts": 1,
          "retryReasons": [],
          "startAt": 1762422681135,
          "status": "passed",
          "title": "should handle session ID from query parameter"
        },
        {
          "ancestorTitles": [
            "MCPServerService",
            "handleStreamableHTTPRequest"
          ],
          "duration": 3,
          "failing": false,
          "failureDetails": [],
          "failureMessages": [],
          "fullName": "MCPServerService handleStreamableHTTPRequest should handle session ID from lowercase header",
          "invocations": 1,
          "location": null,
          "numPassingAsserts": 1,
          "retryReasons": [],
          "startAt": 1762422681138,
          "status": "passed",
          "title": "should handle session ID from lowercase header"
        },
        {
          "ancestorTitles": [
            "MCPServerService",
            "handleStreamableHTTPRequest"
          ],
          "duration": 3,
          "failing": false,
          "failureDetails": [],
          "failureMessages": [],
          "fullName": "MCPServerService handleStreamableHTTPRequest should handle errors and return 500",
          "invocations": 1,
          "location": null,
          "numPassingAsserts": 2,
          "retryReasons": [],
          "startAt": 1762422681141,
          "status": "passed",
          "title": "should handle errors and return 500"
        },
        {
          "ancestorTitles": [
            "MCPServerService",
            "handleStreamableHTTPRequest"
          ],
          "duration": 3,
          "failing": false,
          "failureDetails": [],
          "failureMessages": [],
          "fullName": "MCPServerService handleStreamableHTTPRequest should not send error if headers already sent",
          "invocations": 1,
          "location": null,
          "numPassingAsserts": 2,
          "retryReasons": [],
          "startAt": 1762422681144,
          "status": "passed",
          "title": "should not send error if headers already sent"
        },
        {
          "ancestorTitles": [
            "MCPServerService",
            "handleStreamableHTTPRequest"
          ],
          "duration": 3,
          "failing": false,
          "failureDetails": [],
          "failureMessages": [],
          "fullName": "MCPServerService handleStreamableHTTPRequest should register new transport on session initialized",
          "invocations": 1,
          "location": null,
          "numPassingAsserts": 2,
          "retryReasons": [],
          "startAt": 1762422681147,
          "status": "passed",
          "title": "should register new transport on session initialized"
        },
        {
          "ancestorTitles": [
            "MCPServerService",
            "handleStreamableHTTPRequest"
          ],
          "duration": 3,
          "failing": false,
          "failureDetails": [],
          "failureMessages": [],
          "fullName": "MCPServerService handleStreamableHTTPRequest should remove transport on session closed",
          "invocations": 1,
          "location": null,
          "numPassingAsserts": 1,
          "retryReasons": [],
          "startAt": 1762422681150,
          "status": "passed",
          "title": "should remove transport on session closed"
        },
        {
          "ancestorTitles": [
            "MCPServerService",
            "handlePostMessage"
          ],
          "duration": 3,
          "failing": false,
          "failureDetails": [],
          "failureMessages": [],
          "fullName": "MCPServerService handlePostMessage should return 404 if server not found",
          "invocations": 1,
          "location": null,
          "numPassingAsserts": 2,
          "retryReasons": [],
          "startAt": 1762422681153,
          "status": "passed",
          "title": "should return 404 if server not found"
        },
        {
          "ancestorTitles": [
            "MCPServerService",
            "handlePostMessage"
          ],
          "duration": 3,
          "failing": false,
          "failureDetails": [],
          "failureMessages": [],
          "fullName": "MCPServerService handlePostMessage should handle POST message with existing SSE transport",
          "invocations": 1,
          "location": null,
          "numPassingAsserts": 1,
          "retryReasons": [],
          "startAt": 1762422681156,
          "status": "passed",
          "title": "should handle POST message with existing SSE transport"
        },
        {
          "ancestorTitles": [
            "MCPServerService",
            "handlePostMessage"
          ],
          "duration": 4,
          "failing": false,
          "failureDetails": [],
          "failureMessages": [],
          "fullName": "MCPServerService handlePostMessage should handle POST message with session ID from query",
          "invocations": 1,
          "location": null,
          "numPassingAsserts": 1,
          "retryReasons": [],
          "startAt": 1762422681159,
          "status": "passed",
          "title": "should handle POST message with session ID from query"
        },
        {
          "ancestorTitles": [
            "MCPServerService",
            "handlePostMessage"
          ],
[...]
          ],
          "duration": 1,
          "failing": false,
          "failureDetails": [],
          "failureMessages": [],
          "fullName": "scanner-generic redactGeneric email redaction should redact multiple email addresses",
          "invocations": 1,
          "location": null,
          "numPassingAsserts": 1,
          "retryReasons": [],
          "startAt": 1762422681865,
          "status": "passed",
          "title": "should redact multiple email addresses"
        },
        {
          "ancestorTitles": [
            "scanner-generic",
            "redactGeneric",
            "email redaction"
          ],
          "duration": 1,
          "failing": false,
          "failureDetails": [],
          "failureMessages": [],
          "fullName": "scanner-generic redactGeneric email redaction should redact email with plus sign in local part",
          "invocations": 1,
          "location": null,
          "numPassingAsserts": 1,
          "retryReasons": [],
          "startAt": 1762422681866,
          "status": "passed",
          "title": "should redact email with plus sign in local part"
        },
        {
          "ancestorTitles": [
            "scanner-generic",
            "redactGeneric",
            "email redaction"
          ],
          "duration": 0,
          "failing": false,
          "failureDetails": [],
          "failureMessages": [],
          "fullName": "scanner-generic redactGeneric email redaction should redact email with hyphen in local part",
          "invocations": 1,
          "location": null,
          "numPassingAsserts": 1,
          "retryReasons": [],
          "startAt": 1762422681867,
          "status": "passed",
          "title": "should redact email with hyphen in local part"
        },
        {
          "ancestorTitles": [
            "scanner-generic",
            "redactGeneric",
            "email redaction"
          ],
          "duration": 1,
          "failing": false,
          "failureDetails": [],
          "failureMessages": [],
          "fullName": "scanner-generic redactGeneric email redaction should redact email with numbers",
          "invocations": 1,
          "location": null,
          "numPassingAsserts": 1,
          "retryReasons": [],
          "startAt": 1762422681867,
          "status": "passed",
          "title": "should redact email with numbers"
        },
        {
          "ancestorTitles": [
            "scanner-generic",
            "redactGeneric",
            "email redaction"
          ],
          "duration": 0,
          "failing": false,
          "failureDetails": [],
          "failureMessages": [],
          "fullName": "scanner-generic redactGeneric email redaction should not redact invalid emails without dot in domain",
          "invocations": 1,
          "location": null,
          "numPassingAsserts": 1,
          "retryReasons": [],
          "startAt": 1762422681868,
          "status": "passed",
          "title": "should not redact invalid emails without dot in domain"
        },
        {
          "ancestorTitles": [
            "scanner-generic",
            "redactGeneric",
            "email redaction"
          ],
          "duration": 1,
          "failing": false,
          "failureDetails": [],
          "failureMessages": [],
          "fullName": "scanner-generic redactGeneric email redaction should not redact email with leading dot in local part",
          "invocations": 1,
          "location": null,
          "numPassingAsserts": 1,
          "retryReasons": [],
          "startAt": 1762422681868,
          "status": "passed",
          "title": "should not redact email with leading dot in local part"
        },
        {
          "ancestorTitles": [
            "scanner-generic",
            "redactGeneric",
            "email redaction"
          ],
          "duration": 0,
          "failing": false,
          "failureDetails": [],
          "failureMessages": [],
          "fullName": "scanner-generic redactGeneric email redaction should not redact email with trailing dot in local part",
          "invocations": 1,
          "location": null,
          "numPassingAsserts": 1,
          "retryReasons": [],
          "startAt": 1762422681869,
          "status": "passed",
          "title": "should not redact email with trailing dot in local part"
        },
        {
          "ancestorTitles": [
            "scanner-generic",
            "redactGeneric",
            "email redaction"
          ],
          "duration": 1,
          "failing": false,
          "failureDetails": [],
          "failureMessages": [],
          "fullName": "scanner-generic redactGeneric email redaction should not redact email with consecutive dots in local part",
          "invocations": 1,
          "location": null,
          "numPassingAsserts": 1,
          "retryReasons": [],
          "startAt": 1762422681869,
          "status": "passed",
          "title": "should not redact email with consecutive dots in local part"
        },
        {
          "ancestorTitles": [
            "scanner-generic",
            "redactGeneric",
            "email redaction"
          ],
          "duration": 0,
          "failing": false,
          "failureDetails": [],
          "failureMessages": [],
          "fullName": "scanner-generic redactGeneric email redaction should handle empty string",
          "invocations": 1,
          "location": null,
          "numPassingAsserts": 1,
          "retryReasons": [],
          "startAt": 1762422681870,
          "status": "passed",
          "title": "should handle empty string"
        },
        {
          "ancestorTitles": [
            "scanner-generic",
            "redactGeneric",
            "email redaction"
          ],
          "duration": 1,
          "failing": false,
          "failureDetails": [],
          "failureMessages": [],
          "fullName": "scanner-generic redactGeneric email redaction should return original string if no PII found",
          "invocations": 1,
          "location": null,
          "numPassingAsserts": 1,
          "retryReasons": [],
          "startAt": 1762422681870,
          "status": "passed",
          "title": "should return original string if no PII found"
        },
        {
          "ancestorTitles": [
            "scanner-generic",
            "redactGeneric",
            "phone number redaction"
          ],
          "duration": 1,
          "failing": false,
          "failureDetails": [],
          "failureMessages": [],
          "fullName": "scanner-generic redactGeneric phone number redaction should redact US phone number with separators",
          "invocations": 1,
          "location": null,
          "numPassingAsserts": 1,
          "retryReasons": [],
          "startAt": 1762422681871,
          "status": "passed",
          "title": "should redact US phone number with separators"
        },
        {
          "ancestorTitles": [
            "scanner-generic",
            "redactGeneric",
            "phone number redaction"
          ],
          "duration": 0,
          "failing": false,
          "failureDetails": [],
          "failureMessages": [],
          "fullName": "scanner-generic redactGeneric phone number redaction should redact phone number with spaces",
          "invocations": 1,
          "location": null,
          "numPassingAsserts": 1,
          "retryReasons": [],
          "startAt": 1762422681872,
          "status": "passed",
          "title": "should redact phone number with spaces"
        },
        {
          "ancestorTitles": [
            "scanner-generic",
            "redactGeneric",
            "phone number redaction"
          ],
          "duration": 1,
          "failing": false,
          "failureDetails": [],
          "failureMessages": [],
          "fullName": "scanner-generic redactGeneric phone number redaction should redact phone number with dots",
          "invocations": 1,
          "location": null,
          "numPassingAsserts": 1,
          "retryReasons": [],
          "startAt": 1762422681872,
          "status": "passed",
          "title": "should redact phone number with dots"
        },
        {
          "ancestorTitles": [
            "scanner-generic",
            "redactGeneric",
            "phone number redaction"
          ],
          "duration": 0,
          "failing": false,
          "failureDetails": [],
          "failureMessages": [],
          "fullName": "scanner-generic redactGeneric phone number redaction should redact formatted phone numbers",
          "invocations": 1,
          "location": null,
          "numPassingAsserts": 1,
          "retryReasons": [],
          "startAt": 1762422681873,
          "status": "passed",
          "title": "should redact formatted phone numbers"
        },
        {
          "ancestorTitles": [
            "scanner-generic",
            "redactGeneric",
            "phone number redaction"
          ],
          "duration": 0,
          "failing": false,
          "failureDetails": [],
          "failureMessages": [],
          "fullName": "scanner-generic redactGeneric phone number redaction should redact international phone with plus",
          "invocations": 1,
          "location": null,
          "numPassingAsserts": 1,
          "retryReasons": [],
          "startAt": 1762422681873,
          "status": "passed",
          "title": "should redact international phone with plus"
        },
        {
          "ancestorTitles": [
            "scanner-generic",
            "redactGeneric",
            "phone number redaction"
          ],
          "duration": 0,
          "failing": false,
          "failureDetails": [],
          "failureMessages": [],
          "fullName": "scanner-generic redactGeneric phone number redaction should redact phone number with country code",
          "invocations": 1,
          "location": null,
          "numPassingAsserts": 1,
          "retryReasons": [],
          "startAt": 1762422681874,
          "status": "passed",
          "title": "should redact phone number with country code"
        },
        {
          "ancestorTitles": [
            "scanner-generic",
            "redactGeneric",
            "phone number redaction"
          ],
          "duration": 0,
          "failing": false,
          "failureDetails": [],
          "failureMessages": [],
          "fullName": "scanner-generic redactGeneric phone number redaction should redact 10-digit phone number (minimum digits)",
          "invocations": 1,
          "location": null,
          "numPassingAsserts": 1,
          "retryReasons": [],
          "startAt": 1762422681874,
          "status": "passed",
          "title": "should redact 10-digit phone number (minimum digits)"
        },
        {
          "ancestorTitles": [
            "scanner-generic",
            "redactGeneric",
            "phone number redaction"
          ],
          "duration": 1,
          "failing": false,
          "failureDetails": [],
          "failureMessages": [],
          "fullName": "scanner-generic redactGeneric phone number redaction should not redact numbers with too few digits",
          "invocations": 1,
          "location": null,
          "numPassingAsserts": 1,
          "retryReasons": [],
          "startAt": 1762422681874,
          "status": "passed",
          "title": "should not redact numbers with too few digits"
        },
        {
          "ancestorTitles": [
            "scanner-generic",
            "redactGeneric",
            "phone number redaction"
          ],
          "duration": 0,
          "failing": false,
          "failureDetails": [],
          "failureMessages": [],
          "fullName": "scanner-generic redactGeneric phone number redaction should redact 15-digit phone number with separator",
          "invocations": 1,
          "location": null,
          "numPassingAsserts": 1,
          "retryReasons": [],
          "startAt": 1762422681875,
          "status": "passed",
          "title": "should redact 15-digit phone number with separator"
        },
        {
          "ancestorTitles": [
            "scanner-generic",
            "redactGeneric",
            "phone number redaction"
          ],
          "duration": 1,
          "failing": false,
          "failureDetails": [],
          "failureMessages": [],
          "fullName": "scanner-generic redactGeneric phone number redaction should handle international phone numbers",
          "invocations": 1,
          "location": null,
          "numPassingAsserts": 1,
          "retryReasons": [],
          "startAt": 1762422681875,
          "status": "passed",
          "title": "should handle international phone numbers"
        },
        {
          "ancestorTitles": [
            "scanner-generic",
            "redactGeneric",
            "phone number redaction"
          ],
          "duration": 0,
          "failing": false,
          "failureDetails": [],
          "failureMessages": [],
          "fullName": "scanner-generic redactGeneric phone number redaction should handle phone with parentheses properly",
          "invocations": 1,
          "location": null,
          "numPassingAsserts": 1,
          "retryReasons": [],
          "startAt": 1762422681876,
          "status": "passed",
          "title": "should handle phone with parentheses properly"
        },
        {
          "ancestorTitles": [
            "scanner-generic",
            "redactGeneric",
            "phone number redaction"
          ],
          "duration": 1,
          "failing": false,
          "failureDetails": [],
          "failureMessages": [],
          "fullName": "scanner-generic redactGeneric phone number redaction should not redact phone starting with letter",
          "invocations": 1,
          "location": null,
          "numPassingAsserts": 1,
          "retryReasons": [],
          "startAt": 1762422681876,
          "status": "passed",
          "title": "should not redact phone starting with letter"
        },
        {
          "ancestorTitles": [
            "scanner-generic",
            "redactGeneric",
            "mixed PII redaction"
          ],
          "duration": 0,
          "failing": false,
          "failureDetails": [],
          "failureMessages": [],
          "fullName": "scanner-generic redactGeneric mixed PII redaction should redact both email and phone in same text",
          "invocations": 1,
          "location": null,
          "numPassingAsserts": 1,
          "retryReasons": [],
          "startAt": 1762422681877,
          "status": "passed",
          "title": "should redact both email and phone in same text"
        },
        {
          "ancestorTitles": [
            "scanner-generic",
            "redactGeneric",
            "mixed PII redaction"
          ],
          "duration": 0,
          "failing": false,
          "failureDetails": [],
          "failureMessages": [],
          "fullName": "scanner-generic redactGeneric mixed PII redaction should redact multiple emails and phones",
          "invocations": 1,
          "location": null,
          "numPassingAsserts": 2,
          "retryReasons": [],
          "startAt": 1762422681877,
          "status": "passed",
          "title": "should redact multiple emails and phones"
        },
        {
          "ancestorTitles": [
            "scanner-generic",
            "redactGeneric",
            "mixed PII redaction"
          ],
          "duration": 1,
          "failing": false,
          "failureDetails": [],
          "failureMessages": [],
          "fullName": "scanner-generic redactGeneric mixed PII redaction should handle complex text with multiple PII types",
          "invocations": 1,
          "location": null,
          "numPassingAsserts": 2,
          "retryReasons": [],
          "startAt": 1762422681877,
          "status": "passed",
          "title": "should handle complex text with multiple PII types"
        },
        {
          "ancestorTitles": [
            "scanner-generic",
            "redactGeneric",
            "edge cases"
          ],
          "duration": 0,
          "failing": false,
          "failureDetails": [],
          "failureMessages": [],
          "fullName": "scanner-generic redactGeneric edge cases should handle text with @ symbol but not email",
          "invocations": 1,
          "location": null,
          "numPassingAsserts": 1,
          "retryReasons": [],
          "startAt": 1762422681878,
          "status": "passed",
          "title": "should handle text with @ symbol but not email"
        },
        {
          "ancestorTitles": [
            "scanner-generic",
            "redactGeneric",
            "edge cases"
          ],
          "duration": 0,
          "failing": false,
          "failureDetails": [],
          "failureMessages": [],
          "fullName": "scanner-generic redactGeneric edge cases should handle text with + symbol but not phone",
          "invocations": 1,
          "location": null,
          "numPassingAsserts": 1,
          "retryReasons": [],
          "startAt": 1762422681878,
          "status": "passed",
          "title": "should handle text with + symbol but not phone"
        },
        {
          "ancestorTitles": [
            "scanner-generic",
            "redactGeneric",
            "edge cases"
          ],
          "duration": 0,
          "failing": false,
          "failureDetails": [],
          "failureMessages": [],
          "fullName": "scanner-generic redactGeneric edge cases should preserve surrounding whitespace",
          "invocations": 1,
          "location": null,
          "numPassingAsserts": 1,
          "retryReasons": [],
          "startAt": 1762422681878,
          "status": "passed",
          "title": "should preserve surrounding whitespace"
        },
        {
          "ancestorTitles": [
            "scanner-generic",
            "redactGeneric",
            "edge cases"
          ],
          "duration": 1,
          "failing": false,
          "failureDetails": [],
          "failureMessages": [],
          "fullName": "scanner-generic redactGeneric edge cases should handle PII at start of string",
          "invocations": 1,
          "location": null,
          "numPassingAsserts": 1,
          "retryReasons": [],
          "startAt": 1762422681878,
          "status": "passed",
          "title": "should handle PII at start of string"
        },
        {
          "ancestorTitles": [
            "scanner-generic",
            "redactGeneric",
            "edge cases"
          ],
          "duration": 0,
          "failing": false,
          "failureDetails": [],
          "failureMessages": [],
          "fullName": "scanner-generic redactGeneric edge cases should handle PII at end of string",
          "invocations": 1,
          "location": null,
          "numPassingAsserts": 1,
          "retryReasons": [],
          "startAt": 1762422681879,
          "status": "passed",
          "title": "should handle PII at end of string"
        },
        {
          "ancestorTitles": [
            "scanner-generic",
            "redactGeneric",
            "edge cases"
          ],
          "duration": 1,
          "failing": false,
          "failureDetails": [],
          "failureMessages": [],
          "fullName": "scanner-generic redactGeneric edge cases should handle very long strings efficiently",
          "invocations": 1,
          "location": null,
          "numPassingAsserts": 1,
          "retryReasons": [],
          "startAt": 1762422681879,
          "status": "passed",
          "title": "should handle very long strings efficiently"
        }
      ],
      "displayName": {
        "color": "white",
        "name": "unit"
      },
      "failureMessage": null
    }
  ],
  "wasInterrupted": false
}