{"total": {"lines":{"total":752,"covered":462,"skipped":0,"pct":61.43},"statements":{"total":770,"covered":476,"skipped":0,"pct":61.81},"functions":{"total":89,"covered":61,"skipped":0,"pct":68.53},"branches":{"total":475,"covered":251,"skipped":0,"pct":52.84},"branchesTrue":{"total":0,"covered":0,"skipped":0,"pct":100}}
,"/home/runner/work/gs-mcp-proxy-pii-redactor/gs-mcp-proxy-pii-redactor/src/app.controller.ts": {"lines":{"total":70,"covered":34,"skipped":0,"pct":48.57},"functions":{"total":5,"covered":5,"skipped":0,"pct":100},"statements":{"total":72,"covered":36,"skipped":0,"pct":50},"branches":{"total":44,"covered":13,"skipped":0,"pct":29.54}}
,"/home/runner/work/gs-mcp-proxy-pii-redactor/gs-mcp-proxy-pii-redactor/src/config/config.service.ts": {"lines":{"total":50,"covered":40,"skipped":0,"pct":80},"functions":{"total":6,"covered":6,"skipped":0,"pct":100},"statements":{"total":52,"covered":42,"skipped":0,"pct":80.76},"branches":{"total":43,"covered":25,"skipped":0,"pct":58.13}}
,"/home/runner/work/gs-mcp-proxy-pii-redactor/gs-mcp-proxy-pii-redactor/src/mcp/mcp-client-wrapper.ts": {"lines":{"total":199,"covered":101,"skipped":0,"pct":50.75},"functions":{"total":27,"covered":16,"skipped":0,"pct":59.25},"statements":{"total":201,"covered":102,"skipped":0,"pct":50.74},"branches":{"total":113,"covered":34,"skipped":0,"pct":30.08}}
,"/home/runner/work/gs-mcp-proxy-pii-redactor/gs-mcp-proxy-pii-redactor/src/mcp/mcp-server.service.ts": {"lines":{"total":102,"covered":80,"skipped":0,"pct":78.43},"functions":{"total":12,"covered":10,"skipped":0,"pct":83.33},"statements":{"total":104,"covered":82,"skipped":0,"pct":78.84},"branches":{"total":49,"covered":32,"skipped":0,"pct":65.3}}
,"/home/runner/work/gs-mcp-proxy-pii-redactor/gs-mcp-proxy-pii-redactor/src/redaction/audit-logger.ts": {"lines":{"total":38,"covered":5,"skipped":0,"pct":13.15},"functions":{"total":5,"covered":0,"skipped":0,"pct":0},"statements":{"total":39,"covered":5,"skipped":0,"pct":12.82},"branches":{"total":12,"covered":0,"skipped":0,"pct":0}}
,"/home/runner/work/gs-mcp-proxy-pii-redactor/gs-mcp-proxy-pii-redactor/src/redaction/matcher.ts": {"lines":{"total":52,"covered":46,"skipped":0,"pct":88.46},"functions":{"total":8,"covered":8,"skipped":0,"pct":100},"statements":{"total":55,"covered":49,"skipped":0,"pct":89.09},"branches":{"total":26,"covered":19,"skipped":0,"pct":73.07}}
,"/home/runner/work/gs-mcp-proxy-pii-redactor/gs-mcp-proxy-pii-redactor/src/redaction/redaction.service.ts": {"lines":{"total":107,"covered":40,"skipped":0,"pct":37.38},"functions":{"total":16,"covered":6,"skipped":0,"pct":37.5},"statements":{"total":112,"covered":43,"skipped":0,"pct":38.39},"branches":{"total":59,"covered":25,"skipped":0,"pct":42.37}}
,"/home/runner/work/gs-mcp-proxy-pii-redactor/gs-mcp-proxy-pii-redactor/src/redaction/scanner-generic.ts": {"lines":{"total":134,"covered":116,"skipped":0,"pct":86.56},"functions":{"total":10,"covered":10,"skipped":0,"pct":100},"statements":{"total":135,"covered":117,"skipped":0,"pct":86.66},"branches":{"total":129,"covered":103,"skipped":0,"pct":79.84}}
}
