TN:
SF:src/app.controller.ts
FN:21,(anonymous_4)
FN:27,(anonymous_5)
FN:32,(anonymous_6)
FN:68,(anonymous_7)
FN:107,(anonymous_8)
FNF:5
FNH:5
FNDA:4,(anonymous_4)
FNDA:2,(anonymous_5)
FNDA:8,(anonymous_6)
FNDA:20,(anonymous_7)
FNDA:19,(anonymous_8)
DA:1,4
DA:14,4
DA:15,4
DA:18,4
DA:19,4
DA:22,4
DA:23,4
DA:27,4
DA:28,2
DA:32,4
DA:37,8
DA:38,8
DA:40,8
DA:41,1
DA:45,7
DA:46,0
DA:47,0
DA:48,0
DA:51,0
DA:52,0
DA:53,0
DA:57,7
DA:58,7
DA:60,0
DA:61,0
DA:62,0
DA:68,4
DA:73,20
DA:74,20
DA:76,20
DA:77,0
DA:78,0
DA:82,20
DA:83,0
DA:84,0
DA:85,0
DA:86,0
DA:89,0
DA:90,0
DA:91,0
DA:92,0
DA:96,20
DA:97,20
DA:99,0
DA:100,0
DA:101,0
DA:107,4
DA:112,19
DA:113,19
DA:115,19
DA:116,1
DA:120,18
DA:121,0
DA:122,0
DA:123,0
DA:126,0
DA:127,0
DA:128,0
DA:133,18
DA:134,18
DA:136,0
DA:137,0
DA:140,0
DA:141,0
DA:143,0
DA:146,18
DA:147,18
DA:149,0
DA:150,0
DA:151,0
LF:70
LH:34
BRDA:40,0,0,1
BRDA:40,0,1,7
BRDA:45,1,0,0
BRDA:45,1,1,7
BRDA:45,2,0,7
BRDA:45,2,1,0
BRDA:47,3,0,0
BRDA:47,3,1,0
BRDA:52,4,0,0
BRDA:52,4,1,0
BRDA:61,5,0,0
BRDA:61,5,1,0
BRDA:76,6,0,0
BRDA:76,6,1,20
BRDA:82,7,0,0
BRDA:82,7,1,20
BRDA:82,8,0,20
BRDA:82,8,1,0
BRDA:84,9,0,0
BRDA:84,9,1,0
BRDA:90,10,0,0
BRDA:90,10,1,0
BRDA:100,11,0,0
BRDA:100,11,1,0
BRDA:115,12,0,1
BRDA:115,12,1,18
BRDA:120,13,0,0
BRDA:120,13,1,18
BRDA:120,14,0,18
BRDA:120,14,1,0
BRDA:122,15,0,0
BRDA:122,15,1,0
BRDA:127,16,0,0
BRDA:127,16,1,0
BRDA:133,17,0,18
BRDA:133,17,1,0
BRDA:134,18,0,0
BRDA:134,18,1,18
BRDA:136,19,0,0
BRDA:136,19,1,0
BRDA:140,20,0,0
BRDA:140,20,1,0
BRDA:150,21,0,0
BRDA:150,21,1,0
BRF:44
BRH:13
end_of_record
TN:
SF:src/config/config.service.ts
FN:8,(anonymous_11)
FN:12,(anonymous_12)
FN:80,(anonymous_13)
FN:87,(anonymous_14)
FN:92,(anonymous_15)
FN:106,(anonymous_16)
FNF:6
FNH:6
FNDA:4,(anonymous_11)
FNDA:4,(anonymous_12)
FNDA:51,(anonymous_13)
FNDA:6,(anonymous_14)
FNDA:4,(anonymous_15)
FNDA:6,(anonymous_16)
DA:1,4
DA:2,4
DA:3,4
DA:4,4
DA:8,4
DA:9,4
DA:10,4
DA:16,4
DA:17,0
DA:18,0
DA:23,0
DA:26,4
DA:29,4
DA:30,4
DA:31,4
DA:38,4
DA:39,0
DA:42,4
DA:43,0
DA:47,4
DA:48,4
DA:51,6
DA:52,6
DA:58,4
DA:59,4
DA:60,6
DA:61,0
DA:63,6
DA:68,4
DA:69,0
DA:72,4
DA:77,4
DA:81,51
DA:82,0
DA:84,51
DA:88,6
DA:90,6
DA:91,6
DA:92,4
DA:93,4
DA:94,4
DA:95,0
DA:99,4
DA:101,4
DA:107,6
DA:108,0
DA:110,6
DA:114,6
DA:116,6
DA:117,6
LF:50
LH:40
BRDA:12,0,0,0
BRDA:16,1,0,0
BRDA:16,1,1,4
BRDA:16,2,0,4
BRDA:16,2,1,4
BRDA:19,3,0,0
BRDA:19,3,1,0
BRDA:26,4,0,4
BRDA:26,4,1,0
BRDA:38,5,0,0
BRDA:38,5,1,4
BRDA:42,6,0,0
BRDA:42,6,1,4
BRDA:47,7,0,4
BRDA:47,7,1,0
BRDA:51,8,0,6
BRDA:51,8,1,0
BRDA:58,9,0,4
BRDA:58,9,1,0
BRDA:60,10,0,0
BRDA:60,10,1,6
BRDA:68,11,0,0
BRDA:68,11,1,4
BRDA:74,12,0,4
BRDA:74,12,1,0
BRDA:81,13,0,0
BRDA:81,13,1,51
BRDA:91,14,0,4
BRDA:91,14,1,2
BRDA:94,15,0,0
BRDA:94,15,1,4
BRDA:107,16,0,0
BRDA:107,16,1,6
BRDA:107,17,0,6
BRDA:107,17,1,6
BRDA:110,18,0,6
BRDA:110,18,1,0
BRDA:111,19,0,6
BRDA:111,19,1,6
BRDA:116,20,0,6
BRDA:116,20,1,0
BRDA:116,21,0,6
BRDA:116,21,1,6
BRF:43
BRH:25
end_of_record
TN:
SF:src/mcp/mcp-client-wrapper.ts
FN:30,(anonymous_9)
FN:39,(anonymous_10)
FN:103,(anonymous_11)
FN:113,(anonymous_12)
FN:139,(anonymous_13)
FN:157,(anonymous_14)
FN:191,(anonymous_15)
FN:194,(anonymous_16)
FN:205,(anonymous_17)
FN:215,(anonymous_18)
FN:221,(anonymous_19)
FN:239,(anonymous_20)
FN:257,(anonymous_21)
FN:301,(anonymous_22)
FN:345,(anonymous_23)
FN:387,(anonymous_24)
FN:419,(anonymous_25)
FN:432,(anonymous_26)
FN:453,(anonymous_27)
FN:457,(anonymous_28)
FN:459,(anonymous_29)
FN:473,(anonymous_30)
FN:477,(anonymous_31)
FN:479,(anonymous_32)
FN:492,(anonymous_33)
FN:496,(anonymous_34)
FN:506,(anonymous_35)
FNF:27
FNH:16
FNDA:6,(anonymous_9)
FNDA:6,(anonymous_10)
FNDA:0,(anonymous_11)
FNDA:0,(anonymous_12)
FNDA:0,(anonymous_13)
FNDA:6,(anonymous_14)
FNDA:6,(anonymous_15)
FNDA:0,(anonymous_16)
FNDA:6,(anonymous_17)
FNDA:240,(anonymous_18)
FNDA:6,(anonymous_19)
FNDA:6,(anonymous_20)
FNDA:2,(anonymous_21)
FNDA:0,(anonymous_22)
FNDA:0,(anonymous_23)
FNDA:240,(anonymous_24)
FNDA:6,(anonymous_25)
FNDA:6,(anonymous_26)
FNDA:11,(anonymous_27)
FNDA:2,(anonymous_28)
FNDA:4,(anonymous_29)
FNDA:0,(anonymous_30)
FNDA:0,(anonymous_31)
FNDA:0,(anonymous_32)
FNDA:0,(anonymous_33)
FNDA:0,(anonymous_34)
FNDA:6,(anonymous_35)
DA:1,4
DA:3,4
DA:10,4
DA:11,4
DA:12,4
DA:13,4
DA:14,4
DA:16,4
DA:17,6
DA:18,6
DA:19,6
DA:26,6
DA:27,6
DA:28,6
DA:33,6
DA:35,6
DA:36,6
DA:41,6
DA:43,6
DA:48,6
DA:49,0
DA:50,0
DA:51,0
DA:52,0
DA:56,0
DA:59,0
DA:65,6
DA:67,0
DA:68,0
DA:70,0
DA:71,0
DA:73,6
DA:74,6
DA:76,0
DA:80,6
DA:95,6
DA:96,6
DA:98,6
DA:99,6
DA:104,0
DA:105,0
DA:107,0
DA:108,0
DA:110,0
DA:114,0
DA:115,0
DA:118,0
DA:121,0
DA:122,0
DA:124,0
DA:125,0
DA:128,0
DA:134,0
DA:135,0
DA:136,0
DA:140,0
DA:141,0
DA:144,0
DA:150,0
DA:152,0
DA:153,0
DA:154,0
DA:158,6
DA:159,0
DA:162,6
DA:164,6
DA:169,6
DA:170,6
DA:172,6
DA:173,6
DA:179,6
DA:184,6
DA:186,6
DA:187,6
DA:188,6
DA:192,6
DA:194,6
DA:195,0
DA:196,0
DA:197,0
DA:200,0
DA:206,6
DA:207,0
DA:210,6
DA:211,6
DA:214,6
DA:215,240
DA:218,6
DA:222,6
DA:223,0
DA:226,6
DA:227,6
DA:228,6
DA:231,0
DA:232,0
DA:233,0
DA:235,0
DA:240,6
DA:241,0
DA:244,6
DA:245,6
DA:246,6
DA:249,0
DA:250,0
DA:251,0
DA:253,0
DA:262,2
DA:263,0
DA:266,2
DA:272,2
DA:273,0
DA:274,0
DA:275,0
DA:279,0
DA:280,0
DA:285,0
DA:286,0
DA:294,0
DA:298,2
DA:306,0
DA:307,0
DA:310,0
DA:316,0
DA:317,0
DA:318,0
DA:319,0
DA:323,0
DA:324,0
DA:329,0
DA:330,0
DA:338,0
DA:342,0
DA:349,0
DA:350,0
DA:353,0
DA:358,0
DA:359,0
DA:360,0
DA:361,0
DA:365,0
DA:366,0
DA:371,0
DA:372,0
DA:380,0
DA:384,0
DA:388,240
DA:389,240
DA:390,0
DA:393,240
DA:394,240
DA:396,240
DA:398,160
DA:399,152
DA:402,152
DA:404,8
DA:406,80
DA:407,4
DA:410,4
DA:412,76
DA:414,0
DA:415,0
DA:420,6
DA:421,0
DA:432,12
DA:436,6
DA:451,6
DA:453,6
DA:454,11
DA:457,6
DA:458,2
DA:459,4
DA:460,2
DA:461,0
DA:463,2
DA:471,6
DA:473,6
DA:474,0
DA:477,6
DA:478,0
DA:479,0
DA:480,0
DA:481,0
DA:483,0
DA:491,6
DA:492,6
DA:493,0
DA:496,6
DA:497,0
DA:503,6
DA:507,6
DA:508,6
DA:509,6
DA:513,6
DA:514,6
DA:515,6
DA:517,6
DA:520,6
DA:521,6
DA:522,6
LF:199
LH:101
BRDA:41,0,0,6
BRDA:41,0,1,0
BRDA:48,1,0,0
BRDA:48,1,1,6
BRDA:51,2,0,0
BRDA:51,2,1,0
BRDA:65,3,0,0
BRDA:65,3,1,0
BRDA:65,3,2,6
BRDA:65,3,3,0
BRDA:98,4,0,6
BRDA:98,4,1,0
BRDA:104,5,0,0
BRDA:104,5,1,0
BRDA:107,6,0,0
BRDA:107,6,1,0
BRDA:114,7,0,0
BRDA:114,7,1,0
BRDA:121,8,0,0
BRDA:121,8,1,0
BRDA:122,9,0,0
BRDA:122,9,1,0
BRDA:130,10,0,0
BRDA:130,10,1,0
BRDA:140,11,0,0
BRDA:140,11,1,0
BRDA:158,12,0,0
BRDA:158,12,1,6
BRDA:169,13,0,6
BRDA:169,13,1,0
BRDA:172,14,0,6
BRDA:172,14,1,0
BRDA:179,15,0,0
BRDA:179,15,1,6
BRDA:196,16,0,0
BRDA:196,16,1,0
BRDA:206,17,0,0
BRDA:206,17,1,6
BRDA:211,18,0,6
BRDA:211,18,1,0
BRDA:222,19,0,0
BRDA:222,19,1,6
BRDA:228,20,0,6
BRDA:228,20,1,0
BRDA:231,21,0,0
BRDA:231,21,1,0
BRDA:240,22,0,0
BRDA:240,22,1,6
BRDA:246,23,0,6
BRDA:246,23,1,0
BRDA:249,24,0,0
BRDA:249,24,1,0
BRDA:262,25,0,0
BRDA:262,25,1,2
BRDA:272,26,0,0
BRDA:272,26,1,2
BRDA:274,27,0,0
BRDA:274,27,1,0
BRDA:275,28,0,0
BRDA:275,28,1,0
BRDA:285,29,0,0
BRDA:285,29,1,0
BRDA:306,30,0,0
BRDA:306,30,1,0
BRDA:316,31,0,0
BRDA:316,31,1,0
BRDA:318,32,0,0
BRDA:318,32,1,0
BRDA:319,33,0,0
BRDA:319,33,1,0
BRDA:329,34,0,0
BRDA:329,34,1,0
BRDA:349,35,0,0
BRDA:349,35,1,0
BRDA:358,36,0,0
BRDA:358,36,1,0
BRDA:360,37,0,0
BRDA:360,37,1,0
BRDA:361,38,0,0
BRDA:361,38,1,0
BRDA:371,39,0,0
BRDA:371,39,1,0
BRDA:389,40,0,0
BRDA:389,40,1,240
BRDA:389,41,0,240
BRDA:389,41,1,240
BRDA:389,41,2,240
BRDA:394,42,0,240
BRDA:394,42,1,0
BRDA:396,43,0,160
BRDA:396,43,1,80
BRDA:396,43,2,0
BRDA:398,44,0,152
BRDA:398,44,1,8
BRDA:406,45,0,4
BRDA:406,45,1,76
BRDA:419,46,0,6
BRDA:420,47,0,0
BRDA:420,47,1,6
BRDA:460,48,0,0
BRDA:460,48,1,2
BRDA:465,49,0,2
BRDA:465,49,1,0
BRDA:480,50,0,0
BRDA:480,50,1,0
BRDA:485,51,0,0
BRDA:485,51,1,0
BRDA:507,52,0,6
BRDA:507,52,1,0
BRDA:513,53,0,6
BRDA:513,53,1,0
BRDA:520,54,0,6
BRDA:520,54,1,0
BRF:113
BRH:34
end_of_record
TN:
SF:src/mcp/mcp-server.service.ts
FN:24,(anonymous_2)
FN:29,(anonymous_3)
FN:61,(anonymous_4)
FN:86,(anonymous_5)
FN:90,(anonymous_6)
FN:94,(anonymous_7)
FN:124,(anonymous_8)
FN:133,(anonymous_9)
FN:156,(anonymous_10)
FN:158,(anonymous_11)
FN:161,(anonymous_12)
FN:180,(anonymous_13)
FNF:12
FNH:10
FNDA:4,(anonymous_2)
FNDA:4,(anonymous_3)
FNDA:4,(anonymous_4)
FNDA:50,(anonymous_5)
FNDA:0,(anonymous_6)
FNDA:7,(anonymous_7)
FNDA:17,(anonymous_8)
FNDA:18,(anonymous_9)
FNDA:4,(anonymous_10)
FNDA:4,(anonymous_11)
FNDA:0,(anonymous_12)
FNDA:20,(anonymous_13)
DA:1,4
DA:2,4
DA:3,4
DA:4,4
DA:6,4
DA:7,4
DA:9,4
DA:20,4
DA:21,4
DA:22,4
DA:25,4
DA:26,4
DA:30,4
DA:33,4
DA:34,6
DA:35,6
DA:37,6
DA:38,6
DA:40,6
DA:42,6
DA:50,6
DA:52,0
DA:54,0
DA:55,0
DA:62,4
DA:63,6
DA:64,6
DA:66,6
DA:67,7
DA:69,6
DA:71,6
DA:72,6
DA:73,30
DA:74,6
DA:75,6
DA:80,0
DA:83,4
DA:87,50
DA:91,0
DA:99,7
DA:100,7
DA:101,0
DA:102,0
DA:107,7
DA:108,7
DA:111,7
DA:112,7
DA:113,7
DA:115,7
DA:117,7
DA:120,7
DA:121,7
DA:124,7
DA:125,17
DA:126,17
DA:128,7
DA:129,7
DA:130,7
DA:138,18
DA:139,18
DA:140,0
DA:141,0
DA:145,18
DA:146,18
DA:148,18
DA:149,18
DA:150,14
DA:151,14
DA:155,4
DA:156,4
DA:159,4
DA:162,0
DA:167,4
DA:170,4
DA:171,4
DA:173,0
DA:174,0
DA:175,0
DA:185,20
DA:186,20
DA:187,0
DA:188,0
DA:192,20
DA:194,20
DA:196,20
DA:197,20
DA:198,20
DA:199,20
DA:203,20
DA:204,20
DA:205,20
DA:206,20
DA:207,20
DA:208,20
DA:209,0
DA:210,0
DA:212,0
DA:214,20
DA:216,0
DA:219,0
DA:224,0
DA:225,0
LF:102
LH:80
BRDA:47,0,0,6
BRDA:47,0,1,0
BRDA:54,1,0,0
BRDA:54,1,1,0
BRDA:73,2,0,6
BRDA:73,2,1,24
BRDA:100,3,0,0
BRDA:100,3,1,7
BRDA:107,4,0,7
BRDA:107,4,1,0
BRDA:108,5,0,7
BRDA:108,5,1,0
BRDA:111,6,0,7
BRDA:111,6,1,0
BRDA:139,7,0,0
BRDA:139,7,1,18
BRDA:145,8,0,18
BRDA:145,8,1,4
BRDA:145,8,2,4
BRDA:146,9,0,14
BRDA:146,9,1,4
BRDA:149,10,0,14
BRDA:149,10,1,4
BRDA:149,11,0,18
BRDA:149,11,1,14
BRDA:174,12,0,0
BRDA:174,12,1,0
BRDA:186,13,0,0
BRDA:186,13,1,20
BRDA:192,14,0,20
BRDA:192,14,1,20
BRDA:196,15,0,20
BRDA:196,15,1,0
BRDA:198,16,0,20
BRDA:198,16,1,0
BRDA:198,17,0,20
BRDA:198,17,1,20
BRDA:203,18,0,20
BRDA:203,18,1,0
BRDA:204,19,0,20
BRDA:204,19,1,20
BRDA:205,20,0,20
BRDA:205,20,1,20
BRDA:207,21,0,20
BRDA:207,21,1,0
BRDA:207,22,0,20
BRDA:207,22,1,20
BRDA:209,23,0,0
BRDA:209,23,1,0
BRF:49
BRH:32
end_of_record
TN:
SF:src/redaction/audit-logger.ts
FN:11,(anonymous_9)
FN:25,(anonymous_10)
FN:55,(anonymous_11)
FN:66,(anonymous_12)
FN:76,(anonymous_13)
FNF:5
FNH:0
FNDA:0,(anonymous_9)
FNDA:0,(anonymous_10)
FNDA:0,(anonymous_11)
FNDA:0,(anonymous_12)
FNDA:0,(anonymous_13)
DA:1,4
DA:2,4
DA:3,4
DA:4,4
DA:7,4
DA:8,0
DA:13,0
DA:14,0
DA:17,0
DA:18,0
DA:20,0
DA:21,0
DA:31,0
DA:32,0
DA:35,0
DA:36,0
DA:39,0
DA:43,0
DA:46,0
DA:50,0
DA:52,0
DA:56,0
DA:57,0
DA:58,0
DA:60,0
DA:62,0
DA:67,0
DA:68,0
DA:69,0
DA:71,0
DA:75,0
DA:76,0
DA:79,0
DA:80,0
DA:81,0
DA:82,0
DA:84,0
DA:87,0
LF:38
LH:5
BRDA:31,0,0,0
BRDA:31,0,1,0
BRDA:31,1,0,0
BRDA:31,1,1,0
BRDA:67,2,0,0
BRDA:67,2,1,0
BRDA:75,3,0,0
BRDA:75,3,1,0
BRDA:79,4,0,0
BRDA:79,4,1,0
BRDA:79,5,0,0
BRDA:79,5,1,0
BRF:12
BRH:0
end_of_record
TN:
SF:src/redaction/matcher.ts
FN:14,(anonymous_0)
FN:16,(anonymous_1)
FN:19,(anonymous_2)
FN:26,(anonymous_3)
FN:33,(anonymous_4)
FN:65,(anonymous_5)
FN:93,(anonymous_6)
FN:113,(anonymous_7)
FNF:8
FNH:8
FNDA:1,(anonymous_0)
FNDA:3,(anonymous_1)
FNDA:1,(anonymous_2)
FNDA:14,(anonymous_3)
FNDA:1,(anonymous_4)
FNDA:14,(anonymous_5)
FNDA:9,(anonymous_6)
FNDA:12,(anonymous_7)
DA:10,5
DA:15,1
DA:16,3
DA:20,1
DA:21,0
DA:23,1
DA:27,14
DA:28,14
DA:29,6
DA:33,8
DA:36,8
DA:37,8
DA:38,9
DA:39,9
DA:41,0
DA:42,0
DA:43,0
DA:49,8
DA:50,8
DA:51,8
DA:52,9
DA:53,6
DA:55,9
DA:56,9
DA:58,8
DA:59,5
DA:62,8
DA:66,14
DA:67,14
DA:69,14
DA:70,42
DA:71,42
DA:73,42
DA:74,51
DA:75,51
DA:76,42
DA:80,9
DA:81,9
DA:82,9
DA:83,9
DA:86,9
DA:90,14
DA:95,9
DA:96,6
DA:97,6
DA:98,0
DA:103,9
DA:104,6
DA:105,6
DA:106,0
DA:110,9
DA:114,12
LF:52
LH:46
BRDA:20,0,0,0
BRDA:20,0,1,1
BRDA:28,1,0,6
BRDA:28,1,1,8
BRDA:38,2,0,9
BRDA:38,2,1,0
BRDA:38,3,0,9
BRDA:38,3,1,1
BRDA:42,4,0,0
BRDA:42,4,1,0
BRDA:52,5,0,6
BRDA:52,5,1,3
BRDA:58,6,0,5
BRDA:58,6,1,3
BRDA:75,7,0,42
BRDA:75,7,1,9
BRDA:82,8,0,9
BRDA:82,8,1,0
BRDA:95,9,0,6
BRDA:95,9,1,3
BRDA:97,10,0,0
BRDA:97,10,1,6
BRDA:103,11,0,6
BRDA:103,11,1,3
BRDA:105,12,0,0
BRDA:105,12,1,6
BRF:26
BRH:19
end_of_record
TN:
SF:src/redaction/redaction.service.ts
FN:8,(anonymous_1)
FN:14,(anonymous_2)
FN:41,(anonymous_3)
FN:48,(anonymous_4)
FN:60,(anonymous_5)
FN:66,(anonymous_6)
FN:78,(anonymous_7)
FN:81,(anonymous_8)
FN:87,(anonymous_9)
FN:111,(anonymous_10)
FN:120,(anonymous_11)
FN:120,(anonymous_12)
FN:138,(anonymous_13)
FN:149,(anonymous_14)
FN:150,(anonymous_15)
FN:164,(anonymous_16)
FNF:16
FNH:6
FNDA:6,(anonymous_1)
FNDA:0,(anonymous_2)
FNDA:0,(anonymous_3)
FNDA:4,(anonymous_4)
FNDA:7,(anonymous_5)
FNDA:0,(anonymous_6)
FNDA:1,(anonymous_7)
FNDA:10,(anonymous_8)
FNDA:3,(anonymous_9)
FNDA:0,(anonymous_10)
FNDA:0,(anonymous_11)
FNDA:0,(anonymous_12)
FNDA:0,(anonymous_13)
FNDA:0,(anonymous_14)
FNDA:0,(anonymous_15)
FNDA:0,(anonymous_16)
DA:1,5
DA:2,5
DA:4,5
DA:5,5
DA:8,5
DA:9,6
DA:10,6
DA:11,6
DA:12,6
DA:15,0
DA:16,0
DA:17,0
DA:19,0
DA:22,0
DA:24,0
DA:25,0
DA:27,0
DA:28,0
DA:29,0
DA:30,0
DA:33,0
DA:34,0
DA:36,0
DA:37,0
DA:42,0
DA:43,0
DA:45,0
DA:49,4
DA:50,2
DA:53,2
DA:54,1
DA:57,1
DA:61,7
DA:62,5
DA:63,5
DA:65,2
DA:66,0
DA:68,2
DA:69,2
DA:70,2
DA:71,5
DA:73,2
DA:75,0
DA:79,1
DA:81,1
DA:82,10
DA:83,6
DA:84,6
DA:86,4
DA:87,3
DA:89,3
DA:90,3
DA:91,3
DA:92,9
DA:93,3
DA:94,3
DA:95,3
DA:97,0
DA:100,6
DA:103,3
DA:105,0
DA:108,1
DA:112,0
DA:113,0
DA:114,0
DA:118,0
DA:119,0
DA:120,0
DA:123,0
DA:124,0
DA:127,0
DA:128,0
DA:129,0
DA:132,0
DA:136,0
DA:138,0
DA:139,0
DA:140,0
DA:141,0
DA:142,0
DA:145,0
DA:146,0
DA:147,0
DA:149,0
DA:150,0
DA:151,0
DA:155,0
DA:156,0
DA:157,0
DA:158,0
DA:161,0
DA:165,0
DA:166,0
DA:167,0
DA:168,0
DA:170,0
DA:174,0
DA:175,0
DA:176,0
DA:180,0
DA:181,0
DA:182,0
DA:183,0
DA:184,0
DA:185,0
DA:188,0
DA:190,0
LF:107
LH:40
BRDA:15,0,0,0
BRDA:15,0,1,0
BRDA:16,1,0,0
BRDA:16,1,1,0
BRDA:27,2,0,0
BRDA:27,2,1,0
BRDA:42,3,0,0
BRDA:42,3,1,0
BRDA:49,4,0,2
BRDA:49,4,1,2
BRDA:49,5,0,4
BRDA:49,5,1,4
BRDA:49,5,2,3
BRDA:53,6,0,1
BRDA:53,6,1,1
BRDA:53,7,0,2
BRDA:53,7,1,1
BRDA:61,8,0,5
BRDA:61,8,1,2
BRDA:65,9,0,0
BRDA:65,9,1,2
BRDA:68,10,0,2
BRDA:68,10,1,0
BRDA:68,11,0,2
BRDA:68,11,1,2
BRDA:82,12,0,6
BRDA:82,12,1,4
BRDA:86,13,0,1
BRDA:86,13,1,3
BRDA:89,14,0,3
BRDA:89,14,1,0
BRDA:89,15,0,3
BRDA:89,15,1,3
BRDA:92,16,0,3
BRDA:92,16,1,6
BRDA:93,17,0,3
BRDA:93,17,1,0
BRDA:113,18,0,0
BRDA:113,18,1,0
BRDA:119,19,0,0
BRDA:119,19,1,0
BRDA:123,20,0,0
BRDA:123,20,1,0
BRDA:128,21,0,0
BRDA:128,21,1,0
BRDA:141,22,0,0
BRDA:141,22,1,0
BRDA:166,23,0,0
BRDA:166,23,1,0
BRDA:175,24,0,0
BRDA:175,24,1,0
BRDA:182,25,0,0
BRDA:182,25,1,0
BRDA:182,26,0,0
BRDA:182,26,1,0
BRDA:184,27,0,0
BRDA:184,27,1,0
BRDA:184,28,0,0
BRDA:184,28,1,0
BRF:59
BRH:25
end_of_record
TN:
SF:src/redaction/scanner-generic.ts
FN:7,redactGeneric
FN:59,scanEmailAt
FN:137,scanPhoneAt
FN:211,isDigit
FN:215,isLetter
FN:219,isAlphaNum
FN:223,isAlphaUnderscore
FN:227,isAlphaNumUnderscore
FN:231,isEmailLocalChar
FN:235,isDomainLabelChar
FNF:10
FNH:10
FNDA:14,redactGeneric
FNDA:9,scanEmailAt
FNDA:63,scanPhoneAt
FNDA:1077,isDigit
FNDA:195,isLetter
FNDA:169,isAlphaNum
FNDA:26,isAlphaUnderscore
FNDA:13,isAlphaNumUnderscore
FNDA:60,isEmailLocalChar
FNDA:101,isDomainLabelChar
DA:4,5
DA:5,5
DA:7,5
DA:8,14
DA:9,0
DA:12,14
DA:13,14
DA:14,14
DA:16,14
DA:17,504
DA:19,504
DA:20,9
DA:21,9
DA:22,8
DA:23,8
DA:25,8
DA:26,8
DA:27,8
DA:28,8
DA:32,496
DA:33,63
DA:34,63
DA:35,3
DA:36,3
DA:38,3
DA:39,3
DA:40,3
DA:41,3
DA:45,493
DA:48,14
DA:49,5
DA:52,9
DA:53,4
DA:56,9
DA:60,9
DA:61,9
DA:62,0
DA:66,9
DA:67,9
DA:68,51
DA:70,9
DA:71,9
DA:73,9
DA:74,0
DA:78,9
DA:79,0
DA:82,9
DA:83,42
DA:84,0
DA:89,9
DA:90,9
DA:91,9
DA:92,9
DA:94,9
DA:95,101
DA:96,101
DA:97,84
DA:98,84
DA:99,84
DA:101,17
DA:102,11
DA:103,0
DA:105,11
DA:106,11
DA:107,11
DA:108,11
DA:109,11
DA:111,6
DA:114,9
DA:115,9
DA:116,0
DA:118,9
DA:119,0
DA:122,9
DA:123,1
DA:127,8
DA:128,0
DA:130,8
DA:131,0
DA:134,8
DA:143,63
DA:144,63
DA:145,63
DA:146,63
DA:147,63
DA:148,63
DA:149,63
DA:151,63
DA:152,9
DA:153,9
DA:154,9
DA:155,0
DA:159,63
DA:160,551
DA:161,551
DA:162,359
DA:163,359
DA:164,192
DA:165,123
DA:166,123
DA:167,69
DA:168,4
DA:169,4
DA:170,4
DA:171,65
DA:172,10
DA:173,6
DA:175,4
DA:176,4
DA:177,55
DA:178,0
DA:179,0
DA:181,0
DA:183,55
DA:187,57
DA:188,57
DA:189,0
DA:191,57
DA:192,43
DA:195,14
DA:196,0
DA:198,14
DA:199,11
DA:202,3
DA:203,0
DA:204,0
DA:208,3
DA:212,1077
DA:216,195
DA:220,169
DA:224,26
DA:228,13
DA:232,60
DA:236,101
LF:134
LH:116
BRDA:8,0,0,0
BRDA:8,0,1,14
BRDA:19,1,0,9
BRDA:19,1,1,495
BRDA:21,2,0,8
BRDA:21,2,1,1
BRDA:22,3,0,8
BRDA:22,3,1,0
BRDA:32,4,0,63
BRDA:32,4,1,433
BRDA:32,5,0,496
BRDA:32,5,1,487
BRDA:34,6,0,3
BRDA:34,6,1,60
BRDA:35,7,0,3
BRDA:35,7,1,0
BRDA:48,8,0,5
BRDA:48,8,1,9
BRDA:52,9,0,4
BRDA:52,9,1,5
BRDA:61,10,0,0
BRDA:61,10,1,9
BRDA:61,11,0,9
BRDA:61,11,1,9
BRDA:67,12,0,60
BRDA:67,12,1,60
BRDA:73,13,0,0
BRDA:73,13,1,9
BRDA:78,14,0,0
BRDA:78,14,1,9
BRDA:78,15,0,9
BRDA:78,15,1,9
BRDA:83,16,0,0
BRDA:83,16,1,42
BRDA:83,17,0,42
BRDA:83,17,1,3
BRDA:96,18,0,84
BRDA:96,18,1,17
BRDA:101,19,0,11
BRDA:101,19,1,6
BRDA:102,20,0,0
BRDA:102,20,1,11
BRDA:102,21,0,11
BRDA:102,21,1,11
BRDA:115,22,0,0
BRDA:115,22,1,9
BRDA:115,23,0,9
BRDA:115,23,1,9
BRDA:118,24,0,0
BRDA:118,24,1,9
BRDA:122,25,0,1
BRDA:122,25,1,8
BRDA:122,26,0,9
BRDA:122,26,1,9
BRDA:122,26,2,8
BRDA:127,27,0,0
BRDA:127,27,1,8
BRDA:127,28,0,8
BRDA:127,28,1,8
BRDA:130,29,0,0
BRDA:130,29,1,8
BRDA:130,30,0,8
BRDA:130,30,1,5
BRDA:151,31,0,9
BRDA:151,31,1,54
BRDA:154,32,0,0
BRDA:154,32,1,9
BRDA:161,33,0,359
BRDA:161,33,1,192
BRDA:164,34,0,123
BRDA:164,34,1,69
BRDA:164,35,0,192
BRDA:164,35,1,124
BRDA:164,35,2,79
BRDA:167,36,0,4
BRDA:167,36,1,65
BRDA:171,37,0,10
BRDA:171,37,1,55
BRDA:172,38,0,6
BRDA:172,38,1,4
BRDA:177,39,0,0
BRDA:177,39,1,55
BRDA:177,40,0,55
BRDA:177,40,1,55
BRDA:178,41,0,0
BRDA:178,41,1,0
BRDA:188,42,0,0
BRDA:188,42,1,57
BRDA:191,43,0,43
BRDA:191,43,1,14
BRDA:191,44,0,57
BRDA:191,44,1,14
BRDA:195,45,0,0
BRDA:195,45,1,14
BRDA:195,46,0,14
BRDA:195,46,1,14
BRDA:198,47,0,11
BRDA:198,47,1,3
BRDA:198,48,0,14
BRDA:198,48,1,12
BRDA:202,49,0,0
BRDA:202,49,1,3
BRDA:202,50,0,3
BRDA:202,50,1,0
BRDA:202,50,2,0
BRDA:203,51,0,0
BRDA:203,51,1,0
BRDA:203,52,0,0
BRDA:203,52,1,0
BRDA:203,52,2,0
BRDA:212,53,0,1077
BRDA:212,53,1,812
BRDA:216,54,0,195
BRDA:216,54,1,139
BRDA:216,54,2,56
BRDA:216,54,3,2
BRDA:220,55,0,169
BRDA:220,55,1,39
BRDA:224,56,0,26
BRDA:224,56,1,15
BRDA:228,57,0,13
BRDA:228,57,1,13
BRDA:232,58,0,60
BRDA:232,58,1,57
BRDA:232,58,2,57
BRDA:232,58,3,55
BRDA:232,58,4,55
BRDA:236,59,0,101
BRDA:236,59,1,17
BRF:129
BRH:103
end_of_record
