TN:
SF:src/app.controller.ts
FN:21,(anonymous_4)
FN:27,(anonymous_5)
FN:32,(anonymous_6)
FN:78,(anonymous_7)
FN:127,(anonymous_8)
FNF:5
FNH:5
FNDA:33,(anonymous_4)
FNDA:3,(anonymous_5)
FNDA:18,(anonymous_6)
FNDA:27,(anonymous_7)
FNDA:30,(anonymous_8)
DA:3,5
DA:14,5
DA:15,5
DA:18,5
DA:19,33
DA:22,33
DA:23,33
DA:27,5
DA:28,3
DA:32,5
DA:37,18
DA:38,18
DA:40,18
DA:41,2
DA:45,16
DA:49,5
DA:50,5
DA:51,1
DA:54,4
DA:55,4
DA:56,1
DA:60,14
DA:61,14
DA:63,2
DA:71,2
DA:72,1
DA:78,5
DA:83,27
DA:84,27
DA:86,27
DA:87,1
DA:88,1
DA:92,26
DA:96,3
DA:97,3
DA:98,1
DA:99,1
DA:102,2
DA:103,2
DA:104,1
DA:105,1
DA:109,24
DA:110,24
DA:112,2
DA:120,2
DA:121,1
DA:127,5
DA:132,30
DA:133,30
DA:135,30
DA:136,2
DA:140,28
DA:144,3
DA:145,3
DA:146,1
DA:149,2
DA:150,2
DA:151,1
DA:156,26
DA:157,26
DA:159,4
DA:160,2
DA:163,2
DA:164,1
DA:166,1
DA:169,22
DA:170,22
DA:176,2
DA:184,2
DA:185,1
LF:70
LH:70
BRDA:40,0,0,2
BRDA:40,0,1,16
BRDA:45,1,0,5
BRDA:45,1,1,11
BRDA:46,2,0,16
BRDA:46,2,1,6
BRDA:50,3,0,1
BRDA:50,3,1,4
BRDA:55,4,0,1
BRDA:55,4,1,3
BRDA:71,5,0,1
BRDA:71,5,1,1
BRDA:86,6,0,1
BRDA:86,6,1,26
BRDA:92,7,0,3
BRDA:92,7,1,23
BRDA:93,8,0,26
BRDA:93,8,1,3
BRDA:97,9,0,1
BRDA:97,9,1,2
BRDA:103,10,0,1
BRDA:103,10,1,1
BRDA:120,11,0,1
BRDA:120,11,1,1
BRDA:135,12,0,2
BRDA:135,12,1,28
BRDA:140,13,0,3
BRDA:140,13,1,25
BRDA:141,14,0,28
BRDA:141,14,1,3
BRDA:145,15,0,1
BRDA:145,15,1,2
BRDA:150,16,0,1
BRDA:150,16,1,1
BRDA:156,17,0,26
BRDA:156,17,1,1
BRDA:157,18,0,4
BRDA:157,18,1,22
BRDA:159,19,0,2
BRDA:159,19,1,2
BRDA:163,20,0,1
BRDA:163,20,1,1
BRDA:184,21,0,1
BRDA:184,21,1,1
BRF:44
BRH:44
end_of_record
TN:
SF:src/config/config.service.ts
FN:12,(anonymous_11)
FN:16,(anonymous_12)
FN:83,(anonymous_13)
FN:90,(anonymous_14)
FN:95,(anonymous_15)
FN:113,(anonymous_16)
FNF:6
FNH:6
FNDA:26,(anonymous_11)
FNDA:25,(anonymous_12)
FNDA:53,(anonymous_13)
FNDA:10,(anonymous_14)
FNDA:9,(anonymous_15)
FNDA:17,(anonymous_16)
DA:1,7
DA:2,7
DA:3,7
DA:5,7
DA:7,7
DA:12,7
DA:13,26
DA:14,26
DA:20,25
DA:21,3
DA:22,3
DA:25,3
DA:26,3
DA:29,22
DA:32,22
DA:33,22
DA:34,22
DA:41,25
DA:42,1
DA:45,24
DA:46,1
DA:50,24
DA:51,23
DA:54,18
DA:55,10
DA:61,23
DA:62,22
DA:63,17
DA:64,1
DA:66,17
DA:71,23
DA:72,1
DA:75,23
DA:80,23
DA:84,53
DA:85,1
DA:87,52
DA:91,10
DA:93,10
DA:94,11
DA:95,8
DA:96,9
DA:97,9
DA:98,1
DA:106,8
DA:108,7
DA:114,17
DA:115,3
DA:117,17
DA:121,7
DA:123,17
DA:124,9
LF:52
LH:52
BRDA:16,0,0,20
BRDA:20,1,0,3
BRDA:20,1,1,22
BRDA:20,2,0,25
BRDA:20,2,1,24
BRDA:22,3,0,1
BRDA:22,3,1,2
BRDA:29,4,0,5
BRDA:29,4,1,17
BRDA:41,5,0,1
BRDA:41,5,1,24
BRDA:45,6,0,1
BRDA:45,6,1,23
BRDA:50,7,0,23
BRDA:50,7,1,1
BRDA:54,8,0,10
BRDA:54,8,1,8
BRDA:61,9,0,22
BRDA:61,9,1,1
BRDA:63,10,0,1
BRDA:63,10,1,16
BRDA:71,11,0,1
BRDA:71,11,1,22
BRDA:77,12,0,23
BRDA:77,12,1,1
BRDA:84,13,0,1
BRDA:84,13,1,52
BRDA:94,14,0,8
BRDA:94,14,1,3
BRDA:97,15,0,1
BRDA:97,15,1,8
BRDA:114,16,0,3
BRDA:114,16,1,14
BRDA:114,17,0,17
BRDA:114,17,1,16
BRDA:117,18,0,7
BRDA:117,18,1,10
BRDA:118,19,0,17
BRDA:118,19,1,16
BRDA:123,20,0,9
BRDA:123,20,1,8
BRDA:123,21,0,17
BRDA:123,21,1,16
BRF:43
BRH:43
end_of_record
TN:
SF:src/mcp/mcp-client-wrapper.ts
FN:32,(anonymous_9)
FN:41,(anonymous_10)
FN:105,(anonymous_11)
FN:115,(anonymous_12)
FN:141,(anonymous_13)
FN:159,(anonymous_14)
FN:200,(anonymous_15)
FN:204,(anonymous_16)
FN:215,(anonymous_17)
FN:225,(anonymous_18)
FN:231,(anonymous_19)
FN:249,(anonymous_20)
FN:269,(anonymous_21)
FN:313,(anonymous_22)
FN:357,(anonymous_23)
FN:399,(anonymous_24)
FN:445,(anonymous_25)
FN:458,(anonymous_26)
FN:479,(anonymous_27)
FN:483,(anonymous_28)
FN:485,(anonymous_29)
FN:500,(anonymous_30)
FN:504,(anonymous_31)
FN:506,(anonymous_32)
FN:520,(anonymous_33)
FN:524,(anonymous_34)
FN:534,(anonymous_35)
FNF:27
FNH:17
FNDA:28,(anonymous_9)
FNDA:6,(anonymous_10)
FNDA:3,(anonymous_11)
FNDA:0,(anonymous_12)
FNDA:0,(anonymous_13)
FNDA:6,(anonymous_14)
FNDA:6,(anonymous_15)
FNDA:0,(anonymous_16)
FNDA:6,(anonymous_17)
FNDA:240,(anonymous_18)
FNDA:6,(anonymous_19)
FNDA:6,(anonymous_20)
FNDA:2,(anonymous_21)
FNDA:0,(anonymous_22)
FNDA:0,(anonymous_23)
FNDA:253,(anonymous_24)
FNDA:6,(anonymous_25)
FNDA:6,(anonymous_26)
FNDA:11,(anonymous_27)
FNDA:2,(anonymous_28)
FNDA:4,(anonymous_29)
FNDA:0,(anonymous_30)
FNDA:0,(anonymous_31)
FNDA:0,(anonymous_32)
FNDA:0,(anonymous_33)
FNDA:0,(anonymous_34)
FNDA:6,(anonymous_35)
DA:1,7
DA:2,7
DA:3,7
DA:4,7
DA:5,7
DA:7,7
DA:15,7
DA:18,7
DA:19,28
DA:20,28
DA:21,28
DA:28,28
DA:29,28
DA:30,28
DA:35,28
DA:37,28
DA:38,28
DA:43,6
DA:45,6
DA:50,6
DA:51,0
DA:52,0
DA:53,0
DA:54,0
DA:58,0
DA:61,0
DA:67,6
DA:69,0
DA:70,0
DA:72,0
DA:73,0
DA:75,6
DA:76,6
DA:78,0
DA:82,6
DA:97,6
DA:98,6
DA:100,6
DA:101,6
DA:106,3
DA:107,1
DA:109,2
DA:110,1
DA:112,1
DA:116,0
DA:117,0
DA:120,0
DA:123,0
DA:124,0
DA:126,0
DA:127,0
DA:130,0
DA:136,0
DA:137,0
DA:138,0
DA:142,0
DA:143,0
DA:146,0
DA:152,0
DA:154,0
DA:155,0
DA:156,0
DA:160,6
DA:161,0
DA:164,6
DA:166,6
DA:171,6
DA:172,6
DA:174,6
DA:175,6
DA:177,6
DA:188,6
DA:193,6
DA:195,6
DA:196,6
DA:197,6
DA:202,6
DA:204,6
DA:205,0
DA:206,0
DA:207,0
DA:210,0
DA:216,6
DA:217,0
DA:220,6
DA:221,6
DA:224,6
DA:225,240
DA:228,6
DA:232,6
DA:233,0
DA:236,6
DA:237,6
DA:238,6
DA:241,0
DA:242,0
DA:243,0
DA:245,0
DA:250,6
DA:251,0
DA:254,6
DA:255,6
DA:256,6
DA:259,0
DA:260,0
DA:263,0
DA:265,0
DA:274,2
DA:275,0
DA:278,2
DA:284,2
DA:285,0
DA:286,0
DA:287,0
DA:291,0
DA:292,0
DA:297,0
DA:298,0
DA:306,0
DA:310,2
DA:318,0
DA:319,0
DA:322,0
DA:328,0
DA:329,0
DA:330,0
DA:331,0
DA:335,0
DA:336,0
DA:341,0
DA:342,0
DA:350,0
DA:354,0
DA:361,0
DA:362,0
DA:365,0
DA:370,0
DA:371,0
DA:372,0
DA:373,0
DA:377,0
DA:378,0
DA:383,0
DA:384,0
DA:392,0
DA:396,0
DA:400,253
DA:401,253
DA:402,2
DA:405,251
DA:406,251
DA:408,251
DA:410,162
DA:411,153
DA:420,153
DA:422,9
DA:424,88
DA:425,10
DA:434,10
DA:436,78
DA:438,1
DA:441,1
DA:446,6
DA:447,0
DA:458,12
DA:462,6
DA:477,6
DA:479,6
DA:480,11
DA:483,6
DA:484,2
DA:485,4
DA:486,2
DA:487,0
DA:489,2
DA:490,2
DA:498,6
DA:500,6
DA:501,0
DA:504,6
DA:505,0
DA:506,0
DA:507,0
DA:508,0
DA:510,0
DA:511,0
DA:519,6
DA:520,6
DA:521,0
DA:524,6
DA:525,0
DA:531,6
DA:535,6
DA:536,6
DA:537,6
DA:541,6
DA:542,6
DA:543,6
DA:545,6
DA:548,6
DA:549,6
DA:550,6
LF:202
LH:111
BRDA:43,0,0,6
BRDA:43,0,1,0
BRDA:50,1,0,0
BRDA:50,1,1,6
BRDA:53,2,0,0
BRDA:53,2,1,0
BRDA:67,3,0,0
BRDA:67,3,1,0
BRDA:67,3,2,6
BRDA:67,3,3,0
BRDA:100,4,0,6
BRDA:100,4,1,0
BRDA:106,5,0,1
BRDA:106,5,1,2
BRDA:109,6,0,1
BRDA:109,6,1,1
BRDA:116,7,0,0
BRDA:116,7,1,0
BRDA:123,8,0,0
BRDA:123,8,1,0
BRDA:124,9,0,0
BRDA:124,9,1,0
BRDA:132,10,0,0
BRDA:132,10,1,0
BRDA:142,11,0,0
BRDA:142,11,1,0
BRDA:160,12,0,0
BRDA:160,12,1,6
BRDA:171,13,0,6
BRDA:171,13,1,0
BRDA:175,14,0,6
BRDA:175,14,1,0
BRDA:188,15,0,0
BRDA:188,15,1,6
BRDA:206,16,0,0
BRDA:206,16,1,0
BRDA:216,17,0,0
BRDA:216,17,1,6
BRDA:221,18,0,6
BRDA:221,18,1,0
BRDA:232,19,0,0
BRDA:232,19,1,6
BRDA:238,20,0,6
BRDA:238,20,1,0
BRDA:241,21,0,0
BRDA:241,21,1,0
BRDA:250,22,0,0
BRDA:250,22,1,6
BRDA:256,23,0,6
BRDA:256,23,1,0
BRDA:259,24,0,0
BRDA:259,24,1,0
BRDA:274,25,0,0
BRDA:274,25,1,2
BRDA:284,26,0,0
BRDA:284,26,1,2
BRDA:286,27,0,0
BRDA:286,27,1,0
BRDA:287,28,0,0
BRDA:287,28,1,0
BRDA:297,29,0,0
BRDA:297,29,1,0
BRDA:318,30,0,0
BRDA:318,30,1,0
BRDA:328,31,0,0
BRDA:328,31,1,0
BRDA:330,32,0,0
BRDA:330,32,1,0
BRDA:331,33,0,0
BRDA:331,33,1,0
BRDA:341,34,0,0
BRDA:341,34,1,0
BRDA:361,35,0,0
BRDA:361,35,1,0
BRDA:370,36,0,0
BRDA:370,36,1,0
BRDA:372,37,0,0
BRDA:372,37,1,0
BRDA:373,38,0,0
BRDA:373,38,1,0
BRDA:383,39,0,0
BRDA:383,39,1,0
BRDA:401,40,0,2
BRDA:401,40,1,251
BRDA:401,41,0,253
BRDA:401,41,1,252
BRDA:401,41,2,252
BRDA:406,42,0,251
BRDA:406,42,1,1
BRDA:408,43,0,162
BRDA:408,43,1,88
BRDA:408,43,2,1
BRDA:410,44,0,153
BRDA:410,44,1,9
BRDA:424,45,0,10
BRDA:424,45,1,78
BRDA:445,46,0,6
BRDA:446,47,0,0
BRDA:446,47,1,6
BRDA:486,48,0,0
BRDA:486,48,1,2
BRDA:489,49,0,2
BRDA:489,49,1,0
BRDA:507,50,0,0
BRDA:507,50,1,0
BRDA:510,51,0,0
BRDA:510,51,1,0
BRDA:535,52,0,6
BRDA:535,52,1,0
BRDA:541,53,0,6
BRDA:541,53,1,0
BRDA:548,54,0,6
BRDA:548,54,1,0
BRF:113
BRH:41
end_of_record
TN:
SF:src/mcp/mcp-server.service.ts
FN:28,(anonymous_2)
FN:33,(anonymous_3)
FN:70,(anonymous_4)
FN:101,(anonymous_5)
FN:105,(anonymous_6)
FN:109,(anonymous_7)
FN:139,(anonymous_8)
FN:148,(anonymous_9)
FN:174,(anonymous_10)
FN:176,(anonymous_11)
FN:179,(anonymous_12)
FN:203,(anonymous_13)
FNF:12
FNH:12
FNDA:33,(anonymous_2)
FNDA:33,(anonymous_3)
FNDA:7,(anonymous_4)
FNDA:86,(anonymous_5)
FNDA:1,(anonymous_6)
FNDA:11,(anonymous_7)
FNDA:18,(anonymous_8)
FNDA:27,(anonymous_9)
FNDA:4,(anonymous_10)
FNDA:5,(anonymous_11)
FNDA:1,(anonymous_12)
FNDA:25,(anonymous_13)
DA:1,6
DA:5,6
DA:6,6
DA:8,6
DA:10,6
DA:11,6
DA:12,6
DA:24,6
DA:25,33
DA:26,33
DA:29,33
DA:30,33
DA:34,33
DA:37,33
DA:38,63
DA:39,63
DA:41,63
DA:42,63
DA:44,61
DA:46,61
DA:54,61
DA:56,2
DA:63,2
DA:64,1
DA:71,7
DA:72,12
DA:73,12
DA:75,12
DA:76,10
DA:78,11
DA:80,10
DA:81,10
DA:82,50
DA:83,50
DA:84,6
DA:85,6
DA:90,2
DA:98,7
DA:102,86
DA:106,1
DA:114,11
DA:115,11
DA:116,1
DA:117,1
DA:122,10
DA:123,10
DA:126,10
DA:127,10
DA:128,10
DA:130,10
DA:132,10
DA:135,10
DA:136,10
DA:139,10
DA:140,18
DA:141,18
DA:143,10
DA:144,10
DA:145,10
DA:153,27
DA:154,27
DA:155,1
DA:156,1
DA:161,26
DA:164,26
DA:166,26
DA:167,26
DA:168,17
DA:169,17
DA:173,9
DA:174,4
DA:177,5
DA:180,1
DA:185,9
DA:188,9
DA:189,7
DA:191,2
DA:197,2
DA:198,1
DA:208,25
DA:209,25
DA:210,1
DA:211,1
DA:215,24
DA:217,24
DA:226,24
DA:227,23
DA:228,23
DA:229,22
DA:240,22
DA:242,22
DA:243,22
DA:244,22
DA:245,22
DA:246,20
DA:247,2
DA:248,0
DA:250,2
DA:252,22
DA:254,1
DA:263,1
DA:268,2
DA:269,2
LF:103
LH:102
BRDA:51,0,0,61
BRDA:51,0,1,2
BRDA:63,1,0,1
BRDA:63,1,1,1
BRDA:83,2,0,6
BRDA:83,2,1,44
BRDA:115,3,0,1
BRDA:115,3,1,10
BRDA:122,4,0,10
BRDA:122,4,1,3
BRDA:123,5,0,7
BRDA:123,5,1,3
BRDA:126,6,0,10
BRDA:126,6,1,3
BRDA:154,7,0,1
BRDA:154,7,1,26
BRDA:161,8,0,26
BRDA:161,8,1,10
BRDA:161,8,2,10
BRDA:164,9,0,17
BRDA:164,9,1,9
BRDA:167,10,0,17
BRDA:167,10,1,9
BRDA:167,11,0,26
BRDA:167,11,1,17
BRDA:197,12,0,1
BRDA:197,12,1,1
BRDA:209,13,0,1
BRDA:209,13,1,24
BRDA:215,14,0,24
BRDA:215,14,1,22
BRDA:226,15,0,23
BRDA:226,15,1,1
BRDA:228,16,0,22
BRDA:228,16,1,1
BRDA:228,17,0,23
BRDA:228,17,1,23
BRDA:240,18,0,22
BRDA:240,18,1,2
BRDA:242,19,0,22
BRDA:242,19,1,20
BRDA:243,20,0,22
BRDA:243,20,1,22
BRDA:245,21,0,20
BRDA:245,21,1,2
BRDA:245,22,0,22
BRDA:245,22,1,20
BRDA:247,23,0,0
BRDA:247,23,1,2
BRF:49
BRH:48
end_of_record
TN:
SF:src/redaction/audit-logger.ts
FN:14,(anonymous_9)
FN:28,(anonymous_10)
FN:58,(anonymous_11)
FN:69,(anonymous_12)
FN:79,(anonymous_13)
FNF:5
FNH:5
FNDA:19,(anonymous_9)
FNDA:16,(anonymous_10)
FNDA:26,(anonymous_11)
FNDA:48,(anonymous_12)
FNDA:3,(anonymous_13)
DA:1,8
DA:2,8
DA:4,8
DA:6,8
DA:10,8
DA:11,19
DA:16,19
DA:17,19
DA:20,19
DA:21,19
DA:23,1
DA:24,1
DA:34,16
DA:35,3
DA:38,13
DA:39,13
DA:42,13
DA:46,13
DA:49,13
DA:53,13
DA:55,13
DA:59,26
DA:60,26
DA:61,26
DA:63,26
DA:65,4
DA:70,48
DA:71,19
DA:72,19
DA:74,15
DA:78,29
DA:79,3
DA:82,27
DA:83,24
DA:84,24
DA:85,19
DA:87,24
DA:90,3
LF:38
LH:38
BRDA:34,0,0,3
BRDA:34,0,1,13
BRDA:34,1,0,16
BRDA:34,1,1,14
BRDA:70,2,0,19
BRDA:70,2,1,29
BRDA:78,3,0,2
BRDA:78,3,1,27
BRDA:82,4,0,24
BRDA:82,4,1,3
BRDA:82,5,0,27
BRDA:82,5,1,26
BRF:12
BRH:12
end_of_record
TN:
SF:src/redaction/matcher.ts
FN:15,(anonymous_0)
FN:17,(anonymous_1)
FN:20,(anonymous_2)
FN:27,(anonymous_3)
FN:34,(anonymous_4)
FN:66,(anonymous_5)
FN:94,(anonymous_6)
FN:114,(anonymous_7)
FNF:8
FNH:8
FNDA:47,(anonymous_0)
FNDA:1175,(anonymous_1)
FNDA:48,(anonymous_2)
FNDA:80,(anonymous_3)
FNDA:32,(anonymous_4)
FNDA:80,(anonymous_5)
FNDA:103,(anonymous_6)
FNDA:83,(anonymous_7)
DA:11,9
DA:16,47
DA:17,1175
DA:21,48
DA:22,1
DA:24,47
DA:28,80
DA:29,80
DA:30,20
DA:34,60
DA:37,60
DA:38,60
DA:39,92
DA:40,69
DA:42,23
DA:43,23
DA:44,0
DA:50,60
DA:51,60
DA:52,60
DA:53,69
DA:54,27
DA:56,69
DA:57,69
DA:59,60
DA:60,29
DA:63,60
DA:67,80
DA:68,80
DA:70,80
DA:71,1248
DA:72,1248
DA:74,1248
DA:75,1351
DA:76,1351
DA:77,1248
DA:81,103
DA:82,103
DA:83,103
DA:84,92
DA:87,103
DA:91,80
DA:96,103
DA:97,36
DA:98,36
DA:99,4
DA:104,99
DA:105,47
DA:106,47
DA:107,7
DA:111,92
DA:115,83
LF:52
LH:51
BRDA:21,0,0,1
BRDA:21,0,1,47
BRDA:29,1,0,20
BRDA:29,1,1,60
BRDA:39,2,0,69
BRDA:39,2,1,23
BRDA:39,3,0,92
BRDA:39,3,1,32
BRDA:43,4,0,0
BRDA:43,4,1,23
BRDA:53,5,0,27
BRDA:53,5,1,42
BRDA:59,6,0,29
BRDA:59,6,1,31
BRDA:76,7,0,1248
BRDA:76,7,1,103
BRDA:83,8,0,92
BRDA:83,8,1,11
BRDA:96,9,0,36
BRDA:96,9,1,67
BRDA:98,10,0,4
BRDA:98,10,1,32
BRDA:104,11,0,47
BRDA:104,11,1,52
BRDA:106,12,0,7
BRDA:106,12,1,40
BRF:26
BRH:25
end_of_record
TN:
SF:src/redaction/redaction.service.ts
FN:10,(anonymous_1)
FN:16,(anonymous_2)
FN:45,(anonymous_3)
FN:52,(anonymous_4)
FN:64,(anonymous_5)
FN:70,(anonymous_6)
FN:82,(anonymous_7)
FN:85,(anonymous_8)
FN:91,(anonymous_9)
FN:115,(anonymous_10)
FN:124,(anonymous_11)
FN:124,(anonymous_12)
FN:142,(anonymous_13)
FN:155,(anonymous_14)
FN:156,(anonymous_15)
FN:170,(anonymous_16)
FNF:16
FNH:14
FNDA:39,(anonymous_1)
FNDA:28,(anonymous_2)
FNDA:8,(anonymous_3)
FNDA:23,(anonymous_4)
FNDA:54,(anonymous_5)
FNDA:11,(anonymous_6)
FNDA:7,(anonymous_7)
FNDA:31,(anonymous_8)
FNDA:6,(anonymous_9)
FNDA:27,(anonymous_10)
FNDA:0,(anonymous_11)
FNDA:0,(anonymous_12)
FNDA:48,(anonymous_13)
FNDA:144,(anonymous_14)
FNDA:144,(anonymous_15)
FNDA:25,(anonymous_16)
DA:1,8
DA:3,8
DA:6,8
DA:7,8
DA:10,8
DA:11,39
DA:12,39
DA:13,39
DA:14,39
DA:17,28
DA:18,1
DA:19,0
DA:21,1
DA:24,27
DA:26,27
DA:27,27
DA:29,24
DA:30,0
DA:31,0
DA:32,0
DA:35,24
DA:36,24
DA:40,3
DA:41,3
DA:46,8
DA:47,2
DA:49,8
DA:53,23
DA:54,6
DA:57,17
DA:58,10
DA:61,7
DA:65,54
DA:66,23
DA:67,23
DA:69,31
DA:70,11
DA:72,25
DA:73,19
DA:74,19
DA:75,31
DA:77,19
DA:79,6
DA:83,7
DA:85,7
DA:86,31
DA:87,7
DA:88,7
DA:90,24
DA:91,6
DA:93,21
DA:94,15
DA:95,15
DA:96,30
DA:97,12
DA:98,11
DA:99,11
DA:101,1
DA:104,18
DA:107,15
DA:109,6
DA:112,7
DA:116,27
DA:117,27
DA:118,2
DA:122,25
DA:123,25
DA:124,0
DA:127,25
DA:128,0
DA:131,25
DA:132,25
DA:133,1
DA:136,24
DA:140,24
DA:142,24
DA:143,48
DA:144,48
DA:145,48
DA:146,0
DA:151,48
DA:152,48
DA:153,48
DA:155,144
DA:156,144
DA:157,48
DA:161,24
DA:162,24
DA:163,48
DA:164,48
DA:167,24
DA:171,25
DA:172,25
DA:173,1
DA:174,1
DA:176,0
DA:182,24
DA:183,24
DA:184,1
DA:188,23
DA:189,23
DA:190,23
DA:191,23
DA:192,23
DA:193,1
DA:196,23
DA:198,0
LF:107
LH:98
BRDA:17,0,0,1
BRDA:17,0,1,27
BRDA:18,1,0,0
BRDA:18,1,1,1
BRDA:29,2,0,0
BRDA:29,2,1,24
BRDA:46,3,0,2
BRDA:46,3,1,6
BRDA:53,4,0,6
BRDA:53,4,1,17
BRDA:53,5,0,23
BRDA:53,5,1,21
BRDA:53,5,2,19
BRDA:57,6,0,10
BRDA:57,6,1,7
BRDA:57,7,0,17
BRDA:57,7,1,8
BRDA:65,8,0,23
BRDA:65,8,1,31
BRDA:69,9,0,6
BRDA:69,9,1,25
BRDA:72,10,0,19
BRDA:72,10,1,6
BRDA:72,11,0,25
BRDA:72,11,1,23
BRDA:86,12,0,7
BRDA:86,12,1,24
BRDA:90,13,0,3
BRDA:90,13,1,21
BRDA:93,14,0,15
BRDA:93,14,1,6
BRDA:93,15,0,21
BRDA:93,15,1,21
BRDA:96,16,0,12
BRDA:96,16,1,18
BRDA:97,17,0,11
BRDA:97,17,1,1
BRDA:117,18,0,2
BRDA:117,18,1,25
BRDA:123,19,0,0
BRDA:123,19,1,25
BRDA:127,20,0,0
BRDA:127,20,1,25
BRDA:132,21,0,1
BRDA:132,21,1,24
BRDA:145,22,0,0
BRDA:145,22,1,48
BRDA:172,23,0,1
BRDA:172,23,1,24
BRDA:183,24,0,1
BRDA:183,24,1,23
BRDA:190,25,0,23
BRDA:190,25,1,0
BRDA:190,26,0,23
BRDA:190,26,1,23
BRDA:192,27,0,1
BRDA:192,27,1,22
BRDA:192,28,0,23
BRDA:192,28,1,1
BRF:59
BRH:53
end_of_record
TN:
SF:src/redaction/scanner-generic.ts
FN:7,redactGeneric
FN:59,scanEmailAt
FN:137,scanPhoneAt
FN:211,isDigit
FN:215,isLetter
FN:219,isAlphaNum
FN:223,isAlphaUnderscore
FN:227,isAlphaNumUnderscore
FN:231,isEmailLocalChar
FN:235,isDomainLabelChar
FNF:10
FNH:10
FNDA:73,redactGeneric
FNDA:31,scanEmailAt
FNDA:115,scanPhoneAt
FNDA:4102,isDigit
FNDA:542,isLetter
FNDA:505,isAlphaNum
FNDA:37,isAlphaUnderscore
FNDA:34,isAlphaNumUnderscore
FNDA:198,isEmailLocalChar
FNDA:286,isDomainLabelChar
DA:4,9
DA:5,9
DA:7,9
DA:8,73
DA:9,1
DA:12,72
DA:13,72
DA:14,72
DA:16,72
DA:17,3158
DA:19,3158
DA:20,31
DA:21,31
DA:22,25
DA:23,21
DA:25,25
DA:26,25
DA:27,25
DA:28,25
DA:32,3133
DA:33,115
DA:34,115
DA:35,14
DA:36,13
DA:38,14
DA:39,14
DA:40,14
DA:41,14
DA:45,3119
DA:48,72
DA:49,38
DA:52,34
DA:53,9
DA:56,34
DA:60,31
DA:61,31
DA:62,0
DA:66,31
DA:67,31
DA:68,174
DA:70,31
DA:71,31
DA:73,31
DA:74,1
DA:78,30
DA:79,2
DA:82,28
DA:83,126
DA:84,1
DA:89,27
DA:90,27
DA:91,27
DA:92,27
DA:94,27
DA:95,286
DA:96,286
DA:97,244
DA:98,244
DA:99,244
DA:101,42
DA:102,28
DA:103,0
DA:105,28
DA:106,28
DA:107,28
DA:108,28
DA:109,28
DA:111,14
DA:114,27
DA:115,27
DA:116,0
DA:118,27
DA:119,1
DA:122,26
DA:123,1
DA:127,25
DA:128,0
DA:130,25
DA:131,0
DA:134,25
DA:143,115
DA:144,115
DA:145,115
DA:146,115
DA:147,115
DA:148,115
DA:149,115
DA:151,115
DA:152,15
DA:153,15
DA:154,15
DA:155,0
DA:159,115
DA:160,878
DA:161,878
DA:162,628
DA:163,628
DA:164,250
DA:165,161
DA:166,161
DA:167,89
DA:168,4
DA:169,4
DA:170,4
DA:171,85
DA:172,13
DA:173,9
DA:175,4
DA:176,4
DA:177,72
DA:178,0
DA:179,0
DA:181,0
DA:183,72
DA:187,106
DA:188,106
DA:189,0
DA:191,106
DA:192,80
DA:195,26
DA:196,1
DA:198,25
DA:199,11
DA:202,14
DA:203,0
DA:204,0
DA:208,14
DA:212,4102
DA:216,542
DA:220,505
DA:224,37
DA:228,34
DA:232,198
DA:236,286
LF:134
LH:122
BRDA:8,0,0,1
BRDA:8,0,1,72
BRDA:19,1,0,31
BRDA:19,1,1,3127
BRDA:21,2,0,25
BRDA:21,2,1,6
BRDA:22,3,0,21
BRDA:22,3,1,4
BRDA:32,4,0,115
BRDA:32,4,1,3018
BRDA:32,5,0,3133
BRDA:32,5,1,3118
BRDA:34,6,0,14
BRDA:34,6,1,101
BRDA:35,7,0,13
BRDA:35,7,1,1
BRDA:48,8,0,38
BRDA:48,8,1,34
BRDA:52,9,0,9
BRDA:52,9,1,25
BRDA:61,10,0,0
BRDA:61,10,1,31
BRDA:61,11,0,31
BRDA:61,11,1,31
BRDA:67,12,0,205
BRDA:67,12,1,198
BRDA:73,13,0,1
BRDA:73,13,1,30
BRDA:78,14,0,2
BRDA:78,14,1,28
BRDA:78,15,0,30
BRDA:78,15,1,29
BRDA:83,16,0,1
BRDA:83,16,1,125
BRDA:83,17,0,126
BRDA:83,17,1,7
BRDA:96,18,0,244
BRDA:96,18,1,42
BRDA:101,19,0,28
BRDA:101,19,1,14
BRDA:102,20,0,0
BRDA:102,20,1,28
BRDA:102,21,0,28
BRDA:102,21,1,28
BRDA:115,22,0,0
BRDA:115,22,1,27
BRDA:115,23,0,27
BRDA:115,23,1,27
BRDA:118,24,0,1
BRDA:118,24,1,26
BRDA:122,25,0,1
BRDA:122,25,1,25
BRDA:122,26,0,26
BRDA:122,26,1,26
BRDA:122,26,2,25
BRDA:127,27,0,0
BRDA:127,27,1,25
BRDA:127,28,0,25
BRDA:127,28,1,21
BRDA:130,29,0,0
BRDA:130,29,1,25
BRDA:130,30,0,25
BRDA:130,30,1,13
BRDA:151,31,0,15
BRDA:151,31,1,100
BRDA:154,32,0,0
BRDA:154,32,1,15
BRDA:161,33,0,628
BRDA:161,33,1,250
BRDA:164,34,0,161
BRDA:164,34,1,89
BRDA:164,35,0,250
BRDA:164,35,1,161
BRDA:164,35,2,101
BRDA:167,36,0,4
BRDA:167,36,1,85
BRDA:171,37,0,13
BRDA:171,37,1,72
BRDA:172,38,0,9
BRDA:172,38,1,4
BRDA:177,39,0,0
BRDA:177,39,1,72
BRDA:177,40,0,72
BRDA:177,40,1,72
BRDA:178,41,0,0
BRDA:178,41,1,0
BRDA:188,42,0,0
BRDA:188,42,1,106
BRDA:191,43,0,80
BRDA:191,43,1,26
BRDA:191,44,0,106
BRDA:191,44,1,26
BRDA:195,45,0,1
BRDA:195,45,1,25
BRDA:195,46,0,26
BRDA:195,46,1,25
BRDA:198,47,0,11
BRDA:198,47,1,14
BRDA:198,48,0,25
BRDA:198,48,1,12
BRDA:202,49,0,0
BRDA:202,49,1,14
BRDA:202,50,0,14
BRDA:202,50,1,2
BRDA:202,50,2,1
BRDA:203,51,0,0
BRDA:203,51,1,0
BRDA:203,52,0,0
BRDA:203,52,1,0
BRDA:203,52,2,0
BRDA:212,53,0,4102
BRDA:212,53,1,3650
BRDA:216,54,0,542
BRDA:216,54,1,409
BRDA:216,54,2,133
BRDA:216,54,3,2
BRDA:220,55,0,505
BRDA:220,55,1,106
BRDA:224,56,0,37
BRDA:224,56,1,25
BRDA:228,57,0,34
BRDA:228,57,1,34
BRDA:232,58,0,198
BRDA:232,58,1,189
BRDA:232,58,2,189
BRDA:232,58,3,186
BRDA:232,58,4,185
BRDA:236,59,0,286
BRDA:236,59,1,42
BRF:129
BRH:113
end_of_record
